[0.018s] Invoking command in '/home/bfg2h/bumperbot_ws/build/bumperbot_utils': CMAKE_PREFIX_PATH=${CMAKE_PREFIX_PATH}:/home/bfg2h/bumperbot_ws/install/bumperbot_py_examples:/home/bfg2h/ros2_ws/install/my_py_pkg:/home/bfg2h/udemy_ws/install/self_driving_car_pkg:/opt/ros/humble _=/usr/bin/env /usr/bin/cmake --build /home/bfg2h/bumperbot_ws/build/bumperbot_utils -- -j16 -l16
[0.163s] Built target ament_cmake_python_copy_bumperbot_utils
[0.409s] running egg_info
[0.410s] writing bumperbot_utils.egg-info/PKG-INFO
[0.410s] writing dependency_links to bumperbot_utils.egg-info/dependency_links.txt
[0.410s] writing top-level names to bumperbot_utils.egg-info/top_level.txt
[0.414s] reading manifest file 'bumperbot_utils.egg-info/SOURCES.txt'
[0.414s] writing manifest file 'bumperbot_utils.egg-info/SOURCES.txt'
[0.445s] Built target ament_cmake_python_build_bumperbot_utils_egg
[0.453s] Invoked command in '/home/bfg2h/bumperbot_ws/build/bumperbot_utils' returned '0': CMAKE_PREFIX_PATH=${CMAKE_PREFIX_PATH}:/home/bfg2h/bumperbot_ws/install/bumperbot_py_examples:/home/bfg2h/ros2_ws/install/my_py_pkg:/home/bfg2h/udemy_ws/install/self_driving_car_pkg:/opt/ros/humble _=/usr/bin/env /usr/bin/cmake --build /home/bfg2h/bumperbot_ws/build/bumperbot_utils -- -j16 -l16
[0.454s] Invoking command in '/home/bfg2h/bumperbot_ws/build/bumperbot_utils': CMAKE_PREFIX_PATH=${CMAKE_PREFIX_PATH}:/home/bfg2h/bumperbot_ws/install/bumperbot_py_examples:/home/bfg2h/ros2_ws/install/my_py_pkg:/home/bfg2h/udemy_ws/install/self_driving_car_pkg:/opt/ros/humble _=/usr/bin/env /usr/bin/cmake --install /home/bfg2h/bumperbot_ws/build/bumperbot_utils
[0.460s] -- Install configuration: ""
[0.460s] -- Up-to-date: /home/bfg2h/bumperbot_ws/install/bumperbot_utils/share/bumperbot_utils/environment/pythonpath.sh
[0.461s] -- Up-to-date: /home/bfg2h/bumperbot_ws/install/bumperbot_utils/share/bumperbot_utils/environment/pythonpath.dsv
[0.461s] -- Up-to-date: /home/bfg2h/bumperbot_ws/install/bumperbot_utils/local/lib/python3.10/dist-packages/bumperbot_utils-0.0.0-py3.10.egg-info
[0.461s] -- Installing: /home/bfg2h/bumperbot_ws/install/bumperbot_utils/local/lib/python3.10/dist-packages/bumperbot_utils-0.0.0-py3.10.egg-info/top_level.txt
[0.461s] -- Installing: /home/bfg2h/bumperbot_ws/install/bumperbot_utils/local/lib/python3.10/dist-packages/bumperbot_utils-0.0.0-py3.10.egg-info/PKG-INFO
[0.461s] -- Installing: /home/bfg2h/bumperbot_ws/install/bumperbot_utils/local/lib/python3.10/dist-packages/bumperbot_utils-0.0.0-py3.10.egg-info/SOURCES.txt
[0.461s] -- Installing: /home/bfg2h/bumperbot_ws/install/bumperbot_utils/local/lib/python3.10/dist-packages/bumperbot_utils-0.0.0-py3.10.egg-info/dependency_links.txt
[0.461s] -- Up-to-date: /home/bfg2h/bumperbot_ws/install/bumperbot_utils/local/lib/python3.10/dist-packages/bumperbot_utils
[0.461s] -- Up-to-date: /home/bfg2h/bumperbot_ws/install/bumperbot_utils/local/lib/python3.10/dist-packages/bumperbot_utils/__init__.py
[0.461s] -- Up-to-date: /home/bfg2h/bumperbot_ws/install/bumperbot_utils/local/lib/python3.10/dist-packages/bumperbot_utils/trajectory_drawer.py
[0.492s] Listing '/home/bfg2h/bumperbot_ws/install/bumperbot_utils/local/lib/python3.10/dist-packages/bumperbot_utils'...
[0.497s] -- Up-to-date: /home/bfg2h/bumperbot_ws/install/bumperbot_utils/include/include
[0.497s] -- Up-to-date: /home/bfg2h/bumperbot_ws/install/bumperbot_utils/include/include/bumperbot_utils
[0.497s] -- Up-to-date: /home/bfg2h/bumperbot_ws/install/bumperbot_utils/lib/bumperbot_utils/trajectory_drawer.py
[0.497s] -- Up-to-date: /home/bfg2h/bumperbot_ws/install/bumperbot_utils/share/ament_index/resource_index/package_run_dependencies/bumperbot_utils
[0.497s] -- Up-to-date: /home/bfg2h/bumperbot_ws/install/bumperbot_utils/share/ament_index/resource_index/parent_prefix_path/bumperbot_utils
[0.497s] -- Up-to-date: /home/bfg2h/bumperbot_ws/install/bumperbot_utils/share/bumperbot_utils/environment/ament_prefix_path.sh
[0.497s] -- Up-to-date: /home/bfg2h/bumperbot_ws/install/bumperbot_utils/share/bumperbot_utils/environment/ament_prefix_path.dsv
[0.497s] -- Up-to-date: /home/bfg2h/bumperbot_ws/install/bumperbot_utils/share/bumperbot_utils/environment/path.sh
[0.498s] -- Up-to-date: /home/bfg2h/bumperbot_ws/install/bumperbot_utils/share/bumperbot_utils/environment/path.dsv
[0.498s] -- Up-to-date: /home/bfg2h/bumperbot_ws/install/bumperbot_utils/share/bumperbot_utils/local_setup.bash
[0.498s] -- Up-to-date: /home/bfg2h/bumperbot_ws/install/bumperbot_utils/share/bumperbot_utils/local_setup.sh
[0.498s] -- Up-to-date: /home/bfg2h/bumperbot_ws/install/bumperbot_utils/share/bumperbot_utils/local_setup.zsh
[0.498s] -- Up-to-date: /home/bfg2h/bumperbot_ws/install/bumperbot_utils/share/bumperbot_utils/local_setup.dsv
[0.498s] -- Installing: /home/bfg2h/bumperbot_ws/install/bumperbot_utils/share/bumperbot_utils/package.dsv
[0.498s] -- Up-to-date: /home/bfg2h/bumperbot_ws/install/bumperbot_utils/share/ament_index/resource_index/packages/bumperbot_utils
[0.499s] -- Up-to-date: /home/bfg2h/bumperbot_ws/install/bumperbot_utils/share/bumperbot_utils/cmake/bumperbot_utilsConfig.cmake
[0.499s] -- Up-to-date: /home/bfg2h/bumperbot_ws/install/bumperbot_utils/share/bumperbot_utils/cmake/bumperbot_utilsConfig-version.cmake
[0.499s] -- Up-to-date: /home/bfg2h/bumperbot_ws/install/bumperbot_utils/share/bumperbot_utils/package.xml
[0.529s] Invoked command in '/home/bfg2h/bumperbot_ws/build/bumperbot_utils' returned '0': CMAKE_PREFIX_PATH=${CMAKE_PREFIX_PATH}:/home/bfg2h/bumperbot_ws/install/bumperbot_py_examples:/home/bfg2h/ros2_ws/install/my_py_pkg:/home/bfg2h/udemy_ws/install/self_driving_car_pkg:/opt/ros/humble _=/usr/bin/env /usr/bin/cmake --install /home/bfg2h/bumperbot_ws/build/bumperbot_utils
