[0.023s] Invoking command in '/home/bfg2h/bumperbot_ws/build/bumperbot_controller': _=/usr/bin/env /usr/bin/cmake /home/bfg2h/bumperbot_ws/src/bumperbot_controller -DCATKIN_INSTALL_INTO_PREFIX_ROOT=0 -DCMAKE_INSTALL_PREFIX=/home/bfg2h/bumperbot_ws/install/bumperbot_controller
[0.060s] -- Configuring incomplete, errors occurred!
[0.060s] See also "/home/bfg2h/bumperbot_ws/build/bumperbot_controller/CMakeFiles/CMakeOutput.log".
[0.060s] [31mCMake Error at CMakeLists.txt:4 (find_package):
[0.060s]   By not providing "Findcatkin.cmake" in CMAKE_MODULE_PATH this project has
[0.060s]   asked CMake to find a package configuration file provided by "catkin", but
[0.060s]   CMake did not find one.
[0.060s] 
[0.060s]   Could not find a package configuration file provided by "catkin" with any
[0.060s]   of the following names:
[0.061s] 
[0.061s]     catkinConfig.cmake
[0.061s]     catkin-config.cmake
[0.061s] 
[0.061s]   Add the installation prefix of "catkin" to CMAKE_PREFIX_PATH or set
[0.061s]   "catkin_DIR" to a directory containing one of the above files.  If "catkin"
[0.061s]   provides a separate development package or SDK, be sure it has been
[0.061s]   installed.
[0.061s] 
[0.061s] [0m
[0.317s] Invoked command in '/home/bfg2h/bumperbot_ws/build/bumperbot_controller' returned '1': _=/usr/bin/env /usr/bin/cmake /home/bfg2h/bumperbot_ws/src/bumperbot_controller -DCATKIN_INSTALL_INTO_PREFIX_ROOT=0 -DCMAKE_INSTALL_PREFIX=/home/bfg2h/bumperbot_ws/install/bumperbot_controller
