[35m[1mConsolidate compiler generated dependencies of target noisy_controller[0m
[ 25%] [32mBuilding CXX object CMakeFiles/noisy_controller.dir/src/noisy_controller.cpp.o[0m
[ 25%] Built target ament_cmake_python_copy_bumperbot_controller
[ 50%] [32mBuilding CXX object CMakeFiles/simple_controller.dir/src/simple_controller.cpp.o[0m
[01m[K/home/bfg2h/bumperbot_ws/src/bumperbot_controller/src/noisy_controller.cpp:1:10:[m[K [01;31m[Kfatal error: [m[Kbumperbot_controller/noisy_controller.hpp: No such file or directory
    1 | #include [01;31m[K"bumperbot_controller/noisy_controller.hpp"[m[K
      |          [01;31m[K^~~~~~~~~~~~~~~~~~~~~~~~~~~~~~~~~~~~~~~~~~~[m[K
compilation terminated.
gmake[2]: *** [CMakeFiles/noisy_controller.dir/build.make:76: CMakeFiles/noisy_controller.dir/src/noisy_controller.cpp.o] Error 1
gmake[1]: *** [CMakeFiles/Makefile2:168: CMakeFiles/noisy_controller.dir/all] Error 2
gmake[1]: *** Waiting for unfinished jobs....
[01m[K/home/bfg2h/bumperbot_ws/src/bumperbot_controller/src/simple_controller.cpp:1:10:[m[K [01;31m[Kfatal error: [m[Kbumperbot_controller/simple_controller.hpp: No such file or directory
    1 | #include [01;31m[K"bumperbot_controller/simple_controller.hpp"[m[K
      |          [01;31m[K^~~~~~~~~~~~~~~~~~~~~~~~~~~~~~~~~~~~~~~~~~~~[m[K
compilation terminated.
gmake[2]: *** [CMakeFiles/simple_controller.dir/build.make:76: CMakeFiles/simple_controller.dir/src/simple_controller.cpp.o] Error 1
gmake[1]: *** [CMakeFiles/Makefile2:142: CMakeFiles/simple_controller.dir/all] Error 2
running egg_info
writing bumperbot_controller.egg-info/PKG-INFO
writing dependency_links to bumperbot_controller.egg-info/dependency_links.txt
writing top-level names to bumperbot_controller.egg-info/top_level.txt
reading manifest file 'bumperbot_controller.egg-info/SOURCES.txt'
writing manifest file 'bumperbot_controller.egg-info/SOURCES.txt'
[ 50%] Built target ament_cmake_python_build_bumperbot_controller_egg
gmake: *** [Makefile:146: all] Error 2
