[0.850s] Invoking command in '/home/bfg2h/bumperbot_ws/src/bumperbot_py_examples': CMAKE_PREFIX_PATH=/home/bfg2h/bumperbot_ws/install/bumperbot_msgs:/home/bfg2h/turtlebot3_ws/install/turtlebot3_simulations:/home/bfg2h/turtlebot3_ws/install/turtlebot3_gazebo:/home/bfg2h/turtlebot3_ws/install/turtlebot3_fake_node:/home/bfg2h/bumperbot_ws/install/bumperbot_cpp_examples:/home/bfg2h/bumperbot_ws/install/bumperbot_description:/home/bfg2h/bumperbot_ws/install/bumperbot_controller:/home/bfg2h/ros2_ws/install/my_cpp_pkg:/home/bfg2h/arduinobot_ws/install/arduinobot_description:/home/bfg2h/arduinobot_ws/install/arduinobot_cpp_examples:/home/bfg2h/arduinobot_ws/install/arduinobot_controller LD_LIBRARY_PATH=/home/bfg2h/bumperbot_ws/install/bumperbot_msgs/lib:/usr/lib/x86_64-linux-gnu/gazebo-11/plugins:/opt/ros/humble/opt/rviz_ogre_vendor/lib:/opt/ros/humble/lib/x86_64-linux-gnu:/opt/ros/humble/lib:/usr/share/gazebo/../../lib/x86_64-linux-gnu/gazebo-11/plugins PYTHONPATH=/home/bfg2h/bumperbot_ws/build/bumperbot_py_examples/prefix_override:/usr/lib/python3/dist-packages/colcon_core/task/python/colcon_distutils_commands:/home/bfg2h/bumperbot_ws/install/bumperbot_py_examples/lib/python3.10/site-packages:${PYTHONPATH} _=/usr/bin/env /usr/bin/python3 -W ignore:setup.py install is deprecated setup.py egg_info --egg-base ../../build/bumperbot_py_examples build --build-base /home/bfg2h/bumperbot_ws/build/bumperbot_py_examples/build install --record /home/bfg2h/bumperbot_ws/build/bumperbot_py_examples/install.log --single-version-externally-managed install_data
[1.119s] running egg_info
[1.120s] writing ../../build/bumperbot_py_examples/bumperbot_py_examples.egg-info/PKG-INFO
[1.120s] writing dependency_links to ../../build/bumperbot_py_examples/bumperbot_py_examples.egg-info/dependency_links.txt
[1.120s] writing entry points to ../../build/bumperbot_py_examples/bumperbot_py_examples.egg-info/entry_points.txt
[1.120s] writing requirements to ../../build/bumperbot_py_examples/bumperbot_py_examples.egg-info/requires.txt
[1.120s] writing top-level names to ../../build/bumperbot_py_examples/bumperbot_py_examples.egg-info/top_level.txt
[1.121s] reading manifest file '../../build/bumperbot_py_examples/bumperbot_py_examples.egg-info/SOURCES.txt'
[1.122s] writing manifest file '../../build/bumperbot_py_examples/bumperbot_py_examples.egg-info/SOURCES.txt'
[1.122s] running build
[1.122s] running build_py
[1.123s] running install
[1.123s] running install_lib
[1.124s] running install_data
[1.124s] running install_egg_info
[1.125s] removing '/home/bfg2h/bumperbot_ws/install/bumperbot_py_examples/lib/python3.10/site-packages/bumperbot_py_examples-0.0.0-py3.10.egg-info' (and everything under it)
[1.125s] Copying ../../build/bumperbot_py_examples/bumperbot_py_examples.egg-info to /home/bfg2h/bumperbot_ws/install/bumperbot_py_examples/lib/python3.10/site-packages/bumperbot_py_examples-0.0.0-py3.10.egg-info
[1.126s] running install_scripts
[1.141s] Installing simple_parameter script to /home/bfg2h/bumperbot_ws/install/bumperbot_py_examples/lib/bumperbot_py_examples
[1.141s] Installing simple_publisher script to /home/bfg2h/bumperbot_ws/install/bumperbot_py_examples/lib/bumperbot_py_examples
[1.141s] Installing simple_service_client script to /home/bfg2h/bumperbot_ws/install/bumperbot_py_examples/lib/bumperbot_py_examples
[1.141s] Installing simple_service_server script to /home/bfg2h/bumperbot_ws/install/bumperbot_py_examples/lib/bumperbot_py_examples
[1.141s] Installing simple_subscriber script to /home/bfg2h/bumperbot_ws/install/bumperbot_py_examples/lib/bumperbot_py_examples
[1.141s] Installing simple_tf_kinematics script to /home/bfg2h/bumperbot_ws/install/bumperbot_py_examples/lib/bumperbot_py_examples
[1.142s] Installing simple_turtlesim_kinematics script to /home/bfg2h/bumperbot_ws/install/bumperbot_py_examples/lib/bumperbot_py_examples
[1.142s] writing list of installed files to '/home/bfg2h/bumperbot_ws/build/bumperbot_py_examples/install.log'
[1.160s] Invoked command in '/home/bfg2h/bumperbot_ws/src/bumperbot_py_examples' returned '0': CMAKE_PREFIX_PATH=/home/bfg2h/bumperbot_ws/install/bumperbot_msgs:/home/bfg2h/turtlebot3_ws/install/turtlebot3_simulations:/home/bfg2h/turtlebot3_ws/install/turtlebot3_gazebo:/home/bfg2h/turtlebot3_ws/install/turtlebot3_fake_node:/home/bfg2h/bumperbot_ws/install/bumperbot_cpp_examples:/home/bfg2h/bumperbot_ws/install/bumperbot_description:/home/bfg2h/bumperbot_ws/install/bumperbot_controller:/home/bfg2h/ros2_ws/install/my_cpp_pkg:/home/bfg2h/arduinobot_ws/install/arduinobot_description:/home/bfg2h/arduinobot_ws/install/arduinobot_cpp_examples:/home/bfg2h/arduinobot_ws/install/arduinobot_controller LD_LIBRARY_PATH=/home/bfg2h/bumperbot_ws/install/bumperbot_msgs/lib:/usr/lib/x86_64-linux-gnu/gazebo-11/plugins:/opt/ros/humble/opt/rviz_ogre_vendor/lib:/opt/ros/humble/lib/x86_64-linux-gnu:/opt/ros/humble/lib:/usr/share/gazebo/../../lib/x86_64-linux-gnu/gazebo-11/plugins PYTHONPATH=/home/bfg2h/bumperbot_ws/build/bumperbot_py_examples/prefix_override:/usr/lib/python3/dist-packages/colcon_core/task/python/colcon_distutils_commands:/home/bfg2h/bumperbot_ws/install/bumperbot_py_examples/lib/python3.10/site-packages:${PYTHONPATH} _=/usr/bin/env /usr/bin/python3 -W ignore:setup.py install is deprecated setup.py egg_info --egg-base ../../build/bumperbot_py_examples build --build-base /home/bfg2h/bumperbot_ws/build/bumperbot_py_examples/build install --record /home/bfg2h/bumperbot_ws/build/bumperbot_py_examples/install.log --single-version-externally-managed install_data
