[0.019s] Invoking command in '/home/bfg2h/bumperbot_ws/build/bumperbot_controller': CMAKE_PREFIX_PATH=${CMAKE_PREFIX_PATH}:/home/bfg2h/bumperbot_ws/install/bumperbot_py_examples:/home/bfg2h/ros2_ws/install/my_py_pkg:/home/bfg2h/udemy_ws/install/self_driving_car_pkg:/opt/ros/humble _=/usr/bin/env /usr/bin/cmake --build /home/bfg2h/bumperbot_ws/build/bumperbot_controller -- -j16 -l16
[0.054s] [35m[1mConsolidate compiler generated dependencies of target simple_controller[0m
[0.072s] [  0%] Built target ament_cmake_python_copy_bumperbot_controller
[0.073s] [ 50%] [32mBuilding CXX object CMakeFiles/simple_controller.dir/src/simple_controller.cpp.o[0m
[0.413s] running egg_info
[0.414s] writing bumperbot_controller.egg-info/PKG-INFO
[0.414s] writing dependency_links to bumperbot_controller.egg-info/dependency_links.txt
[0.415s] writing top-level names to bumperbot_controller.egg-info/top_level.txt
[0.417s] reading manifest file 'bumperbot_controller.egg-info/SOURCES.txt'
[0.418s] writing manifest file 'bumperbot_controller.egg-info/SOURCES.txt'
[0.452s] [ 50%] Built target ament_cmake_python_build_bumperbot_controller_egg
[10.077s] [100%] [32m[1mLinking CXX executable simple_controller[0m
[10.529s] [100%] Built target simple_controller
[10.536s] Invoked command in '/home/bfg2h/bumperbot_ws/build/bumperbot_controller' returned '0': CMAKE_PREFIX_PATH=${CMAKE_PREFIX_PATH}:/home/bfg2h/bumperbot_ws/install/bumperbot_py_examples:/home/bfg2h/ros2_ws/install/my_py_pkg:/home/bfg2h/udemy_ws/install/self_driving_car_pkg:/opt/ros/humble _=/usr/bin/env /usr/bin/cmake --build /home/bfg2h/bumperbot_ws/build/bumperbot_controller -- -j16 -l16
[10.560s] Invoking command in '/home/bfg2h/bumperbot_ws/build/bumperbot_controller': CMAKE_PREFIX_PATH=${CMAKE_PREFIX_PATH}:/home/bfg2h/bumperbot_ws/install/bumperbot_py_examples:/home/bfg2h/ros2_ws/install/my_py_pkg:/home/bfg2h/udemy_ws/install/self_driving_car_pkg:/opt/ros/humble _=/usr/bin/env /usr/bin/cmake --install /home/bfg2h/bumperbot_ws/build/bumperbot_controller
[10.565s] -- Install configuration: ""
[10.565s] -- Up-to-date: /home/bfg2h/bumperbot_ws/install/bumperbot_controller/share/bumperbot_controller/environment/pythonpath.sh
[10.565s] -- Up-to-date: /home/bfg2h/bumperbot_ws/install/bumperbot_controller/share/bumperbot_controller/environment/pythonpath.dsv
[10.565s] -- Up-to-date: /home/bfg2h/bumperbot_ws/install/bumperbot_controller/local/lib/python3.10/dist-packages/bumperbot_controller-0.0.0-py3.10.egg-info
[10.565s] -- Installing: /home/bfg2h/bumperbot_ws/install/bumperbot_controller/local/lib/python3.10/dist-packages/bumperbot_controller-0.0.0-py3.10.egg-info/top_level.txt
[10.565s] -- Installing: /home/bfg2h/bumperbot_ws/install/bumperbot_controller/local/lib/python3.10/dist-packages/bumperbot_controller-0.0.0-py3.10.egg-info/PKG-INFO
[10.566s] -- Installing: /home/bfg2h/bumperbot_ws/install/bumperbot_controller/local/lib/python3.10/dist-packages/bumperbot_controller-0.0.0-py3.10.egg-info/SOURCES.txt
[10.566s] -- Installing: /home/bfg2h/bumperbot_ws/install/bumperbot_controller/local/lib/python3.10/dist-packages/bumperbot_controller-0.0.0-py3.10.egg-info/dependency_links.txt
[10.566s] -- Up-to-date: /home/bfg2h/bumperbot_ws/install/bumperbot_controller/local/lib/python3.10/dist-packages/bumperbot_controller
[10.566s] -- Up-to-date: /home/bfg2h/bumperbot_ws/install/bumperbot_controller/local/lib/python3.10/dist-packages/bumperbot_controller/simple_controller.py
[10.566s] -- Up-to-date: /home/bfg2h/bumperbot_ws/install/bumperbot_controller/local/lib/python3.10/dist-packages/bumperbot_controller/simple_controller2.py
[10.566s] -- Up-to-date: /home/bfg2h/bumperbot_ws/install/bumperbot_controller/local/lib/python3.10/dist-packages/bumperbot_controller/__init__.py
[10.596s] Listing '/home/bfg2h/bumperbot_ws/install/bumperbot_controller/local/lib/python3.10/dist-packages/bumperbot_controller'...
[10.599s] -- Up-to-date: /home/bfg2h/bumperbot_ws/install/bumperbot_controller/include/include
[10.599s] -- Up-to-date: /home/bfg2h/bumperbot_ws/install/bumperbot_controller/include/include/bumperbot_controller
[10.599s] -- Installing: /home/bfg2h/bumperbot_ws/install/bumperbot_controller/include/include/bumperbot_controller/simple_controller.hpp
[10.600s] -- Installing: /home/bfg2h/bumperbot_ws/install/bumperbot_controller/lib/bumperbot_controller/simple_controller
[10.603s] -- Set runtime path of "/home/bfg2h/bumperbot_ws/install/bumperbot_controller/lib/bumperbot_controller/simple_controller" to ""
[10.603s] -- Up-to-date: /home/bfg2h/bumperbot_ws/install/bumperbot_controller/share/bumperbot_controller/launch
[10.604s] -- Up-to-date: /home/bfg2h/bumperbot_ws/install/bumperbot_controller/share/bumperbot_controller/launch/controller.launch2.py
[10.604s] -- Up-to-date: /home/bfg2h/bumperbot_ws/install/bumperbot_controller/share/bumperbot_controller/launch/controller.launch.py
[10.604s] -- Up-to-date: /home/bfg2h/bumperbot_ws/install/bumperbot_controller/share/bumperbot_controller/launch/joystick_teleop.launch.py
[10.604s] -- Up-to-date: /home/bfg2h/bumperbot_ws/install/bumperbot_controller/share/bumperbot_controller/config
[10.604s] -- Up-to-date: /home/bfg2h/bumperbot_ws/install/bumperbot_controller/share/bumperbot_controller/config/bumperbot_controllers.yaml
[10.604s] -- Up-to-date: /home/bfg2h/bumperbot_ws/install/bumperbot_controller/share/bumperbot_controller/config/joy_config.yaml
[10.604s] -- Up-to-date: /home/bfg2h/bumperbot_ws/install/bumperbot_controller/share/bumperbot_controller/config/joy_teleop.yaml
[10.604s] -- Up-to-date: /home/bfg2h/bumperbot_ws/install/bumperbot_controller/lib/bumperbot_controller/simple_controller.py
[10.604s] -- Up-to-date: /home/bfg2h/bumperbot_ws/install/bumperbot_controller/lib/bumperbot_controller/simple_controller2.py
[10.604s] -- Up-to-date: /home/bfg2h/bumperbot_ws/install/bumperbot_controller/share/ament_index/resource_index/package_run_dependencies/bumperbot_controller
[10.604s] -- Up-to-date: /home/bfg2h/bumperbot_ws/install/bumperbot_controller/share/ament_index/resource_index/parent_prefix_path/bumperbot_controller
[10.604s] -- Up-to-date: /home/bfg2h/bumperbot_ws/install/bumperbot_controller/share/bumperbot_controller/environment/ament_prefix_path.sh
[10.604s] -- Up-to-date: /home/bfg2h/bumperbot_ws/install/bumperbot_controller/share/bumperbot_controller/environment/ament_prefix_path.dsv
[10.604s] -- Up-to-date: /home/bfg2h/bumperbot_ws/install/bumperbot_controller/share/bumperbot_controller/environment/path.sh
[10.604s] -- Up-to-date: /home/bfg2h/bumperbot_ws/install/bumperbot_controller/share/bumperbot_controller/environment/path.dsv
[10.605s] -- Up-to-date: /home/bfg2h/bumperbot_ws/install/bumperbot_controller/share/bumperbot_controller/local_setup.bash
[10.605s] -- Up-to-date: /home/bfg2h/bumperbot_ws/install/bumperbot_controller/share/bumperbot_controller/local_setup.sh
[10.605s] -- Up-to-date: /home/bfg2h/bumperbot_ws/install/bumperbot_controller/share/bumperbot_controller/local_setup.zsh
[10.605s] -- Up-to-date: /home/bfg2h/bumperbot_ws/install/bumperbot_controller/share/bumperbot_controller/local_setup.dsv
[10.605s] -- Installing: /home/bfg2h/bumperbot_ws/install/bumperbot_controller/share/bumperbot_controller/package.dsv
[10.605s] -- Up-to-date: /home/bfg2h/bumperbot_ws/install/bumperbot_controller/share/ament_index/resource_index/packages/bumperbot_controller
[10.605s] -- Up-to-date: /home/bfg2h/bumperbot_ws/install/bumperbot_controller/share/bumperbot_controller/cmake/bumperbot_controllerConfig.cmake
[10.605s] -- Up-to-date: /home/bfg2h/bumperbot_ws/install/bumperbot_controller/share/bumperbot_controller/cmake/bumperbot_controllerConfig-version.cmake
[10.605s] -- Up-to-date: /home/bfg2h/bumperbot_ws/install/bumperbot_controller/share/bumperbot_controller/package.xml
[10.606s] Invoked command in '/home/bfg2h/bumperbot_ws/build/bumperbot_controller' returned '0': CMAKE_PREFIX_PATH=${CMAKE_PREFIX_PATH}:/home/bfg2h/bumperbot_ws/install/bumperbot_py_examples:/home/bfg2h/ros2_ws/install/my_py_pkg:/home/bfg2h/udemy_ws/install/self_driving_car_pkg:/opt/ros/humble _=/usr/bin/env /usr/bin/cmake --install /home/bfg2h/bumperbot_ws/build/bumperbot_controller
