[0.017s] Invoking command in '/home/bfg2h/bumperbot_ws/build/bumperbot_cpp_examples': CMAKE_PREFIX_PATH=/home/bfg2h/bumperbot_ws/install/bumperbot_msgs:/home/bfg2h/bumperbot_ws/install/bumperbot_utils:/home/bfg2h/bumperbot_ws/install/bumperbot_cpp_examples:/home/bfg2h/bumperbot_ws/install/bumperbot_localization:/home/bfg2h/bumperbot_ws/install/bumperbot_description:/home/bfg2h/bumperbot_ws/install/bumperbot_controller:/home/bfg2h/manipulator_ws/install/arduinobot_moveit:/home/bfg2h/manipulator_ws/install/arduinobot_controllers:/home/bfg2h/manipulator_ws/install/arduinobot_description:/home/bfg2h/turtlebot3_ws/install/turtlebot3_simulations:/home/bfg2h/turtlebot3_ws/install/turtlebot3_gazebo:/home/bfg2h/turtlebot3_ws/install/turtlebot3_fake_node:/home/bfg2h/ros2_ws/install/my_cpp_pkg:/home/bfg2h/bumperbot_ws/install/bumperbot_py_examples:/home/bfg2h/ros2_ws/install/my_py_pkg:/home/bfg2h/udemy_ws/install/self_driving_car_pkg:/opt/ros/humble LD_LIBRARY_PATH=/home/bfg2h/bumperbot_ws/install/bumperbot_msgs/lib:/usr/lib/x86_64-linux-gnu/gazebo-11/plugins:/opt/ros/humble/opt/rviz_ogre_vendor/lib:/opt/ros/humble/lib/x86_64-linux-gnu:/opt/ros/humble/lib:/usr/share/gazebo/../../lib/x86_64-linux-gnu/gazebo-11/plugins _=/usr/bin/env /usr/bin/cmake --build /home/bfg2h/bumperbot_ws/build/bumperbot_cpp_examples -- -j16 -l16
[0.059s] [35m[1mConsolidate compiler generated dependencies of target simple_action_server[0m
[0.077s] [ 66%] Built target simple_subscriber
[0.077s] [ 66%] Built target simple_turtlesim_kinematics
[0.077s] [ 66%] Built target simple_tf_kinematics
[0.077s] [ 66%] Built target simple_publisher
[0.077s] [ 83%] Built target simple_service_client
[0.077s] [ 83%] Built target simple_parameter
[0.078s] [ 83%] Built target simple_service_server
[0.078s] [ 88%] Built target simple_action_server_node
[0.084s] [ 94%] [32mBuilding CXX object CMakeFiles/simple_action_server.dir/src/simple_action_server.cpp.o[0m
[4.249s] [100%] [32m[1mLinking CXX shared library libsimple_action_server.so[0m
[4.373s] [100%] Built target simple_action_server
[4.381s] Invoked command in '/home/bfg2h/bumperbot_ws/build/bumperbot_cpp_examples' returned '0': CMAKE_PREFIX_PATH=/home/bfg2h/bumperbot_ws/install/bumperbot_msgs:/home/bfg2h/bumperbot_ws/install/bumperbot_utils:/home/bfg2h/bumperbot_ws/install/bumperbot_cpp_examples:/home/bfg2h/bumperbot_ws/install/bumperbot_localization:/home/bfg2h/bumperbot_ws/install/bumperbot_description:/home/bfg2h/bumperbot_ws/install/bumperbot_controller:/home/bfg2h/manipulator_ws/install/arduinobot_moveit:/home/bfg2h/manipulator_ws/install/arduinobot_controllers:/home/bfg2h/manipulator_ws/install/arduinobot_description:/home/bfg2h/turtlebot3_ws/install/turtlebot3_simulations:/home/bfg2h/turtlebot3_ws/install/turtlebot3_gazebo:/home/bfg2h/turtlebot3_ws/install/turtlebot3_fake_node:/home/bfg2h/ros2_ws/install/my_cpp_pkg:/home/bfg2h/bumperbot_ws/install/bumperbot_py_examples:/home/bfg2h/ros2_ws/install/my_py_pkg:/home/bfg2h/udemy_ws/install/self_driving_car_pkg:/opt/ros/humble LD_LIBRARY_PATH=/home/bfg2h/bumperbot_ws/install/bumperbot_msgs/lib:/usr/lib/x86_64-linux-gnu/gazebo-11/plugins:/opt/ros/humble/opt/rviz_ogre_vendor/lib:/opt/ros/humble/lib/x86_64-linux-gnu:/opt/ros/humble/lib:/usr/share/gazebo/../../lib/x86_64-linux-gnu/gazebo-11/plugins _=/usr/bin/env /usr/bin/cmake --build /home/bfg2h/bumperbot_ws/build/bumperbot_cpp_examples -- -j16 -l16
[4.384s] Invoking command in '/home/bfg2h/bumperbot_ws/build/bumperbot_cpp_examples': CMAKE_PREFIX_PATH=/home/bfg2h/bumperbot_ws/install/bumperbot_msgs:/home/bfg2h/bumperbot_ws/install/bumperbot_utils:/home/bfg2h/bumperbot_ws/install/bumperbot_cpp_examples:/home/bfg2h/bumperbot_ws/install/bumperbot_localization:/home/bfg2h/bumperbot_ws/install/bumperbot_description:/home/bfg2h/bumperbot_ws/install/bumperbot_controller:/home/bfg2h/manipulator_ws/install/arduinobot_moveit:/home/bfg2h/manipulator_ws/install/arduinobot_controllers:/home/bfg2h/manipulator_ws/install/arduinobot_description:/home/bfg2h/turtlebot3_ws/install/turtlebot3_simulations:/home/bfg2h/turtlebot3_ws/install/turtlebot3_gazebo:/home/bfg2h/turtlebot3_ws/install/turtlebot3_fake_node:/home/bfg2h/ros2_ws/install/my_cpp_pkg:/home/bfg2h/bumperbot_ws/install/bumperbot_py_examples:/home/bfg2h/ros2_ws/install/my_py_pkg:/home/bfg2h/udemy_ws/install/self_driving_car_pkg:/opt/ros/humble LD_LIBRARY_PATH=/home/bfg2h/bumperbot_ws/install/bumperbot_msgs/lib:/usr/lib/x86_64-linux-gnu/gazebo-11/plugins:/opt/ros/humble/opt/rviz_ogre_vendor/lib:/opt/ros/humble/lib/x86_64-linux-gnu:/opt/ros/humble/lib:/usr/share/gazebo/../../lib/x86_64-linux-gnu/gazebo-11/plugins _=/usr/bin/env /usr/bin/cmake --install /home/bfg2h/bumperbot_ws/build/bumperbot_cpp_examples
[4.392s] -- Install configuration: ""
[4.392s] -- Up-to-date: /home/bfg2h/bumperbot_ws/install/bumperbot_cpp_examples/lib/bumperbot_cpp_examples/simple_action_server_node
[4.392s] -- Up-to-date: /home/bfg2h/bumperbot_ws/install/bumperbot_cpp_examples/include/include
[4.392s] -- Up-to-date: /home/bfg2h/bumperbot_ws/install/bumperbot_cpp_examples/include/include/bumperbot_cpp_examples
[4.392s] -- Up-to-date: /home/bfg2h/bumperbot_ws/install/bumperbot_cpp_examples/include/include/bumperbot_cpp_examples/simple_turtlesim_kinematics.hpp
[4.392s] -- Up-to-date: /home/bfg2h/bumperbot_ws/install/bumperbot_cpp_examples/include/include/bumperbot_cpp_examples/simple_tf_kinematics.hpp
[4.392s] -- Up-to-date: /home/bfg2h/bumperbot_ws/install/bumperbot_cpp_examples/lib/bumperbot_cpp_examples/simple_publisher
[4.392s] -- Up-to-date: /home/bfg2h/bumperbot_ws/install/bumperbot_cpp_examples/lib/bumperbot_cpp_examples/simple_subscriber
[4.392s] -- Up-to-date: /home/bfg2h/bumperbot_ws/install/bumperbot_cpp_examples/lib/bumperbot_cpp_examples/simple_parameter
[4.392s] -- Up-to-date: /home/bfg2h/bumperbot_ws/install/bumperbot_cpp_examples/lib/bumperbot_cpp_examples/simple_turtlesim_kinematics
[4.392s] -- Installing: /home/bfg2h/bumperbot_ws/install/bumperbot_cpp_examples/lib/bumperbot_cpp_examples/simple_tf_kinematics
[4.394s] -- Set runtime path of "/home/bfg2h/bumperbot_ws/install/bumperbot_cpp_examples/lib/bumperbot_cpp_examples/simple_tf_kinematics" to ""
[4.394s] -- Installing: /home/bfg2h/bumperbot_ws/install/bumperbot_cpp_examples/lib/bumperbot_cpp_examples/simple_service_server
[4.395s] -- Set runtime path of "/home/bfg2h/bumperbot_ws/install/bumperbot_cpp_examples/lib/bumperbot_cpp_examples/simple_service_server" to ""
[4.395s] -- Installing: /home/bfg2h/bumperbot_ws/install/bumperbot_cpp_examples/lib/bumperbot_cpp_examples/simple_service_client
[4.395s] -- Set runtime path of "/home/bfg2h/bumperbot_ws/install/bumperbot_cpp_examples/lib/bumperbot_cpp_examples/simple_service_client" to ""
[4.395s] -- Installing: /home/bfg2h/bumperbot_ws/install/bumperbot_cpp_examples/lib/libsimple_action_server.so
[4.397s] -- Set runtime path of "/home/bfg2h/bumperbot_ws/install/bumperbot_cpp_examples/lib/libsimple_action_server.so" to ""
[4.397s] -- Up-to-date: /home/bfg2h/bumperbot_ws/install/bumperbot_cpp_examples/share/ament_index/resource_index/package_run_dependencies/bumperbot_cpp_examples
[4.397s] -- Up-to-date: /home/bfg2h/bumperbot_ws/install/bumperbot_cpp_examples/share/ament_index/resource_index/parent_prefix_path/bumperbot_cpp_examples
[4.397s] -- Up-to-date: /home/bfg2h/bumperbot_ws/install/bumperbot_cpp_examples/share/bumperbot_cpp_examples/environment/ament_prefix_path.sh
[4.397s] -- Up-to-date: /home/bfg2h/bumperbot_ws/install/bumperbot_cpp_examples/share/bumperbot_cpp_examples/environment/ament_prefix_path.dsv
[4.397s] -- Up-to-date: /home/bfg2h/bumperbot_ws/install/bumperbot_cpp_examples/share/bumperbot_cpp_examples/environment/path.sh
[4.397s] -- Up-to-date: /home/bfg2h/bumperbot_ws/install/bumperbot_cpp_examples/share/bumperbot_cpp_examples/environment/path.dsv
[4.397s] -- Up-to-date: /home/bfg2h/bumperbot_ws/install/bumperbot_cpp_examples/share/bumperbot_cpp_examples/local_setup.bash
[4.397s] -- Up-to-date: /home/bfg2h/bumperbot_ws/install/bumperbot_cpp_examples/share/bumperbot_cpp_examples/local_setup.sh
[4.397s] -- Up-to-date: /home/bfg2h/bumperbot_ws/install/bumperbot_cpp_examples/share/bumperbot_cpp_examples/local_setup.zsh
[4.398s] -- Up-to-date: /home/bfg2h/bumperbot_ws/install/bumperbot_cpp_examples/share/bumperbot_cpp_examples/local_setup.dsv
[4.398s] -- Installing: /home/bfg2h/bumperbot_ws/install/bumperbot_cpp_examples/share/bumperbot_cpp_examples/package.dsv
[4.398s] -- Up-to-date: /home/bfg2h/bumperbot_ws/install/bumperbot_cpp_examples/share/ament_index/resource_index/packages/bumperbot_cpp_examples
[4.398s] -- Up-to-date: /home/bfg2h/bumperbot_ws/install/bumperbot_cpp_examples/share/ament_index/resource_index/rclcpp_components/bumperbot_cpp_examples
[4.398s] -- Up-to-date: /home/bfg2h/bumperbot_ws/install/bumperbot_cpp_examples/share/bumperbot_cpp_examples/cmake/bumperbot_cpp_examplesConfig.cmake
[4.398s] -- Up-to-date: /home/bfg2h/bumperbot_ws/install/bumperbot_cpp_examples/share/bumperbot_cpp_examples/cmake/bumperbot_cpp_examplesConfig-version.cmake
[4.398s] -- Up-to-date: /home/bfg2h/bumperbot_ws/install/bumperbot_cpp_examples/share/bumperbot_cpp_examples/package.xml
[4.399s] Invoked command in '/home/bfg2h/bumperbot_ws/build/bumperbot_cpp_examples' returned '0': CMAKE_PREFIX_PATH=/home/bfg2h/bumperbot_ws/install/bumperbot_msgs:/home/bfg2h/bumperbot_ws/install/bumperbot_utils:/home/bfg2h/bumperbot_ws/install/bumperbot_cpp_examples:/home/bfg2h/bumperbot_ws/install/bumperbot_localization:/home/bfg2h/bumperbot_ws/install/bumperbot_description:/home/bfg2h/bumperbot_ws/install/bumperbot_controller:/home/bfg2h/manipulator_ws/install/arduinobot_moveit:/home/bfg2h/manipulator_ws/install/arduinobot_controllers:/home/bfg2h/manipulator_ws/install/arduinobot_description:/home/bfg2h/turtlebot3_ws/install/turtlebot3_simulations:/home/bfg2h/turtlebot3_ws/install/turtlebot3_gazebo:/home/bfg2h/turtlebot3_ws/install/turtlebot3_fake_node:/home/bfg2h/ros2_ws/install/my_cpp_pkg:/home/bfg2h/bumperbot_ws/install/bumperbot_py_examples:/home/bfg2h/ros2_ws/install/my_py_pkg:/home/bfg2h/udemy_ws/install/self_driving_car_pkg:/opt/ros/humble LD_LIBRARY_PATH=/home/bfg2h/bumperbot_ws/install/bumperbot_msgs/lib:/usr/lib/x86_64-linux-gnu/gazebo-11/plugins:/opt/ros/humble/opt/rviz_ogre_vendor/lib:/opt/ros/humble/lib/x86_64-linux-gnu:/opt/ros/humble/lib:/usr/share/gazebo/../../lib/x86_64-linux-gnu/gazebo-11/plugins _=/usr/bin/env /usr/bin/cmake --install /home/bfg2h/bumperbot_ws/build/bumperbot_cpp_examples
