[0.019s] Invoking command in '/home/bfg2h/bumperbot_ws/build/bumperbot_utils': CMAKE_PREFIX_PATH=${CMAKE_PREFIX_PATH}:/home/bfg2h/bumperbot_ws/install/bumperbot_py_examples:/home/bfg2h/ros2_ws/install/my_py_pkg:/home/bfg2h/udemy_ws/install/self_driving_car_pkg:/opt/ros/humble _=/usr/bin/env /usr/bin/cmake --build /home/bfg2h/bumperbot_ws/build/bumperbot_utils -- -j16 -l16
[0.097s] Built target ament_cmake_python_copy_bumperbot_utils
[0.427s] running egg_info
[0.427s] writing bumperbot_utils.egg-info/PKG-INFO
[0.427s] writing dependency_links to bumperbot_utils.egg-info/dependency_links.txt
[0.428s] writing top-level names to bumperbot_utils.egg-info/top_level.txt
[0.431s] reading manifest file 'bumperbot_utils.egg-info/SOURCES.txt'
[0.431s] writing manifest file 'bumperbot_utils.egg-info/SOURCES.txt'
[0.465s] Built target ament_cmake_python_build_bumperbot_utils_egg
[0.473s] Invoked command in '/home/bfg2h/bumperbot_ws/build/bumperbot_utils' returned '0': CMAKE_PREFIX_PATH=${CMAKE_PREFIX_PATH}:/home/bfg2h/bumperbot_ws/install/bumperbot_py_examples:/home/bfg2h/ros2_ws/install/my_py_pkg:/home/bfg2h/udemy_ws/install/self_driving_car_pkg:/opt/ros/humble _=/usr/bin/env /usr/bin/cmake --build /home/bfg2h/bumperbot_ws/build/bumperbot_utils -- -j16 -l16
[0.474s] Invoking command in '/home/bfg2h/bumperbot_ws/build/bumperbot_utils': CMAKE_PREFIX_PATH=${CMAKE_PREFIX_PATH}:/home/bfg2h/bumperbot_ws/install/bumperbot_py_examples:/home/bfg2h/ros2_ws/install/my_py_pkg:/home/bfg2h/udemy_ws/install/self_driving_car_pkg:/opt/ros/humble _=/usr/bin/env /usr/bin/cmake --install /home/bfg2h/bumperbot_ws/build/bumperbot_utils
[0.485s] -- Install configuration: ""
[0.485s] -- Up-to-date: /home/bfg2h/bumperbot_ws/install/bumperbot_utils/share/bumperbot_utils/environment/pythonpath.sh
[0.485s] -- Up-to-date: /home/bfg2h/bumperbot_ws/install/bumperbot_utils/share/bumperbot_utils/environment/pythonpath.dsv
[0.485s] -- Up-to-date: /home/bfg2h/bumperbot_ws/install/bumperbot_utils/local/lib/python3.10/dist-packages/bumperbot_utils-0.0.0-py3.10.egg-info
[0.486s] -- Installing: /home/bfg2h/bumperbot_ws/install/bumperbot_utils/local/lib/python3.10/dist-packages/bumperbot_utils-0.0.0-py3.10.egg-info/top_level.txt
[0.486s] -- Installing: /home/bfg2h/bumperbot_ws/install/bumperbot_utils/local/lib/python3.10/dist-packages/bumperbot_utils-0.0.0-py3.10.egg-info/PKG-INFO
[0.486s] -- Installing: /home/bfg2h/bumperbot_ws/install/bumperbot_utils/local/lib/python3.10/dist-packages/bumperbot_utils-0.0.0-py3.10.egg-info/SOURCES.txt
[0.486s] -- Installing: /home/bfg2h/bumperbot_ws/install/bumperbot_utils/local/lib/python3.10/dist-packages/bumperbot_utils-0.0.0-py3.10.egg-info/dependency_links.txt
[0.486s] -- Up-to-date: /home/bfg2h/bumperbot_ws/install/bumperbot_utils/local/lib/python3.10/dist-packages/bumperbot_utils
[0.486s] -- Up-to-date: /home/bfg2h/bumperbot_ws/install/bumperbot_utils/local/lib/python3.10/dist-packages/bumperbot_utils/__init__.py
[0.487s] -- Up-to-date: /home/bfg2h/bumperbot_ws/install/bumperbot_utils/local/lib/python3.10/dist-packages/bumperbot_utils/trajectory_drawer.py
[0.520s] Listing '/home/bfg2h/bumperbot_ws/install/bumperbot_utils/local/lib/python3.10/dist-packages/bumperbot_utils'...
[0.520s] -- Up-to-date: /home/bfg2h/bumperbot_ws/install/bumperbot_utils/include/include
[0.520s] -- Up-to-date: /home/bfg2h/bumperbot_ws/install/bumperbot_utils/include/include/bumperbot_utils
[0.521s] -- Up-to-date: /home/bfg2h/bumperbot_ws/install/bumperbot_utils/lib/bumperbot_utils/trajectory_drawer.py
[0.521s] -- Up-to-date: /home/bfg2h/bumperbot_ws/install/bumperbot_utils/share/ament_index/resource_index/package_run_dependencies/bumperbot_utils
[0.521s] -- Up-to-date: /home/bfg2h/bumperbot_ws/install/bumperbot_utils/share/ament_index/resource_index/parent_prefix_path/bumperbot_utils
[0.522s] -- Up-to-date: /home/bfg2h/bumperbot_ws/install/bumperbot_utils/share/bumperbot_utils/environment/ament_prefix_path.sh
[0.522s] -- Up-to-date: /home/bfg2h/bumperbot_ws/install/bumperbot_utils/share/bumperbot_utils/environment/ament_prefix_path.dsv
[0.523s] -- Up-to-date: /home/bfg2h/bumperbot_ws/install/bumperbot_utils/share/bumperbot_utils/environment/path.sh
[0.523s] -- Up-to-date: /home/bfg2h/bumperbot_ws/install/bumperbot_utils/share/bumperbot_utils/environment/path.dsv
[0.523s] -- Up-to-date: /home/bfg2h/bumperbot_ws/install/bumperbot_utils/share/bumperbot_utils/local_setup.bash
[0.523s] -- Up-to-date: /home/bfg2h/bumperbot_ws/install/bumperbot_utils/share/bumperbot_utils/local_setup.sh
[0.523s] -- Up-to-date: /home/bfg2h/bumperbot_ws/install/bumperbot_utils/share/bumperbot_utils/local_setup.zsh
[0.523s] -- Up-to-date: /home/bfg2h/bumperbot_ws/install/bumperbot_utils/share/bumperbot_utils/local_setup.dsv
[0.523s] -- Installing: /home/bfg2h/bumperbot_ws/install/bumperbot_utils/share/bumperbot_utils/package.dsv
[0.524s] -- Up-to-date: /home/bfg2h/bumperbot_ws/install/bumperbot_utils/share/ament_index/resource_index/packages/bumperbot_utils
[0.524s] -- Up-to-date: /home/bfg2h/bumperbot_ws/install/bumperbot_utils/share/bumperbot_utils/cmake/bumperbot_utilsConfig.cmake
[0.524s] -- Up-to-date: /home/bfg2h/bumperbot_ws/install/bumperbot_utils/share/bumperbot_utils/cmake/bumperbot_utilsConfig-version.cmake
[0.524s] -- Up-to-date: /home/bfg2h/bumperbot_ws/install/bumperbot_utils/share/bumperbot_utils/package.xml
[0.557s] Invoked command in '/home/bfg2h/bumperbot_ws/build/bumperbot_utils' returned '0': CMAKE_PREFIX_PATH=${CMAKE_PREFIX_PATH}:/home/bfg2h/bumperbot_ws/install/bumperbot_py_examples:/home/bfg2h/ros2_ws/install/my_py_pkg:/home/bfg2h/udemy_ws/install/self_driving_car_pkg:/opt/ros/humble _=/usr/bin/env /usr/bin/cmake --install /home/bfg2h/bumperbot_ws/build/bumperbot_utils
