[0.033s] Invoking command in '/home/bfg2h/bumperbot_ws/build/bumperbot_description': CMAKE_PREFIX_PATH=/home/bfg2h/turtlebot3_ws/install/turtlebot3_simulations:/home/bfg2h/turtlebot3_ws/install/turtlebot3_gazebo:/home/bfg2h/turtlebot3_ws/install/turtlebot3_fake_node:/home/bfg2h/bumperbot_ws/install/bumperbot_py_examples:/home/bfg2h/ros2_ws/install/my_py_pkg:/home/bfg2h/udemy_ws/install/self_driving_car_pkg:/opt/ros/humble:/home/bfg2h/bumperbot_ws/install/bumperbot_description:/home/bfg2h/bumperbot_ws/install/bumperbot_cpp_examples:/home/bfg2h/bumperbot_ws/install/bumperbot_controller:/home/bfg2h/ros2_ws/install/my_cpp_pkg:/home/bfg2h/arduinobot_ws/install/arduinobot_description:/home/bfg2h/arduinobot_ws/install/arduinobot_cpp_examples:/home/bfg2h/arduinobot_ws/install/arduinobot_controller _=/usr/bin/env /usr/bin/cmake --build /home/bfg2h/bumperbot_ws/build/bumperbot_description -- -j16 -l16
[0.497s] Invoked command in '/home/bfg2h/bumperbot_ws/build/bumperbot_description' returned '0': CMAKE_PREFIX_PATH=/home/bfg2h/turtlebot3_ws/install/turtlebot3_simulations:/home/bfg2h/turtlebot3_ws/install/turtlebot3_gazebo:/home/bfg2h/turtlebot3_ws/install/turtlebot3_fake_node:/home/bfg2h/bumperbot_ws/install/bumperbot_py_examples:/home/bfg2h/ros2_ws/install/my_py_pkg:/home/bfg2h/udemy_ws/install/self_driving_car_pkg:/opt/ros/humble:/home/bfg2h/bumperbot_ws/install/bumperbot_description:/home/bfg2h/bumperbot_ws/install/bumperbot_cpp_examples:/home/bfg2h/bumperbot_ws/install/bumperbot_controller:/home/bfg2h/ros2_ws/install/my_cpp_pkg:/home/bfg2h/arduinobot_ws/install/arduinobot_description:/home/bfg2h/arduinobot_ws/install/arduinobot_cpp_examples:/home/bfg2h/arduinobot_ws/install/arduinobot_controller _=/usr/bin/env /usr/bin/cmake --build /home/bfg2h/bumperbot_ws/build/bumperbot_description -- -j16 -l16
[0.546s] Invoking command in '/home/bfg2h/bumperbot_ws/build/bumperbot_description': CMAKE_PREFIX_PATH=/home/bfg2h/turtlebot3_ws/install/turtlebot3_simulations:/home/bfg2h/turtlebot3_ws/install/turtlebot3_gazebo:/home/bfg2h/turtlebot3_ws/install/turtlebot3_fake_node:/home/bfg2h/bumperbot_ws/install/bumperbot_py_examples:/home/bfg2h/ros2_ws/install/my_py_pkg:/home/bfg2h/udemy_ws/install/self_driving_car_pkg:/opt/ros/humble:/home/bfg2h/bumperbot_ws/install/bumperbot_description:/home/bfg2h/bumperbot_ws/install/bumperbot_cpp_examples:/home/bfg2h/bumperbot_ws/install/bumperbot_controller:/home/bfg2h/ros2_ws/install/my_cpp_pkg:/home/bfg2h/arduinobot_ws/install/arduinobot_description:/home/bfg2h/arduinobot_ws/install/arduinobot_cpp_examples:/home/bfg2h/arduinobot_ws/install/arduinobot_controller _=/usr/bin/env /usr/bin/cmake --install /home/bfg2h/bumperbot_ws/build/bumperbot_description
[0.559s] -- Install configuration: ""
[0.560s] -- Up-to-date: /home/bfg2h/bumperbot_ws/install/bumperbot_description/share/bumperbot_description/launch
[0.560s] -- Up-to-date: /home/bfg2h/bumperbot_ws/install/bumperbot_description/share/bumperbot_description/launch/display.launch.py
[0.561s] -- Up-to-date: /home/bfg2h/bumperbot_ws/install/bumperbot_description/share/bumperbot_description/launch/gazebo.launch.py
[0.562s] -- Up-to-date: /home/bfg2h/bumperbot_ws/install/bumperbot_description/share/bumperbot_description/meshes
[0.562s] -- Up-to-date: /home/bfg2h/bumperbot_ws/install/bumperbot_description/share/bumperbot_description/meshes/base_link.STL
[0.562s] -- Up-to-date: /home/bfg2h/bumperbot_ws/install/bumperbot_description/share/bumperbot_description/meshes/caster_rear_link.STL
[0.563s] -- Up-to-date: /home/bfg2h/bumperbot_ws/install/bumperbot_description/share/bumperbot_description/meshes/wheel_right_link.STL
[0.563s] -- Up-to-date: /home/bfg2h/bumperbot_ws/install/bumperbot_description/share/bumperbot_description/meshes/imu_link.STL
[0.563s] -- Up-to-date: /home/bfg2h/bumperbot_ws/install/bumperbot_description/share/bumperbot_description/meshes/caster_front_link.STL
[0.563s] -- Up-to-date: /home/bfg2h/bumperbot_ws/install/bumperbot_description/share/bumperbot_description/meshes/wheel_left_link.STL
[0.563s] -- Up-to-date: /home/bfg2h/bumperbot_ws/install/bumperbot_description/share/bumperbot_description/models
[0.564s] -- Up-to-date: /home/bfg2h/bumperbot_ws/install/bumperbot_description/share/bumperbot_description/models/ground_plane
[0.564s] -- Up-to-date: /home/bfg2h/bumperbot_ws/install/bumperbot_description/share/bumperbot_description/models/ground_plane/model-1_2.sdf
[0.565s] -- Up-to-date: /home/bfg2h/bumperbot_ws/install/bumperbot_description/share/bumperbot_description/models/ground_plane/model-1_3.sdf
[0.565s] -- Up-to-date: /home/bfg2h/bumperbot_ws/install/bumperbot_description/share/bumperbot_description/models/ground_plane/model-1_4.sdf
[0.565s] -- Up-to-date: /home/bfg2h/bumperbot_ws/install/bumperbot_description/share/bumperbot_description/models/ground_plane/model.config
[0.566s] -- Up-to-date: /home/bfg2h/bumperbot_ws/install/bumperbot_description/share/bumperbot_description/models/ground_plane/model.sdf
[0.566s] -- Up-to-date: /home/bfg2h/bumperbot_ws/install/bumperbot_description/share/bumperbot_description/models/sun
[0.566s] -- Up-to-date: /home/bfg2h/bumperbot_ws/install/bumperbot_description/share/bumperbot_description/models/sun/model-1_2.sdf
[0.566s] -- Up-to-date: /home/bfg2h/bumperbot_ws/install/bumperbot_description/share/bumperbot_description/models/sun/model-1_3.sdf
[0.566s] -- Up-to-date: /home/bfg2h/bumperbot_ws/install/bumperbot_description/share/bumperbot_description/models/sun/model-1_4.sdf
[0.567s] -- Up-to-date: /home/bfg2h/bumperbot_ws/install/bumperbot_description/share/bumperbot_description/models/sun/model.config
[0.567s] -- Up-to-date: /home/bfg2h/bumperbot_ws/install/bumperbot_description/share/bumperbot_description/models/sun/model.sdf
[0.567s] -- Up-to-date: /home/bfg2h/bumperbot_ws/install/bumperbot_description/share/bumperbot_description/urdf
[0.567s] -- Up-to-date: /home/bfg2h/bumperbot_ws/install/bumperbot_description/share/bumperbot_description/urdf/bumperbot.urdf.xacro
[0.567s] -- Up-to-date: /home/bfg2h/bumperbot_ws/install/bumperbot_description/share/bumperbot_description/urdf/bumperbot_gazebo.xacro
[0.568s] -- Up-to-date: /home/bfg2h/bumperbot_ws/install/bumperbot_description/share/bumperbot_description/urdf/bumperbot_ros2_control.xacro
[0.568s] -- Up-to-date: /home/bfg2h/bumperbot_ws/install/bumperbot_description/share/bumperbot_description/rviz
[0.568s] -- Up-to-date: /home/bfg2h/bumperbot_ws/install/bumperbot_description/share/bumperbot_description/rviz/display.rviz
[0.568s] -- Up-to-date: /home/bfg2h/bumperbot_ws/install/bumperbot_description/share/ament_index/resource_index/package_run_dependencies/bumperbot_description
[0.568s] -- Up-to-date: /home/bfg2h/bumperbot_ws/install/bumperbot_description/share/ament_index/resource_index/parent_prefix_path/bumperbot_description
[0.568s] -- Up-to-date: /home/bfg2h/bumperbot_ws/install/bumperbot_description/share/bumperbot_description/environment/ament_prefix_path.sh
[0.568s] -- Up-to-date: /home/bfg2h/bumperbot_ws/install/bumperbot_description/share/bumperbot_description/environment/ament_prefix_path.dsv
[0.569s] -- Up-to-date: /home/bfg2h/bumperbot_ws/install/bumperbot_description/share/bumperbot_description/environment/path.sh
[0.569s] -- Up-to-date: /home/bfg2h/bumperbot_ws/install/bumperbot_description/share/bumperbot_description/environment/path.dsv
[0.570s] -- Up-to-date: /home/bfg2h/bumperbot_ws/install/bumperbot_description/share/bumperbot_description/local_setup.bash
[0.570s] -- Up-to-date: /home/bfg2h/bumperbot_ws/install/bumperbot_description/share/bumperbot_description/local_setup.sh
[0.570s] -- Up-to-date: /home/bfg2h/bumperbot_ws/install/bumperbot_description/share/bumperbot_description/local_setup.zsh
[0.570s] -- Up-to-date: /home/bfg2h/bumperbot_ws/install/bumperbot_description/share/bumperbot_description/local_setup.dsv
[0.571s] -- Installing: /home/bfg2h/bumperbot_ws/install/bumperbot_description/share/bumperbot_description/package.dsv
[0.571s] -- Up-to-date: /home/bfg2h/bumperbot_ws/install/bumperbot_description/share/ament_index/resource_index/packages/bumperbot_description
[0.571s] -- Up-to-date: /home/bfg2h/bumperbot_ws/install/bumperbot_description/share/bumperbot_description/cmake/bumperbot_descriptionConfig.cmake
[0.573s] -- Up-to-date: /home/bfg2h/bumperbot_ws/install/bumperbot_description/share/bumperbot_description/cmake/bumperbot_descriptionConfig-version.cmake
[0.574s] -- Up-to-date: /home/bfg2h/bumperbot_ws/install/bumperbot_description/share/bumperbot_description/package.xml
[0.577s] Invoked command in '/home/bfg2h/bumperbot_ws/build/bumperbot_description' returned '0': CMAKE_PREFIX_PATH=/home/bfg2h/turtlebot3_ws/install/turtlebot3_simulations:/home/bfg2h/turtlebot3_ws/install/turtlebot3_gazebo:/home/bfg2h/turtlebot3_ws/install/turtlebot3_fake_node:/home/bfg2h/bumperbot_ws/install/bumperbot_py_examples:/home/bfg2h/ros2_ws/install/my_py_pkg:/home/bfg2h/udemy_ws/install/self_driving_car_pkg:/opt/ros/humble:/home/bfg2h/bumperbot_ws/install/bumperbot_description:/home/bfg2h/bumperbot_ws/install/bumperbot_cpp_examples:/home/bfg2h/bumperbot_ws/install/bumperbot_controller:/home/bfg2h/ros2_ws/install/my_cpp_pkg:/home/bfg2h/arduinobot_ws/install/arduinobot_description:/home/bfg2h/arduinobot_ws/install/arduinobot_cpp_examples:/home/bfg2h/arduinobot_ws/install/arduinobot_controller _=/usr/bin/env /usr/bin/cmake --install /home/bfg2h/bumperbot_ws/build/bumperbot_description
