[0.037s] Invoking command in '/home/bfg2h/bumperbot_ws/build/bumperbot_localization': CMAKE_PREFIX_PATH=${CMAKE_PREFIX_PATH}:/home/bfg2h/bumperbot_ws/install/bumperbot_py_examples:/home/bfg2h/ros2_ws/install/my_py_pkg:/home/bfg2h/udemy_ws/install/self_driving_car_pkg:/opt/ros/humble _=/usr/bin/env /usr/bin/cmake --build /home/bfg2h/bumperbot_ws/build/bumperbot_localization -- -j16 -l16
[0.226s] [100%] Built target kalman_filter
[0.256s] [100%] Built target ament_cmake_python_copy_bumperbot_localization
[0.898s] running egg_info
[0.899s] writing bumperbot_localization.egg-info/PKG-INFO
[0.900s] writing dependency_links to bumperbot_localization.egg-info/dependency_links.txt
[0.900s] writing top-level names to bumperbot_localization.egg-info/top_level.txt
[0.904s] reading manifest file 'bumperbot_localization.egg-info/SOURCES.txt'
[0.908s] writing manifest file 'bumperbot_localization.egg-info/SOURCES.txt'
[1.048s] [100%] Built target ament_cmake_python_build_bumperbot_localization_egg
[1.078s] Invoked command in '/home/bfg2h/bumperbot_ws/build/bumperbot_localization' returned '0': CMAKE_PREFIX_PATH=${CMAKE_PREFIX_PATH}:/home/bfg2h/bumperbot_ws/install/bumperbot_py_examples:/home/bfg2h/ros2_ws/install/my_py_pkg:/home/bfg2h/udemy_ws/install/self_driving_car_pkg:/opt/ros/humble _=/usr/bin/env /usr/bin/cmake --build /home/bfg2h/bumperbot_ws/build/bumperbot_localization -- -j16 -l16
[1.089s] Invoking command in '/home/bfg2h/bumperbot_ws/build/bumperbot_localization': CMAKE_PREFIX_PATH=${CMAKE_PREFIX_PATH}:/home/bfg2h/bumperbot_ws/install/bumperbot_py_examples:/home/bfg2h/ros2_ws/install/my_py_pkg:/home/bfg2h/udemy_ws/install/self_driving_car_pkg:/opt/ros/humble _=/usr/bin/env /usr/bin/cmake --install /home/bfg2h/bumperbot_ws/build/bumperbot_localization
[1.092s] -- Install configuration: ""
[1.093s] -- Up-to-date: /home/bfg2h/bumperbot_ws/install/bumperbot_localization/share/bumperbot_localization/environment/pythonpath.sh
[1.093s] -- Up-to-date: /home/bfg2h/bumperbot_ws/install/bumperbot_localization/share/bumperbot_localization/environment/pythonpath.dsv
[1.093s] -- Up-to-date: /home/bfg2h/bumperbot_ws/install/bumperbot_localization/local/lib/python3.10/dist-packages/bumperbot_localization-0.0.0-py3.10.egg-info
[1.093s] -- Installing: /home/bfg2h/bumperbot_ws/install/bumperbot_localization/local/lib/python3.10/dist-packages/bumperbot_localization-0.0.0-py3.10.egg-info/top_level.txt
[1.093s] -- Installing: /home/bfg2h/bumperbot_ws/install/bumperbot_localization/local/lib/python3.10/dist-packages/bumperbot_localization-0.0.0-py3.10.egg-info/PKG-INFO
[1.094s] -- Installing: /home/bfg2h/bumperbot_ws/install/bumperbot_localization/local/lib/python3.10/dist-packages/bumperbot_localization-0.0.0-py3.10.egg-info/SOURCES.txt
[1.094s] -- Installing: /home/bfg2h/bumperbot_ws/install/bumperbot_localization/local/lib/python3.10/dist-packages/bumperbot_localization-0.0.0-py3.10.egg-info/dependency_links.txt
[1.094s] -- Up-to-date: /home/bfg2h/bumperbot_ws/install/bumperbot_localization/local/lib/python3.10/dist-packages/bumperbot_localization
[1.094s] -- Up-to-date: /home/bfg2h/bumperbot_ws/install/bumperbot_localization/local/lib/python3.10/dist-packages/bumperbot_localization/__init__.py
[1.094s] -- Up-to-date: /home/bfg2h/bumperbot_ws/install/bumperbot_localization/local/lib/python3.10/dist-packages/bumperbot_localization/kalman_filter_pos.py
[1.094s] -- Up-to-date: /home/bfg2h/bumperbot_ws/install/bumperbot_localization/local/lib/python3.10/dist-packages/bumperbot_localization/kalman_filter.py
[1.094s] -- Up-to-date: /home/bfg2h/bumperbot_ws/install/bumperbot_localization/local/lib/python3.10/dist-packages/bumperbot_localization/imu_republisher.py
[1.161s] Listing '/home/bfg2h/bumperbot_ws/install/bumperbot_localization/local/lib/python3.10/dist-packages/bumperbot_localization'...
[1.187s] -- Up-to-date: /home/bfg2h/bumperbot_ws/install/bumperbot_localization/share/bumperbot_localization/launch
[1.187s] -- Up-to-date: /home/bfg2h/bumperbot_ws/install/bumperbot_localization/share/bumperbot_localization/launch/local_localization.launch.py
[1.187s] -- Up-to-date: /home/bfg2h/bumperbot_ws/install/bumperbot_localization/share/bumperbot_localization/config
[1.188s] -- Up-to-date: /home/bfg2h/bumperbot_ws/install/bumperbot_localization/share/bumperbot_localization/config/ekf.yaml
[1.188s] -- Up-to-date: /home/bfg2h/bumperbot_ws/install/bumperbot_localization/include/include
[1.188s] -- Up-to-date: /home/bfg2h/bumperbot_ws/install/bumperbot_localization/include/include/bumperbot_localization
[1.188s] -- Up-to-date: /home/bfg2h/bumperbot_ws/install/bumperbot_localization/include/include/bumperbot_localization/kalman_filter.hpp
[1.189s] -- Up-to-date: /home/bfg2h/bumperbot_ws/install/bumperbot_localization/lib/bumperbot_localization/kalman_filter
[1.189s] -- Up-to-date: /home/bfg2h/bumperbot_ws/install/bumperbot_localization/lib/bumperbot_localization/kalman_filter.py
[1.189s] -- Up-to-date: /home/bfg2h/bumperbot_ws/install/bumperbot_localization/lib/bumperbot_localization/kalman_filter_pos.py
[1.189s] -- Up-to-date: /home/bfg2h/bumperbot_ws/install/bumperbot_localization/lib/bumperbot_localization/imu_republisher.py
[1.189s] -- Up-to-date: /home/bfg2h/bumperbot_ws/install/bumperbot_localization/share/ament_index/resource_index/package_run_dependencies/bumperbot_localization
[1.190s] -- Up-to-date: /home/bfg2h/bumperbot_ws/install/bumperbot_localization/share/ament_index/resource_index/parent_prefix_path/bumperbot_localization
[1.190s] -- Up-to-date: /home/bfg2h/bumperbot_ws/install/bumperbot_localization/share/bumperbot_localization/environment/ament_prefix_path.sh
[1.190s] -- Up-to-date: /home/bfg2h/bumperbot_ws/install/bumperbot_localization/share/bumperbot_localization/environment/ament_prefix_path.dsv
[1.190s] -- Up-to-date: /home/bfg2h/bumperbot_ws/install/bumperbot_localization/share/bumperbot_localization/environment/path.sh
[1.190s] -- Up-to-date: /home/bfg2h/bumperbot_ws/install/bumperbot_localization/share/bumperbot_localization/environment/path.dsv
[1.190s] -- Up-to-date: /home/bfg2h/bumperbot_ws/install/bumperbot_localization/share/bumperbot_localization/local_setup.bash
[1.191s] -- Up-to-date: /home/bfg2h/bumperbot_ws/install/bumperbot_localization/share/bumperbot_localization/local_setup.sh
[1.191s] -- Up-to-date: /home/bfg2h/bumperbot_ws/install/bumperbot_localization/share/bumperbot_localization/local_setup.zsh
[1.191s] -- Up-to-date: /home/bfg2h/bumperbot_ws/install/bumperbot_localization/share/bumperbot_localization/local_setup.dsv
[1.191s] -- Installing: /home/bfg2h/bumperbot_ws/install/bumperbot_localization/share/bumperbot_localization/package.dsv
[1.192s] -- Up-to-date: /home/bfg2h/bumperbot_ws/install/bumperbot_localization/share/ament_index/resource_index/packages/bumperbot_localization
[1.192s] -- Up-to-date: /home/bfg2h/bumperbot_ws/install/bumperbot_localization/share/bumperbot_localization/cmake/bumperbot_localizationConfig.cmake
[1.193s] -- Up-to-date: /home/bfg2h/bumperbot_ws/install/bumperbot_localization/share/bumperbot_localization/cmake/bumperbot_localizationConfig-version.cmake
[1.195s] -- Up-to-date: /home/bfg2h/bumperbot_ws/install/bumperbot_localization/share/bumperbot_localization/package.xml
[1.224s] Invoked command in '/home/bfg2h/bumperbot_ws/build/bumperbot_localization' returned '0': CMAKE_PREFIX_PATH=${CMAKE_PREFIX_PATH}:/home/bfg2h/bumperbot_ws/install/bumperbot_py_examples:/home/bfg2h/ros2_ws/install/my_py_pkg:/home/bfg2h/udemy_ws/install/self_driving_car_pkg:/opt/ros/humble _=/usr/bin/env /usr/bin/cmake --install /home/bfg2h/bumperbot_ws/build/bumperbot_localization
