[0.747s] Invoking command in '/home/bfg2h/bumperbot_ws/src/bumperbot_py_examples': PYTHONPATH=/home/bfg2h/bumperbot_ws/build/bumperbot_py_examples/prefix_override:/usr/lib/python3/dist-packages/colcon_core/task/python/colcon_distutils_commands:/home/bfg2h/bumperbot_ws/install/bumperbot_py_examples/lib/python3.10/site-packages:${PYTHONPATH} _=/usr/bin/env /usr/bin/python3 -W ignore:setup.py install is deprecated setup.py egg_info --egg-base ../../build/bumperbot_py_examples build --build-base /home/bfg2h/bumperbot_ws/build/bumperbot_py_examples/build install --record /home/bfg2h/bumperbot_ws/build/bumperbot_py_examples/install.log --single-version-externally-managed install_data
[1.034s] running egg_info
[1.035s] creating ../../build/bumperbot_py_examples/bumperbot_py_examples.egg-info
[1.035s] writing ../../build/bumperbot_py_examples/bumperbot_py_examples.egg-info/PKG-INFO
[1.035s] writing dependency_links to ../../build/bumperbot_py_examples/bumperbot_py_examples.egg-info/dependency_links.txt
[1.035s] writing entry points to ../../build/bumperbot_py_examples/bumperbot_py_examples.egg-info/entry_points.txt
[1.035s] writing requirements to ../../build/bumperbot_py_examples/bumperbot_py_examples.egg-info/requires.txt
[1.035s] writing top-level names to ../../build/bumperbot_py_examples/bumperbot_py_examples.egg-info/top_level.txt
[1.035s] writing manifest file '../../build/bumperbot_py_examples/bumperbot_py_examples.egg-info/SOURCES.txt'
[1.036s] reading manifest file '../../build/bumperbot_py_examples/bumperbot_py_examples.egg-info/SOURCES.txt'
[1.037s] writing manifest file '../../build/bumperbot_py_examples/bumperbot_py_examples.egg-info/SOURCES.txt'
[1.037s] running build
[1.037s] running build_py
[1.037s] creating /home/bfg2h/bumperbot_ws/build/bumperbot_py_examples/build
[1.037s] creating /home/bfg2h/bumperbot_ws/build/bumperbot_py_examples/build/lib
[1.037s] creating /home/bfg2h/bumperbot_ws/build/bumperbot_py_examples/build/lib/bumperbot_py_examples
[1.037s] copying bumperbot_py_examples/__init__.py -> /home/bfg2h/bumperbot_ws/build/bumperbot_py_examples/build/lib/bumperbot_py_examples
[1.037s] copying bumperbot_py_examples/simple_turtlesim_kinematics.py -> /home/bfg2h/bumperbot_ws/build/bumperbot_py_examples/build/lib/bumperbot_py_examples
[1.037s] copying bumperbot_py_examples/simple_publisher.py -> /home/bfg2h/bumperbot_ws/build/bumperbot_py_examples/build/lib/bumperbot_py_examples
[1.038s] copying bumperbot_py_examples/simple_subscriber.py -> /home/bfg2h/bumperbot_ws/build/bumperbot_py_examples/build/lib/bumperbot_py_examples
[1.038s] copying bumperbot_py_examples/simple_parameter.py -> /home/bfg2h/bumperbot_ws/build/bumperbot_py_examples/build/lib/bumperbot_py_examples
[1.038s] copying bumperbot_py_examples/simple_tf_kinematics.py -> /home/bfg2h/bumperbot_ws/build/bumperbot_py_examples/build/lib/bumperbot_py_examples
[1.038s] running install
[1.038s] running install_lib
[1.039s] creating /home/bfg2h/bumperbot_ws/install/bumperbot_py_examples/lib/python3.10/site-packages/bumperbot_py_examples
[1.039s] copying /home/bfg2h/bumperbot_ws/build/bumperbot_py_examples/build/lib/bumperbot_py_examples/__init__.py -> /home/bfg2h/bumperbot_ws/install/bumperbot_py_examples/lib/python3.10/site-packages/bumperbot_py_examples
[1.039s] copying /home/bfg2h/bumperbot_ws/build/bumperbot_py_examples/build/lib/bumperbot_py_examples/simple_turtlesim_kinematics.py -> /home/bfg2h/bumperbot_ws/install/bumperbot_py_examples/lib/python3.10/site-packages/bumperbot_py_examples
[1.039s] copying /home/bfg2h/bumperbot_ws/build/bumperbot_py_examples/build/lib/bumperbot_py_examples/simple_publisher.py -> /home/bfg2h/bumperbot_ws/install/bumperbot_py_examples/lib/python3.10/site-packages/bumperbot_py_examples
[1.039s] copying /home/bfg2h/bumperbot_ws/build/bumperbot_py_examples/build/lib/bumperbot_py_examples/simple_subscriber.py -> /home/bfg2h/bumperbot_ws/install/bumperbot_py_examples/lib/python3.10/site-packages/bumperbot_py_examples
[1.039s] copying /home/bfg2h/bumperbot_ws/build/bumperbot_py_examples/build/lib/bumperbot_py_examples/simple_parameter.py -> /home/bfg2h/bumperbot_ws/install/bumperbot_py_examples/lib/python3.10/site-packages/bumperbot_py_examples
[1.039s] copying /home/bfg2h/bumperbot_ws/build/bumperbot_py_examples/build/lib/bumperbot_py_examples/simple_tf_kinematics.py -> /home/bfg2h/bumperbot_ws/install/bumperbot_py_examples/lib/python3.10/site-packages/bumperbot_py_examples
[1.039s] byte-compiling /home/bfg2h/bumperbot_ws/install/bumperbot_py_examples/lib/python3.10/site-packages/bumperbot_py_examples/__init__.py to __init__.cpython-310.pyc
[1.040s] byte-compiling /home/bfg2h/bumperbot_ws/install/bumperbot_py_examples/lib/python3.10/site-packages/bumperbot_py_examples/simple_turtlesim_kinematics.py to simple_turtlesim_kinematics.cpython-310.pyc
[1.040s] byte-compiling /home/bfg2h/bumperbot_ws/install/bumperbot_py_examples/lib/python3.10/site-packages/bumperbot_py_examples/simple_publisher.py to simple_publisher.cpython-310.pyc
[1.040s] byte-compiling /home/bfg2h/bumperbot_ws/install/bumperbot_py_examples/lib/python3.10/site-packages/bumperbot_py_examples/simple_subscriber.py to simple_subscriber.cpython-310.pyc
[1.040s] byte-compiling /home/bfg2h/bumperbot_ws/install/bumperbot_py_examples/lib/python3.10/site-packages/bumperbot_py_examples/simple_parameter.py to simple_parameter.cpython-310.pyc
[1.041s] byte-compiling /home/bfg2h/bumperbot_ws/install/bumperbot_py_examples/lib/python3.10/site-packages/bumperbot_py_examples/simple_tf_kinematics.py to simple_tf_kinematics.cpython-310.pyc
[1.041s] running install_data
[1.041s] creating /home/bfg2h/bumperbot_ws/install/bumperbot_py_examples/share/ament_index
[1.041s] creating /home/bfg2h/bumperbot_ws/install/bumperbot_py_examples/share/ament_index/resource_index
[1.041s] creating /home/bfg2h/bumperbot_ws/install/bumperbot_py_examples/share/ament_index/resource_index/packages
[1.041s] copying resource/bumperbot_py_examples -> /home/bfg2h/bumperbot_ws/install/bumperbot_py_examples/share/ament_index/resource_index/packages
[1.041s] copying package.xml -> /home/bfg2h/bumperbot_ws/install/bumperbot_py_examples/share/bumperbot_py_examples
[1.041s] running install_egg_info
[1.042s] Copying ../../build/bumperbot_py_examples/bumperbot_py_examples.egg-info to /home/bfg2h/bumperbot_ws/install/bumperbot_py_examples/lib/python3.10/site-packages/bumperbot_py_examples-0.0.0-py3.10.egg-info
[1.043s] running install_scripts
[1.058s] Installing simple_parameter script to /home/bfg2h/bumperbot_ws/install/bumperbot_py_examples/lib/bumperbot_py_examples
[1.058s] Installing simple_publisher script to /home/bfg2h/bumperbot_ws/install/bumperbot_py_examples/lib/bumperbot_py_examples
[1.058s] Installing simple_subscriber script to /home/bfg2h/bumperbot_ws/install/bumperbot_py_examples/lib/bumperbot_py_examples
[1.058s] Installing simple_tf_kinematics script to /home/bfg2h/bumperbot_ws/install/bumperbot_py_examples/lib/bumperbot_py_examples
[1.058s] Installing simple_turtlesim_kinematics script to /home/bfg2h/bumperbot_ws/install/bumperbot_py_examples/lib/bumperbot_py_examples
[1.058s] writing list of installed files to '/home/bfg2h/bumperbot_ws/build/bumperbot_py_examples/install.log'
[1.076s] Invoked command in '/home/bfg2h/bumperbot_ws/src/bumperbot_py_examples' returned '0': PYTHONPATH=/home/bfg2h/bumperbot_ws/build/bumperbot_py_examples/prefix_override:/usr/lib/python3/dist-packages/colcon_core/task/python/colcon_distutils_commands:/home/bfg2h/bumperbot_ws/install/bumperbot_py_examples/lib/python3.10/site-packages:${PYTHONPATH} _=/usr/bin/env /usr/bin/python3 -W ignore:setup.py install is deprecated setup.py egg_info --egg-base ../../build/bumperbot_py_examples build --build-base /home/bfg2h/bumperbot_ws/build/bumperbot_py_examples/build install --record /home/bfg2h/bumperbot_ws/build/bumperbot_py_examples/install.log --single-version-externally-managed install_data
