[0.017s] Invoking command in '/home/bfg2h/bumperbot_ws/build/bumperbot_msgs': CMAKE_PREFIX_PATH=${CMAKE_PREFIX_PATH}:/home/bfg2h/bumperbot_ws/install/bumperbot_py_examples:/home/bfg2h/ros2_ws/install/my_py_pkg:/home/bfg2h/udemy_ws/install/self_driving_car_pkg:/opt/ros/humble _=/usr/bin/env /usr/bin/cmake --build /home/bfg2h/bumperbot_ws/build/bumperbot_msgs -- -j16 -l16
[0.053s] [ 12%] Built target bumperbot_msgs__cpp
[0.053s] [ 12%] Built target bumperbot_msgs__rosidl_generator_c
[0.059s] [ 12%] Built target ament_cmake_python_copy_bumperbot_msgs
[0.069s] [ 22%] Built target bumperbot_msgs__rosidl_typesupport_c
[0.071s] [ 32%] Built target bumperbot_msgs__rosidl_typesupport_introspection_c
[0.072s] [ 41%] Built target bumperbot_msgs__rosidl_typesupport_fastrtps_c
[0.077s] [ 61%] Built target bumperbot_msgs__rosidl_typesupport_fastrtps_cpp
[0.077s] [ 61%] Built target bumperbot_msgs__rosidl_typesupport_introspection_cpp
[0.077s] [ 70%] Built target bumperbot_msgs__rosidl_typesupport_cpp
[0.092s] [ 70%] Built target bumperbot_msgs
[0.108s] [ 74%] Built target bumperbot_msgs__py
[0.127s] [ 80%] Built target bumperbot_msgs__rosidl_generator_py
[0.145s] [100%] Built target bumperbot_msgs__rosidl_typesupport_introspection_c__pyext
[0.145s] [100%] Built target bumperbot_msgs__rosidl_typesupport_fastrtps_c__pyext
[0.145s] [100%] Built target bumperbot_msgs__rosidl_typesupport_c__pyext
[0.339s] running egg_info
[0.340s] writing bumperbot_msgs.egg-info/PKG-INFO
[0.340s] writing dependency_links to bumperbot_msgs.egg-info/dependency_links.txt
[0.340s] writing top-level names to bumperbot_msgs.egg-info/top_level.txt
[0.342s] reading manifest file 'bumperbot_msgs.egg-info/SOURCES.txt'
[0.342s] writing manifest file 'bumperbot_msgs.egg-info/SOURCES.txt'
[0.364s] [100%] Built target ament_cmake_python_build_bumperbot_msgs_egg
[0.372s] Invoked command in '/home/bfg2h/bumperbot_ws/build/bumperbot_msgs' returned '0': CMAKE_PREFIX_PATH=${CMAKE_PREFIX_PATH}:/home/bfg2h/bumperbot_ws/install/bumperbot_py_examples:/home/bfg2h/ros2_ws/install/my_py_pkg:/home/bfg2h/udemy_ws/install/self_driving_car_pkg:/opt/ros/humble _=/usr/bin/env /usr/bin/cmake --build /home/bfg2h/bumperbot_ws/build/bumperbot_msgs -- -j16 -l16
[0.427s] Invoking command in '/home/bfg2h/bumperbot_ws/build/bumperbot_msgs': CMAKE_PREFIX_PATH=${CMAKE_PREFIX_PATH}:/home/bfg2h/bumperbot_ws/install/bumperbot_py_examples:/home/bfg2h/ros2_ws/install/my_py_pkg:/home/bfg2h/udemy_ws/install/self_driving_car_pkg:/opt/ros/humble _=/usr/bin/env /usr/bin/cmake --install /home/bfg2h/bumperbot_ws/build/bumperbot_msgs
[0.434s] -- Install configuration: ""
[0.434s] -- Up-to-date: /home/bfg2h/bumperbot_ws/install/bumperbot_msgs/share/ament_index/resource_index/rosidl_interfaces/bumperbot_msgs
[0.434s] -- Up-to-date: /home/bfg2h/bumperbot_ws/install/bumperbot_msgs/include/bumperbot_msgs/bumperbot_msgs
[0.435s] -- Up-to-date: /home/bfg2h/bumperbot_ws/install/bumperbot_msgs/include/bumperbot_msgs/bumperbot_msgs/srv
[0.435s] -- Up-to-date: /home/bfg2h/bumperbot_ws/install/bumperbot_msgs/include/bumperbot_msgs/bumperbot_msgs/srv/detail
[0.435s] -- Up-to-date: /home/bfg2h/bumperbot_ws/install/bumperbot_msgs/include/bumperbot_msgs/bumperbot_msgs/srv/detail/add_two_ints__functions.h
[0.435s] -- Up-to-date: /home/bfg2h/bumperbot_ws/install/bumperbot_msgs/include/bumperbot_msgs/bumperbot_msgs/srv/detail/add_two_ints__type_support.h
[0.435s] -- Up-to-date: /home/bfg2h/bumperbot_ws/install/bumperbot_msgs/include/bumperbot_msgs/bumperbot_msgs/srv/detail/add_two_ints__functions.c
[0.435s] -- Up-to-date: /home/bfg2h/bumperbot_ws/install/bumperbot_msgs/include/bumperbot_msgs/bumperbot_msgs/srv/detail/add_two_ints__struct.h
[0.435s] -- Up-to-date: /home/bfg2h/bumperbot_ws/install/bumperbot_msgs/include/bumperbot_msgs/bumperbot_msgs/srv/add_two_ints.h
[0.435s] -- Up-to-date: /home/bfg2h/bumperbot_ws/install/bumperbot_msgs/include/bumperbot_msgs/bumperbot_msgs/msg
[0.436s] -- Up-to-date: /home/bfg2h/bumperbot_ws/install/bumperbot_msgs/include/bumperbot_msgs/bumperbot_msgs/msg/rosidl_generator_c__visibility_control.h
[0.436s] -- Up-to-date: /home/bfg2h/bumperbot_ws/install/bumperbot_msgs/share/bumperbot_msgs/environment/library_path.sh
[0.436s] -- Up-to-date: /home/bfg2h/bumperbot_ws/install/bumperbot_msgs/share/bumperbot_msgs/environment/library_path.dsv
[0.436s] -- Up-to-date: /home/bfg2h/bumperbot_ws/install/bumperbot_msgs/lib/libbumperbot_msgs__rosidl_generator_c.so
[0.436s] -- Up-to-date: /home/bfg2h/bumperbot_ws/install/bumperbot_msgs/include/bumperbot_msgs/bumperbot_msgs
[0.436s] -- Up-to-date: /home/bfg2h/bumperbot_ws/install/bumperbot_msgs/include/bumperbot_msgs/bumperbot_msgs/srv
[0.436s] -- Up-to-date: /home/bfg2h/bumperbot_ws/install/bumperbot_msgs/include/bumperbot_msgs/bumperbot_msgs/srv/detail
[0.436s] -- Up-to-date: /home/bfg2h/bumperbot_ws/install/bumperbot_msgs/include/bumperbot_msgs/bumperbot_msgs/srv/detail/add_two_ints__rosidl_typesupport_fastrtps_c.h
[0.436s] -- Up-to-date: /home/bfg2h/bumperbot_ws/install/bumperbot_msgs/include/bumperbot_msgs/bumperbot_msgs/msg
[0.439s] -- Up-to-date: /home/bfg2h/bumperbot_ws/install/bumperbot_msgs/include/bumperbot_msgs/bumperbot_msgs/msg/rosidl_typesupport_fastrtps_c__visibility_control.h
[0.439s] -- Up-to-date: /home/bfg2h/bumperbot_ws/install/bumperbot_msgs/lib/libbumperbot_msgs__rosidl_typesupport_fastrtps_c.so
[0.439s] -- Up-to-date: /home/bfg2h/bumperbot_ws/install/bumperbot_msgs/include/bumperbot_msgs/bumperbot_msgs
[0.440s] -- Up-to-date: /home/bfg2h/bumperbot_ws/install/bumperbot_msgs/include/bumperbot_msgs/bumperbot_msgs/srv
[0.440s] -- Up-to-date: /home/bfg2h/bumperbot_ws/install/bumperbot_msgs/include/bumperbot_msgs/bumperbot_msgs/srv/detail
[0.440s] -- Up-to-date: /home/bfg2h/bumperbot_ws/install/bumperbot_msgs/include/bumperbot_msgs/bumperbot_msgs/srv/detail/add_two_ints__traits.hpp
[0.440s] -- Up-to-date: /home/bfg2h/bumperbot_ws/install/bumperbot_msgs/include/bumperbot_msgs/bumperbot_msgs/srv/detail/add_two_ints__builder.hpp
[0.440s] -- Up-to-date: /home/bfg2h/bumperbot_ws/install/bumperbot_msgs/include/bumperbot_msgs/bumperbot_msgs/srv/detail/add_two_ints__struct.hpp
[0.440s] -- Up-to-date: /home/bfg2h/bumperbot_ws/install/bumperbot_msgs/include/bumperbot_msgs/bumperbot_msgs/srv/add_two_ints.hpp
[0.440s] -- Up-to-date: /home/bfg2h/bumperbot_ws/install/bumperbot_msgs/include/bumperbot_msgs/bumperbot_msgs
[0.440s] -- Up-to-date: /home/bfg2h/bumperbot_ws/install/bumperbot_msgs/include/bumperbot_msgs/bumperbot_msgs/srv
[0.440s] -- Up-to-date: /home/bfg2h/bumperbot_ws/install/bumperbot_msgs/include/bumperbot_msgs/bumperbot_msgs/srv/detail
[0.440s] -- Up-to-date: /home/bfg2h/bumperbot_ws/install/bumperbot_msgs/include/bumperbot_msgs/bumperbot_msgs/srv/detail/add_two_ints__rosidl_typesupport_fastrtps_cpp.hpp
[0.440s] -- Up-to-date: /home/bfg2h/bumperbot_ws/install/bumperbot_msgs/include/bumperbot_msgs/bumperbot_msgs/srv/detail/dds_fastrtps
[0.440s] -- Up-to-date: /home/bfg2h/bumperbot_ws/install/bumperbot_msgs/include/bumperbot_msgs/bumperbot_msgs/msg
[0.441s] -- Up-to-date: /home/bfg2h/bumperbot_ws/install/bumperbot_msgs/include/bumperbot_msgs/bumperbot_msgs/msg/rosidl_typesupport_fastrtps_cpp__visibility_control.h
[0.441s] -- Up-to-date: /home/bfg2h/bumperbot_ws/install/bumperbot_msgs/lib/libbumperbot_msgs__rosidl_typesupport_fastrtps_cpp.so
[0.442s] -- Up-to-date: /home/bfg2h/bumperbot_ws/install/bumperbot_msgs/include/bumperbot_msgs/bumperbot_msgs
[0.442s] -- Up-to-date: /home/bfg2h/bumperbot_ws/install/bumperbot_msgs/include/bumperbot_msgs/bumperbot_msgs/srv
[0.442s] -- Up-to-date: /home/bfg2h/bumperbot_ws/install/bumperbot_msgs/include/bumperbot_msgs/bumperbot_msgs/srv/detail
[0.442s] -- Up-to-date: /home/bfg2h/bumperbot_ws/install/bumperbot_msgs/include/bumperbot_msgs/bumperbot_msgs/srv/detail/add_two_ints__type_support.c
[0.442s] -- Up-to-date: /home/bfg2h/bumperbot_ws/install/bumperbot_msgs/include/bumperbot_msgs/bumperbot_msgs/srv/detail/add_two_ints__rosidl_typesupport_introspection_c.h
[0.442s] -- Up-to-date: /home/bfg2h/bumperbot_ws/install/bumperbot_msgs/include/bumperbot_msgs/bumperbot_msgs/msg
[0.442s] -- Up-to-date: /home/bfg2h/bumperbot_ws/install/bumperbot_msgs/include/bumperbot_msgs/bumperbot_msgs/msg/rosidl_typesupport_introspection_c__visibility_control.h
[0.443s] -- Up-to-date: /home/bfg2h/bumperbot_ws/install/bumperbot_msgs/lib/libbumperbot_msgs__rosidl_typesupport_introspection_c.so
[0.443s] -- Up-to-date: /home/bfg2h/bumperbot_ws/install/bumperbot_msgs/lib/libbumperbot_msgs__rosidl_typesupport_c.so
[0.443s] -- Up-to-date: /home/bfg2h/bumperbot_ws/install/bumperbot_msgs/include/bumperbot_msgs/bumperbot_msgs
[0.443s] -- Up-to-date: /home/bfg2h/bumperbot_ws/install/bumperbot_msgs/include/bumperbot_msgs/bumperbot_msgs/srv
[0.443s] -- Up-to-date: /home/bfg2h/bumperbot_ws/install/bumperbot_msgs/include/bumperbot_msgs/bumperbot_msgs/srv/detail
[0.443s] -- Up-to-date: /home/bfg2h/bumperbot_ws/install/bumperbot_msgs/include/bumperbot_msgs/bumperbot_msgs/srv/detail/add_two_ints__rosidl_typesupport_introspection_cpp.hpp
[0.443s] -- Up-to-date: /home/bfg2h/bumperbot_ws/install/bumperbot_msgs/include/bumperbot_msgs/bumperbot_msgs/srv/detail/add_two_ints__type_support.cpp
[0.444s] -- Up-to-date: /home/bfg2h/bumperbot_ws/install/bumperbot_msgs/lib/libbumperbot_msgs__rosidl_typesupport_introspection_cpp.so
[0.444s] -- Up-to-date: /home/bfg2h/bumperbot_ws/install/bumperbot_msgs/lib/libbumperbot_msgs__rosidl_typesupport_cpp.so
[0.444s] -- Up-to-date: /home/bfg2h/bumperbot_ws/install/bumperbot_msgs/share/bumperbot_msgs/environment/pythonpath.sh
[0.444s] -- Up-to-date: /home/bfg2h/bumperbot_ws/install/bumperbot_msgs/share/bumperbot_msgs/environment/pythonpath.dsv
[0.444s] -- Up-to-date: /home/bfg2h/bumperbot_ws/install/bumperbot_msgs/local/lib/python3.10/dist-packages/bumperbot_msgs-0.0.0-py3.10.egg-info
[0.445s] -- Installing: /home/bfg2h/bumperbot_ws/install/bumperbot_msgs/local/lib/python3.10/dist-packages/bumperbot_msgs-0.0.0-py3.10.egg-info/top_level.txt
[0.445s] -- Installing: /home/bfg2h/bumperbot_ws/install/bumperbot_msgs/local/lib/python3.10/dist-packages/bumperbot_msgs-0.0.0-py3.10.egg-info/PKG-INFO
[0.445s] -- Installing: /home/bfg2h/bumperbot_ws/install/bumperbot_msgs/local/lib/python3.10/dist-packages/bumperbot_msgs-0.0.0-py3.10.egg-info/SOURCES.txt
[0.445s] -- Installing: /home/bfg2h/bumperbot_ws/install/bumperbot_msgs/local/lib/python3.10/dist-packages/bumperbot_msgs-0.0.0-py3.10.egg-info/dependency_links.txt
[0.445s] -- Up-to-date: /home/bfg2h/bumperbot_ws/install/bumperbot_msgs/local/lib/python3.10/dist-packages/bumperbot_msgs
[0.446s] -- Up-to-date: /home/bfg2h/bumperbot_ws/install/bumperbot_msgs/local/lib/python3.10/dist-packages/bumperbot_msgs/srv
[0.446s] -- Up-to-date: /home/bfg2h/bumperbot_ws/install/bumperbot_msgs/local/lib/python3.10/dist-packages/bumperbot_msgs/srv/__init__.py
[0.446s] -- Up-to-date: /home/bfg2h/bumperbot_ws/install/bumperbot_msgs/local/lib/python3.10/dist-packages/bumperbot_msgs/srv/_add_two_ints.py
[0.446s] -- Up-to-date: /home/bfg2h/bumperbot_ws/install/bumperbot_msgs/local/lib/python3.10/dist-packages/bumperbot_msgs/srv/_add_two_ints_s.c
[0.446s] -- Up-to-date: /home/bfg2h/bumperbot_ws/install/bumperbot_msgs/local/lib/python3.10/dist-packages/bumperbot_msgs/__init__.py
[0.446s] -- Up-to-date: /home/bfg2h/bumperbot_ws/install/bumperbot_msgs/local/lib/python3.10/dist-packages/bumperbot_msgs/libbumperbot_msgs__rosidl_generator_py.so
[0.446s] -- Up-to-date: /home/bfg2h/bumperbot_ws/install/bumperbot_msgs/local/lib/python3.10/dist-packages/bumperbot_msgs/bumperbot_msgs_s__rosidl_typesupport_introspection_c.cpython-310-x86_64-linux-gnu.so
[0.446s] -- Up-to-date: /home/bfg2h/bumperbot_ws/install/bumperbot_msgs/local/lib/python3.10/dist-packages/bumperbot_msgs/_bumperbot_msgs_s.ep.rosidl_typesupport_introspection_c.c
[0.446s] -- Up-to-date: /home/bfg2h/bumperbot_ws/install/bumperbot_msgs/local/lib/python3.10/dist-packages/bumperbot_msgs/_bumperbot_msgs_s.ep.rosidl_typesupport_c.c
[0.447s] -- Up-to-date: /home/bfg2h/bumperbot_ws/install/bumperbot_msgs/local/lib/python3.10/dist-packages/bumperbot_msgs/bumperbot_msgs_s__rosidl_typesupport_c.cpython-310-x86_64-linux-gnu.so
[0.447s] -- Up-to-date: /home/bfg2h/bumperbot_ws/install/bumperbot_msgs/local/lib/python3.10/dist-packages/bumperbot_msgs/bumperbot_msgs_s__rosidl_typesupport_fastrtps_c.cpython-310-x86_64-linux-gnu.so
[0.447s] -- Up-to-date: /home/bfg2h/bumperbot_ws/install/bumperbot_msgs/local/lib/python3.10/dist-packages/bumperbot_msgs/_bumperbot_msgs_s.ep.rosidl_typesupport_fastrtps_c.c
[0.466s] Listing '/home/bfg2h/bumperbot_ws/install/bumperbot_msgs/local/lib/python3.10/dist-packages/bumperbot_msgs'...
[0.466s] Listing '/home/bfg2h/bumperbot_ws/install/bumperbot_msgs/local/lib/python3.10/dist-packages/bumperbot_msgs/srv'...
[0.469s] -- Up-to-date: /home/bfg2h/bumperbot_ws/install/bumperbot_msgs/local/lib/python3.10/dist-packages/bumperbot_msgs/bumperbot_msgs_s__rosidl_typesupport_fastrtps_c.cpython-310-x86_64-linux-gnu.so
[0.470s] -- Up-to-date: /home/bfg2h/bumperbot_ws/install/bumperbot_msgs/local/lib/python3.10/dist-packages/bumperbot_msgs/bumperbot_msgs_s__rosidl_typesupport_introspection_c.cpython-310-x86_64-linux-gnu.so
[0.470s] -- Up-to-date: /home/bfg2h/bumperbot_ws/install/bumperbot_msgs/local/lib/python3.10/dist-packages/bumperbot_msgs/bumperbot_msgs_s__rosidl_typesupport_c.cpython-310-x86_64-linux-gnu.so
[0.470s] -- Up-to-date: /home/bfg2h/bumperbot_ws/install/bumperbot_msgs/lib/libbumperbot_msgs__rosidl_generator_py.so
[0.470s] -- Up-to-date: /home/bfg2h/bumperbot_ws/install/bumperbot_msgs/share/bumperbot_msgs/srv/AddTwoInts.idl
[0.470s] -- Up-to-date: /home/bfg2h/bumperbot_ws/install/bumperbot_msgs/share/bumperbot_msgs/srv/AddTwoInts.srv
[0.470s] -- Up-to-date: /home/bfg2h/bumperbot_ws/install/bumperbot_msgs/share/bumperbot_msgs/srv/AddTwoInts_Request.msg
[0.470s] -- Up-to-date: /home/bfg2h/bumperbot_ws/install/bumperbot_msgs/share/bumperbot_msgs/srv/AddTwoInts_Response.msg
[0.470s] -- Up-to-date: /home/bfg2h/bumperbot_ws/install/bumperbot_msgs/share/ament_index/resource_index/package_run_dependencies/bumperbot_msgs
[0.470s] -- Up-to-date: /home/bfg2h/bumperbot_ws/install/bumperbot_msgs/share/ament_index/resource_index/parent_prefix_path/bumperbot_msgs
[0.471s] -- Up-to-date: /home/bfg2h/bumperbot_ws/install/bumperbot_msgs/share/bumperbot_msgs/environment/ament_prefix_path.sh
[0.471s] -- Up-to-date: /home/bfg2h/bumperbot_ws/install/bumperbot_msgs/share/bumperbot_msgs/environment/ament_prefix_path.dsv
[0.471s] -- Up-to-date: /home/bfg2h/bumperbot_ws/install/bumperbot_msgs/share/bumperbot_msgs/environment/path.sh
[0.471s] -- Up-to-date: /home/bfg2h/bumperbot_ws/install/bumperbot_msgs/share/bumperbot_msgs/environment/path.dsv
[0.471s] -- Up-to-date: /home/bfg2h/bumperbot_ws/install/bumperbot_msgs/share/bumperbot_msgs/local_setup.bash
[0.471s] -- Up-to-date: /home/bfg2h/bumperbot_ws/install/bumperbot_msgs/share/bumperbot_msgs/local_setup.sh
[0.471s] -- Up-to-date: /home/bfg2h/bumperbot_ws/install/bumperbot_msgs/share/bumperbot_msgs/local_setup.zsh
[0.471s] -- Up-to-date: /home/bfg2h/bumperbot_ws/install/bumperbot_msgs/share/bumperbot_msgs/local_setup.dsv
[0.471s] -- Installing: /home/bfg2h/bumperbot_ws/install/bumperbot_msgs/share/bumperbot_msgs/package.dsv
[0.471s] -- Up-to-date: /home/bfg2h/bumperbot_ws/install/bumperbot_msgs/share/ament_index/resource_index/packages/bumperbot_msgs
[0.471s] -- Up-to-date: /home/bfg2h/bumperbot_ws/install/bumperbot_msgs/share/bumperbot_msgs/cmake/export_bumperbot_msgs__rosidl_generator_cExport.cmake
[0.471s] -- Up-to-date: /home/bfg2h/bumperbot_ws/install/bumperbot_msgs/share/bumperbot_msgs/cmake/export_bumperbot_msgs__rosidl_generator_cExport-noconfig.cmake
[0.472s] -- Up-to-date: /home/bfg2h/bumperbot_ws/install/bumperbot_msgs/share/bumperbot_msgs/cmake/export_bumperbot_msgs__rosidl_typesupport_fastrtps_cExport.cmake
[0.472s] -- Up-to-date: /home/bfg2h/bumperbot_ws/install/bumperbot_msgs/share/bumperbot_msgs/cmake/export_bumperbot_msgs__rosidl_typesupport_fastrtps_cExport-noconfig.cmake
[0.472s] -- Up-to-date: /home/bfg2h/bumperbot_ws/install/bumperbot_msgs/share/bumperbot_msgs/cmake/export_bumperbot_msgs__rosidl_generator_cppExport.cmake
[0.472s] -- Up-to-date: /home/bfg2h/bumperbot_ws/install/bumperbot_msgs/share/bumperbot_msgs/cmake/export_bumperbot_msgs__rosidl_typesupport_fastrtps_cppExport.cmake
[0.473s] -- Up-to-date: /home/bfg2h/bumperbot_ws/install/bumperbot_msgs/share/bumperbot_msgs/cmake/export_bumperbot_msgs__rosidl_typesupport_fastrtps_cppExport-noconfig.cmake
[0.473s] -- Up-to-date: /home/bfg2h/bumperbot_ws/install/bumperbot_msgs/share/bumperbot_msgs/cmake/bumperbot_msgs__rosidl_typesupport_introspection_cExport.cmake
[0.473s] -- Up-to-date: /home/bfg2h/bumperbot_ws/install/bumperbot_msgs/share/bumperbot_msgs/cmake/bumperbot_msgs__rosidl_typesupport_introspection_cExport-noconfig.cmake
[0.473s] -- Up-to-date: /home/bfg2h/bumperbot_ws/install/bumperbot_msgs/share/bumperbot_msgs/cmake/bumperbot_msgs__rosidl_typesupport_cExport.cmake
[0.473s] -- Up-to-date: /home/bfg2h/bumperbot_ws/install/bumperbot_msgs/share/bumperbot_msgs/cmake/bumperbot_msgs__rosidl_typesupport_cExport-noconfig.cmake
[0.473s] -- Up-to-date: /home/bfg2h/bumperbot_ws/install/bumperbot_msgs/share/bumperbot_msgs/cmake/bumperbot_msgs__rosidl_typesupport_introspection_cppExport.cmake
[0.473s] -- Up-to-date: /home/bfg2h/bumperbot_ws/install/bumperbot_msgs/share/bumperbot_msgs/cmake/bumperbot_msgs__rosidl_typesupport_introspection_cppExport-noconfig.cmake
[0.473s] -- Up-to-date: /home/bfg2h/bumperbot_ws/install/bumperbot_msgs/share/bumperbot_msgs/cmake/bumperbot_msgs__rosidl_typesupport_cppExport.cmake
[0.473s] -- Up-to-date: /home/bfg2h/bumperbot_ws/install/bumperbot_msgs/share/bumperbot_msgs/cmake/bumperbot_msgs__rosidl_typesupport_cppExport-noconfig.cmake
[0.474s] -- Up-to-date: /home/bfg2h/bumperbot_ws/install/bumperbot_msgs/share/bumperbot_msgs/cmake/export_bumperbot_msgs__rosidl_generator_pyExport.cmake
[0.474s] -- Up-to-date: /home/bfg2h/bumperbot_ws/install/bumperbot_msgs/share/bumperbot_msgs/cmake/export_bumperbot_msgs__rosidl_generator_pyExport-noconfig.cmake
[0.474s] -- Up-to-date: /home/bfg2h/bumperbot_ws/install/bumperbot_msgs/share/bumperbot_msgs/cmake/rosidl_cmake-extras.cmake
[0.474s] -- Up-to-date: /home/bfg2h/bumperbot_ws/install/bumperbot_msgs/share/bumperbot_msgs/cmake/ament_cmake_export_dependencies-extras.cmake
[0.474s] -- Up-to-date: /home/bfg2h/bumperbot_ws/install/bumperbot_msgs/share/bumperbot_msgs/cmake/ament_cmake_export_include_directories-extras.cmake
[0.474s] -- Up-to-date: /home/bfg2h/bumperbot_ws/install/bumperbot_msgs/share/bumperbot_msgs/cmake/ament_cmake_export_libraries-extras.cmake
[0.474s] -- Up-to-date: /home/bfg2h/bumperbot_ws/install/bumperbot_msgs/share/bumperbot_msgs/cmake/ament_cmake_export_targets-extras.cmake
[0.474s] -- Up-to-date: /home/bfg2h/bumperbot_ws/install/bumperbot_msgs/share/bumperbot_msgs/cmake/rosidl_cmake_export_typesupport_targets-extras.cmake
[0.474s] -- Up-to-date: /home/bfg2h/bumperbot_ws/install/bumperbot_msgs/share/bumperbot_msgs/cmake/rosidl_cmake_export_typesupport_libraries-extras.cmake
[0.474s] -- Up-to-date: /home/bfg2h/bumperbot_ws/install/bumperbot_msgs/share/bumperbot_msgs/cmake/bumperbot_msgsConfig.cmake
[0.474s] -- Up-to-date: /home/bfg2h/bumperbot_ws/install/bumperbot_msgs/share/bumperbot_msgs/cmake/bumperbot_msgsConfig-version.cmake
[0.475s] -- Up-to-date: /home/bfg2h/bumperbot_ws/install/bumperbot_msgs/share/bumperbot_msgs/package.xml
[0.480s] Invoked command in '/home/bfg2h/bumperbot_ws/build/bumperbot_msgs' returned '0': CMAKE_PREFIX_PATH=${CMAKE_PREFIX_PATH}:/home/bfg2h/bumperbot_ws/install/bumperbot_py_examples:/home/bfg2h/ros2_ws/install/my_py_pkg:/home/bfg2h/udemy_ws/install/self_driving_car_pkg:/opt/ros/humble _=/usr/bin/env /usr/bin/cmake --install /home/bfg2h/bumperbot_ws/build/bumperbot_msgs
