[0.023s] Invoking command in '/home/bfg2h/bumperbot_ws/build/bumperbot_localization': CMAKE_PREFIX_PATH=${CMAKE_PREFIX_PATH}:/home/bfg2h/bumperbot_ws/install/bumperbot_py_examples:/home/bfg2h/ros2_ws/install/my_py_pkg:/home/bfg2h/udemy_ws/install/self_driving_car_pkg:/opt/ros/humble _=/usr/bin/env /usr/bin/cmake --build /home/bfg2h/bumperbot_ws/build/bumperbot_localization -- -j16 -l16
[0.092s] [100%] Built target kalman_filter
[0.105s] [100%] Built target ament_cmake_python_copy_bumperbot_localization
[0.402s] running egg_info
[0.403s] writing bumperbot_localization.egg-info/PKG-INFO
[0.403s] writing dependency_links to bumperbot_localization.egg-info/dependency_links.txt
[0.403s] writing top-level names to bumperbot_localization.egg-info/top_level.txt
[0.406s] reading manifest file 'bumperbot_localization.egg-info/SOURCES.txt'
[0.406s] writing manifest file 'bumperbot_localization.egg-info/SOURCES.txt'
[0.472s] [100%] Built target ament_cmake_python_build_bumperbot_localization_egg
[0.491s] Invoked command in '/home/bfg2h/bumperbot_ws/build/bumperbot_localization' returned '0': CMAKE_PREFIX_PATH=${CMAKE_PREFIX_PATH}:/home/bfg2h/bumperbot_ws/install/bumperbot_py_examples:/home/bfg2h/ros2_ws/install/my_py_pkg:/home/bfg2h/udemy_ws/install/self_driving_car_pkg:/opt/ros/humble _=/usr/bin/env /usr/bin/cmake --build /home/bfg2h/bumperbot_ws/build/bumperbot_localization -- -j16 -l16
[0.496s] Invoking command in '/home/bfg2h/bumperbot_ws/build/bumperbot_localization': CMAKE_PREFIX_PATH=${CMAKE_PREFIX_PATH}:/home/bfg2h/bumperbot_ws/install/bumperbot_py_examples:/home/bfg2h/ros2_ws/install/my_py_pkg:/home/bfg2h/udemy_ws/install/self_driving_car_pkg:/opt/ros/humble _=/usr/bin/env /usr/bin/cmake --install /home/bfg2h/bumperbot_ws/build/bumperbot_localization
[0.500s] -- Install configuration: ""
[0.500s] -- Up-to-date: /home/bfg2h/bumperbot_ws/install/bumperbot_localization/share/bumperbot_localization/environment/pythonpath.sh
[0.500s] -- Up-to-date: /home/bfg2h/bumperbot_ws/install/bumperbot_localization/share/bumperbot_localization/environment/pythonpath.dsv
[0.500s] -- Up-to-date: /home/bfg2h/bumperbot_ws/install/bumperbot_localization/local/lib/python3.10/dist-packages/bumperbot_localization-0.0.0-py3.10.egg-info
[0.500s] -- Installing: /home/bfg2h/bumperbot_ws/install/bumperbot_localization/local/lib/python3.10/dist-packages/bumperbot_localization-0.0.0-py3.10.egg-info/top_level.txt
[0.500s] -- Installing: /home/bfg2h/bumperbot_ws/install/bumperbot_localization/local/lib/python3.10/dist-packages/bumperbot_localization-0.0.0-py3.10.egg-info/PKG-INFO
[0.500s] -- Installing: /home/bfg2h/bumperbot_ws/install/bumperbot_localization/local/lib/python3.10/dist-packages/bumperbot_localization-0.0.0-py3.10.egg-info/SOURCES.txt
[0.501s] -- Installing: /home/bfg2h/bumperbot_ws/install/bumperbot_localization/local/lib/python3.10/dist-packages/bumperbot_localization-0.0.0-py3.10.egg-info/dependency_links.txt
[0.501s] -- Up-to-date: /home/bfg2h/bumperbot_ws/install/bumperbot_localization/local/lib/python3.10/dist-packages/bumperbot_localization
[0.501s] -- Up-to-date: /home/bfg2h/bumperbot_ws/install/bumperbot_localization/local/lib/python3.10/dist-packages/bumperbot_localization/__init__.py
[0.501s] -- Up-to-date: /home/bfg2h/bumperbot_ws/install/bumperbot_localization/local/lib/python3.10/dist-packages/bumperbot_localization/kalman_filter_pos.py
[0.501s] -- Up-to-date: /home/bfg2h/bumperbot_ws/install/bumperbot_localization/local/lib/python3.10/dist-packages/bumperbot_localization/kalman_filter.py
[0.501s] -- Up-to-date: /home/bfg2h/bumperbot_ws/install/bumperbot_localization/local/lib/python3.10/dist-packages/bumperbot_localization/imu_republisher.py
[0.528s] Listing '/home/bfg2h/bumperbot_ws/install/bumperbot_localization/local/lib/python3.10/dist-packages/bumperbot_localization'...
[0.538s] -- Up-to-date: /home/bfg2h/bumperbot_ws/install/bumperbot_localization/share/bumperbot_localization/launch
[0.538s] -- Up-to-date: /home/bfg2h/bumperbot_ws/install/bumperbot_localization/share/bumperbot_localization/launch/local_localization.launch.py
[0.538s] -- Up-to-date: /home/bfg2h/bumperbot_ws/install/bumperbot_localization/share/bumperbot_localization/config
[0.538s] -- Up-to-date: /home/bfg2h/bumperbot_ws/install/bumperbot_localization/share/bumperbot_localization/config/ekf.yaml
[0.539s] -- Up-to-date: /home/bfg2h/bumperbot_ws/install/bumperbot_localization/include/include
[0.539s] -- Up-to-date: /home/bfg2h/bumperbot_ws/install/bumperbot_localization/include/include/bumperbot_localization
[0.539s] -- Up-to-date: /home/bfg2h/bumperbot_ws/install/bumperbot_localization/include/include/bumperbot_localization/kalman_filter.hpp
[0.540s] -- Up-to-date: /home/bfg2h/bumperbot_ws/install/bumperbot_localization/lib/bumperbot_localization/kalman_filter
[0.540s] -- Up-to-date: /home/bfg2h/bumperbot_ws/install/bumperbot_localization/lib/bumperbot_localization/kalman_filter.py
[0.540s] -- Up-to-date: /home/bfg2h/bumperbot_ws/install/bumperbot_localization/lib/bumperbot_localization/kalman_filter_pos.py
[0.540s] -- Up-to-date: /home/bfg2h/bumperbot_ws/install/bumperbot_localization/lib/bumperbot_localization/imu_republisher.py
[0.540s] -- Up-to-date: /home/bfg2h/bumperbot_ws/install/bumperbot_localization/share/ament_index/resource_index/package_run_dependencies/bumperbot_localization
[0.540s] -- Up-to-date: /home/bfg2h/bumperbot_ws/install/bumperbot_localization/share/ament_index/resource_index/parent_prefix_path/bumperbot_localization
[0.541s] -- Up-to-date: /home/bfg2h/bumperbot_ws/install/bumperbot_localization/share/bumperbot_localization/environment/ament_prefix_path.sh
[0.541s] -- Up-to-date: /home/bfg2h/bumperbot_ws/install/bumperbot_localization/share/bumperbot_localization/environment/ament_prefix_path.dsv
[0.541s] -- Up-to-date: /home/bfg2h/bumperbot_ws/install/bumperbot_localization/share/bumperbot_localization/environment/path.sh
[0.541s] -- Up-to-date: /home/bfg2h/bumperbot_ws/install/bumperbot_localization/share/bumperbot_localization/environment/path.dsv
[0.541s] -- Up-to-date: /home/bfg2h/bumperbot_ws/install/bumperbot_localization/share/bumperbot_localization/local_setup.bash
[0.541s] -- Up-to-date: /home/bfg2h/bumperbot_ws/install/bumperbot_localization/share/bumperbot_localization/local_setup.sh
[0.541s] -- Up-to-date: /home/bfg2h/bumperbot_ws/install/bumperbot_localization/share/bumperbot_localization/local_setup.zsh
[0.541s] -- Up-to-date: /home/bfg2h/bumperbot_ws/install/bumperbot_localization/share/bumperbot_localization/local_setup.dsv
[0.542s] -- Installing: /home/bfg2h/bumperbot_ws/install/bumperbot_localization/share/bumperbot_localization/package.dsv
[0.542s] -- Up-to-date: /home/bfg2h/bumperbot_ws/install/bumperbot_localization/share/ament_index/resource_index/packages/bumperbot_localization
[0.542s] -- Up-to-date: /home/bfg2h/bumperbot_ws/install/bumperbot_localization/share/bumperbot_localization/cmake/bumperbot_localizationConfig.cmake
[0.542s] -- Up-to-date: /home/bfg2h/bumperbot_ws/install/bumperbot_localization/share/bumperbot_localization/cmake/bumperbot_localizationConfig-version.cmake
[0.542s] -- Up-to-date: /home/bfg2h/bumperbot_ws/install/bumperbot_localization/share/bumperbot_localization/package.xml
[0.561s] Invoked command in '/home/bfg2h/bumperbot_ws/build/bumperbot_localization' returned '0': CMAKE_PREFIX_PATH=${CMAKE_PREFIX_PATH}:/home/bfg2h/bumperbot_ws/install/bumperbot_py_examples:/home/bfg2h/ros2_ws/install/my_py_pkg:/home/bfg2h/udemy_ws/install/self_driving_car_pkg:/opt/ros/humble _=/usr/bin/env /usr/bin/cmake --install /home/bfg2h/bumperbot_ws/build/bumperbot_localization
