[0.022s] Invoking command in '/home/bfg2h/bumperbot_ws/build/bumperbot_examples': _=/usr/bin/env /usr/bin/cmake /home/bfg2h/bumperbot_ws/src/bumperbot_examples -DCATKIN_INSTALL_INTO_PREFIX_ROOT=0 -DCMAKE_INSTALL_PREFIX=/home/bfg2h/bumperbot_ws/install/bumperbot_examples
[0.082s] -- The C compiler identification is GNU 11.4.0
[0.133s] -- The CXX compiler identification is GNU 11.4.0
[0.139s] -- Detecting C compiler ABI info
[0.197s] -- Detecting C compiler ABI info - done
[0.204s] -- Check for working C compiler: /usr/bin/cc - skipped
[0.205s] -- Detecting C compile features
[0.205s] -- Detecting C compile features - done
[0.208s] -- Detecting CXX compiler ABI info
[0.270s] -- Detecting CXX compiler ABI info - done
[0.279s] -- Check for working CXX compiler: /usr/bin/c++ - skipped
[0.279s] -- Detecting CXX compile features
[0.279s] -- Detecting CXX compile features - done
[0.291s] [31mCMake Error at CMakeLists.txt:4 (find_package):
[0.291s]   By not providing "Findcatkin.cmake" in CMAKE_MODULE_PATH this project has
[0.291s]   asked CMake to find a package configuration file provided by "catkin", but
[0.291s]   CMake did not find one.
[0.291s] 
[0.291s]   Could not find a package configuration file provided by "catkin" with any
[0.291s]   of the following names:
[0.291s] 
[0.291s]     catkinConfig.cmake
[0.292s]     catkin-config.cmake
[0.292s] 
[0.292s]   Add the installation prefix of "catkin" to CMAKE_PREFIX_PATH or set
[0.292s]   "catkin_DIR" to a directory containing one of the above files.  If "catkin"
[0.292s]   provides a separate development package or SDK, be sure it has been
[0.292s]   installed.
[0.292s] 
[0.292s] [0m
[0.292s] -- Configuring incomplete, errors occurred!
[0.292s] See also "/home/bfg2h/bumperbot_ws/build/bumperbot_examples/CMakeFiles/CMakeOutput.log".
[0.364s] Invoked command in '/home/bfg2h/bumperbot_ws/build/bumperbot_examples' returned '1': _=/usr/bin/env /usr/bin/cmake /home/bfg2h/bumperbot_ws/src/bumperbot_examples -DCATKIN_INSTALL_INTO_PREFIX_ROOT=0 -DCMAKE_INSTALL_PREFIX=/home/bfg2h/bumperbot_ws/install/bumperbot_examples
