[0.102s] DEBUG:colcon:Command line arguments: ['/usr/bin/colcon', 'build']
[0.102s] DEBUG:colcon:Parsed command line arguments: Namespace(log_base=None, log_level=None, verb_name='build', build_base='build', install_base='install', merge_install=False, symlink_install=False, test_result_base=None, continue_on_error=False, executor='parallel', parallel_workers=16, event_handlers=None, ignore_user_meta=False, metas=['./colcon.meta'], base_paths=['.'], packages_ignore=None, packages_ignore_regex=None, paths=None, packages_up_to=None, packages_up_to_regex=None, packages_above=None, packages_above_and_dependencies=None, packages_above_depth=None, packages_select_by_dep=None, packages_skip_by_dep=None, packages_skip_up_to=None, packages_select_build_failed=False, packages_skip_build_finished=False, packages_select_test_failures=False, packages_skip_test_passed=False, packages_select=None, packages_skip=None, packages_select_regex=None, packages_skip_regex=None, packages_start=None, packages_end=None, allow_overriding=[], cmake_args=None, cmake_target=None, cmake_target_skip_unavailable=False, cmake_clean_cache=False, cmake_clean_first=False, cmake_force_configure=False, ament_cmake_args=None, catkin_cmake_args=None, catkin_skip_building_tests=False, verb_parser=<colcon_defaults.argument_parser.defaults.DefaultArgumentsDecorator object at 0x7fd66df0bc10>, verb_extension=<colcon_core.verb.build.BuildVerb object at 0x7fd66df0b700>, main=<bound method BuildVerb.main of <colcon_core.verb.build.BuildVerb object at 0x7fd66df0b700>>)
[0.314s] Level 1:colcon.colcon_core.package_discovery:discover_packages(colcon_meta) check parameters
[0.314s] Level 1:colcon.colcon_core.package_discovery:discover_packages(recursive) check parameters
[0.314s] Level 1:colcon.colcon_core.package_discovery:discover_packages(ignore) check parameters
[0.314s] Level 1:colcon.colcon_core.package_discovery:discover_packages(path) check parameters
[0.314s] Level 1:colcon.colcon_core.package_discovery:discover_packages(colcon_meta) discover
[0.314s] Level 1:colcon.colcon_core.package_discovery:discover_packages(recursive) discover
[0.314s] INFO:colcon.colcon_core.package_discovery:Crawling recursively for packages in '/home/bfg2h/bumperbot_ws'
[0.314s] Level 1:colcon.colcon_core.package_identification:_identify(.) by extensions ['ignore', 'ignore_ament_install']
[0.314s] Level 1:colcon.colcon_core.package_identification:_identify(.) by extension 'ignore'
[0.314s] Level 1:colcon.colcon_core.package_identification:_identify(.) by extension 'ignore_ament_install'
[0.314s] Level 1:colcon.colcon_core.package_identification:_identify(.) by extensions ['colcon_pkg']
[0.314s] Level 1:colcon.colcon_core.package_identification:_identify(.) by extension 'colcon_pkg'
[0.314s] Level 1:colcon.colcon_core.package_identification:_identify(.) by extensions ['colcon_meta']
[0.314s] Level 1:colcon.colcon_core.package_identification:_identify(.) by extension 'colcon_meta'
[0.314s] Level 1:colcon.colcon_core.package_identification:_identify(.) by extensions ['ros']
[0.314s] Level 1:colcon.colcon_core.package_identification:_identify(.) by extension 'ros'
[0.329s] Level 1:colcon.colcon_core.package_identification:_identify(.) by extensions ['cmake', 'python']
[0.329s] Level 1:colcon.colcon_core.package_identification:_identify(.) by extension 'cmake'
[0.329s] Level 1:colcon.colcon_core.package_identification:_identify(.) by extension 'python'
[0.329s] Level 1:colcon.colcon_core.package_identification:_identify(.) by extensions ['python_setup_py']
[0.330s] Level 1:colcon.colcon_core.package_identification:_identify(.) by extension 'python_setup_py'
[0.330s] Level 1:colcon.colcon_core.package_identification:_identify(build) by extensions ['ignore', 'ignore_ament_install']
[0.330s] Level 1:colcon.colcon_core.package_identification:_identify(build) by extension 'ignore'
[0.330s] Level 1:colcon.colcon_core.package_identification:_identify(build) ignored
[0.330s] Level 1:colcon.colcon_core.package_identification:_identify(install) by extensions ['ignore', 'ignore_ament_install']
[0.330s] Level 1:colcon.colcon_core.package_identification:_identify(install) by extension 'ignore'
[0.330s] Level 1:colcon.colcon_core.package_identification:_identify(install) ignored
[0.330s] Level 1:colcon.colcon_core.package_identification:_identify(log) by extensions ['ignore', 'ignore_ament_install']
[0.330s] Level 1:colcon.colcon_core.package_identification:_identify(log) by extension 'ignore'
[0.330s] Level 1:colcon.colcon_core.package_identification:_identify(log) ignored
[0.330s] Level 1:colcon.colcon_core.package_identification:_identify(src) by extensions ['ignore', 'ignore_ament_install']
[0.330s] Level 1:colcon.colcon_core.package_identification:_identify(src) by extension 'ignore'
[0.330s] Level 1:colcon.colcon_core.package_identification:_identify(src) by extension 'ignore_ament_install'
[0.331s] Level 1:colcon.colcon_core.package_identification:_identify(src) by extensions ['colcon_pkg']
[0.331s] Level 1:colcon.colcon_core.package_identification:_identify(src) by extension 'colcon_pkg'
[0.331s] Level 1:colcon.colcon_core.package_identification:_identify(src) by extensions ['colcon_meta']
[0.331s] Level 1:colcon.colcon_core.package_identification:_identify(src) by extension 'colcon_meta'
[0.331s] Level 1:colcon.colcon_core.package_identification:_identify(src) by extensions ['ros']
[0.331s] Level 1:colcon.colcon_core.package_identification:_identify(src) by extension 'ros'
[0.331s] Level 1:colcon.colcon_core.package_identification:_identify(src) by extensions ['cmake', 'python']
[0.331s] Level 1:colcon.colcon_core.package_identification:_identify(src) by extension 'cmake'
[0.331s] Level 1:colcon.colcon_core.package_identification:_identify(src) by extension 'python'
[0.331s] Level 1:colcon.colcon_core.package_identification:_identify(src) by extensions ['python_setup_py']
[0.331s] Level 1:colcon.colcon_core.package_identification:_identify(src) by extension 'python_setup_py'
[0.331s] Level 1:colcon.colcon_core.package_identification:_identify(src/build) by extensions ['ignore', 'ignore_ament_install']
[0.331s] Level 1:colcon.colcon_core.package_identification:_identify(src/build) by extension 'ignore'
[0.331s] Level 1:colcon.colcon_core.package_identification:_identify(src/build) ignored
[0.331s] Level 1:colcon.colcon_core.package_identification:_identify(src/bumperbot_controller) by extensions ['ignore', 'ignore_ament_install']
[0.331s] Level 1:colcon.colcon_core.package_identification:_identify(src/bumperbot_controller) by extension 'ignore'
[0.331s] Level 1:colcon.colcon_core.package_identification:_identify(src/bumperbot_controller) by extension 'ignore_ament_install'
[0.331s] Level 1:colcon.colcon_core.package_identification:_identify(src/bumperbot_controller) by extensions ['colcon_pkg']
[0.331s] Level 1:colcon.colcon_core.package_identification:_identify(src/bumperbot_controller) by extension 'colcon_pkg'
[0.332s] Level 1:colcon.colcon_core.package_identification:_identify(src/bumperbot_controller) by extensions ['colcon_meta']
[0.332s] Level 1:colcon.colcon_core.package_identification:_identify(src/bumperbot_controller) by extension 'colcon_meta'
[0.332s] Level 1:colcon.colcon_core.package_identification:_identify(src/bumperbot_controller) by extensions ['ros']
[0.332s] Level 1:colcon.colcon_core.package_identification:_identify(src/bumperbot_controller) by extension 'ros'
[0.335s] DEBUG:colcon.colcon_core.package_identification:Package 'src/bumperbot_controller' with type 'ros.ament_cmake' and name 'bumperbot_controller'
[0.335s] Level 1:colcon.colcon_core.package_identification:_identify(src/bumperbot_cpp_examples) by extensions ['ignore', 'ignore_ament_install']
[0.335s] Level 1:colcon.colcon_core.package_identification:_identify(src/bumperbot_cpp_examples) by extension 'ignore'
[0.335s] Level 1:colcon.colcon_core.package_identification:_identify(src/bumperbot_cpp_examples) by extension 'ignore_ament_install'
[0.335s] Level 1:colcon.colcon_core.package_identification:_identify(src/bumperbot_cpp_examples) by extensions ['colcon_pkg']
[0.335s] Level 1:colcon.colcon_core.package_identification:_identify(src/bumperbot_cpp_examples) by extension 'colcon_pkg'
[0.335s] Level 1:colcon.colcon_core.package_identification:_identify(src/bumperbot_cpp_examples) by extensions ['colcon_meta']
[0.335s] Level 1:colcon.colcon_core.package_identification:_identify(src/bumperbot_cpp_examples) by extension 'colcon_meta'
[0.335s] Level 1:colcon.colcon_core.package_identification:_identify(src/bumperbot_cpp_examples) by extensions ['ros']
[0.335s] Level 1:colcon.colcon_core.package_identification:_identify(src/bumperbot_cpp_examples) by extension 'ros'
[0.336s] DEBUG:colcon.colcon_core.package_identification:Package 'src/bumperbot_cpp_examples' with type 'ros.ament_cmake' and name 'bumperbot_cpp_examples'
[0.336s] Level 1:colcon.colcon_core.package_identification:_identify(src/bumperbot_description) by extensions ['ignore', 'ignore_ament_install']
[0.336s] Level 1:colcon.colcon_core.package_identification:_identify(src/bumperbot_description) by extension 'ignore'
[0.336s] Level 1:colcon.colcon_core.package_identification:_identify(src/bumperbot_description) by extension 'ignore_ament_install'
[0.336s] Level 1:colcon.colcon_core.package_identification:_identify(src/bumperbot_description) by extensions ['colcon_pkg']
[0.337s] Level 1:colcon.colcon_core.package_identification:_identify(src/bumperbot_description) by extension 'colcon_pkg'
[0.337s] Level 1:colcon.colcon_core.package_identification:_identify(src/bumperbot_description) by extensions ['colcon_meta']
[0.337s] Level 1:colcon.colcon_core.package_identification:_identify(src/bumperbot_description) by extension 'colcon_meta'
[0.337s] Level 1:colcon.colcon_core.package_identification:_identify(src/bumperbot_description) by extensions ['ros']
[0.337s] Level 1:colcon.colcon_core.package_identification:_identify(src/bumperbot_description) by extension 'ros'
[0.339s] DEBUG:colcon.colcon_core.package_identification:Package 'src/bumperbot_description' with type 'ros.ament_cmake' and name 'bumperbot_description'
[0.339s] Level 1:colcon.colcon_core.package_identification:_identify(src/bumperbot_localization) by extensions ['ignore', 'ignore_ament_install']
[0.339s] Level 1:colcon.colcon_core.package_identification:_identify(src/bumperbot_localization) by extension 'ignore'
[0.339s] Level 1:colcon.colcon_core.package_identification:_identify(src/bumperbot_localization) by extension 'ignore_ament_install'
[0.339s] Level 1:colcon.colcon_core.package_identification:_identify(src/bumperbot_localization) by extensions ['colcon_pkg']
[0.339s] Level 1:colcon.colcon_core.package_identification:_identify(src/bumperbot_localization) by extension 'colcon_pkg'
[0.339s] Level 1:colcon.colcon_core.package_identification:_identify(src/bumperbot_localization) by extensions ['colcon_meta']
[0.339s] Level 1:colcon.colcon_core.package_identification:_identify(src/bumperbot_localization) by extension 'colcon_meta'
[0.339s] Level 1:colcon.colcon_core.package_identification:_identify(src/bumperbot_localization) by extensions ['ros']
[0.339s] Level 1:colcon.colcon_core.package_identification:_identify(src/bumperbot_localization) by extension 'ros'
[0.340s] DEBUG:colcon.colcon_core.package_identification:Package 'src/bumperbot_localization' with type 'ros.ament_cmake' and name 'bumperbot_localization'
[0.340s] Level 1:colcon.colcon_core.package_identification:_identify(src/bumperbot_msgs) by extensions ['ignore', 'ignore_ament_install']
[0.340s] Level 1:colcon.colcon_core.package_identification:_identify(src/bumperbot_msgs) by extension 'ignore'
[0.340s] Level 1:colcon.colcon_core.package_identification:_identify(src/bumperbot_msgs) by extension 'ignore_ament_install'
[0.340s] Level 1:colcon.colcon_core.package_identification:_identify(src/bumperbot_msgs) by extensions ['colcon_pkg']
[0.340s] Level 1:colcon.colcon_core.package_identification:_identify(src/bumperbot_msgs) by extension 'colcon_pkg'
[0.341s] Level 1:colcon.colcon_core.package_identification:_identify(src/bumperbot_msgs) by extensions ['colcon_meta']
[0.341s] Level 1:colcon.colcon_core.package_identification:_identify(src/bumperbot_msgs) by extension 'colcon_meta'
[0.341s] Level 1:colcon.colcon_core.package_identification:_identify(src/bumperbot_msgs) by extensions ['ros']
[0.341s] Level 1:colcon.colcon_core.package_identification:_identify(src/bumperbot_msgs) by extension 'ros'
[0.341s] DEBUG:colcon.colcon_core.package_identification:Package 'src/bumperbot_msgs' with type 'ros.ament_cmake' and name 'bumperbot_msgs'
[0.341s] Level 1:colcon.colcon_core.package_identification:_identify(src/bumperbot_py_examples) by extensions ['ignore', 'ignore_ament_install']
[0.341s] Level 1:colcon.colcon_core.package_identification:_identify(src/bumperbot_py_examples) by extension 'ignore'
[0.342s] Level 1:colcon.colcon_core.package_identification:_identify(src/bumperbot_py_examples) by extension 'ignore_ament_install'
[0.342s] Level 1:colcon.colcon_core.package_identification:_identify(src/bumperbot_py_examples) by extensions ['colcon_pkg']
[0.342s] Level 1:colcon.colcon_core.package_identification:_identify(src/bumperbot_py_examples) by extension 'colcon_pkg'
[0.342s] Level 1:colcon.colcon_core.package_identification:_identify(src/bumperbot_py_examples) by extensions ['colcon_meta']
[0.342s] Level 1:colcon.colcon_core.package_identification:_identify(src/bumperbot_py_examples) by extension 'colcon_meta'
[0.342s] Level 1:colcon.colcon_core.package_identification:_identify(src/bumperbot_py_examples) by extensions ['ros']
[0.342s] Level 1:colcon.colcon_core.package_identification:_identify(src/bumperbot_py_examples) by extension 'ros'
[0.343s] DEBUG:colcon.colcon_core.package_identification:Package 'src/bumperbot_py_examples' with type 'ros.ament_python' and name 'bumperbot_py_examples'
[0.343s] Level 1:colcon.colcon_core.package_identification:_identify(src/bumperbot_utils) by extensions ['ignore', 'ignore_ament_install']
[0.343s] Level 1:colcon.colcon_core.package_identification:_identify(src/bumperbot_utils) by extension 'ignore'
[0.343s] Level 1:colcon.colcon_core.package_identification:_identify(src/bumperbot_utils) by extension 'ignore_ament_install'
[0.343s] Level 1:colcon.colcon_core.package_identification:_identify(src/bumperbot_utils) by extensions ['colcon_pkg']
[0.343s] Level 1:colcon.colcon_core.package_identification:_identify(src/bumperbot_utils) by extension 'colcon_pkg'
[0.343s] Level 1:colcon.colcon_core.package_identification:_identify(src/bumperbot_utils) by extensions ['colcon_meta']
[0.343s] Level 1:colcon.colcon_core.package_identification:_identify(src/bumperbot_utils) by extension 'colcon_meta'
[0.343s] Level 1:colcon.colcon_core.package_identification:_identify(src/bumperbot_utils) by extensions ['ros']
[0.343s] Level 1:colcon.colcon_core.package_identification:_identify(src/bumperbot_utils) by extension 'ros'
[0.344s] DEBUG:colcon.colcon_core.package_identification:Package 'src/bumperbot_utils' with type 'ros.ament_cmake' and name 'bumperbot_utils'
[0.344s] Level 1:colcon.colcon_core.package_identification:_identify(src/install) by extensions ['ignore', 'ignore_ament_install']
[0.344s] Level 1:colcon.colcon_core.package_identification:_identify(src/install) by extension 'ignore'
[0.344s] Level 1:colcon.colcon_core.package_identification:_identify(src/install) ignored
[0.344s] Level 1:colcon.colcon_core.package_identification:_identify(src/log) by extensions ['ignore', 'ignore_ament_install']
[0.344s] Level 1:colcon.colcon_core.package_identification:_identify(src/log) by extension 'ignore'
[0.344s] Level 1:colcon.colcon_core.package_identification:_identify(src/log) ignored
[0.344s] Level 1:colcon.colcon_core.package_discovery:discover_packages(recursive) using defaults
[0.344s] Level 1:colcon.colcon_core.package_discovery:discover_packages(ignore) discover
[0.344s] Level 1:colcon.colcon_core.package_discovery:discover_packages(ignore) using defaults
[0.344s] Level 1:colcon.colcon_core.package_discovery:discover_packages(path) discover
[0.344s] Level 1:colcon.colcon_core.package_discovery:discover_packages(path) using defaults
[0.364s] Level 1:colcon.colcon_core.package_discovery:discover_packages(prefix_path) check parameters
[0.364s] Level 1:colcon.colcon_core.package_discovery:discover_packages(prefix_path) discover
[0.367s] DEBUG:colcon.colcon_installed_package_information.package_discovery:Found 7 installed packages in /home/bfg2h/bumperbot_ws/install
[0.367s] DEBUG:colcon.colcon_installed_package_information.package_discovery:Found 3 installed packages in /home/bfg2h/manipulator_ws/install
[0.367s] DEBUG:colcon.colcon_installed_package_information.package_discovery:Found 3 installed packages in /home/bfg2h/turtlebot3_ws/install
[0.368s] DEBUG:colcon.colcon_installed_package_information.package_discovery:Found 2 installed packages in /home/bfg2h/ros2_ws/install
[0.368s] DEBUG:colcon.colcon_installed_package_information.package_discovery:Found 1 installed packages in /home/bfg2h/udemy_ws/install
[0.370s] DEBUG:colcon.colcon_installed_package_information.package_discovery:Found 489 installed packages in /opt/ros/humble
[0.372s] Level 1:colcon.colcon_core.package_discovery:discover_packages(prefix_path) using defaults
[0.430s] Level 5:colcon.colcon_core.verb:set package 'bumperbot_controller' build argument 'cmake_args' from command line to 'None'
[0.430s] Level 5:colcon.colcon_core.verb:set package 'bumperbot_controller' build argument 'cmake_target' from command line to 'None'
[0.430s] Level 5:colcon.colcon_core.verb:set package 'bumperbot_controller' build argument 'cmake_target_skip_unavailable' from command line to 'False'
[0.430s] Level 5:colcon.colcon_core.verb:set package 'bumperbot_controller' build argument 'cmake_clean_cache' from command line to 'False'
[0.430s] Level 5:colcon.colcon_core.verb:set package 'bumperbot_controller' build argument 'cmake_clean_first' from command line to 'False'
[0.430s] Level 5:colcon.colcon_core.verb:set package 'bumperbot_controller' build argument 'cmake_force_configure' from command line to 'False'
[0.430s] Level 5:colcon.colcon_core.verb:set package 'bumperbot_controller' build argument 'ament_cmake_args' from command line to 'None'
[0.430s] Level 5:colcon.colcon_core.verb:set package 'bumperbot_controller' build argument 'catkin_cmake_args' from command line to 'None'
[0.430s] Level 5:colcon.colcon_core.verb:set package 'bumperbot_controller' build argument 'catkin_skip_building_tests' from command line to 'False'
[0.430s] DEBUG:colcon.colcon_core.verb:Building package 'bumperbot_controller' with the following arguments: {'ament_cmake_args': None, 'build_base': '/home/bfg2h/bumperbot_ws/build/bumperbot_controller', 'catkin_cmake_args': None, 'catkin_skip_building_tests': False, 'cmake_args': None, 'cmake_clean_cache': False, 'cmake_clean_first': False, 'cmake_force_configure': False, 'cmake_target': None, 'cmake_target_skip_unavailable': False, 'install_base': '/home/bfg2h/bumperbot_ws/install/bumperbot_controller', 'merge_install': False, 'path': '/home/bfg2h/bumperbot_ws/src/bumperbot_controller', 'symlink_install': False, 'test_result_base': None}
[0.431s] Level 5:colcon.colcon_core.verb:set package 'bumperbot_description' build argument 'cmake_args' from command line to 'None'
[0.431s] Level 5:colcon.colcon_core.verb:set package 'bumperbot_description' build argument 'cmake_target' from command line to 'None'
[0.431s] Level 5:colcon.colcon_core.verb:set package 'bumperbot_description' build argument 'cmake_target_skip_unavailable' from command line to 'False'
[0.431s] Level 5:colcon.colcon_core.verb:set package 'bumperbot_description' build argument 'cmake_clean_cache' from command line to 'False'
[0.431s] Level 5:colcon.colcon_core.verb:set package 'bumperbot_description' build argument 'cmake_clean_first' from command line to 'False'
[0.431s] Level 5:colcon.colcon_core.verb:set package 'bumperbot_description' build argument 'cmake_force_configure' from command line to 'False'
[0.431s] Level 5:colcon.colcon_core.verb:set package 'bumperbot_description' build argument 'ament_cmake_args' from command line to 'None'
[0.431s] Level 5:colcon.colcon_core.verb:set package 'bumperbot_description' build argument 'catkin_cmake_args' from command line to 'None'
[0.431s] Level 5:colcon.colcon_core.verb:set package 'bumperbot_description' build argument 'catkin_skip_building_tests' from command line to 'False'
[0.431s] DEBUG:colcon.colcon_core.verb:Building package 'bumperbot_description' with the following arguments: {'ament_cmake_args': None, 'build_base': '/home/bfg2h/bumperbot_ws/build/bumperbot_description', 'catkin_cmake_args': None, 'catkin_skip_building_tests': False, 'cmake_args': None, 'cmake_clean_cache': False, 'cmake_clean_first': False, 'cmake_force_configure': False, 'cmake_target': None, 'cmake_target_skip_unavailable': False, 'install_base': '/home/bfg2h/bumperbot_ws/install/bumperbot_description', 'merge_install': False, 'path': '/home/bfg2h/bumperbot_ws/src/bumperbot_description', 'symlink_install': False, 'test_result_base': None}
[0.431s] Level 5:colcon.colcon_core.verb:set package 'bumperbot_localization' build argument 'cmake_args' from command line to 'None'
[0.431s] Level 5:colcon.colcon_core.verb:set package 'bumperbot_localization' build argument 'cmake_target' from command line to 'None'
[0.431s] Level 5:colcon.colcon_core.verb:set package 'bumperbot_localization' build argument 'cmake_target_skip_unavailable' from command line to 'False'
[0.431s] Level 5:colcon.colcon_core.verb:set package 'bumperbot_localization' build argument 'cmake_clean_cache' from command line to 'False'
[0.431s] Level 5:colcon.colcon_core.verb:set package 'bumperbot_localization' build argument 'cmake_clean_first' from command line to 'False'
[0.431s] Level 5:colcon.colcon_core.verb:set package 'bumperbot_localization' build argument 'cmake_force_configure' from command line to 'False'
[0.431s] Level 5:colcon.colcon_core.verb:set package 'bumperbot_localization' build argument 'ament_cmake_args' from command line to 'None'
[0.431s] Level 5:colcon.colcon_core.verb:set package 'bumperbot_localization' build argument 'catkin_cmake_args' from command line to 'None'
[0.431s] Level 5:colcon.colcon_core.verb:set package 'bumperbot_localization' build argument 'catkin_skip_building_tests' from command line to 'False'
[0.431s] DEBUG:colcon.colcon_core.verb:Building package 'bumperbot_localization' with the following arguments: {'ament_cmake_args': None, 'build_base': '/home/bfg2h/bumperbot_ws/build/bumperbot_localization', 'catkin_cmake_args': None, 'catkin_skip_building_tests': False, 'cmake_args': None, 'cmake_clean_cache': False, 'cmake_clean_first': False, 'cmake_force_configure': False, 'cmake_target': None, 'cmake_target_skip_unavailable': False, 'install_base': '/home/bfg2h/bumperbot_ws/install/bumperbot_localization', 'merge_install': False, 'path': '/home/bfg2h/bumperbot_ws/src/bumperbot_localization', 'symlink_install': False, 'test_result_base': None}
[0.432s] Level 5:colcon.colcon_core.verb:set package 'bumperbot_msgs' build argument 'cmake_args' from command line to 'None'
[0.432s] Level 5:colcon.colcon_core.verb:set package 'bumperbot_msgs' build argument 'cmake_target' from command line to 'None'
[0.432s] Level 5:colcon.colcon_core.verb:set package 'bumperbot_msgs' build argument 'cmake_target_skip_unavailable' from command line to 'False'
[0.432s] Level 5:colcon.colcon_core.verb:set package 'bumperbot_msgs' build argument 'cmake_clean_cache' from command line to 'False'
[0.432s] Level 5:colcon.colcon_core.verb:set package 'bumperbot_msgs' build argument 'cmake_clean_first' from command line to 'False'
[0.432s] Level 5:colcon.colcon_core.verb:set package 'bumperbot_msgs' build argument 'cmake_force_configure' from command line to 'False'
[0.432s] Level 5:colcon.colcon_core.verb:set package 'bumperbot_msgs' build argument 'ament_cmake_args' from command line to 'None'
[0.432s] Level 5:colcon.colcon_core.verb:set package 'bumperbot_msgs' build argument 'catkin_cmake_args' from command line to 'None'
[0.432s] Level 5:colcon.colcon_core.verb:set package 'bumperbot_msgs' build argument 'catkin_skip_building_tests' from command line to 'False'
[0.432s] DEBUG:colcon.colcon_core.verb:Building package 'bumperbot_msgs' with the following arguments: {'ament_cmake_args': None, 'build_base': '/home/bfg2h/bumperbot_ws/build/bumperbot_msgs', 'catkin_cmake_args': None, 'catkin_skip_building_tests': False, 'cmake_args': None, 'cmake_clean_cache': False, 'cmake_clean_first': False, 'cmake_force_configure': False, 'cmake_target': None, 'cmake_target_skip_unavailable': False, 'install_base': '/home/bfg2h/bumperbot_ws/install/bumperbot_msgs', 'merge_install': False, 'path': '/home/bfg2h/bumperbot_ws/src/bumperbot_msgs', 'symlink_install': False, 'test_result_base': None}
[0.432s] Level 5:colcon.colcon_core.verb:set package 'bumperbot_utils' build argument 'cmake_args' from command line to 'None'
[0.432s] Level 5:colcon.colcon_core.verb:set package 'bumperbot_utils' build argument 'cmake_target' from command line to 'None'
[0.432s] Level 5:colcon.colcon_core.verb:set package 'bumperbot_utils' build argument 'cmake_target_skip_unavailable' from command line to 'False'
[0.432s] Level 5:colcon.colcon_core.verb:set package 'bumperbot_utils' build argument 'cmake_clean_cache' from command line to 'False'
[0.432s] Level 5:colcon.colcon_core.verb:set package 'bumperbot_utils' build argument 'cmake_clean_first' from command line to 'False'
[0.432s] Level 5:colcon.colcon_core.verb:set package 'bumperbot_utils' build argument 'cmake_force_configure' from command line to 'False'
[0.432s] Level 5:colcon.colcon_core.verb:set package 'bumperbot_utils' build argument 'ament_cmake_args' from command line to 'None'
[0.432s] Level 5:colcon.colcon_core.verb:set package 'bumperbot_utils' build argument 'catkin_cmake_args' from command line to 'None'
[0.432s] Level 5:colcon.colcon_core.verb:set package 'bumperbot_utils' build argument 'catkin_skip_building_tests' from command line to 'False'
[0.432s] DEBUG:colcon.colcon_core.verb:Building package 'bumperbot_utils' with the following arguments: {'ament_cmake_args': None, 'build_base': '/home/bfg2h/bumperbot_ws/build/bumperbot_utils', 'catkin_cmake_args': None, 'catkin_skip_building_tests': False, 'cmake_args': None, 'cmake_clean_cache': False, 'cmake_clean_first': False, 'cmake_force_configure': False, 'cmake_target': None, 'cmake_target_skip_unavailable': False, 'install_base': '/home/bfg2h/bumperbot_ws/install/bumperbot_utils', 'merge_install': False, 'path': '/home/bfg2h/bumperbot_ws/src/bumperbot_utils', 'symlink_install': False, 'test_result_base': None}
[0.433s] Level 5:colcon.colcon_core.verb:set package 'bumperbot_cpp_examples' build argument 'cmake_args' from command line to 'None'
[0.433s] Level 5:colcon.colcon_core.verb:set package 'bumperbot_cpp_examples' build argument 'cmake_target' from command line to 'None'
[0.433s] Level 5:colcon.colcon_core.verb:set package 'bumperbot_cpp_examples' build argument 'cmake_target_skip_unavailable' from command line to 'False'
[0.433s] Level 5:colcon.colcon_core.verb:set package 'bumperbot_cpp_examples' build argument 'cmake_clean_cache' from command line to 'False'
[0.433s] Level 5:colcon.colcon_core.verb:set package 'bumperbot_cpp_examples' build argument 'cmake_clean_first' from command line to 'False'
[0.433s] Level 5:colcon.colcon_core.verb:set package 'bumperbot_cpp_examples' build argument 'cmake_force_configure' from command line to 'False'
[0.433s] Level 5:colcon.colcon_core.verb:set package 'bumperbot_cpp_examples' build argument 'ament_cmake_args' from command line to 'None'
[0.433s] Level 5:colcon.colcon_core.verb:set package 'bumperbot_cpp_examples' build argument 'catkin_cmake_args' from command line to 'None'
[0.433s] Level 5:colcon.colcon_core.verb:set package 'bumperbot_cpp_examples' build argument 'catkin_skip_building_tests' from command line to 'False'
[0.433s] DEBUG:colcon.colcon_core.verb:Building package 'bumperbot_cpp_examples' with the following arguments: {'ament_cmake_args': None, 'build_base': '/home/bfg2h/bumperbot_ws/build/bumperbot_cpp_examples', 'catkin_cmake_args': None, 'catkin_skip_building_tests': False, 'cmake_args': None, 'cmake_clean_cache': False, 'cmake_clean_first': False, 'cmake_force_configure': False, 'cmake_target': None, 'cmake_target_skip_unavailable': False, 'install_base': '/home/bfg2h/bumperbot_ws/install/bumperbot_cpp_examples', 'merge_install': False, 'path': '/home/bfg2h/bumperbot_ws/src/bumperbot_cpp_examples', 'symlink_install': False, 'test_result_base': None}
[0.433s] Level 5:colcon.colcon_core.verb:set package 'bumperbot_py_examples' build argument 'cmake_args' from command line to 'None'
[0.433s] Level 5:colcon.colcon_core.verb:set package 'bumperbot_py_examples' build argument 'cmake_target' from command line to 'None'
[0.433s] Level 5:colcon.colcon_core.verb:set package 'bumperbot_py_examples' build argument 'cmake_target_skip_unavailable' from command line to 'False'
[0.433s] Level 5:colcon.colcon_core.verb:set package 'bumperbot_py_examples' build argument 'cmake_clean_cache' from command line to 'False'
[0.433s] Level 5:colcon.colcon_core.verb:set package 'bumperbot_py_examples' build argument 'cmake_clean_first' from command line to 'False'
[0.433s] Level 5:colcon.colcon_core.verb:set package 'bumperbot_py_examples' build argument 'cmake_force_configure' from command line to 'False'
[0.433s] Level 5:colcon.colcon_core.verb:set package 'bumperbot_py_examples' build argument 'ament_cmake_args' from command line to 'None'
[0.433s] Level 5:colcon.colcon_core.verb:set package 'bumperbot_py_examples' build argument 'catkin_cmake_args' from command line to 'None'
[0.433s] Level 5:colcon.colcon_core.verb:set package 'bumperbot_py_examples' build argument 'catkin_skip_building_tests' from command line to 'False'
[0.433s] DEBUG:colcon.colcon_core.verb:Building package 'bumperbot_py_examples' with the following arguments: {'ament_cmake_args': None, 'build_base': '/home/bfg2h/bumperbot_ws/build/bumperbot_py_examples', 'catkin_cmake_args': None, 'catkin_skip_building_tests': False, 'cmake_args': None, 'cmake_clean_cache': False, 'cmake_clean_first': False, 'cmake_force_configure': False, 'cmake_target': None, 'cmake_target_skip_unavailable': False, 'install_base': '/home/bfg2h/bumperbot_ws/install/bumperbot_py_examples', 'merge_install': False, 'path': '/home/bfg2h/bumperbot_ws/src/bumperbot_py_examples', 'symlink_install': False, 'test_result_base': None}
[0.433s] INFO:colcon.colcon_core.executor:Executing jobs using 'parallel' executor
[0.434s] DEBUG:colcon.colcon_parallel_executor.executor.parallel:run_until_complete
[0.434s] INFO:colcon.colcon_ros.task.ament_cmake.build:Building ROS package in '/home/bfg2h/bumperbot_ws/src/bumperbot_msgs' with build type 'ament_cmake'
[0.434s] INFO:colcon.colcon_cmake.task.cmake.build:Building CMake package in '/home/bfg2h/bumperbot_ws/src/bumperbot_msgs'
[0.436s] INFO:colcon.colcon_core.plugin_system:Skipping extension 'colcon_core.shell.bat': Not used on non-Windows systems
[0.436s] INFO:colcon.colcon_core.shell:Skip shell extension 'powershell' for command environment: Not usable outside of PowerShell
[0.436s] DEBUG:colcon.colcon_core.shell:Skip shell extension 'dsv' for command environment
[0.440s] INFO:colcon.colcon_ros.task.ament_cmake.build:Building ROS package in '/home/bfg2h/bumperbot_ws/src/bumperbot_controller' with build type 'ament_cmake'
[0.441s] INFO:colcon.colcon_cmake.task.cmake.build:Building CMake package in '/home/bfg2h/bumperbot_ws/src/bumperbot_controller'
[0.441s] INFO:colcon.colcon_core.shell:Skip shell extension 'powershell' for command environment: Not usable outside of PowerShell
[0.441s] DEBUG:colcon.colcon_core.shell:Skip shell extension 'dsv' for command environment
[0.445s] INFO:colcon.colcon_ros.task.ament_cmake.build:Building ROS package in '/home/bfg2h/bumperbot_ws/src/bumperbot_description' with build type 'ament_cmake'
[0.445s] INFO:colcon.colcon_cmake.task.cmake.build:Building CMake package in '/home/bfg2h/bumperbot_ws/src/bumperbot_description'
[0.445s] INFO:colcon.colcon_core.shell:Skip shell extension 'powershell' for command environment: Not usable outside of PowerShell
[0.445s] DEBUG:colcon.colcon_core.shell:Skip shell extension 'dsv' for command environment
[0.449s] INFO:colcon.colcon_ros.task.ament_cmake.build:Building ROS package in '/home/bfg2h/bumperbot_ws/src/bumperbot_localization' with build type 'ament_cmake'
[0.449s] INFO:colcon.colcon_cmake.task.cmake.build:Building CMake package in '/home/bfg2h/bumperbot_ws/src/bumperbot_localization'
[0.449s] INFO:colcon.colcon_core.shell:Skip shell extension 'powershell' for command environment: Not usable outside of PowerShell
[0.449s] DEBUG:colcon.colcon_core.shell:Skip shell extension 'dsv' for command environment
[0.454s] INFO:colcon.colcon_ros.task.ament_cmake.build:Building ROS package in '/home/bfg2h/bumperbot_ws/src/bumperbot_utils' with build type 'ament_cmake'
[0.454s] INFO:colcon.colcon_cmake.task.cmake.build:Building CMake package in '/home/bfg2h/bumperbot_ws/src/bumperbot_utils'
[0.454s] INFO:colcon.colcon_core.shell:Skip shell extension 'powershell' for command environment: Not usable outside of PowerShell
[0.454s] DEBUG:colcon.colcon_core.shell:Skip shell extension 'dsv' for command environment
[0.462s] DEBUG:colcon.colcon_core.event_handler.log_command:Invoking command in '/home/bfg2h/bumperbot_ws/build/bumperbot_msgs': CMAKE_PREFIX_PATH=${CMAKE_PREFIX_PATH}:/home/bfg2h/bumperbot_ws/install/bumperbot_py_examples:/home/bfg2h/ros2_ws/install/my_py_pkg:/home/bfg2h/udemy_ws/install/self_driving_car_pkg:/opt/ros/humble _=/usr/bin/env /usr/bin/cmake --build /home/bfg2h/bumperbot_ws/build/bumperbot_msgs -- -j16 -l16
[0.464s] DEBUG:colcon.colcon_core.event_handler.log_command:Invoking command in '/home/bfg2h/bumperbot_ws/build/bumperbot_controller': CMAKE_PREFIX_PATH=${CMAKE_PREFIX_PATH}:/home/bfg2h/bumperbot_ws/install/bumperbot_py_examples:/home/bfg2h/ros2_ws/install/my_py_pkg:/home/bfg2h/udemy_ws/install/self_driving_car_pkg:/opt/ros/humble _=/usr/bin/env /usr/bin/cmake --build /home/bfg2h/bumperbot_ws/build/bumperbot_controller -- -j16 -l16
[0.466s] DEBUG:colcon.colcon_core.event_handler.log_command:Invoking command in '/home/bfg2h/bumperbot_ws/build/bumperbot_description': CMAKE_PREFIX_PATH=${CMAKE_PREFIX_PATH}:/home/bfg2h/bumperbot_ws/install/bumperbot_py_examples:/home/bfg2h/ros2_ws/install/my_py_pkg:/home/bfg2h/udemy_ws/install/self_driving_car_pkg:/opt/ros/humble _=/usr/bin/env /usr/bin/cmake --build /home/bfg2h/bumperbot_ws/build/bumperbot_description -- -j16 -l16
[0.469s] DEBUG:colcon.colcon_core.event_handler.log_command:Invoking command in '/home/bfg2h/bumperbot_ws/build/bumperbot_localization': CMAKE_PREFIX_PATH=${CMAKE_PREFIX_PATH}:/home/bfg2h/bumperbot_ws/install/bumperbot_py_examples:/home/bfg2h/ros2_ws/install/my_py_pkg:/home/bfg2h/udemy_ws/install/self_driving_car_pkg:/opt/ros/humble _=/usr/bin/env /usr/bin/cmake --build /home/bfg2h/bumperbot_ws/build/bumperbot_localization -- -j16 -l16
[0.471s] DEBUG:colcon.colcon_core.event_handler.log_command:Invoking command in '/home/bfg2h/bumperbot_ws/build/bumperbot_utils': CMAKE_PREFIX_PATH=${CMAKE_PREFIX_PATH}:/home/bfg2h/bumperbot_ws/install/bumperbot_py_examples:/home/bfg2h/ros2_ws/install/my_py_pkg:/home/bfg2h/udemy_ws/install/self_driving_car_pkg:/opt/ros/humble _=/usr/bin/env /usr/bin/cmake --build /home/bfg2h/bumperbot_ws/build/bumperbot_utils -- -j16 -l16
[0.493s] DEBUG:colcon.colcon_core.event_handler.log_command:Invoked command in '/home/bfg2h/bumperbot_ws/build/bumperbot_description' returned '0': CMAKE_PREFIX_PATH=${CMAKE_PREFIX_PATH}:/home/bfg2h/bumperbot_ws/install/bumperbot_py_examples:/home/bfg2h/ros2_ws/install/my_py_pkg:/home/bfg2h/udemy_ws/install/self_driving_car_pkg:/opt/ros/humble _=/usr/bin/env /usr/bin/cmake --build /home/bfg2h/bumperbot_ws/build/bumperbot_description -- -j16 -l16
[0.502s] DEBUG:colcon.colcon_core.event_handler.log_command:Invoking command in '/home/bfg2h/bumperbot_ws/build/bumperbot_description': CMAKE_PREFIX_PATH=${CMAKE_PREFIX_PATH}:/home/bfg2h/bumperbot_ws/install/bumperbot_py_examples:/home/bfg2h/ros2_ws/install/my_py_pkg:/home/bfg2h/udemy_ws/install/self_driving_car_pkg:/opt/ros/humble _=/usr/bin/env /usr/bin/cmake --install /home/bfg2h/bumperbot_ws/build/bumperbot_description
[0.530s] Level 1:colcon.colcon_core.environment:create_environment_scripts_only(bumperbot_description)
[0.534s] Level 1:colcon.colcon_core.environment:checking '/home/bfg2h/bumperbot_ws/install/bumperbot_description' for CMake module files
[0.535s] Level 1:colcon.colcon_core.environment:checking '/home/bfg2h/bumperbot_ws/install/bumperbot_description' for CMake config files
[0.596s] DEBUG:colcon.colcon_core.event_handler.log_command:Invoked command in '/home/bfg2h/bumperbot_ws/build/bumperbot_description' returned '0': CMAKE_PREFIX_PATH=${CMAKE_PREFIX_PATH}:/home/bfg2h/bumperbot_ws/install/bumperbot_py_examples:/home/bfg2h/ros2_ws/install/my_py_pkg:/home/bfg2h/udemy_ws/install/self_driving_car_pkg:/opt/ros/humble _=/usr/bin/env /usr/bin/cmake --install /home/bfg2h/bumperbot_ws/build/bumperbot_description
[0.597s] Level 1:colcon.colcon_core.shell:create_environment_hook('bumperbot_description', 'cmake_prefix_path')
[0.598s] INFO:colcon.colcon_core.shell:Creating environment hook '/home/bfg2h/bumperbot_ws/install/bumperbot_description/share/bumperbot_description/hook/cmake_prefix_path.ps1'
[0.599s] INFO:colcon.colcon_core.shell:Creating environment descriptor '/home/bfg2h/bumperbot_ws/install/bumperbot_description/share/bumperbot_description/hook/cmake_prefix_path.dsv'
[0.600s] INFO:colcon.colcon_core.shell:Creating environment hook '/home/bfg2h/bumperbot_ws/install/bumperbot_description/share/bumperbot_description/hook/cmake_prefix_path.sh'
[0.601s] Level 1:colcon.colcon_core.environment:checking '/home/bfg2h/bumperbot_ws/install/bumperbot_description/bin'
[0.601s] Level 1:colcon.colcon_core.environment:checking '/home/bfg2h/bumperbot_ws/install/bumperbot_description/lib/pkgconfig/bumperbot_description.pc'
[0.601s] Level 1:colcon.colcon_core.environment:checking '/home/bfg2h/bumperbot_ws/install/bumperbot_description/lib/python3.10/site-packages'
[0.602s] Level 1:colcon.colcon_core.environment:checking '/home/bfg2h/bumperbot_ws/install/bumperbot_description/bin'
[0.602s] INFO:colcon.colcon_core.shell:Creating package script '/home/bfg2h/bumperbot_ws/install/bumperbot_description/share/bumperbot_description/package.ps1'
[0.604s] INFO:colcon.colcon_core.shell:Creating package descriptor '/home/bfg2h/bumperbot_ws/install/bumperbot_description/share/bumperbot_description/package.dsv'
[0.605s] INFO:colcon.colcon_core.shell:Creating package script '/home/bfg2h/bumperbot_ws/install/bumperbot_description/share/bumperbot_description/package.sh'
[0.606s] INFO:colcon.colcon_core.shell:Creating package script '/home/bfg2h/bumperbot_ws/install/bumperbot_description/share/bumperbot_description/package.bash'
[0.607s] INFO:colcon.colcon_core.shell:Creating package script '/home/bfg2h/bumperbot_ws/install/bumperbot_description/share/bumperbot_description/package.zsh'
[0.608s] Level 1:colcon.colcon_core.environment:create_file_with_runtime_dependencies(/home/bfg2h/bumperbot_ws/install/bumperbot_description/share/colcon-core/packages/bumperbot_description)
[0.609s] Level 1:colcon.colcon_core.environment:create_environment_scripts_only(bumperbot_description)
[0.609s] Level 1:colcon.colcon_core.environment:checking '/home/bfg2h/bumperbot_ws/install/bumperbot_description' for CMake module files
[0.610s] Level 1:colcon.colcon_core.environment:checking '/home/bfg2h/bumperbot_ws/install/bumperbot_description' for CMake config files
[0.617s] Level 1:colcon.colcon_core.shell:create_environment_hook('bumperbot_description', 'cmake_prefix_path')
[0.617s] INFO:colcon.colcon_core.shell:Creating environment hook '/home/bfg2h/bumperbot_ws/install/bumperbot_description/share/bumperbot_description/hook/cmake_prefix_path.ps1'
[0.618s] INFO:colcon.colcon_core.shell:Creating environment descriptor '/home/bfg2h/bumperbot_ws/install/bumperbot_description/share/bumperbot_description/hook/cmake_prefix_path.dsv'
[0.619s] INFO:colcon.colcon_core.shell:Creating environment hook '/home/bfg2h/bumperbot_ws/install/bumperbot_description/share/bumperbot_description/hook/cmake_prefix_path.sh'
[0.619s] Level 1:colcon.colcon_core.environment:checking '/home/bfg2h/bumperbot_ws/install/bumperbot_description/bin'
[0.619s] Level 1:colcon.colcon_core.environment:checking '/home/bfg2h/bumperbot_ws/install/bumperbot_description/lib/pkgconfig/bumperbot_description.pc'
[0.620s] Level 1:colcon.colcon_core.environment:checking '/home/bfg2h/bumperbot_ws/install/bumperbot_description/lib/python3.10/site-packages'
[0.620s] Level 1:colcon.colcon_core.environment:checking '/home/bfg2h/bumperbot_ws/install/bumperbot_description/bin'
[0.621s] INFO:colcon.colcon_core.shell:Creating package script '/home/bfg2h/bumperbot_ws/install/bumperbot_description/share/bumperbot_description/package.ps1'
[0.621s] INFO:colcon.colcon_core.shell:Creating package descriptor '/home/bfg2h/bumperbot_ws/install/bumperbot_description/share/bumperbot_description/package.dsv'
[0.622s] INFO:colcon.colcon_core.shell:Creating package script '/home/bfg2h/bumperbot_ws/install/bumperbot_description/share/bumperbot_description/package.sh'
[0.622s] INFO:colcon.colcon_core.shell:Creating package script '/home/bfg2h/bumperbot_ws/install/bumperbot_description/share/bumperbot_description/package.bash'
[0.623s] INFO:colcon.colcon_core.shell:Creating package script '/home/bfg2h/bumperbot_ws/install/bumperbot_description/share/bumperbot_description/package.zsh'
[0.624s] Level 1:colcon.colcon_core.environment:create_file_with_runtime_dependencies(/home/bfg2h/bumperbot_ws/install/bumperbot_description/share/colcon-core/packages/bumperbot_description)
[0.869s] DEBUG:colcon.colcon_core.event_handler.log_command:Invoked command in '/home/bfg2h/bumperbot_ws/build/bumperbot_msgs' returned '0': CMAKE_PREFIX_PATH=${CMAKE_PREFIX_PATH}:/home/bfg2h/bumperbot_ws/install/bumperbot_py_examples:/home/bfg2h/ros2_ws/install/my_py_pkg:/home/bfg2h/udemy_ws/install/self_driving_car_pkg:/opt/ros/humble _=/usr/bin/env /usr/bin/cmake --build /home/bfg2h/bumperbot_ws/build/bumperbot_msgs -- -j16 -l16
[0.871s] DEBUG:colcon.colcon_core.event_handler.log_command:Invoking command in '/home/bfg2h/bumperbot_ws/build/bumperbot_msgs': CMAKE_PREFIX_PATH=${CMAKE_PREFIX_PATH}:/home/bfg2h/bumperbot_ws/install/bumperbot_py_examples:/home/bfg2h/ros2_ws/install/my_py_pkg:/home/bfg2h/udemy_ws/install/self_driving_car_pkg:/opt/ros/humble _=/usr/bin/env /usr/bin/cmake --install /home/bfg2h/bumperbot_ws/build/bumperbot_msgs
[0.891s] DEBUG:colcon.colcon_core.event_handler.log_command:Invoked command in '/home/bfg2h/bumperbot_ws/build/bumperbot_utils' returned '0': CMAKE_PREFIX_PATH=${CMAKE_PREFIX_PATH}:/home/bfg2h/bumperbot_ws/install/bumperbot_py_examples:/home/bfg2h/ros2_ws/install/my_py_pkg:/home/bfg2h/udemy_ws/install/self_driving_car_pkg:/opt/ros/humble _=/usr/bin/env /usr/bin/cmake --build /home/bfg2h/bumperbot_ws/build/bumperbot_utils -- -j16 -l16
[0.891s] DEBUG:colcon.colcon_core.event_handler.log_command:Invoking command in '/home/bfg2h/bumperbot_ws/build/bumperbot_utils': CMAKE_PREFIX_PATH=${CMAKE_PREFIX_PATH}:/home/bfg2h/bumperbot_ws/install/bumperbot_py_examples:/home/bfg2h/ros2_ws/install/my_py_pkg:/home/bfg2h/udemy_ws/install/self_driving_car_pkg:/opt/ros/humble _=/usr/bin/env /usr/bin/cmake --install /home/bfg2h/bumperbot_ws/build/bumperbot_utils
[0.892s] DEBUG:colcon.colcon_core.event_handler.log_command:Invoked command in '/home/bfg2h/bumperbot_ws/build/bumperbot_controller' returned '0': CMAKE_PREFIX_PATH=${CMAKE_PREFIX_PATH}:/home/bfg2h/bumperbot_ws/install/bumperbot_py_examples:/home/bfg2h/ros2_ws/install/my_py_pkg:/home/bfg2h/udemy_ws/install/self_driving_car_pkg:/opt/ros/humble _=/usr/bin/env /usr/bin/cmake --build /home/bfg2h/bumperbot_ws/build/bumperbot_controller -- -j16 -l16
[0.892s] DEBUG:colcon.colcon_core.event_handler.log_command:Invoking command in '/home/bfg2h/bumperbot_ws/build/bumperbot_controller': CMAKE_PREFIX_PATH=${CMAKE_PREFIX_PATH}:/home/bfg2h/bumperbot_ws/install/bumperbot_py_examples:/home/bfg2h/ros2_ws/install/my_py_pkg:/home/bfg2h/udemy_ws/install/self_driving_car_pkg:/opt/ros/humble _=/usr/bin/env /usr/bin/cmake --install /home/bfg2h/bumperbot_ws/build/bumperbot_controller
[0.893s] DEBUG:colcon.colcon_core.event_handler.log_command:Invoked command in '/home/bfg2h/bumperbot_ws/build/bumperbot_localization' returned '0': CMAKE_PREFIX_PATH=${CMAKE_PREFIX_PATH}:/home/bfg2h/bumperbot_ws/install/bumperbot_py_examples:/home/bfg2h/ros2_ws/install/my_py_pkg:/home/bfg2h/udemy_ws/install/self_driving_car_pkg:/opt/ros/humble _=/usr/bin/env /usr/bin/cmake --build /home/bfg2h/bumperbot_ws/build/bumperbot_localization -- -j16 -l16
[0.894s] DEBUG:colcon.colcon_core.event_handler.log_command:Invoking command in '/home/bfg2h/bumperbot_ws/build/bumperbot_localization': CMAKE_PREFIX_PATH=${CMAKE_PREFIX_PATH}:/home/bfg2h/bumperbot_ws/install/bumperbot_py_examples:/home/bfg2h/ros2_ws/install/my_py_pkg:/home/bfg2h/udemy_ws/install/self_driving_car_pkg:/opt/ros/humble _=/usr/bin/env /usr/bin/cmake --install /home/bfg2h/bumperbot_ws/build/bumperbot_localization
[0.927s] Level 1:colcon.colcon_core.environment:create_environment_scripts_only(bumperbot_msgs)
[0.927s] Level 1:colcon.colcon_core.environment:checking '/home/bfg2h/bumperbot_ws/install/bumperbot_msgs' for CMake module files
[0.927s] DEBUG:colcon.colcon_core.event_handler.log_command:Invoked command in '/home/bfg2h/bumperbot_ws/build/bumperbot_msgs' returned '0': CMAKE_PREFIX_PATH=${CMAKE_PREFIX_PATH}:/home/bfg2h/bumperbot_ws/install/bumperbot_py_examples:/home/bfg2h/ros2_ws/install/my_py_pkg:/home/bfg2h/udemy_ws/install/self_driving_car_pkg:/opt/ros/humble _=/usr/bin/env /usr/bin/cmake --install /home/bfg2h/bumperbot_ws/build/bumperbot_msgs
[0.928s] Level 1:colcon.colcon_core.environment:checking '/home/bfg2h/bumperbot_ws/install/bumperbot_msgs' for CMake config files
[0.928s] Level 1:colcon.colcon_core.shell:create_environment_hook('bumperbot_msgs', 'cmake_prefix_path')
[0.929s] INFO:colcon.colcon_core.shell:Creating environment hook '/home/bfg2h/bumperbot_ws/install/bumperbot_msgs/share/bumperbot_msgs/hook/cmake_prefix_path.ps1'
[0.929s] INFO:colcon.colcon_core.shell:Creating environment descriptor '/home/bfg2h/bumperbot_ws/install/bumperbot_msgs/share/bumperbot_msgs/hook/cmake_prefix_path.dsv'
[0.929s] INFO:colcon.colcon_core.shell:Creating environment hook '/home/bfg2h/bumperbot_ws/install/bumperbot_msgs/share/bumperbot_msgs/hook/cmake_prefix_path.sh'
[0.930s] Level 1:colcon.colcon_core.environment:checking '/home/bfg2h/bumperbot_ws/install/bumperbot_msgs/lib'
[0.930s] Level 1:colcon.colcon_core.shell:create_environment_hook('bumperbot_msgs', 'ld_library_path_lib')
[0.931s] INFO:colcon.colcon_core.shell:Creating environment hook '/home/bfg2h/bumperbot_ws/install/bumperbot_msgs/share/bumperbot_msgs/hook/ld_library_path_lib.ps1'
[0.931s] INFO:colcon.colcon_core.shell:Creating environment descriptor '/home/bfg2h/bumperbot_ws/install/bumperbot_msgs/share/bumperbot_msgs/hook/ld_library_path_lib.dsv'
[0.932s] INFO:colcon.colcon_core.shell:Creating environment hook '/home/bfg2h/bumperbot_ws/install/bumperbot_msgs/share/bumperbot_msgs/hook/ld_library_path_lib.sh'
[0.933s] Level 1:colcon.colcon_core.environment:checking '/home/bfg2h/bumperbot_ws/install/bumperbot_msgs/bin'
[0.933s] Level 1:colcon.colcon_core.environment:checking '/home/bfg2h/bumperbot_ws/install/bumperbot_msgs/lib/pkgconfig/bumperbot_msgs.pc'
[0.933s] Level 1:colcon.colcon_core.environment:checking '/home/bfg2h/bumperbot_ws/install/bumperbot_msgs/lib/python3.10/site-packages'
[0.933s] Level 1:colcon.colcon_core.environment:checking '/home/bfg2h/bumperbot_ws/install/bumperbot_msgs/bin'
[0.934s] INFO:colcon.colcon_core.shell:Creating package script '/home/bfg2h/bumperbot_ws/install/bumperbot_msgs/share/bumperbot_msgs/package.ps1'
[0.934s] INFO:colcon.colcon_core.shell:Creating package descriptor '/home/bfg2h/bumperbot_ws/install/bumperbot_msgs/share/bumperbot_msgs/package.dsv'
[0.935s] INFO:colcon.colcon_core.shell:Creating package script '/home/bfg2h/bumperbot_ws/install/bumperbot_msgs/share/bumperbot_msgs/package.sh'
[0.936s] INFO:colcon.colcon_core.shell:Creating package script '/home/bfg2h/bumperbot_ws/install/bumperbot_msgs/share/bumperbot_msgs/package.bash'
[0.937s] INFO:colcon.colcon_core.shell:Creating package script '/home/bfg2h/bumperbot_ws/install/bumperbot_msgs/share/bumperbot_msgs/package.zsh'
[0.938s] Level 1:colcon.colcon_core.environment:create_file_with_runtime_dependencies(/home/bfg2h/bumperbot_ws/install/bumperbot_msgs/share/colcon-core/packages/bumperbot_msgs)
[0.939s] Level 1:colcon.colcon_core.environment:create_environment_scripts_only(bumperbot_msgs)
[0.939s] Level 1:colcon.colcon_core.environment:checking '/home/bfg2h/bumperbot_ws/install/bumperbot_msgs' for CMake module files
[0.940s] Level 1:colcon.colcon_core.environment:checking '/home/bfg2h/bumperbot_ws/install/bumperbot_msgs' for CMake config files
[0.942s] Level 1:colcon.colcon_core.shell:create_environment_hook('bumperbot_msgs', 'cmake_prefix_path')
[0.943s] INFO:colcon.colcon_core.shell:Creating environment hook '/home/bfg2h/bumperbot_ws/install/bumperbot_msgs/share/bumperbot_msgs/hook/cmake_prefix_path.ps1'
[0.943s] INFO:colcon.colcon_core.shell:Creating environment descriptor '/home/bfg2h/bumperbot_ws/install/bumperbot_msgs/share/bumperbot_msgs/hook/cmake_prefix_path.dsv'
[0.943s] INFO:colcon.colcon_core.shell:Creating environment hook '/home/bfg2h/bumperbot_ws/install/bumperbot_msgs/share/bumperbot_msgs/hook/cmake_prefix_path.sh'
[0.944s] Level 1:colcon.colcon_core.environment:checking '/home/bfg2h/bumperbot_ws/install/bumperbot_msgs/lib'
[0.944s] Level 1:colcon.colcon_core.shell:create_environment_hook('bumperbot_msgs', 'ld_library_path_lib')
[0.944s] INFO:colcon.colcon_core.shell:Creating environment hook '/home/bfg2h/bumperbot_ws/install/bumperbot_msgs/share/bumperbot_msgs/hook/ld_library_path_lib.ps1'
[0.944s] INFO:colcon.colcon_core.shell:Creating environment descriptor '/home/bfg2h/bumperbot_ws/install/bumperbot_msgs/share/bumperbot_msgs/hook/ld_library_path_lib.dsv'
[0.945s] INFO:colcon.colcon_core.shell:Creating environment hook '/home/bfg2h/bumperbot_ws/install/bumperbot_msgs/share/bumperbot_msgs/hook/ld_library_path_lib.sh'
[0.945s] Level 1:colcon.colcon_core.environment:checking '/home/bfg2h/bumperbot_ws/install/bumperbot_msgs/bin'
[0.945s] Level 1:colcon.colcon_core.environment:checking '/home/bfg2h/bumperbot_ws/install/bumperbot_msgs/lib/pkgconfig/bumperbot_msgs.pc'
[0.945s] Level 1:colcon.colcon_core.environment:checking '/home/bfg2h/bumperbot_ws/install/bumperbot_msgs/lib/python3.10/site-packages'
[0.945s] Level 1:colcon.colcon_core.environment:checking '/home/bfg2h/bumperbot_ws/install/bumperbot_msgs/bin'
[0.946s] INFO:colcon.colcon_core.shell:Creating package script '/home/bfg2h/bumperbot_ws/install/bumperbot_msgs/share/bumperbot_msgs/package.ps1'
[0.946s] INFO:colcon.colcon_core.shell:Creating package descriptor '/home/bfg2h/bumperbot_ws/install/bumperbot_msgs/share/bumperbot_msgs/package.dsv'
[0.947s] INFO:colcon.colcon_core.shell:Creating package script '/home/bfg2h/bumperbot_ws/install/bumperbot_msgs/share/bumperbot_msgs/package.sh'
[0.947s] INFO:colcon.colcon_core.shell:Creating package script '/home/bfg2h/bumperbot_ws/install/bumperbot_msgs/share/bumperbot_msgs/package.bash'
[0.947s] INFO:colcon.colcon_core.shell:Creating package script '/home/bfg2h/bumperbot_ws/install/bumperbot_msgs/share/bumperbot_msgs/package.zsh'
[0.948s] Level 1:colcon.colcon_core.environment:create_file_with_runtime_dependencies(/home/bfg2h/bumperbot_ws/install/bumperbot_msgs/share/colcon-core/packages/bumperbot_msgs)
[0.948s] INFO:colcon.colcon_ros.task.ament_cmake.build:Building ROS package in '/home/bfg2h/bumperbot_ws/src/bumperbot_cpp_examples' with build type 'ament_cmake'
[0.948s] INFO:colcon.colcon_cmake.task.cmake.build:Building CMake package in '/home/bfg2h/bumperbot_ws/src/bumperbot_cpp_examples'
[0.948s] INFO:colcon.colcon_core.shell:Skip shell extension 'powershell' for command environment: Not usable outside of PowerShell
[0.949s] DEBUG:colcon.colcon_core.shell:Skip shell extension 'dsv' for command environment
[0.954s] INFO:colcon.colcon_ros.task.ament_python.build:Building ROS package in '/home/bfg2h/bumperbot_ws/src/bumperbot_py_examples' with build type 'ament_python'
[0.954s] Level 1:colcon.colcon_core.shell:create_environment_hook('bumperbot_py_examples', 'ament_prefix_path')
[0.954s] INFO:colcon.colcon_core.shell:Creating environment hook '/home/bfg2h/bumperbot_ws/install/bumperbot_py_examples/share/bumperbot_py_examples/hook/ament_prefix_path.ps1'
[0.954s] INFO:colcon.colcon_core.shell:Creating environment descriptor '/home/bfg2h/bumperbot_ws/install/bumperbot_py_examples/share/bumperbot_py_examples/hook/ament_prefix_path.dsv'
[0.954s] INFO:colcon.colcon_core.shell:Creating environment hook '/home/bfg2h/bumperbot_ws/install/bumperbot_py_examples/share/bumperbot_py_examples/hook/ament_prefix_path.sh'
[0.955s] INFO:colcon.colcon_core.shell:Skip shell extension 'powershell' for command environment: Not usable outside of PowerShell
[0.955s] DEBUG:colcon.colcon_core.shell:Skip shell extension 'dsv' for command environment
[0.961s] Level 1:colcon.colcon_core.environment:create_environment_scripts_only(bumperbot_controller)
[0.961s] Level 1:colcon.colcon_core.environment:checking '/home/bfg2h/bumperbot_ws/install/bumperbot_controller' for CMake module files
[0.961s] DEBUG:colcon.colcon_core.event_handler.log_command:Invoked command in '/home/bfg2h/bumperbot_ws/build/bumperbot_controller' returned '0': CMAKE_PREFIX_PATH=${CMAKE_PREFIX_PATH}:/home/bfg2h/bumperbot_ws/install/bumperbot_py_examples:/home/bfg2h/ros2_ws/install/my_py_pkg:/home/bfg2h/udemy_ws/install/self_driving_car_pkg:/opt/ros/humble _=/usr/bin/env /usr/bin/cmake --install /home/bfg2h/bumperbot_ws/build/bumperbot_controller
[0.962s] Level 1:colcon.colcon_core.environment:checking '/home/bfg2h/bumperbot_ws/install/bumperbot_controller' for CMake config files
[0.962s] Level 1:colcon.colcon_core.shell:create_environment_hook('bumperbot_controller', 'cmake_prefix_path')
[0.962s] INFO:colcon.colcon_core.shell:Creating environment hook '/home/bfg2h/bumperbot_ws/install/bumperbot_controller/share/bumperbot_controller/hook/cmake_prefix_path.ps1'
[0.962s] INFO:colcon.colcon_core.shell:Creating environment descriptor '/home/bfg2h/bumperbot_ws/install/bumperbot_controller/share/bumperbot_controller/hook/cmake_prefix_path.dsv'
[0.963s] INFO:colcon.colcon_core.shell:Creating environment hook '/home/bfg2h/bumperbot_ws/install/bumperbot_controller/share/bumperbot_controller/hook/cmake_prefix_path.sh'
[0.963s] Level 1:colcon.colcon_core.environment:checking '/home/bfg2h/bumperbot_ws/install/bumperbot_controller/lib'
[0.963s] Level 1:colcon.colcon_core.environment:checking '/home/bfg2h/bumperbot_ws/install/bumperbot_controller/bin'
[0.963s] Level 1:colcon.colcon_core.environment:checking '/home/bfg2h/bumperbot_ws/install/bumperbot_controller/lib/pkgconfig/bumperbot_controller.pc'
[0.964s] Level 1:colcon.colcon_core.environment:checking '/home/bfg2h/bumperbot_ws/install/bumperbot_controller/lib/python3.10/site-packages'
[0.964s] Level 1:colcon.colcon_core.environment:checking '/home/bfg2h/bumperbot_ws/install/bumperbot_controller/bin'
[0.964s] INFO:colcon.colcon_core.shell:Creating package script '/home/bfg2h/bumperbot_ws/install/bumperbot_controller/share/bumperbot_controller/package.ps1'
[0.965s] INFO:colcon.colcon_core.shell:Creating package descriptor '/home/bfg2h/bumperbot_ws/install/bumperbot_controller/share/bumperbot_controller/package.dsv'
[0.965s] INFO:colcon.colcon_core.shell:Creating package script '/home/bfg2h/bumperbot_ws/install/bumperbot_controller/share/bumperbot_controller/package.sh'
[0.965s] INFO:colcon.colcon_core.shell:Creating package script '/home/bfg2h/bumperbot_ws/install/bumperbot_controller/share/bumperbot_controller/package.bash'
[0.966s] INFO:colcon.colcon_core.shell:Creating package script '/home/bfg2h/bumperbot_ws/install/bumperbot_controller/share/bumperbot_controller/package.zsh'
[0.966s] Level 1:colcon.colcon_core.environment:create_file_with_runtime_dependencies(/home/bfg2h/bumperbot_ws/install/bumperbot_controller/share/colcon-core/packages/bumperbot_controller)
[0.966s] Level 1:colcon.colcon_core.environment:create_environment_scripts_only(bumperbot_controller)
[0.967s] Level 1:colcon.colcon_core.environment:checking '/home/bfg2h/bumperbot_ws/install/bumperbot_controller' for CMake module files
[0.967s] Level 1:colcon.colcon_core.environment:checking '/home/bfg2h/bumperbot_ws/install/bumperbot_controller' for CMake config files
[0.967s] Level 1:colcon.colcon_core.shell:create_environment_hook('bumperbot_controller', 'cmake_prefix_path')
[0.968s] INFO:colcon.colcon_core.shell:Creating environment hook '/home/bfg2h/bumperbot_ws/install/bumperbot_controller/share/bumperbot_controller/hook/cmake_prefix_path.ps1'
[0.968s] INFO:colcon.colcon_core.shell:Creating environment descriptor '/home/bfg2h/bumperbot_ws/install/bumperbot_controller/share/bumperbot_controller/hook/cmake_prefix_path.dsv'
[0.968s] INFO:colcon.colcon_core.shell:Creating environment hook '/home/bfg2h/bumperbot_ws/install/bumperbot_controller/share/bumperbot_controller/hook/cmake_prefix_path.sh'
[0.969s] Level 1:colcon.colcon_core.environment:checking '/home/bfg2h/bumperbot_ws/install/bumperbot_controller/lib'
[0.969s] Level 1:colcon.colcon_core.environment:checking '/home/bfg2h/bumperbot_ws/install/bumperbot_controller/bin'
[0.969s] Level 1:colcon.colcon_core.environment:checking '/home/bfg2h/bumperbot_ws/install/bumperbot_controller/lib/pkgconfig/bumperbot_controller.pc'
[0.969s] Level 1:colcon.colcon_core.environment:checking '/home/bfg2h/bumperbot_ws/install/bumperbot_controller/lib/python3.10/site-packages'
[0.969s] Level 1:colcon.colcon_core.environment:checking '/home/bfg2h/bumperbot_ws/install/bumperbot_controller/bin'
[0.970s] INFO:colcon.colcon_core.shell:Creating package script '/home/bfg2h/bumperbot_ws/install/bumperbot_controller/share/bumperbot_controller/package.ps1'
[0.970s] INFO:colcon.colcon_core.shell:Creating package descriptor '/home/bfg2h/bumperbot_ws/install/bumperbot_controller/share/bumperbot_controller/package.dsv'
[0.970s] INFO:colcon.colcon_core.shell:Creating package script '/home/bfg2h/bumperbot_ws/install/bumperbot_controller/share/bumperbot_controller/package.sh'
[0.971s] INFO:colcon.colcon_core.shell:Creating package script '/home/bfg2h/bumperbot_ws/install/bumperbot_controller/share/bumperbot_controller/package.bash'
[0.971s] INFO:colcon.colcon_core.shell:Creating package script '/home/bfg2h/bumperbot_ws/install/bumperbot_controller/share/bumperbot_controller/package.zsh'
[0.971s] Level 1:colcon.colcon_core.environment:create_file_with_runtime_dependencies(/home/bfg2h/bumperbot_ws/install/bumperbot_controller/share/colcon-core/packages/bumperbot_controller)
[0.972s] Level 1:colcon.colcon_core.environment:create_environment_scripts_only(bumperbot_utils)
[0.972s] Level 1:colcon.colcon_core.environment:checking '/home/bfg2h/bumperbot_ws/install/bumperbot_utils' for CMake module files
[0.973s] DEBUG:colcon.colcon_core.event_handler.log_command:Invoked command in '/home/bfg2h/bumperbot_ws/build/bumperbot_utils' returned '0': CMAKE_PREFIX_PATH=${CMAKE_PREFIX_PATH}:/home/bfg2h/bumperbot_ws/install/bumperbot_py_examples:/home/bfg2h/ros2_ws/install/my_py_pkg:/home/bfg2h/udemy_ws/install/self_driving_car_pkg:/opt/ros/humble _=/usr/bin/env /usr/bin/cmake --install /home/bfg2h/bumperbot_ws/build/bumperbot_utils
[0.973s] Level 1:colcon.colcon_core.environment:checking '/home/bfg2h/bumperbot_ws/install/bumperbot_utils' for CMake config files
[0.973s] Level 1:colcon.colcon_core.shell:create_environment_hook('bumperbot_utils', 'cmake_prefix_path')
[0.973s] INFO:colcon.colcon_core.shell:Creating environment hook '/home/bfg2h/bumperbot_ws/install/bumperbot_utils/share/bumperbot_utils/hook/cmake_prefix_path.ps1'
[0.974s] INFO:colcon.colcon_core.shell:Creating environment descriptor '/home/bfg2h/bumperbot_ws/install/bumperbot_utils/share/bumperbot_utils/hook/cmake_prefix_path.dsv'
[0.974s] INFO:colcon.colcon_core.shell:Creating environment hook '/home/bfg2h/bumperbot_ws/install/bumperbot_utils/share/bumperbot_utils/hook/cmake_prefix_path.sh'
[0.974s] Level 1:colcon.colcon_core.environment:checking '/home/bfg2h/bumperbot_ws/install/bumperbot_utils/lib'
[0.975s] Level 1:colcon.colcon_core.environment:checking '/home/bfg2h/bumperbot_ws/install/bumperbot_utils/bin'
[0.975s] Level 1:colcon.colcon_core.environment:checking '/home/bfg2h/bumperbot_ws/install/bumperbot_utils/lib/pkgconfig/bumperbot_utils.pc'
[0.975s] Level 1:colcon.colcon_core.environment:checking '/home/bfg2h/bumperbot_ws/install/bumperbot_utils/lib/python3.10/site-packages'
[0.975s] Level 1:colcon.colcon_core.environment:checking '/home/bfg2h/bumperbot_ws/install/bumperbot_utils/bin'
[0.975s] INFO:colcon.colcon_core.shell:Creating package script '/home/bfg2h/bumperbot_ws/install/bumperbot_utils/share/bumperbot_utils/package.ps1'
[0.976s] INFO:colcon.colcon_core.shell:Creating package descriptor '/home/bfg2h/bumperbot_ws/install/bumperbot_utils/share/bumperbot_utils/package.dsv'
[0.976s] INFO:colcon.colcon_core.shell:Creating package script '/home/bfg2h/bumperbot_ws/install/bumperbot_utils/share/bumperbot_utils/package.sh'
[0.976s] INFO:colcon.colcon_core.shell:Creating package script '/home/bfg2h/bumperbot_ws/install/bumperbot_utils/share/bumperbot_utils/package.bash'
[0.977s] INFO:colcon.colcon_core.shell:Creating package script '/home/bfg2h/bumperbot_ws/install/bumperbot_utils/share/bumperbot_utils/package.zsh'
[0.977s] Level 1:colcon.colcon_core.environment:create_file_with_runtime_dependencies(/home/bfg2h/bumperbot_ws/install/bumperbot_utils/share/colcon-core/packages/bumperbot_utils)
[0.977s] Level 1:colcon.colcon_core.environment:create_environment_scripts_only(bumperbot_utils)
[0.978s] Level 1:colcon.colcon_core.environment:checking '/home/bfg2h/bumperbot_ws/install/bumperbot_utils' for CMake module files
[0.978s] Level 1:colcon.colcon_core.environment:checking '/home/bfg2h/bumperbot_ws/install/bumperbot_utils' for CMake config files
[0.978s] Level 1:colcon.colcon_core.shell:create_environment_hook('bumperbot_utils', 'cmake_prefix_path')
[0.978s] INFO:colcon.colcon_core.shell:Creating environment hook '/home/bfg2h/bumperbot_ws/install/bumperbot_utils/share/bumperbot_utils/hook/cmake_prefix_path.ps1'
[0.979s] INFO:colcon.colcon_core.shell:Creating environment descriptor '/home/bfg2h/bumperbot_ws/install/bumperbot_utils/share/bumperbot_utils/hook/cmake_prefix_path.dsv'
[0.979s] INFO:colcon.colcon_core.shell:Creating environment hook '/home/bfg2h/bumperbot_ws/install/bumperbot_utils/share/bumperbot_utils/hook/cmake_prefix_path.sh'
[0.979s] Level 1:colcon.colcon_core.environment:checking '/home/bfg2h/bumperbot_ws/install/bumperbot_utils/lib'
[0.980s] Level 1:colcon.colcon_core.environment:checking '/home/bfg2h/bumperbot_ws/install/bumperbot_utils/bin'
[0.980s] Level 1:colcon.colcon_core.environment:checking '/home/bfg2h/bumperbot_ws/install/bumperbot_utils/lib/pkgconfig/bumperbot_utils.pc'
[0.980s] Level 1:colcon.colcon_core.environment:checking '/home/bfg2h/bumperbot_ws/install/bumperbot_utils/lib/python3.10/site-packages'
[0.980s] Level 1:colcon.colcon_core.environment:checking '/home/bfg2h/bumperbot_ws/install/bumperbot_utils/bin'
[0.980s] INFO:colcon.colcon_core.shell:Creating package script '/home/bfg2h/bumperbot_ws/install/bumperbot_utils/share/bumperbot_utils/package.ps1'
[0.981s] INFO:colcon.colcon_core.shell:Creating package descriptor '/home/bfg2h/bumperbot_ws/install/bumperbot_utils/share/bumperbot_utils/package.dsv'
[0.981s] INFO:colcon.colcon_core.shell:Creating package script '/home/bfg2h/bumperbot_ws/install/bumperbot_utils/share/bumperbot_utils/package.sh'
[0.981s] INFO:colcon.colcon_core.shell:Creating package script '/home/bfg2h/bumperbot_ws/install/bumperbot_utils/share/bumperbot_utils/package.bash'
[0.982s] INFO:colcon.colcon_core.shell:Creating package script '/home/bfg2h/bumperbot_ws/install/bumperbot_utils/share/bumperbot_utils/package.zsh'
[0.982s] Level 1:colcon.colcon_core.environment:create_file_with_runtime_dependencies(/home/bfg2h/bumperbot_ws/install/bumperbot_utils/share/colcon-core/packages/bumperbot_utils)
[0.983s] Level 1:colcon.colcon_core.environment:create_environment_scripts_only(bumperbot_localization)
[0.983s] Level 1:colcon.colcon_core.environment:checking '/home/bfg2h/bumperbot_ws/install/bumperbot_localization' for CMake module files
[0.984s] DEBUG:colcon.colcon_core.event_handler.log_command:Invoked command in '/home/bfg2h/bumperbot_ws/build/bumperbot_localization' returned '0': CMAKE_PREFIX_PATH=${CMAKE_PREFIX_PATH}:/home/bfg2h/bumperbot_ws/install/bumperbot_py_examples:/home/bfg2h/ros2_ws/install/my_py_pkg:/home/bfg2h/udemy_ws/install/self_driving_car_pkg:/opt/ros/humble _=/usr/bin/env /usr/bin/cmake --install /home/bfg2h/bumperbot_ws/build/bumperbot_localization
[0.984s] Level 1:colcon.colcon_core.environment:checking '/home/bfg2h/bumperbot_ws/install/bumperbot_localization' for CMake config files
[0.984s] Level 1:colcon.colcon_core.shell:create_environment_hook('bumperbot_localization', 'cmake_prefix_path')
[0.984s] INFO:colcon.colcon_core.shell:Creating environment hook '/home/bfg2h/bumperbot_ws/install/bumperbot_localization/share/bumperbot_localization/hook/cmake_prefix_path.ps1'
[0.985s] INFO:colcon.colcon_core.shell:Creating environment descriptor '/home/bfg2h/bumperbot_ws/install/bumperbot_localization/share/bumperbot_localization/hook/cmake_prefix_path.dsv'
[0.985s] INFO:colcon.colcon_core.shell:Creating environment hook '/home/bfg2h/bumperbot_ws/install/bumperbot_localization/share/bumperbot_localization/hook/cmake_prefix_path.sh'
[0.985s] Level 1:colcon.colcon_core.environment:checking '/home/bfg2h/bumperbot_ws/install/bumperbot_localization/lib'
[0.985s] Level 1:colcon.colcon_core.environment:checking '/home/bfg2h/bumperbot_ws/install/bumperbot_localization/bin'
[0.985s] Level 1:colcon.colcon_core.environment:checking '/home/bfg2h/bumperbot_ws/install/bumperbot_localization/lib/pkgconfig/bumperbot_localization.pc'
[0.986s] Level 1:colcon.colcon_core.environment:checking '/home/bfg2h/bumperbot_ws/install/bumperbot_localization/lib/python3.10/site-packages'
[0.986s] Level 1:colcon.colcon_core.environment:checking '/home/bfg2h/bumperbot_ws/install/bumperbot_localization/bin'
[0.986s] INFO:colcon.colcon_core.shell:Creating package script '/home/bfg2h/bumperbot_ws/install/bumperbot_localization/share/bumperbot_localization/package.ps1'
[0.986s] INFO:colcon.colcon_core.shell:Creating package descriptor '/home/bfg2h/bumperbot_ws/install/bumperbot_localization/share/bumperbot_localization/package.dsv'
[0.987s] INFO:colcon.colcon_core.shell:Creating package script '/home/bfg2h/bumperbot_ws/install/bumperbot_localization/share/bumperbot_localization/package.sh'
[0.987s] INFO:colcon.colcon_core.shell:Creating package script '/home/bfg2h/bumperbot_ws/install/bumperbot_localization/share/bumperbot_localization/package.bash'
[0.987s] INFO:colcon.colcon_core.shell:Creating package script '/home/bfg2h/bumperbot_ws/install/bumperbot_localization/share/bumperbot_localization/package.zsh'
[0.988s] Level 1:colcon.colcon_core.environment:create_file_with_runtime_dependencies(/home/bfg2h/bumperbot_ws/install/bumperbot_localization/share/colcon-core/packages/bumperbot_localization)
[0.988s] Level 1:colcon.colcon_core.environment:create_environment_scripts_only(bumperbot_localization)
[0.988s] Level 1:colcon.colcon_core.environment:checking '/home/bfg2h/bumperbot_ws/install/bumperbot_localization' for CMake module files
[0.989s] Level 1:colcon.colcon_core.environment:checking '/home/bfg2h/bumperbot_ws/install/bumperbot_localization' for CMake config files
[0.989s] Level 1:colcon.colcon_core.shell:create_environment_hook('bumperbot_localization', 'cmake_prefix_path')
[0.989s] INFO:colcon.colcon_core.shell:Creating environment hook '/home/bfg2h/bumperbot_ws/install/bumperbot_localization/share/bumperbot_localization/hook/cmake_prefix_path.ps1'
[0.990s] INFO:colcon.colcon_core.shell:Creating environment descriptor '/home/bfg2h/bumperbot_ws/install/bumperbot_localization/share/bumperbot_localization/hook/cmake_prefix_path.dsv'
[0.990s] INFO:colcon.colcon_core.shell:Creating environment hook '/home/bfg2h/bumperbot_ws/install/bumperbot_localization/share/bumperbot_localization/hook/cmake_prefix_path.sh'
[0.990s] Level 1:colcon.colcon_core.environment:checking '/home/bfg2h/bumperbot_ws/install/bumperbot_localization/lib'
[0.990s] Level 1:colcon.colcon_core.environment:checking '/home/bfg2h/bumperbot_ws/install/bumperbot_localization/bin'
[0.990s] Level 1:colcon.colcon_core.environment:checking '/home/bfg2h/bumperbot_ws/install/bumperbot_localization/lib/pkgconfig/bumperbot_localization.pc'
[0.991s] Level 1:colcon.colcon_core.environment:checking '/home/bfg2h/bumperbot_ws/install/bumperbot_localization/lib/python3.10/site-packages'
[0.991s] Level 1:colcon.colcon_core.environment:checking '/home/bfg2h/bumperbot_ws/install/bumperbot_localization/bin'
[0.991s] INFO:colcon.colcon_core.shell:Creating package script '/home/bfg2h/bumperbot_ws/install/bumperbot_localization/share/bumperbot_localization/package.ps1'
[0.992s] INFO:colcon.colcon_core.shell:Creating package descriptor '/home/bfg2h/bumperbot_ws/install/bumperbot_localization/share/bumperbot_localization/package.dsv'
[0.992s] INFO:colcon.colcon_core.shell:Creating package script '/home/bfg2h/bumperbot_ws/install/bumperbot_localization/share/bumperbot_localization/package.sh'
[0.992s] INFO:colcon.colcon_core.shell:Creating package script '/home/bfg2h/bumperbot_ws/install/bumperbot_localization/share/bumperbot_localization/package.bash'
[0.993s] INFO:colcon.colcon_core.shell:Creating package script '/home/bfg2h/bumperbot_ws/install/bumperbot_localization/share/bumperbot_localization/package.zsh'
[0.993s] Level 1:colcon.colcon_core.environment:create_file_with_runtime_dependencies(/home/bfg2h/bumperbot_ws/install/bumperbot_localization/share/colcon-core/packages/bumperbot_localization)
[0.997s] DEBUG:colcon.colcon_core.event_handler.log_command:Invoking command in '/home/bfg2h/bumperbot_ws/build/bumperbot_cpp_examples': CMAKE_PREFIX_PATH=/home/bfg2h/bumperbot_ws/install/bumperbot_msgs:/home/bfg2h/bumperbot_ws/install/bumperbot_utils:/home/bfg2h/bumperbot_ws/install/bumperbot_cpp_examples:/home/bfg2h/bumperbot_ws/install/bumperbot_localization:/home/bfg2h/bumperbot_ws/install/bumperbot_description:/home/bfg2h/bumperbot_ws/install/bumperbot_controller:/home/bfg2h/manipulator_ws/install/arduinobot_moveit:/home/bfg2h/manipulator_ws/install/arduinobot_controllers:/home/bfg2h/manipulator_ws/install/arduinobot_description:/home/bfg2h/turtlebot3_ws/install/turtlebot3_simulations:/home/bfg2h/turtlebot3_ws/install/turtlebot3_gazebo:/home/bfg2h/turtlebot3_ws/install/turtlebot3_fake_node:/home/bfg2h/ros2_ws/install/my_cpp_pkg:/home/bfg2h/bumperbot_ws/install/bumperbot_py_examples:/home/bfg2h/ros2_ws/install/my_py_pkg:/home/bfg2h/udemy_ws/install/self_driving_car_pkg:/opt/ros/humble LD_LIBRARY_PATH=/home/bfg2h/bumperbot_ws/install/bumperbot_msgs/lib:/home/bfg2h/bumperbot_ws/install/bumperbot_cpp_examples/lib:/usr/lib/x86_64-linux-gnu/gazebo-11/plugins:/opt/ros/humble/opt/rviz_ogre_vendor/lib:/opt/ros/humble/lib/x86_64-linux-gnu:/opt/ros/humble/lib:/usr/share/gazebo/../../lib/x86_64-linux-gnu/gazebo-11/plugins _=/usr/bin/env /usr/bin/cmake --build /home/bfg2h/bumperbot_ws/build/bumperbot_cpp_examples -- -j16 -l16
[1.294s] INFO:colcon.colcon_core.task.python.build:Building Python package in '/home/bfg2h/bumperbot_ws/src/bumperbot_py_examples'
[1.294s] INFO:colcon.colcon_core.shell:Skip shell extension 'powershell' for command environment: Not usable outside of PowerShell
[1.294s] DEBUG:colcon.colcon_core.shell:Skip shell extension 'dsv' for command environment
[1.599s] DEBUG:colcon.colcon_core.event_handler.log_command:Invoked command in '/home/bfg2h/bumperbot_ws/build/bumperbot_cpp_examples' returned '0': CMAKE_PREFIX_PATH=/home/bfg2h/bumperbot_ws/install/bumperbot_msgs:/home/bfg2h/bumperbot_ws/install/bumperbot_utils:/home/bfg2h/bumperbot_ws/install/bumperbot_cpp_examples:/home/bfg2h/bumperbot_ws/install/bumperbot_localization:/home/bfg2h/bumperbot_ws/install/bumperbot_description:/home/bfg2h/bumperbot_ws/install/bumperbot_controller:/home/bfg2h/manipulator_ws/install/arduinobot_moveit:/home/bfg2h/manipulator_ws/install/arduinobot_controllers:/home/bfg2h/manipulator_ws/install/arduinobot_description:/home/bfg2h/turtlebot3_ws/install/turtlebot3_simulations:/home/bfg2h/turtlebot3_ws/install/turtlebot3_gazebo:/home/bfg2h/turtlebot3_ws/install/turtlebot3_fake_node:/home/bfg2h/ros2_ws/install/my_cpp_pkg:/home/bfg2h/bumperbot_ws/install/bumperbot_py_examples:/home/bfg2h/ros2_ws/install/my_py_pkg:/home/bfg2h/udemy_ws/install/self_driving_car_pkg:/opt/ros/humble LD_LIBRARY_PATH=/home/bfg2h/bumperbot_ws/install/bumperbot_msgs/lib:/home/bfg2h/bumperbot_ws/install/bumperbot_cpp_examples/lib:/usr/lib/x86_64-linux-gnu/gazebo-11/plugins:/opt/ros/humble/opt/rviz_ogre_vendor/lib:/opt/ros/humble/lib/x86_64-linux-gnu:/opt/ros/humble/lib:/usr/share/gazebo/../../lib/x86_64-linux-gnu/gazebo-11/plugins _=/usr/bin/env /usr/bin/cmake --build /home/bfg2h/bumperbot_ws/build/bumperbot_cpp_examples -- -j16 -l16
[1.600s] DEBUG:colcon.colcon_core.event_handler.log_command:Invoking command in '/home/bfg2h/bumperbot_ws/build/bumperbot_cpp_examples': CMAKE_PREFIX_PATH=/home/bfg2h/bumperbot_ws/install/bumperbot_msgs:/home/bfg2h/bumperbot_ws/install/bumperbot_utils:/home/bfg2h/bumperbot_ws/install/bumperbot_cpp_examples:/home/bfg2h/bumperbot_ws/install/bumperbot_localization:/home/bfg2h/bumperbot_ws/install/bumperbot_description:/home/bfg2h/bumperbot_ws/install/bumperbot_controller:/home/bfg2h/manipulator_ws/install/arduinobot_moveit:/home/bfg2h/manipulator_ws/install/arduinobot_controllers:/home/bfg2h/manipulator_ws/install/arduinobot_description:/home/bfg2h/turtlebot3_ws/install/turtlebot3_simulations:/home/bfg2h/turtlebot3_ws/install/turtlebot3_gazebo:/home/bfg2h/turtlebot3_ws/install/turtlebot3_fake_node:/home/bfg2h/ros2_ws/install/my_cpp_pkg:/home/bfg2h/bumperbot_ws/install/bumperbot_py_examples:/home/bfg2h/ros2_ws/install/my_py_pkg:/home/bfg2h/udemy_ws/install/self_driving_car_pkg:/opt/ros/humble LD_LIBRARY_PATH=/home/bfg2h/bumperbot_ws/install/bumperbot_msgs/lib:/home/bfg2h/bumperbot_ws/install/bumperbot_cpp_examples/lib:/usr/lib/x86_64-linux-gnu/gazebo-11/plugins:/opt/ros/humble/opt/rviz_ogre_vendor/lib:/opt/ros/humble/lib/x86_64-linux-gnu:/opt/ros/humble/lib:/usr/share/gazebo/../../lib/x86_64-linux-gnu/gazebo-11/plugins _=/usr/bin/env /usr/bin/cmake --install /home/bfg2h/bumperbot_ws/build/bumperbot_cpp_examples
[1.607s] Level 1:colcon.colcon_core.environment:create_environment_scripts_only(bumperbot_cpp_examples)
[1.608s] DEBUG:colcon.colcon_core.event_handler.log_command:Invoked command in '/home/bfg2h/bumperbot_ws/build/bumperbot_cpp_examples' returned '0': CMAKE_PREFIX_PATH=/home/bfg2h/bumperbot_ws/install/bumperbot_msgs:/home/bfg2h/bumperbot_ws/install/bumperbot_utils:/home/bfg2h/bumperbot_ws/install/bumperbot_cpp_examples:/home/bfg2h/bumperbot_ws/install/bumperbot_localization:/home/bfg2h/bumperbot_ws/install/bumperbot_description:/home/bfg2h/bumperbot_ws/install/bumperbot_controller:/home/bfg2h/manipulator_ws/install/arduinobot_moveit:/home/bfg2h/manipulator_ws/install/arduinobot_controllers:/home/bfg2h/manipulator_ws/install/arduinobot_description:/home/bfg2h/turtlebot3_ws/install/turtlebot3_simulations:/home/bfg2h/turtlebot3_ws/install/turtlebot3_gazebo:/home/bfg2h/turtlebot3_ws/install/turtlebot3_fake_node:/home/bfg2h/ros2_ws/install/my_cpp_pkg:/home/bfg2h/bumperbot_ws/install/bumperbot_py_examples:/home/bfg2h/ros2_ws/install/my_py_pkg:/home/bfg2h/udemy_ws/install/self_driving_car_pkg:/opt/ros/humble LD_LIBRARY_PATH=/home/bfg2h/bumperbot_ws/install/bumperbot_msgs/lib:/home/bfg2h/bumperbot_ws/install/bumperbot_cpp_examples/lib:/usr/lib/x86_64-linux-gnu/gazebo-11/plugins:/opt/ros/humble/opt/rviz_ogre_vendor/lib:/opt/ros/humble/lib/x86_64-linux-gnu:/opt/ros/humble/lib:/usr/share/gazebo/../../lib/x86_64-linux-gnu/gazebo-11/plugins _=/usr/bin/env /usr/bin/cmake --install /home/bfg2h/bumperbot_ws/build/bumperbot_cpp_examples
[1.608s] Level 1:colcon.colcon_core.environment:checking '/home/bfg2h/bumperbot_ws/install/bumperbot_cpp_examples' for CMake module files
[1.609s] Level 1:colcon.colcon_core.environment:checking '/home/bfg2h/bumperbot_ws/install/bumperbot_cpp_examples' for CMake config files
[1.609s] Level 1:colcon.colcon_core.shell:create_environment_hook('bumperbot_cpp_examples', 'cmake_prefix_path')
[1.609s] INFO:colcon.colcon_core.shell:Creating environment hook '/home/bfg2h/bumperbot_ws/install/bumperbot_cpp_examples/share/bumperbot_cpp_examples/hook/cmake_prefix_path.ps1'
[1.610s] INFO:colcon.colcon_core.shell:Creating environment descriptor '/home/bfg2h/bumperbot_ws/install/bumperbot_cpp_examples/share/bumperbot_cpp_examples/hook/cmake_prefix_path.dsv'
[1.610s] INFO:colcon.colcon_core.shell:Creating environment hook '/home/bfg2h/bumperbot_ws/install/bumperbot_cpp_examples/share/bumperbot_cpp_examples/hook/cmake_prefix_path.sh'
[1.611s] Level 1:colcon.colcon_core.environment:checking '/home/bfg2h/bumperbot_ws/install/bumperbot_cpp_examples/lib'
[1.611s] Level 1:colcon.colcon_core.shell:create_environment_hook('bumperbot_cpp_examples', 'ld_library_path_lib')
[1.611s] INFO:colcon.colcon_core.shell:Creating environment hook '/home/bfg2h/bumperbot_ws/install/bumperbot_cpp_examples/share/bumperbot_cpp_examples/hook/ld_library_path_lib.ps1'
[1.611s] INFO:colcon.colcon_core.shell:Creating environment descriptor '/home/bfg2h/bumperbot_ws/install/bumperbot_cpp_examples/share/bumperbot_cpp_examples/hook/ld_library_path_lib.dsv'
[1.612s] INFO:colcon.colcon_core.shell:Creating environment hook '/home/bfg2h/bumperbot_ws/install/bumperbot_cpp_examples/share/bumperbot_cpp_examples/hook/ld_library_path_lib.sh'
[1.612s] Level 1:colcon.colcon_core.environment:checking '/home/bfg2h/bumperbot_ws/install/bumperbot_cpp_examples/bin'
[1.612s] Level 1:colcon.colcon_core.environment:checking '/home/bfg2h/bumperbot_ws/install/bumperbot_cpp_examples/lib/pkgconfig/bumperbot_cpp_examples.pc'
[1.612s] Level 1:colcon.colcon_core.environment:checking '/home/bfg2h/bumperbot_ws/install/bumperbot_cpp_examples/lib/python3.10/site-packages'
[1.613s] Level 1:colcon.colcon_core.environment:checking '/home/bfg2h/bumperbot_ws/install/bumperbot_cpp_examples/bin'
[1.613s] INFO:colcon.colcon_core.shell:Creating package script '/home/bfg2h/bumperbot_ws/install/bumperbot_cpp_examples/share/bumperbot_cpp_examples/package.ps1'
[1.614s] INFO:colcon.colcon_core.shell:Creating package descriptor '/home/bfg2h/bumperbot_ws/install/bumperbot_cpp_examples/share/bumperbot_cpp_examples/package.dsv'
[1.614s] INFO:colcon.colcon_core.shell:Creating package script '/home/bfg2h/bumperbot_ws/install/bumperbot_cpp_examples/share/bumperbot_cpp_examples/package.sh'
[1.615s] INFO:colcon.colcon_core.shell:Creating package script '/home/bfg2h/bumperbot_ws/install/bumperbot_cpp_examples/share/bumperbot_cpp_examples/package.bash'
[1.615s] INFO:colcon.colcon_core.shell:Creating package script '/home/bfg2h/bumperbot_ws/install/bumperbot_cpp_examples/share/bumperbot_cpp_examples/package.zsh'
[1.615s] Level 1:colcon.colcon_core.environment:create_file_with_runtime_dependencies(/home/bfg2h/bumperbot_ws/install/bumperbot_cpp_examples/share/colcon-core/packages/bumperbot_cpp_examples)
[1.616s] Level 1:colcon.colcon_core.environment:create_environment_scripts_only(bumperbot_cpp_examples)
[1.616s] Level 1:colcon.colcon_core.environment:checking '/home/bfg2h/bumperbot_ws/install/bumperbot_cpp_examples' for CMake module files
[1.617s] Level 1:colcon.colcon_core.environment:checking '/home/bfg2h/bumperbot_ws/install/bumperbot_cpp_examples' for CMake config files
[1.617s] Level 1:colcon.colcon_core.shell:create_environment_hook('bumperbot_cpp_examples', 'cmake_prefix_path')
[1.617s] INFO:colcon.colcon_core.shell:Creating environment hook '/home/bfg2h/bumperbot_ws/install/bumperbot_cpp_examples/share/bumperbot_cpp_examples/hook/cmake_prefix_path.ps1'
[1.618s] INFO:colcon.colcon_core.shell:Creating environment descriptor '/home/bfg2h/bumperbot_ws/install/bumperbot_cpp_examples/share/bumperbot_cpp_examples/hook/cmake_prefix_path.dsv'
[1.618s] INFO:colcon.colcon_core.shell:Creating environment hook '/home/bfg2h/bumperbot_ws/install/bumperbot_cpp_examples/share/bumperbot_cpp_examples/hook/cmake_prefix_path.sh'
[1.619s] Level 1:colcon.colcon_core.environment:checking '/home/bfg2h/bumperbot_ws/install/bumperbot_cpp_examples/lib'
[1.619s] Level 1:colcon.colcon_core.shell:create_environment_hook('bumperbot_cpp_examples', 'ld_library_path_lib')
[1.619s] INFO:colcon.colcon_core.shell:Creating environment hook '/home/bfg2h/bumperbot_ws/install/bumperbot_cpp_examples/share/bumperbot_cpp_examples/hook/ld_library_path_lib.ps1'
[1.619s] INFO:colcon.colcon_core.shell:Creating environment descriptor '/home/bfg2h/bumperbot_ws/install/bumperbot_cpp_examples/share/bumperbot_cpp_examples/hook/ld_library_path_lib.dsv'
[1.620s] INFO:colcon.colcon_core.shell:Creating environment hook '/home/bfg2h/bumperbot_ws/install/bumperbot_cpp_examples/share/bumperbot_cpp_examples/hook/ld_library_path_lib.sh'
[1.620s] Level 1:colcon.colcon_core.environment:checking '/home/bfg2h/bumperbot_ws/install/bumperbot_cpp_examples/bin'
[1.620s] Level 1:colcon.colcon_core.environment:checking '/home/bfg2h/bumperbot_ws/install/bumperbot_cpp_examples/lib/pkgconfig/bumperbot_cpp_examples.pc'
[1.621s] Level 1:colcon.colcon_core.environment:checking '/home/bfg2h/bumperbot_ws/install/bumperbot_cpp_examples/lib/python3.10/site-packages'
[1.621s] Level 1:colcon.colcon_core.environment:checking '/home/bfg2h/bumperbot_ws/install/bumperbot_cpp_examples/bin'
[1.621s] INFO:colcon.colcon_core.shell:Creating package script '/home/bfg2h/bumperbot_ws/install/bumperbot_cpp_examples/share/bumperbot_cpp_examples/package.ps1'
[1.622s] INFO:colcon.colcon_core.shell:Creating package descriptor '/home/bfg2h/bumperbot_ws/install/bumperbot_cpp_examples/share/bumperbot_cpp_examples/package.dsv'
[1.623s] INFO:colcon.colcon_core.shell:Creating package script '/home/bfg2h/bumperbot_ws/install/bumperbot_cpp_examples/share/bumperbot_cpp_examples/package.sh'
[1.623s] INFO:colcon.colcon_core.shell:Creating package script '/home/bfg2h/bumperbot_ws/install/bumperbot_cpp_examples/share/bumperbot_cpp_examples/package.bash'
[1.624s] INFO:colcon.colcon_core.shell:Creating package script '/home/bfg2h/bumperbot_ws/install/bumperbot_cpp_examples/share/bumperbot_cpp_examples/package.zsh'
[1.624s] Level 1:colcon.colcon_core.environment:create_file_with_runtime_dependencies(/home/bfg2h/bumperbot_ws/install/bumperbot_cpp_examples/share/colcon-core/packages/bumperbot_cpp_examples)
[1.701s] DEBUG:colcon.colcon_core.event_handler.log_command:Invoking command in '/home/bfg2h/bumperbot_ws/src/bumperbot_py_examples': CMAKE_PREFIX_PATH=/home/bfg2h/bumperbot_ws/install/bumperbot_msgs:/home/bfg2h/bumperbot_ws/install/bumperbot_utils:/home/bfg2h/bumperbot_ws/install/bumperbot_cpp_examples:/home/bfg2h/bumperbot_ws/install/bumperbot_localization:/home/bfg2h/bumperbot_ws/install/bumperbot_description:/home/bfg2h/bumperbot_ws/install/bumperbot_controller:/home/bfg2h/manipulator_ws/install/arduinobot_moveit:/home/bfg2h/manipulator_ws/install/arduinobot_controllers:/home/bfg2h/manipulator_ws/install/arduinobot_description:/home/bfg2h/turtlebot3_ws/install/turtlebot3_simulations:/home/bfg2h/turtlebot3_ws/install/turtlebot3_gazebo:/home/bfg2h/turtlebot3_ws/install/turtlebot3_fake_node:/home/bfg2h/ros2_ws/install/my_cpp_pkg LD_LIBRARY_PATH=/home/bfg2h/bumperbot_ws/install/bumperbot_msgs/lib:/home/bfg2h/bumperbot_ws/install/bumperbot_cpp_examples/lib:/usr/lib/x86_64-linux-gnu/gazebo-11/plugins:/opt/ros/humble/opt/rviz_ogre_vendor/lib:/opt/ros/humble/lib/x86_64-linux-gnu:/opt/ros/humble/lib:/usr/share/gazebo/../../lib/x86_64-linux-gnu/gazebo-11/plugins PYTHONPATH=/home/bfg2h/bumperbot_ws/build/bumperbot_py_examples/prefix_override:/usr/lib/python3/dist-packages/colcon_core/task/python/colcon_distutils_commands:/home/bfg2h/bumperbot_ws/install/bumperbot_py_examples/lib/python3.10/site-packages:${PYTHONPATH} _=/usr/bin/env /usr/bin/python3 -W ignore:setup.py install is deprecated -W ignore:easy_install command is deprecated setup.py egg_info --egg-base ../../build/bumperbot_py_examples build --build-base /home/bfg2h/bumperbot_ws/build/bumperbot_py_examples/build install --record /home/bfg2h/bumperbot_ws/build/bumperbot_py_examples/install.log --single-version-externally-managed install_data
[2.010s] Level 1:colcon.colcon_core.environment:checking '/home/bfg2h/bumperbot_ws/install/bumperbot_py_examples' for CMake module files
[2.011s] DEBUG:colcon.colcon_core.event_handler.log_command:Invoked command in '/home/bfg2h/bumperbot_ws/src/bumperbot_py_examples' returned '0': CMAKE_PREFIX_PATH=/home/bfg2h/bumperbot_ws/install/bumperbot_msgs:/home/bfg2h/bumperbot_ws/install/bumperbot_utils:/home/bfg2h/bumperbot_ws/install/bumperbot_cpp_examples:/home/bfg2h/bumperbot_ws/install/bumperbot_localization:/home/bfg2h/bumperbot_ws/install/bumperbot_description:/home/bfg2h/bumperbot_ws/install/bumperbot_controller:/home/bfg2h/manipulator_ws/install/arduinobot_moveit:/home/bfg2h/manipulator_ws/install/arduinobot_controllers:/home/bfg2h/manipulator_ws/install/arduinobot_description:/home/bfg2h/turtlebot3_ws/install/turtlebot3_simulations:/home/bfg2h/turtlebot3_ws/install/turtlebot3_gazebo:/home/bfg2h/turtlebot3_ws/install/turtlebot3_fake_node:/home/bfg2h/ros2_ws/install/my_cpp_pkg LD_LIBRARY_PATH=/home/bfg2h/bumperbot_ws/install/bumperbot_msgs/lib:/home/bfg2h/bumperbot_ws/install/bumperbot_cpp_examples/lib:/usr/lib/x86_64-linux-gnu/gazebo-11/plugins:/opt/ros/humble/opt/rviz_ogre_vendor/lib:/opt/ros/humble/lib/x86_64-linux-gnu:/opt/ros/humble/lib:/usr/share/gazebo/../../lib/x86_64-linux-gnu/gazebo-11/plugins PYTHONPATH=/home/bfg2h/bumperbot_ws/build/bumperbot_py_examples/prefix_override:/usr/lib/python3/dist-packages/colcon_core/task/python/colcon_distutils_commands:/home/bfg2h/bumperbot_ws/install/bumperbot_py_examples/lib/python3.10/site-packages:${PYTHONPATH} _=/usr/bin/env /usr/bin/python3 -W ignore:setup.py install is deprecated -W ignore:easy_install command is deprecated setup.py egg_info --egg-base ../../build/bumperbot_py_examples build --build-base /home/bfg2h/bumperbot_ws/build/bumperbot_py_examples/build install --record /home/bfg2h/bumperbot_ws/build/bumperbot_py_examples/install.log --single-version-externally-managed install_data
[2.011s] Level 1:colcon.colcon_core.environment:checking '/home/bfg2h/bumperbot_ws/install/bumperbot_py_examples' for CMake config files
[2.011s] Level 1:colcon.colcon_core.environment:checking '/home/bfg2h/bumperbot_ws/install/bumperbot_py_examples/lib'
[2.011s] Level 1:colcon.colcon_core.environment:checking '/home/bfg2h/bumperbot_ws/install/bumperbot_py_examples/bin'
[2.011s] Level 1:colcon.colcon_core.environment:checking '/home/bfg2h/bumperbot_ws/install/bumperbot_py_examples/lib/pkgconfig/bumperbot_py_examples.pc'
[2.011s] Level 1:colcon.colcon_core.environment:checking '/home/bfg2h/bumperbot_ws/install/bumperbot_py_examples/lib/python3.10/site-packages'
[2.011s] Level 1:colcon.colcon_core.shell:create_environment_hook('bumperbot_py_examples', 'pythonpath')
[2.012s] INFO:colcon.colcon_core.shell:Creating environment hook '/home/bfg2h/bumperbot_ws/install/bumperbot_py_examples/share/bumperbot_py_examples/hook/pythonpath.ps1'
[2.012s] INFO:colcon.colcon_core.shell:Creating environment descriptor '/home/bfg2h/bumperbot_ws/install/bumperbot_py_examples/share/bumperbot_py_examples/hook/pythonpath.dsv'
[2.012s] INFO:colcon.colcon_core.shell:Creating environment hook '/home/bfg2h/bumperbot_ws/install/bumperbot_py_examples/share/bumperbot_py_examples/hook/pythonpath.sh'
[2.013s] Level 1:colcon.colcon_core.environment:checking '/home/bfg2h/bumperbot_ws/install/bumperbot_py_examples/bin'
[2.013s] Level 1:colcon.colcon_core.environment:create_environment_scripts_only(bumperbot_py_examples)
[2.013s] INFO:colcon.colcon_core.shell:Creating package script '/home/bfg2h/bumperbot_ws/install/bumperbot_py_examples/share/bumperbot_py_examples/package.ps1'
[2.013s] INFO:colcon.colcon_core.shell:Creating package descriptor '/home/bfg2h/bumperbot_ws/install/bumperbot_py_examples/share/bumperbot_py_examples/package.dsv'
[2.014s] INFO:colcon.colcon_core.shell:Creating package script '/home/bfg2h/bumperbot_ws/install/bumperbot_py_examples/share/bumperbot_py_examples/package.sh'
[2.014s] INFO:colcon.colcon_core.shell:Creating package script '/home/bfg2h/bumperbot_ws/install/bumperbot_py_examples/share/bumperbot_py_examples/package.bash'
[2.014s] INFO:colcon.colcon_core.shell:Creating package script '/home/bfg2h/bumperbot_ws/install/bumperbot_py_examples/share/bumperbot_py_examples/package.zsh'
[2.014s] Level 1:colcon.colcon_core.environment:create_file_with_runtime_dependencies(/home/bfg2h/bumperbot_ws/install/bumperbot_py_examples/share/colcon-core/packages/bumperbot_py_examples)
[2.015s] DEBUG:colcon.colcon_parallel_executor.executor.parallel:closing loop
[2.015s] DEBUG:colcon.colcon_parallel_executor.executor.parallel:loop closed
[2.015s] DEBUG:colcon.colcon_parallel_executor.executor.parallel:run_until_complete finished with '0'
[2.015s] DEBUG:colcon.colcon_core.event_reactor:joining thread
[2.019s] INFO:colcon.colcon_core.plugin_system:Skipping extension 'colcon_notification.desktop_notification.terminal_notifier': Not used on non-Darwin systems
[2.019s] INFO:colcon.colcon_core.plugin_system:Skipping extension 'colcon_notification.desktop_notification.win32': Not used on non-Windows systems
[2.019s] INFO:colcon.colcon_notification.desktop_notification:Sending desktop notification using 'notify2'
[2.023s] DEBUG:colcon.colcon_core.event_reactor:joined thread
[2.023s] INFO:colcon.colcon_core.shell:Creating prefix script '/home/bfg2h/bumperbot_ws/install/local_setup.ps1'
[2.024s] INFO:colcon.colcon_core.shell:Creating prefix util module '/home/bfg2h/bumperbot_ws/install/_local_setup_util_ps1.py'
[2.025s] INFO:colcon.colcon_core.shell:Creating prefix chain script '/home/bfg2h/bumperbot_ws/install/setup.ps1'
[2.026s] INFO:colcon.colcon_core.shell:Creating prefix script '/home/bfg2h/bumperbot_ws/install/local_setup.sh'
[2.026s] INFO:colcon.colcon_core.shell:Creating prefix util module '/home/bfg2h/bumperbot_ws/install/_local_setup_util_sh.py'
[2.027s] INFO:colcon.colcon_core.shell:Creating prefix chain script '/home/bfg2h/bumperbot_ws/install/setup.sh'
[2.028s] INFO:colcon.colcon_core.shell:Creating prefix script '/home/bfg2h/bumperbot_ws/install/local_setup.bash'
[2.028s] INFO:colcon.colcon_core.shell:Creating prefix chain script '/home/bfg2h/bumperbot_ws/install/setup.bash'
[2.029s] INFO:colcon.colcon_core.shell:Creating prefix script '/home/bfg2h/bumperbot_ws/install/local_setup.zsh'
[2.030s] INFO:colcon.colcon_core.shell:Creating prefix chain script '/home/bfg2h/bumperbot_ws/install/setup.zsh'
