[0.022s] Invoking command in '/home/bfg2h/bumperbot_ws/build/bumperbot_controller': CMAKE_PREFIX_PATH=${CMAKE_PREFIX_PATH}:/home/bfg2h/bumperbot_ws/install/bumperbot_py_examples:/home/bfg2h/ros2_ws/install/my_py_pkg:/home/bfg2h/udemy_ws/install/self_driving_car_pkg:/opt/ros/humble _=/usr/bin/env /usr/bin/cmake /home/bfg2h/bumperbot_ws/src/bumperbot_controller -DCMAKE_INSTALL_PREFIX=/home/bfg2h/bumperbot_ws/install/bumperbot_controller
[0.068s] -- The C compiler identification is GNU 11.4.0
[0.116s] -- The CXX compiler identification is GNU 11.4.0
[0.122s] -- Detecting C compiler ABI info
[0.181s] -- Detecting C compiler ABI info - done
[0.194s] -- Check for working C compiler: /usr/bin/cc - skipped
[0.194s] -- Detecting C compile features
[0.195s] -- Detecting C compile features - done
[0.199s] -- Detecting CXX compiler ABI info
[0.268s] -- Detecting CXX compiler ABI info - done
[0.276s] -- Check for working CXX compiler: /usr/bin/c++ - skipped
[0.276s] -- Detecting CXX compile features
[0.276s] -- Detecting CXX compile features - done
[0.279s] -- Found ament_cmake: 1.3.10 (/opt/ros/humble/share/ament_cmake/cmake)
[0.433s] -- Found Python3: /usr/bin/python3 (found version "3.10.12") found components: Interpreter 
[0.537s] -- Found rclcpp: 16.0.10 (/opt/ros/humble/share/rclcpp/cmake)
[0.590s] -- Found rosidl_generator_c: 3.1.5 (/opt/ros/humble/share/rosidl_generator_c/cmake)
[0.597s] -- Found rosidl_adapter: 3.1.5 (/opt/ros/humble/share/rosidl_adapter/cmake)
[0.606s] -- Found rosidl_generator_cpp: 3.1.5 (/opt/ros/humble/share/rosidl_generator_cpp/cmake)
[0.620s] -- Using all available rosidl_typesupport_c: rosidl_typesupport_fastrtps_c;rosidl_typesupport_introspection_c
[0.639s] -- Using all available rosidl_typesupport_cpp: rosidl_typesupport_fastrtps_cpp;rosidl_typesupport_introspection_cpp
[0.693s] -- Found rmw_implementation_cmake: 6.1.2 (/opt/ros/humble/share/rmw_implementation_cmake/cmake)
[0.697s] -- Found rmw_fastrtps_cpp: 6.2.7 (/opt/ros/humble/share/rmw_fastrtps_cpp/cmake)
[0.789s] -- Found OpenSSL: /usr/lib/x86_64-linux-gnu/libcrypto.so (found version "3.0.2")  
[0.831s] -- Found FastRTPS: /opt/ros/humble/include  
[0.876s] -- Using RMW implementation 'rmw_fastrtps_cpp' as default
[0.887s] -- Looking for pthread.h
[0.946s] -- Looking for pthread.h - found
[0.946s] -- Performing Test CMAKE_HAVE_LIBC_PTHREAD
[1.003s] -- Performing Test CMAKE_HAVE_LIBC_PTHREAD - Success
[1.004s] -- Found Threads: TRUE  
[1.059s] -- Found rclpy: 3.3.14 (/opt/ros/humble/share/rclpy/cmake)
[1.062s] -- Found geometry_msgs: 4.2.4 (/opt/ros/humble/share/geometry_msgs/cmake)
[1.084s] -- Found sensor_msgs: 4.2.4 (/opt/ros/humble/share/sensor_msgs/cmake)
[1.103s] -- Found nav_msgs: 4.2.4 (/opt/ros/humble/share/nav_msgs/cmake)
[1.122s] -- Found tf2: 0.25.8 (/opt/ros/humble/share/tf2/cmake)
[1.135s] -- Found tf2_ros: 0.25.9 (/opt/ros/humble/share/tf2_ros/cmake)
[1.390s] -- Configuring done
[1.404s] -- Generating done
[1.405s] -- Build files have been written to: /home/bfg2h/bumperbot_ws/build/bumperbot_controller
[1.415s] Invoked command in '/home/bfg2h/bumperbot_ws/build/bumperbot_controller' returned '0': CMAKE_PREFIX_PATH=${CMAKE_PREFIX_PATH}:/home/bfg2h/bumperbot_ws/install/bumperbot_py_examples:/home/bfg2h/ros2_ws/install/my_py_pkg:/home/bfg2h/udemy_ws/install/self_driving_car_pkg:/opt/ros/humble _=/usr/bin/env /usr/bin/cmake /home/bfg2h/bumperbot_ws/src/bumperbot_controller -DCMAKE_INSTALL_PREFIX=/home/bfg2h/bumperbot_ws/install/bumperbot_controller
[1.417s] Invoking command in '/home/bfg2h/bumperbot_ws/build/bumperbot_controller': CMAKE_PREFIX_PATH=${CMAKE_PREFIX_PATH}:/home/bfg2h/bumperbot_ws/install/bumperbot_py_examples:/home/bfg2h/ros2_ws/install/my_py_pkg:/home/bfg2h/udemy_ws/install/self_driving_car_pkg:/opt/ros/humble _=/usr/bin/env /usr/bin/cmake --build /home/bfg2h/bumperbot_ws/build/bumperbot_controller -- -j16 -l16
[1.451s] [35m[1mConsolidate compiler generated dependencies of target noisy_controller[0m
[1.451s] [35m[1mConsolidate compiler generated dependencies of target simple_controller[0m
[1.465s] [ 25%] Built target ament_cmake_python_copy_bumperbot_controller
[1.465s] [ 50%] Built target noisy_controller
[1.466s] [100%] Built target simple_controller
[1.787s] running egg_info
[1.788s] writing bumperbot_controller.egg-info/PKG-INFO
[1.788s] writing dependency_links to bumperbot_controller.egg-info/dependency_links.txt
[1.788s] writing top-level names to bumperbot_controller.egg-info/top_level.txt
[1.790s] reading manifest file 'bumperbot_controller.egg-info/SOURCES.txt'
[1.791s] writing manifest file 'bumperbot_controller.egg-info/SOURCES.txt'
[1.816s] [100%] Built target ament_cmake_python_build_bumperbot_controller_egg
[1.826s] Invoked command in '/home/bfg2h/bumperbot_ws/build/bumperbot_controller' returned '0': CMAKE_PREFIX_PATH=${CMAKE_PREFIX_PATH}:/home/bfg2h/bumperbot_ws/install/bumperbot_py_examples:/home/bfg2h/ros2_ws/install/my_py_pkg:/home/bfg2h/udemy_ws/install/self_driving_car_pkg:/opt/ros/humble _=/usr/bin/env /usr/bin/cmake --build /home/bfg2h/bumperbot_ws/build/bumperbot_controller -- -j16 -l16
[1.855s] Invoking command in '/home/bfg2h/bumperbot_ws/build/bumperbot_controller': CMAKE_PREFIX_PATH=${CMAKE_PREFIX_PATH}:/home/bfg2h/bumperbot_ws/install/bumperbot_py_examples:/home/bfg2h/ros2_ws/install/my_py_pkg:/home/bfg2h/udemy_ws/install/self_driving_car_pkg:/opt/ros/humble _=/usr/bin/env /usr/bin/cmake --install /home/bfg2h/bumperbot_ws/build/bumperbot_controller
[1.862s] -- Install configuration: ""
[1.862s] -- Up-to-date: /home/bfg2h/bumperbot_ws/install/bumperbot_controller/share/bumperbot_controller/environment/pythonpath.sh
[1.862s] -- Installing: /home/bfg2h/bumperbot_ws/install/bumperbot_controller/share/bumperbot_controller/environment/pythonpath.dsv
[1.862s] -- Up-to-date: /home/bfg2h/bumperbot_ws/install/bumperbot_controller/local/lib/python3.10/dist-packages/bumperbot_controller-0.0.0-py3.10.egg-info
[1.862s] -- Installing: /home/bfg2h/bumperbot_ws/install/bumperbot_controller/local/lib/python3.10/dist-packages/bumperbot_controller-0.0.0-py3.10.egg-info/top_level.txt
[1.862s] -- Installing: /home/bfg2h/bumperbot_ws/install/bumperbot_controller/local/lib/python3.10/dist-packages/bumperbot_controller-0.0.0-py3.10.egg-info/PKG-INFO
[1.862s] -- Installing: /home/bfg2h/bumperbot_ws/install/bumperbot_controller/local/lib/python3.10/dist-packages/bumperbot_controller-0.0.0-py3.10.egg-info/SOURCES.txt
[1.862s] -- Installing: /home/bfg2h/bumperbot_ws/install/bumperbot_controller/local/lib/python3.10/dist-packages/bumperbot_controller-0.0.0-py3.10.egg-info/dependency_links.txt
[1.862s] -- Up-to-date: /home/bfg2h/bumperbot_ws/install/bumperbot_controller/local/lib/python3.10/dist-packages/bumperbot_controller
[1.862s] -- Installing: /home/bfg2h/bumperbot_ws/install/bumperbot_controller/local/lib/python3.10/dist-packages/bumperbot_controller/simple_controller.py
[1.862s] -- Up-to-date: /home/bfg2h/bumperbot_ws/install/bumperbot_controller/local/lib/python3.10/dist-packages/bumperbot_controller/simple_controller2.py
[1.862s] -- Up-to-date: /home/bfg2h/bumperbot_ws/install/bumperbot_controller/local/lib/python3.10/dist-packages/bumperbot_controller/__init__.py
[1.862s] -- Installing: /home/bfg2h/bumperbot_ws/install/bumperbot_controller/local/lib/python3.10/dist-packages/bumperbot_controller/noisy_controller.py
[1.896s] Listing '/home/bfg2h/bumperbot_ws/install/bumperbot_controller/local/lib/python3.10/dist-packages/bumperbot_controller'...
[1.896s] Compiling '/home/bfg2h/bumperbot_ws/install/bumperbot_controller/local/lib/python3.10/dist-packages/bumperbot_controller/noisy_controller.py'...
[1.896s] Compiling '/home/bfg2h/bumperbot_ws/install/bumperbot_controller/local/lib/python3.10/dist-packages/bumperbot_controller/simple_controller.py'...
[1.901s] -- Up-to-date: /home/bfg2h/bumperbot_ws/install/bumperbot_controller/include/include
[1.901s] -- Up-to-date: /home/bfg2h/bumperbot_ws/install/bumperbot_controller/include/include/bumperbot_controller
[1.901s] -- Up-to-date: /home/bfg2h/bumperbot_ws/install/bumperbot_controller/include/include/bumperbot_controller/simple_controller.hpp
[1.901s] -- Up-to-date: /home/bfg2h/bumperbot_ws/install/bumperbot_controller/include/include/bumperbot_controller/noisy_controller.hpp
[1.901s] -- Up-to-date: /home/bfg2h/bumperbot_ws/install/bumperbot_controller/lib/bumperbot_controller/simple_controller
[1.902s] -- Up-to-date: /home/bfg2h/bumperbot_ws/install/bumperbot_controller/lib/bumperbot_controller/noisy_controller
[1.902s] -- Up-to-date: /home/bfg2h/bumperbot_ws/install/bumperbot_controller/share/bumperbot_controller/launch
[1.902s] -- Up-to-date: /home/bfg2h/bumperbot_ws/install/bumperbot_controller/share/bumperbot_controller/launch/controller.launch2.py
[1.902s] -- Up-to-date: /home/bfg2h/bumperbot_ws/install/bumperbot_controller/share/bumperbot_controller/launch/controller.launch.py
[1.902s] -- Up-to-date: /home/bfg2h/bumperbot_ws/install/bumperbot_controller/share/bumperbot_controller/launch/joystick_teleop.launch.py
[1.902s] -- Up-to-date: /home/bfg2h/bumperbot_ws/install/bumperbot_controller/share/bumperbot_controller/config
[1.902s] -- Up-to-date: /home/bfg2h/bumperbot_ws/install/bumperbot_controller/share/bumperbot_controller/config/bumperbot_controllers.yaml
[1.902s] -- Up-to-date: /home/bfg2h/bumperbot_ws/install/bumperbot_controller/share/bumperbot_controller/config/joy_config.yaml
[1.902s] -- Up-to-date: /home/bfg2h/bumperbot_ws/install/bumperbot_controller/share/bumperbot_controller/config/joy_teleop.yaml
[1.902s] -- Installing: /home/bfg2h/bumperbot_ws/install/bumperbot_controller/lib/bumperbot_controller/simple_controller.py
[1.902s] -- Up-to-date: /home/bfg2h/bumperbot_ws/install/bumperbot_controller/lib/bumperbot_controller/simple_controller2.py
[1.902s] -- Installing: /home/bfg2h/bumperbot_ws/install/bumperbot_controller/lib/bumperbot_controller/noisy_controller.py
[1.902s] -- Up-to-date: /home/bfg2h/bumperbot_ws/install/bumperbot_controller/share/ament_index/resource_index/package_run_dependencies/bumperbot_controller
[1.902s] -- Up-to-date: /home/bfg2h/bumperbot_ws/install/bumperbot_controller/share/ament_index/resource_index/parent_prefix_path/bumperbot_controller
[1.903s] -- Up-to-date: /home/bfg2h/bumperbot_ws/install/bumperbot_controller/share/bumperbot_controller/environment/ament_prefix_path.sh
[1.903s] -- Installing: /home/bfg2h/bumperbot_ws/install/bumperbot_controller/share/bumperbot_controller/environment/ament_prefix_path.dsv
[1.903s] -- Up-to-date: /home/bfg2h/bumperbot_ws/install/bumperbot_controller/share/bumperbot_controller/environment/path.sh
[1.903s] -- Installing: /home/bfg2h/bumperbot_ws/install/bumperbot_controller/share/bumperbot_controller/environment/path.dsv
[1.903s] -- Up-to-date: /home/bfg2h/bumperbot_ws/install/bumperbot_controller/share/bumperbot_controller/local_setup.bash
[1.903s] -- Up-to-date: /home/bfg2h/bumperbot_ws/install/bumperbot_controller/share/bumperbot_controller/local_setup.sh
[1.903s] -- Up-to-date: /home/bfg2h/bumperbot_ws/install/bumperbot_controller/share/bumperbot_controller/local_setup.zsh
[1.903s] -- Installing: /home/bfg2h/bumperbot_ws/install/bumperbot_controller/share/bumperbot_controller/local_setup.dsv
[1.903s] -- Installing: /home/bfg2h/bumperbot_ws/install/bumperbot_controller/share/bumperbot_controller/package.dsv
[1.903s] -- Up-to-date: /home/bfg2h/bumperbot_ws/install/bumperbot_controller/share/ament_index/resource_index/packages/bumperbot_controller
[1.903s] -- Up-to-date: /home/bfg2h/bumperbot_ws/install/bumperbot_controller/share/bumperbot_controller/cmake/bumperbot_controllerConfig.cmake
[1.903s] -- Up-to-date: /home/bfg2h/bumperbot_ws/install/bumperbot_controller/share/bumperbot_controller/cmake/bumperbot_controllerConfig-version.cmake
[1.903s] -- Up-to-date: /home/bfg2h/bumperbot_ws/install/bumperbot_controller/share/bumperbot_controller/package.xml
[1.905s] Invoked command in '/home/bfg2h/bumperbot_ws/build/bumperbot_controller' returned '0': CMAKE_PREFIX_PATH=${CMAKE_PREFIX_PATH}:/home/bfg2h/bumperbot_ws/install/bumperbot_py_examples:/home/bfg2h/ros2_ws/install/my_py_pkg:/home/bfg2h/udemy_ws/install/self_driving_car_pkg:/opt/ros/humble _=/usr/bin/env /usr/bin/cmake --install /home/bfg2h/bumperbot_ws/build/bumperbot_controller
