[0.018s] Invoking command in '/home/bfg2h/bumperbot_ws/build/bumperbot_description': _=/usr/bin/env /usr/bin/cmake /home/bfg2h/bumperbot_ws/src/bumperbot_description -DCATKIN_INSTALL_INTO_PREFIX_ROOT=0 -DCMAKE_INSTALL_PREFIX=/home/bfg2h/bumperbot_ws/install/bumperbot_description
[0.029s] [0mCMake Deprecation Warning at CMakeLists.txt:1 (cmake_minimum_required):
[0.029s]   Compatibility with CMake < 2.8.12 will be removed from a future version of
[0.029s]   CMake.
[0.029s] 
[0.029s]   Update the VERSION argument <min> value or use a ...<max> suffix to tell
[0.029s]   CMake that the project does not need compatibility with older versions.
[0.029s] 
[0.029s] [0m
[0.048s] [31mCMake Error at CMakeLists.txt:5 (find_package):
[0.048s]   By not providing "Findcatkin.cmake" in CMAKE_MODULE_PATH this project has
[0.048s]   asked CMake to find a package configuration file provided by "catkin", but
[0.048s]   CMake did not find one.
[0.048s] 
[0.048s]   Could not find a package configuration file provided by "catkin" with any
[0.048s]   of the following names:
[0.049s] 
[0.049s]     catkinConfig.cmake
[0.049s]     catkin-config.cmake
[0.049s] 
[0.049s]   Add the installation prefix of "catkin" to CMAKE_PREFIX_PATH or set
[0.049s]   "catkin_DIR" to a directory containing one of the above files.  If "catkin"
[0.049s]   provides a separate development package or SDK, be sure it has been
[0.049s]   installed.
[0.049s] 
[0.049s] [0m
[0.050s] -- Configuring incomplete, errors occurred!
[0.050s] See also "/home/bfg2h/bumperbot_ws/build/bumperbot_description/CMakeFiles/CMakeOutput.log".
[0.304s] Invoked command in '/home/bfg2h/bumperbot_ws/build/bumperbot_description' returned '1': _=/usr/bin/env /usr/bin/cmake /home/bfg2h/bumperbot_ws/src/bumperbot_description -DCATKIN_INSTALL_INTO_PREFIX_ROOT=0 -DCMAKE_INSTALL_PREFIX=/home/bfg2h/bumperbot_ws/install/bumperbot_description
