[0.018s] Invoking command in '/home/bfg2h/bumperbot_ws/build/bumperbot_localization': CMAKE_PREFIX_PATH=${CMAKE_PREFIX_PATH}:/home/bfg2h/ros2_ws/install/my_py_pkg:/home/bfg2h/udemy_ws/install/self_driving_car_pkg:/opt/ros/humble _=/usr/bin/env /usr/bin/cmake /home/bfg2h/bumperbot_ws/src/bumperbot_localization -DCMAKE_INSTALL_PREFIX=/home/bfg2h/bumperbot_ws/install/bumperbot_localization
[0.025s] -- Found ament_cmake: 1.3.11 (/opt/ros/humble/share/ament_cmake/cmake)
[0.139s] -- Override CMake install command with custom implementation using symlinks instead of copying resources
[0.146s] -- Found rclcpp: 16.0.11 (/opt/ros/humble/share/rclcpp/cmake)
[0.174s] -- Found rosidl_generator_c: 3.1.6 (/opt/ros/humble/share/rosidl_generator_c/cmake)
[0.177s] -- Found rosidl_adapter: 3.1.6 (/opt/ros/humble/share/rosidl_adapter/cmake)
[0.182s] -- Found rosidl_generator_cpp: 3.1.6 (/opt/ros/humble/share/rosidl_generator_cpp/cmake)
[0.191s] -- Using all available rosidl_typesupport_c: rosidl_typesupport_fastrtps_c;rosidl_typesupport_introspection_c
[0.203s] -- Using all available rosidl_typesupport_cpp: rosidl_typesupport_fastrtps_cpp;rosidl_typesupport_introspection_cpp
[0.235s] -- Found rmw_implementation_cmake: 6.1.2 (/opt/ros/humble/share/rmw_implementation_cmake/cmake)
[0.237s] -- Found rmw_fastrtps_cpp: 6.2.7 (/opt/ros/humble/share/rmw_fastrtps_cpp/cmake)
[0.353s] -- Using RMW implementation 'rmw_fastrtps_cpp' as default
[0.405s] -- Found rclpy: 3.3.15 (/opt/ros/humble/share/rclpy/cmake)
[0.405s] -- Found sensor_msgs: 4.2.4 (/opt/ros/humble/share/sensor_msgs/cmake)
[0.434s] -- Found nav_msgs: 4.2.4 (/opt/ros/humble/share/nav_msgs/cmake)
[0.596s] -- Configuring done
[0.604s] -- Generating done
[0.607s] -- Build files have been written to: /home/bfg2h/bumperbot_ws/build/bumperbot_localization
[0.614s] Invoked command in '/home/bfg2h/bumperbot_ws/build/bumperbot_localization' returned '0': CMAKE_PREFIX_PATH=${CMAKE_PREFIX_PATH}:/home/bfg2h/ros2_ws/install/my_py_pkg:/home/bfg2h/udemy_ws/install/self_driving_car_pkg:/opt/ros/humble _=/usr/bin/env /usr/bin/cmake /home/bfg2h/bumperbot_ws/src/bumperbot_localization -DCMAKE_INSTALL_PREFIX=/home/bfg2h/bumperbot_ws/install/bumperbot_localization
[0.616s] Invoking command in '/home/bfg2h/bumperbot_ws/build/bumperbot_localization': CMAKE_PREFIX_PATH=${CMAKE_PREFIX_PATH}:/home/bfg2h/ros2_ws/install/my_py_pkg:/home/bfg2h/udemy_ws/install/self_driving_car_pkg:/opt/ros/humble _=/usr/bin/env /usr/bin/cmake --build /home/bfg2h/bumperbot_ws/build/bumperbot_localization -- -j16 -l16
[0.653s] [ 50%] [32mBuilding CXX object CMakeFiles/kalman_filter.dir/src/kalman_filter.cpp.o[0m
[0.659s] In file included from [01m[K/home/bfg2h/bumperbot_ws/src/bumperbot_localization/src/kalman_filter.cpp:1[m[K:
[0.659s] [01m[K/home/bfg2h/bumperbot_ws/src/bumperbot_localization/include/bumperbot_localization/kalman_filter.hpp:4:10:[m[K [01;31m[Kfatal error: [m[Krclcpp.hpp: No such file or directory
[0.659s]     4 | #include [01;31m[K<rclcpp.hpp>[m[K
[0.659s]       |          [01;31m[K^~~~~~~~~~~~[m[K
[0.659s] compilation terminated.
[0.659s] [ 50%] Built target ament_cmake_python_symlink_bumperbot_localization
[0.659s] gmake[2]: *** [CMakeFiles/kalman_filter.dir/build.make:76: CMakeFiles/kalman_filter.dir/src/kalman_filter.cpp.o] Error 1
[0.659s] gmake[1]: *** [CMakeFiles/Makefile2:192: CMakeFiles/kalman_filter.dir/all] Error 2
[0.660s] gmake[1]: *** Waiting for unfinished jobs....
[1.022s] running egg_info
[1.023s] writing bumperbot_localization.egg-info/PKG-INFO
[1.023s] writing dependency_links to bumperbot_localization.egg-info/dependency_links.txt
[1.023s] writing top-level names to bumperbot_localization.egg-info/top_level.txt
[1.026s] reading manifest file 'bumperbot_localization.egg-info/SOURCES.txt'
[1.026s] writing manifest file 'bumperbot_localization.egg-info/SOURCES.txt'
[1.051s] [ 50%] Built target ament_cmake_python_build_bumperbot_localization_egg
[1.052s] gmake: *** [Makefile:146: all] Error 2
[1.053s] Invoked command in '/home/bfg2h/bumperbot_ws/build/bumperbot_localization' returned '2': CMAKE_PREFIX_PATH=${CMAKE_PREFIX_PATH}:/home/bfg2h/ros2_ws/install/my_py_pkg:/home/bfg2h/udemy_ws/install/self_driving_car_pkg:/opt/ros/humble _=/usr/bin/env /usr/bin/cmake --build /home/bfg2h/bumperbot_ws/build/bumperbot_localization -- -j16 -l16
