[0.019s] Invoking command in '/home/bfg2h/bumperbot_ws/build/bumperbot_controller': CMAKE_PREFIX_PATH=${CMAKE_PREFIX_PATH}:/home/bfg2h/bumperbot_ws/install/bumperbot_py_examples:/home/bfg2h/ros2_ws/install/my_py_pkg:/home/bfg2h/udemy_ws/install/self_driving_car_pkg:/opt/ros/humble _=/usr/bin/env /usr/bin/cmake --build /home/bfg2h/bumperbot_ws/build/bumperbot_controller -- -j16 -l16
[0.035s] -- Found ament_cmake: 1.3.10 (/opt/ros/humble/share/ament_cmake/cmake)
[0.152s] -- Found rclcpp: 16.0.10 (/opt/ros/humble/share/rclcpp/cmake)
[0.188s] -- Found rosidl_generator_c: 3.1.5 (/opt/ros/humble/share/rosidl_generator_c/cmake)
[0.191s] -- Found rosidl_adapter: 3.1.5 (/opt/ros/humble/share/rosidl_adapter/cmake)
[0.218s] -- Found rosidl_generator_cpp: 3.1.5 (/opt/ros/humble/share/rosidl_generator_cpp/cmake)
[0.229s] -- Using all available rosidl_typesupport_c: rosidl_typesupport_fastrtps_c;rosidl_typesupport_introspection_c
[0.242s] -- Using all available rosidl_typesupport_cpp: rosidl_typesupport_fastrtps_cpp;rosidl_typesupport_introspection_cpp
[0.275s] -- Found rmw_implementation_cmake: 6.1.2 (/opt/ros/humble/share/rmw_implementation_cmake/cmake)
[0.277s] -- Found rmw_fastrtps_cpp: 6.2.7 (/opt/ros/humble/share/rmw_fastrtps_cpp/cmake)
[0.364s] -- Using RMW implementation 'rmw_fastrtps_cpp' as default
[0.411s] -- Found rclpy: 3.3.14 (/opt/ros/humble/share/rclpy/cmake)
[0.411s] -- Found geometry_msgs: 4.2.4 (/opt/ros/humble/share/geometry_msgs/cmake)
[0.423s] -- Found sensor_msgs: 4.2.4 (/opt/ros/humble/share/sensor_msgs/cmake)
[0.439s] -- Found nav_msgs: 4.2.4 (/opt/ros/humble/share/nav_msgs/cmake)
[0.455s] -- Found tf2: 0.25.8 (/opt/ros/humble/share/tf2/cmake)
[0.459s] -- Found tf2_ros: 0.25.9 (/opt/ros/humble/share/tf2_ros/cmake)
[0.654s] -- Configuring done
[0.666s] -- Generating done
[0.667s] -- Build files have been written to: /home/bfg2h/bumperbot_ws/build/bumperbot_controller
[0.689s] [35m[1mConsolidate compiler generated dependencies of target simple_controller[0m
[0.704s] [  0%] Built target ament_cmake_python_copy_bumperbot_controller
[0.704s] [ 50%] [32mBuilding CXX object CMakeFiles/simple_controller.dir/src/simple_controller.cpp.o[0m
[0.991s] running egg_info
[0.991s] writing bumperbot_controller.egg-info/PKG-INFO
[0.992s] writing dependency_links to bumperbot_controller.egg-info/dependency_links.txt
[0.992s] writing top-level names to bumperbot_controller.egg-info/top_level.txt
[0.993s] reading manifest file 'bumperbot_controller.egg-info/SOURCES.txt'
[0.994s] writing manifest file 'bumperbot_controller.egg-info/SOURCES.txt'
[1.013s] [ 50%] Built target ament_cmake_python_build_bumperbot_controller_egg
[11.947s] [100%] [32m[1mLinking CXX executable simple_controller[0m
[12.478s] [100%] Built target simple_controller
