[0.013s] Invoking command in '/home/bfg2h/bumperbot_ws/build/bumperbot_controller': CMAKE_PREFIX_PATH=${CMAKE_PREFIX_PATH}:/home/bfg2h/bumperbot_ws/install/bumperbot_py_examples:/home/bfg2h/ros2_ws/install/my_py_pkg:/home/bfg2h/udemy_ws/install/self_driving_car_pkg:/opt/ros/humble _=/usr/bin/env /usr/bin/cmake /home/bfg2h/bumperbot_ws/src/bumperbot_controller -DCMAKE_INSTALL_PREFIX=/home/bfg2h/bumperbot_ws/install/bumperbot_controller
[0.047s] -- The C compiler identification is GNU 11.4.0
[0.084s] -- The CXX compiler identification is GNU 11.4.0
[0.089s] -- Detecting C compiler ABI info
[0.134s] -- Detecting C compiler ABI info - done
[0.140s] -- Check for working C compiler: /usr/bin/cc - skipped
[0.140s] -- Detecting C compile features
[0.141s] -- Detecting C compile features - done
[0.142s] -- Detecting CXX compiler ABI info
[0.194s] -- Detecting CXX compiler ABI info - done
[0.200s] -- Check for working CXX compiler: /usr/bin/c++ - skipped
[0.201s] -- Detecting CXX compile features
[0.201s] -- Detecting CXX compile features - done
[0.204s] -- Found ament_cmake: 1.3.10 (/opt/ros/humble/share/ament_cmake/cmake)
[0.326s] -- Found Python3: /usr/bin/python3 (found version "3.10.12") found components: Interpreter 
[0.425s] -- Found rclcpp: 16.0.10 (/opt/ros/humble/share/rclcpp/cmake)
[0.468s] -- Found rosidl_generator_c: 3.1.5 (/opt/ros/humble/share/rosidl_generator_c/cmake)
[0.473s] -- Found rosidl_adapter: 3.1.5 (/opt/ros/humble/share/rosidl_adapter/cmake)
[0.481s] -- Found rosidl_generator_cpp: 3.1.5 (/opt/ros/humble/share/rosidl_generator_cpp/cmake)
[0.492s] -- Using all available rosidl_typesupport_c: rosidl_typesupport_fastrtps_c;rosidl_typesupport_introspection_c
[0.508s] -- Using all available rosidl_typesupport_cpp: rosidl_typesupport_fastrtps_cpp;rosidl_typesupport_introspection_cpp
[0.551s] -- Found rmw_implementation_cmake: 6.1.2 (/opt/ros/humble/share/rmw_implementation_cmake/cmake)
[0.554s] -- Found rmw_fastrtps_cpp: 6.2.7 (/opt/ros/humble/share/rmw_fastrtps_cpp/cmake)
[0.619s] -- Found OpenSSL: /usr/lib/x86_64-linux-gnu/libcrypto.so (found version "3.0.2")  
[0.655s] -- Found FastRTPS: /opt/ros/humble/include  
[0.695s] -- Using RMW implementation 'rmw_fastrtps_cpp' as default
[0.704s] -- Looking for pthread.h
[0.756s] -- Looking for pthread.h - found
[0.756s] -- Performing Test CMAKE_HAVE_LIBC_PTHREAD
[0.810s] -- Performing Test CMAKE_HAVE_LIBC_PTHREAD - Success
[0.811s] -- Found Threads: TRUE  
[0.863s] -- Found rclpy: 3.3.14 (/opt/ros/humble/share/rclpy/cmake)
[0.865s] -- Found geometry_msgs: 4.2.4 (/opt/ros/humble/share/geometry_msgs/cmake)
[0.884s] -- Found sensor_msgs: 4.2.4 (/opt/ros/humble/share/sensor_msgs/cmake)
[0.901s] -- Found nav_msgs: 4.2.4 (/opt/ros/humble/share/nav_msgs/cmake)
[0.917s] -- Found tf2: 0.25.8 (/opt/ros/humble/share/tf2/cmake)
[0.928s] -- Found tf2_ros: 0.25.9 (/opt/ros/humble/share/tf2_ros/cmake)
[1.142s] -- Configuring done
[1.151s] -- Generating done
[1.153s] -- Build files have been written to: /home/bfg2h/bumperbot_ws/build/bumperbot_controller
[1.160s] Invoked command in '/home/bfg2h/bumperbot_ws/build/bumperbot_controller' returned '0': CMAKE_PREFIX_PATH=${CMAKE_PREFIX_PATH}:/home/bfg2h/bumperbot_ws/install/bumperbot_py_examples:/home/bfg2h/ros2_ws/install/my_py_pkg:/home/bfg2h/udemy_ws/install/self_driving_car_pkg:/opt/ros/humble _=/usr/bin/env /usr/bin/cmake /home/bfg2h/bumperbot_ws/src/bumperbot_controller -DCMAKE_INSTALL_PREFIX=/home/bfg2h/bumperbot_ws/install/bumperbot_controller
[1.161s] Invoking command in '/home/bfg2h/bumperbot_ws/build/bumperbot_controller': CMAKE_PREFIX_PATH=${CMAKE_PREFIX_PATH}:/home/bfg2h/bumperbot_ws/install/bumperbot_py_examples:/home/bfg2h/ros2_ws/install/my_py_pkg:/home/bfg2h/udemy_ws/install/self_driving_car_pkg:/opt/ros/humble _=/usr/bin/env /usr/bin/cmake --build /home/bfg2h/bumperbot_ws/build/bumperbot_controller -- -j16 -l16
[1.187s] [35m[1mConsolidate compiler generated dependencies of target simple_controller[0m
[1.197s] [  0%] Built target ament_cmake_python_copy_bumperbot_controller
[1.199s] [ 50%] [32mBuilding CXX object CMakeFiles/simple_controller.dir/src/simple_controller.cpp.o[0m
[1.494s] running egg_info
[1.495s] writing bumperbot_controller.egg-info/PKG-INFO
[1.495s] writing dependency_links to bumperbot_controller.egg-info/dependency_links.txt
[1.495s] writing top-level names to bumperbot_controller.egg-info/top_level.txt
[1.497s] reading manifest file 'bumperbot_controller.egg-info/SOURCES.txt'
[1.498s] writing manifest file 'bumperbot_controller.egg-info/SOURCES.txt'
[1.526s] [ 50%] Built target ament_cmake_python_build_bumperbot_controller_egg
[12.160s] [100%] [32m[1mLinking CXX executable simple_controller[0m
[12.653s] [100%] Built target simple_controller
[12.662s] Invoked command in '/home/bfg2h/bumperbot_ws/build/bumperbot_controller' returned '0': CMAKE_PREFIX_PATH=${CMAKE_PREFIX_PATH}:/home/bfg2h/bumperbot_ws/install/bumperbot_py_examples:/home/bfg2h/ros2_ws/install/my_py_pkg:/home/bfg2h/udemy_ws/install/self_driving_car_pkg:/opt/ros/humble _=/usr/bin/env /usr/bin/cmake --build /home/bfg2h/bumperbot_ws/build/bumperbot_controller -- -j16 -l16
[12.684s] Invoking command in '/home/bfg2h/bumperbot_ws/build/bumperbot_controller': CMAKE_PREFIX_PATH=${CMAKE_PREFIX_PATH}:/home/bfg2h/bumperbot_ws/install/bumperbot_py_examples:/home/bfg2h/ros2_ws/install/my_py_pkg:/home/bfg2h/udemy_ws/install/self_driving_car_pkg:/opt/ros/humble _=/usr/bin/env /usr/bin/cmake --install /home/bfg2h/bumperbot_ws/build/bumperbot_controller
[12.690s] -- Install configuration: ""
[12.690s] -- Up-to-date: /home/bfg2h/bumperbot_ws/install/bumperbot_controller/share/bumperbot_controller/environment/pythonpath.sh
[12.690s] -- Installing: /home/bfg2h/bumperbot_ws/install/bumperbot_controller/share/bumperbot_controller/environment/pythonpath.dsv
[12.690s] -- Up-to-date: /home/bfg2h/bumperbot_ws/install/bumperbot_controller/local/lib/python3.10/dist-packages/bumperbot_controller-0.0.0-py3.10.egg-info
[12.690s] -- Installing: /home/bfg2h/bumperbot_ws/install/bumperbot_controller/local/lib/python3.10/dist-packages/bumperbot_controller-0.0.0-py3.10.egg-info/top_level.txt
[12.690s] -- Installing: /home/bfg2h/bumperbot_ws/install/bumperbot_controller/local/lib/python3.10/dist-packages/bumperbot_controller-0.0.0-py3.10.egg-info/PKG-INFO
[12.691s] -- Installing: /home/bfg2h/bumperbot_ws/install/bumperbot_controller/local/lib/python3.10/dist-packages/bumperbot_controller-0.0.0-py3.10.egg-info/SOURCES.txt
[12.691s] -- Installing: /home/bfg2h/bumperbot_ws/install/bumperbot_controller/local/lib/python3.10/dist-packages/bumperbot_controller-0.0.0-py3.10.egg-info/dependency_links.txt
[12.691s] -- Up-to-date: /home/bfg2h/bumperbot_ws/install/bumperbot_controller/local/lib/python3.10/dist-packages/bumperbot_controller
[12.691s] -- Up-to-date: /home/bfg2h/bumperbot_ws/install/bumperbot_controller/local/lib/python3.10/dist-packages/bumperbot_controller/simple_controller.py
[12.691s] -- Up-to-date: /home/bfg2h/bumperbot_ws/install/bumperbot_controller/local/lib/python3.10/dist-packages/bumperbot_controller/simple_controller2.py
[12.691s] -- Up-to-date: /home/bfg2h/bumperbot_ws/install/bumperbot_controller/local/lib/python3.10/dist-packages/bumperbot_controller/__init__.py
[12.720s] Listing '/home/bfg2h/bumperbot_ws/install/bumperbot_controller/local/lib/python3.10/dist-packages/bumperbot_controller'...
[12.723s] -- Up-to-date: /home/bfg2h/bumperbot_ws/install/bumperbot_controller/include/include
[12.723s] -- Up-to-date: /home/bfg2h/bumperbot_ws/install/bumperbot_controller/include/include/bumperbot_controller
[12.723s] -- Installing: /home/bfg2h/bumperbot_ws/install/bumperbot_controller/include/include/bumperbot_controller/simple_controller.hpp
[12.723s] -- Installing: /home/bfg2h/bumperbot_ws/install/bumperbot_controller/lib/bumperbot_controller/simple_controller
[12.728s] -- Set runtime path of "/home/bfg2h/bumperbot_ws/install/bumperbot_controller/lib/bumperbot_controller/simple_controller" to ""
[12.728s] -- Up-to-date: /home/bfg2h/bumperbot_ws/install/bumperbot_controller/share/bumperbot_controller/launch
[12.728s] -- Up-to-date: /home/bfg2h/bumperbot_ws/install/bumperbot_controller/share/bumperbot_controller/launch/controller.launch2.py
[12.728s] -- Up-to-date: /home/bfg2h/bumperbot_ws/install/bumperbot_controller/share/bumperbot_controller/launch/controller.launch.py
[12.728s] -- Up-to-date: /home/bfg2h/bumperbot_ws/install/bumperbot_controller/share/bumperbot_controller/launch/joystick_teleop.launch.py
[12.728s] -- Up-to-date: /home/bfg2h/bumperbot_ws/install/bumperbot_controller/share/bumperbot_controller/config
[12.728s] -- Up-to-date: /home/bfg2h/bumperbot_ws/install/bumperbot_controller/share/bumperbot_controller/config/bumperbot_controllers.yaml
[12.728s] -- Up-to-date: /home/bfg2h/bumperbot_ws/install/bumperbot_controller/share/bumperbot_controller/config/joy_config.yaml
[12.728s] -- Up-to-date: /home/bfg2h/bumperbot_ws/install/bumperbot_controller/share/bumperbot_controller/config/joy_teleop.yaml
[12.728s] -- Up-to-date: /home/bfg2h/bumperbot_ws/install/bumperbot_controller/lib/bumperbot_controller/simple_controller.py
[12.729s] -- Up-to-date: /home/bfg2h/bumperbot_ws/install/bumperbot_controller/lib/bumperbot_controller/simple_controller2.py
[12.729s] -- Up-to-date: /home/bfg2h/bumperbot_ws/install/bumperbot_controller/share/ament_index/resource_index/package_run_dependencies/bumperbot_controller
[12.729s] -- Up-to-date: /home/bfg2h/bumperbot_ws/install/bumperbot_controller/share/ament_index/resource_index/parent_prefix_path/bumperbot_controller
[12.729s] -- Up-to-date: /home/bfg2h/bumperbot_ws/install/bumperbot_controller/share/bumperbot_controller/environment/ament_prefix_path.sh
[12.729s] -- Installing: /home/bfg2h/bumperbot_ws/install/bumperbot_controller/share/bumperbot_controller/environment/ament_prefix_path.dsv
[12.729s] -- Up-to-date: /home/bfg2h/bumperbot_ws/install/bumperbot_controller/share/bumperbot_controller/environment/path.sh
[12.729s] -- Installing: /home/bfg2h/bumperbot_ws/install/bumperbot_controller/share/bumperbot_controller/environment/path.dsv
[12.729s] -- Up-to-date: /home/bfg2h/bumperbot_ws/install/bumperbot_controller/share/bumperbot_controller/local_setup.bash
[12.729s] -- Up-to-date: /home/bfg2h/bumperbot_ws/install/bumperbot_controller/share/bumperbot_controller/local_setup.sh
[12.729s] -- Up-to-date: /home/bfg2h/bumperbot_ws/install/bumperbot_controller/share/bumperbot_controller/local_setup.zsh
[12.729s] -- Installing: /home/bfg2h/bumperbot_ws/install/bumperbot_controller/share/bumperbot_controller/local_setup.dsv
[12.729s] -- Installing: /home/bfg2h/bumperbot_ws/install/bumperbot_controller/share/bumperbot_controller/package.dsv
[12.729s] -- Up-to-date: /home/bfg2h/bumperbot_ws/install/bumperbot_controller/share/ament_index/resource_index/packages/bumperbot_controller
[12.729s] -- Up-to-date: /home/bfg2h/bumperbot_ws/install/bumperbot_controller/share/bumperbot_controller/cmake/bumperbot_controllerConfig.cmake
[12.729s] -- Up-to-date: /home/bfg2h/bumperbot_ws/install/bumperbot_controller/share/bumperbot_controller/cmake/bumperbot_controllerConfig-version.cmake
[12.729s] -- Up-to-date: /home/bfg2h/bumperbot_ws/install/bumperbot_controller/share/bumperbot_controller/package.xml
[12.730s] Invoked command in '/home/bfg2h/bumperbot_ws/build/bumperbot_controller' returned '0': CMAKE_PREFIX_PATH=${CMAKE_PREFIX_PATH}:/home/bfg2h/bumperbot_ws/install/bumperbot_py_examples:/home/bfg2h/ros2_ws/install/my_py_pkg:/home/bfg2h/udemy_ws/install/self_driving_car_pkg:/opt/ros/humble _=/usr/bin/env /usr/bin/cmake --install /home/bfg2h/bumperbot_ws/build/bumperbot_controller
