[0.015s] Invoking command in '/home/bfg2h/bumperbot_ws/build/bumperbot_description': CMAKE_PREFIX_PATH=${CMAKE_PREFIX_PATH}:/home/bfg2h/bumperbot_ws/install/bumperbot_py_examples:/home/bfg2h/ros2_ws/install/my_py_pkg:/home/bfg2h/udemy_ws/install/self_driving_car_pkg:/opt/ros/humble _=/usr/bin/env /usr/bin/cmake /home/bfg2h/bumperbot_ws/src/bumperbot_description -DCMAKE_INSTALL_PREFIX=/home/bfg2h/bumperbot_ws/install/bumperbot_description
[0.055s] -- The C compiler identification is GNU 11.4.0
[0.099s] -- The CXX compiler identification is GNU 11.4.0
[0.105s] -- Detecting C compiler ABI info
[0.159s] -- Detecting C compiler ABI info - done
[0.166s] -- Check for working C compiler: /usr/bin/cc - skipped
[0.166s] -- Detecting C compile features
[0.167s] -- Detecting C compile features - done
[0.169s] -- Detecting CXX compiler ABI info
[0.231s] -- Detecting CXX compiler ABI info - done
[0.238s] -- Check for working CXX compiler: /usr/bin/c++ - skipped
[0.238s] -- Detecting CXX compile features
[0.238s] -- Detecting CXX compile features - done
[0.242s] -- Found ament_cmake: 1.3.10 (/opt/ros/humble/share/ament_cmake/cmake)
[0.389s] -- Found Python3: /usr/bin/python3 (found version "3.10.12") found components: Interpreter 
[0.487s] -- Found urdf: 2.6.1 (/opt/ros/humble/share/urdf/cmake)
[0.546s] -- Found ament_lint_auto: 0.12.11 (/opt/ros/humble/share/ament_lint_auto/cmake)
[0.629s] -- Added test 'copyright' to check source files copyright and LICENSE
[0.631s] -- Added test 'flake8' to check Python code syntax and style conventions
[0.632s] -- Added test 'lint_cmake' to check CMake code style
[0.633s] -- Added test 'pep257' to check Python code against some of the docstring style conventions in PEP 257
[0.634s] -- Added test 'xmllint' to check XML markup files
[0.635s] -- Configuring done
[0.637s] -- Generating done
[0.638s] -- Build files have been written to: /home/bfg2h/bumperbot_ws/build/bumperbot_description
[0.643s] Invoked command in '/home/bfg2h/bumperbot_ws/build/bumperbot_description' returned '0': CMAKE_PREFIX_PATH=${CMAKE_PREFIX_PATH}:/home/bfg2h/bumperbot_ws/install/bumperbot_py_examples:/home/bfg2h/ros2_ws/install/my_py_pkg:/home/bfg2h/udemy_ws/install/self_driving_car_pkg:/opt/ros/humble _=/usr/bin/env /usr/bin/cmake /home/bfg2h/bumperbot_ws/src/bumperbot_description -DCMAKE_INSTALL_PREFIX=/home/bfg2h/bumperbot_ws/install/bumperbot_description
[0.644s] Invoking command in '/home/bfg2h/bumperbot_ws/build/bumperbot_description': CMAKE_PREFIX_PATH=${CMAKE_PREFIX_PATH}:/home/bfg2h/bumperbot_ws/install/bumperbot_py_examples:/home/bfg2h/ros2_ws/install/my_py_pkg:/home/bfg2h/udemy_ws/install/self_driving_car_pkg:/opt/ros/humble _=/usr/bin/env /usr/bin/cmake --build /home/bfg2h/bumperbot_ws/build/bumperbot_description -- -j16 -l16
[0.672s] Invoked command in '/home/bfg2h/bumperbot_ws/build/bumperbot_description' returned '0': CMAKE_PREFIX_PATH=${CMAKE_PREFIX_PATH}:/home/bfg2h/bumperbot_ws/install/bumperbot_py_examples:/home/bfg2h/ros2_ws/install/my_py_pkg:/home/bfg2h/udemy_ws/install/self_driving_car_pkg:/opt/ros/humble _=/usr/bin/env /usr/bin/cmake --build /home/bfg2h/bumperbot_ws/build/bumperbot_description -- -j16 -l16
[0.698s] Invoking command in '/home/bfg2h/bumperbot_ws/build/bumperbot_description': CMAKE_PREFIX_PATH=${CMAKE_PREFIX_PATH}:/home/bfg2h/bumperbot_ws/install/bumperbot_py_examples:/home/bfg2h/ros2_ws/install/my_py_pkg:/home/bfg2h/udemy_ws/install/self_driving_car_pkg:/opt/ros/humble _=/usr/bin/env /usr/bin/cmake --install /home/bfg2h/bumperbot_ws/build/bumperbot_description
[0.704s] -- Install configuration: ""
[0.704s] -- Up-to-date: /home/bfg2h/bumperbot_ws/install/bumperbot_description/share/bumperbot_description/launch
[0.704s] -- Up-to-date: /home/bfg2h/bumperbot_ws/install/bumperbot_description/share/bumperbot_description/launch/display.launch.py
[0.704s] -- Up-to-date: /home/bfg2h/bumperbot_ws/install/bumperbot_description/share/bumperbot_description/launch/gazebo.launch.py
[0.704s] -- Up-to-date: /home/bfg2h/bumperbot_ws/install/bumperbot_description/share/bumperbot_description/meshes
[0.705s] -- Up-to-date: /home/bfg2h/bumperbot_ws/install/bumperbot_description/share/bumperbot_description/meshes/base_link.STL
[0.705s] -- Up-to-date: /home/bfg2h/bumperbot_ws/install/bumperbot_description/share/bumperbot_description/meshes/caster_rear_link.STL
[0.705s] -- Up-to-date: /home/bfg2h/bumperbot_ws/install/bumperbot_description/share/bumperbot_description/meshes/wheel_right_link.STL
[0.705s] -- Up-to-date: /home/bfg2h/bumperbot_ws/install/bumperbot_description/share/bumperbot_description/meshes/imu_link.STL
[0.705s] -- Up-to-date: /home/bfg2h/bumperbot_ws/install/bumperbot_description/share/bumperbot_description/meshes/caster_front_link.STL
[0.705s] -- Up-to-date: /home/bfg2h/bumperbot_ws/install/bumperbot_description/share/bumperbot_description/meshes/wheel_left_link.STL
[0.705s] -- Up-to-date: /home/bfg2h/bumperbot_ws/install/bumperbot_description/share/bumperbot_description/models
[0.705s] -- Up-to-date: /home/bfg2h/bumperbot_ws/install/bumperbot_description/share/bumperbot_description/models/ground_plane
[0.705s] -- Up-to-date: /home/bfg2h/bumperbot_ws/install/bumperbot_description/share/bumperbot_description/models/ground_plane/model-1_2.sdf
[0.705s] -- Up-to-date: /home/bfg2h/bumperbot_ws/install/bumperbot_description/share/bumperbot_description/models/ground_plane/model-1_3.sdf
[0.705s] -- Up-to-date: /home/bfg2h/bumperbot_ws/install/bumperbot_description/share/bumperbot_description/models/ground_plane/model-1_4.sdf
[0.705s] -- Up-to-date: /home/bfg2h/bumperbot_ws/install/bumperbot_description/share/bumperbot_description/models/ground_plane/model.config
[0.705s] -- Up-to-date: /home/bfg2h/bumperbot_ws/install/bumperbot_description/share/bumperbot_description/models/ground_plane/model.sdf
[0.705s] -- Up-to-date: /home/bfg2h/bumperbot_ws/install/bumperbot_description/share/bumperbot_description/models/sun
[0.706s] -- Up-to-date: /home/bfg2h/bumperbot_ws/install/bumperbot_description/share/bumperbot_description/models/sun/model-1_2.sdf
[0.706s] -- Up-to-date: /home/bfg2h/bumperbot_ws/install/bumperbot_description/share/bumperbot_description/models/sun/model-1_3.sdf
[0.706s] -- Up-to-date: /home/bfg2h/bumperbot_ws/install/bumperbot_description/share/bumperbot_description/models/sun/model-1_4.sdf
[0.706s] -- Up-to-date: /home/bfg2h/bumperbot_ws/install/bumperbot_description/share/bumperbot_description/models/sun/model.config
[0.706s] -- Up-to-date: /home/bfg2h/bumperbot_ws/install/bumperbot_description/share/bumperbot_description/models/sun/model.sdf
[0.706s] -- Up-to-date: /home/bfg2h/bumperbot_ws/install/bumperbot_description/share/bumperbot_description/urdf
[0.706s] -- Up-to-date: /home/bfg2h/bumperbot_ws/install/bumperbot_description/share/bumperbot_description/urdf/bumperbot.urdf.xacro
[0.706s] -- Up-to-date: /home/bfg2h/bumperbot_ws/install/bumperbot_description/share/bumperbot_description/urdf/bumperbot_gazebo.xacro
[0.706s] -- Up-to-date: /home/bfg2h/bumperbot_ws/install/bumperbot_description/share/bumperbot_description/urdf/bumperbot_ros2_control.xacro
[0.706s] -- Up-to-date: /home/bfg2h/bumperbot_ws/install/bumperbot_description/share/bumperbot_description/rviz
[0.706s] -- Up-to-date: /home/bfg2h/bumperbot_ws/install/bumperbot_description/share/bumperbot_description/rviz/display.rviz
[0.706s] -- Up-to-date: /home/bfg2h/bumperbot_ws/install/bumperbot_description/share/ament_index/resource_index/package_run_dependencies/bumperbot_description
[0.706s] -- Up-to-date: /home/bfg2h/bumperbot_ws/install/bumperbot_description/share/ament_index/resource_index/parent_prefix_path/bumperbot_description
[0.706s] -- Up-to-date: /home/bfg2h/bumperbot_ws/install/bumperbot_description/share/bumperbot_description/environment/ament_prefix_path.sh
[0.706s] -- Installing: /home/bfg2h/bumperbot_ws/install/bumperbot_description/share/bumperbot_description/environment/ament_prefix_path.dsv
[0.706s] -- Up-to-date: /home/bfg2h/bumperbot_ws/install/bumperbot_description/share/bumperbot_description/environment/path.sh
[0.707s] -- Installing: /home/bfg2h/bumperbot_ws/install/bumperbot_description/share/bumperbot_description/environment/path.dsv
[0.707s] -- Up-to-date: /home/bfg2h/bumperbot_ws/install/bumperbot_description/share/bumperbot_description/local_setup.bash
[0.707s] -- Up-to-date: /home/bfg2h/bumperbot_ws/install/bumperbot_description/share/bumperbot_description/local_setup.sh
[0.707s] -- Up-to-date: /home/bfg2h/bumperbot_ws/install/bumperbot_description/share/bumperbot_description/local_setup.zsh
[0.707s] -- Installing: /home/bfg2h/bumperbot_ws/install/bumperbot_description/share/bumperbot_description/local_setup.dsv
[0.707s] -- Installing: /home/bfg2h/bumperbot_ws/install/bumperbot_description/share/bumperbot_description/package.dsv
[0.707s] -- Up-to-date: /home/bfg2h/bumperbot_ws/install/bumperbot_description/share/ament_index/resource_index/packages/bumperbot_description
[0.707s] -- Up-to-date: /home/bfg2h/bumperbot_ws/install/bumperbot_description/share/bumperbot_description/cmake/bumperbot_descriptionConfig.cmake
[0.707s] -- Up-to-date: /home/bfg2h/bumperbot_ws/install/bumperbot_description/share/bumperbot_description/cmake/bumperbot_descriptionConfig-version.cmake
[0.707s] -- Up-to-date: /home/bfg2h/bumperbot_ws/install/bumperbot_description/share/bumperbot_description/package.xml
[0.708s] Invoked command in '/home/bfg2h/bumperbot_ws/build/bumperbot_description' returned '0': CMAKE_PREFIX_PATH=${CMAKE_PREFIX_PATH}:/home/bfg2h/bumperbot_ws/install/bumperbot_py_examples:/home/bfg2h/ros2_ws/install/my_py_pkg:/home/bfg2h/udemy_ws/install/self_driving_car_pkg:/opt/ros/humble _=/usr/bin/env /usr/bin/cmake --install /home/bfg2h/bumperbot_ws/build/bumperbot_description
