[0.107s] DEBUG:colcon:Command line arguments: ['/usr/bin/colcon', 'build', '--cmake-clean-cache']
[0.107s] DEBUG:colcon:Parsed command line arguments: Namespace(log_base=None, log_level=None, verb_name='build', build_base='build', install_base='install', merge_install=False, symlink_install=False, test_result_base=None, continue_on_error=False, executor='parallel', parallel_workers=16, event_handlers=None, ignore_user_meta=False, metas=['./colcon.meta'], base_paths=['.'], packages_ignore=None, packages_ignore_regex=None, paths=None, packages_up_to=None, packages_up_to_regex=None, packages_above=None, packages_above_and_dependencies=None, packages_above_depth=None, packages_select_by_dep=None, packages_skip_by_dep=None, packages_skip_up_to=None, packages_select_build_failed=False, packages_skip_build_finished=False, packages_select_test_failures=False, packages_skip_test_passed=False, packages_select=None, packages_skip=None, packages_select_regex=None, packages_skip_regex=None, packages_start=None, packages_end=None, allow_overriding=[], cmake_args=None, cmake_target=None, cmake_target_skip_unavailable=False, cmake_clean_cache=True, cmake_clean_first=False, cmake_force_configure=False, ament_cmake_args=None, catkin_cmake_args=None, catkin_skip_building_tests=False, verb_parser=<colcon_defaults.argument_parser.defaults.DefaultArgumentsDecorator object at 0x7f4d1b9f3ca0>, verb_extension=<colcon_core.verb.build.BuildVerb object at 0x7f4d1b9f3760>, main=<bound method BuildVerb.main of <colcon_core.verb.build.BuildVerb object at 0x7f4d1b9f3760>>)
[0.331s] Level 1:colcon.colcon_core.package_discovery:discover_packages(colcon_meta) check parameters
[0.331s] Level 1:colcon.colcon_core.package_discovery:discover_packages(recursive) check parameters
[0.331s] Level 1:colcon.colcon_core.package_discovery:discover_packages(ignore) check parameters
[0.331s] Level 1:colcon.colcon_core.package_discovery:discover_packages(path) check parameters
[0.331s] Level 1:colcon.colcon_core.package_discovery:discover_packages(colcon_meta) discover
[0.331s] Level 1:colcon.colcon_core.package_discovery:discover_packages(recursive) discover
[0.331s] INFO:colcon.colcon_core.package_discovery:Crawling recursively for packages in '/home/bfg2h/bumperbot_ws'
[0.331s] Level 1:colcon.colcon_core.package_identification:_identify(.) by extensions ['ignore', 'ignore_ament_install']
[0.331s] Level 1:colcon.colcon_core.package_identification:_identify(.) by extension 'ignore'
[0.331s] Level 1:colcon.colcon_core.package_identification:_identify(.) by extension 'ignore_ament_install'
[0.331s] Level 1:colcon.colcon_core.package_identification:_identify(.) by extensions ['colcon_pkg']
[0.331s] Level 1:colcon.colcon_core.package_identification:_identify(.) by extension 'colcon_pkg'
[0.331s] Level 1:colcon.colcon_core.package_identification:_identify(.) by extensions ['colcon_meta']
[0.331s] Level 1:colcon.colcon_core.package_identification:_identify(.) by extension 'colcon_meta'
[0.332s] Level 1:colcon.colcon_core.package_identification:_identify(.) by extensions ['ros']
[0.332s] Level 1:colcon.colcon_core.package_identification:_identify(.) by extension 'ros'
[0.347s] Level 1:colcon.colcon_core.package_identification:_identify(.) by extensions ['cmake', 'python']
[0.347s] Level 1:colcon.colcon_core.package_identification:_identify(.) by extension 'cmake'
[0.347s] Level 1:colcon.colcon_core.package_identification:_identify(.) by extension 'python'
[0.347s] Level 1:colcon.colcon_core.package_identification:_identify(.) by extensions ['python_setup_py']
[0.347s] Level 1:colcon.colcon_core.package_identification:_identify(.) by extension 'python_setup_py'
[0.347s] Level 1:colcon.colcon_core.package_identification:_identify(build) by extensions ['ignore', 'ignore_ament_install']
[0.347s] Level 1:colcon.colcon_core.package_identification:_identify(build) by extension 'ignore'
[0.347s] Level 1:colcon.colcon_core.package_identification:_identify(build) ignored
[0.348s] Level 1:colcon.colcon_core.package_identification:_identify(install) by extensions ['ignore', 'ignore_ament_install']
[0.348s] Level 1:colcon.colcon_core.package_identification:_identify(install) by extension 'ignore'
[0.348s] Level 1:colcon.colcon_core.package_identification:_identify(install) ignored
[0.348s] Level 1:colcon.colcon_core.package_identification:_identify(log) by extensions ['ignore', 'ignore_ament_install']
[0.348s] Level 1:colcon.colcon_core.package_identification:_identify(log) by extension 'ignore'
[0.348s] Level 1:colcon.colcon_core.package_identification:_identify(log) ignored
[0.348s] Level 1:colcon.colcon_core.package_identification:_identify(src) by extensions ['ignore', 'ignore_ament_install']
[0.348s] Level 1:colcon.colcon_core.package_identification:_identify(src) by extension 'ignore'
[0.348s] Level 1:colcon.colcon_core.package_identification:_identify(src) by extension 'ignore_ament_install'
[0.348s] Level 1:colcon.colcon_core.package_identification:_identify(src) by extensions ['colcon_pkg']
[0.348s] Level 1:colcon.colcon_core.package_identification:_identify(src) by extension 'colcon_pkg'
[0.348s] Level 1:colcon.colcon_core.package_identification:_identify(src) by extensions ['colcon_meta']
[0.348s] Level 1:colcon.colcon_core.package_identification:_identify(src) by extension 'colcon_meta'
[0.348s] Level 1:colcon.colcon_core.package_identification:_identify(src) by extensions ['ros']
[0.348s] Level 1:colcon.colcon_core.package_identification:_identify(src) by extension 'ros'
[0.349s] Level 1:colcon.colcon_core.package_identification:_identify(src) by extensions ['cmake', 'python']
[0.349s] Level 1:colcon.colcon_core.package_identification:_identify(src) by extension 'cmake'
[0.349s] Level 1:colcon.colcon_core.package_identification:_identify(src) by extension 'python'
[0.349s] Level 1:colcon.colcon_core.package_identification:_identify(src) by extensions ['python_setup_py']
[0.349s] Level 1:colcon.colcon_core.package_identification:_identify(src) by extension 'python_setup_py'
[0.349s] Level 1:colcon.colcon_core.package_identification:_identify(src/build) by extensions ['ignore', 'ignore_ament_install']
[0.349s] Level 1:colcon.colcon_core.package_identification:_identify(src/build) by extension 'ignore'
[0.349s] Level 1:colcon.colcon_core.package_identification:_identify(src/build) ignored
[0.349s] Level 1:colcon.colcon_core.package_identification:_identify(src/bumperbot_controller) by extensions ['ignore', 'ignore_ament_install']
[0.349s] Level 1:colcon.colcon_core.package_identification:_identify(src/bumperbot_controller) by extension 'ignore'
[0.349s] Level 1:colcon.colcon_core.package_identification:_identify(src/bumperbot_controller) by extension 'ignore_ament_install'
[0.349s] Level 1:colcon.colcon_core.package_identification:_identify(src/bumperbot_controller) by extensions ['colcon_pkg']
[0.349s] Level 1:colcon.colcon_core.package_identification:_identify(src/bumperbot_controller) by extension 'colcon_pkg'
[0.349s] Level 1:colcon.colcon_core.package_identification:_identify(src/bumperbot_controller) by extensions ['colcon_meta']
[0.349s] Level 1:colcon.colcon_core.package_identification:_identify(src/bumperbot_controller) by extension 'colcon_meta'
[0.349s] Level 1:colcon.colcon_core.package_identification:_identify(src/bumperbot_controller) by extensions ['ros']
[0.349s] Level 1:colcon.colcon_core.package_identification:_identify(src/bumperbot_controller) by extension 'ros'
[0.352s] DEBUG:colcon.colcon_core.package_identification:Package 'src/bumperbot_controller' with type 'ros.ament_cmake' and name 'bumperbot_controller'
[0.352s] Level 1:colcon.colcon_core.package_identification:_identify(src/bumperbot_cpp_examples) by extensions ['ignore', 'ignore_ament_install']
[0.353s] Level 1:colcon.colcon_core.package_identification:_identify(src/bumperbot_cpp_examples) by extension 'ignore'
[0.353s] Level 1:colcon.colcon_core.package_identification:_identify(src/bumperbot_cpp_examples) by extension 'ignore_ament_install'
[0.353s] Level 1:colcon.colcon_core.package_identification:_identify(src/bumperbot_cpp_examples) by extensions ['colcon_pkg']
[0.353s] Level 1:colcon.colcon_core.package_identification:_identify(src/bumperbot_cpp_examples) by extension 'colcon_pkg'
[0.353s] Level 1:colcon.colcon_core.package_identification:_identify(src/bumperbot_cpp_examples) by extensions ['colcon_meta']
[0.353s] Level 1:colcon.colcon_core.package_identification:_identify(src/bumperbot_cpp_examples) by extension 'colcon_meta'
[0.353s] Level 1:colcon.colcon_core.package_identification:_identify(src/bumperbot_cpp_examples) by extensions ['ros']
[0.353s] Level 1:colcon.colcon_core.package_identification:_identify(src/bumperbot_cpp_examples) by extension 'ros'
[0.354s] DEBUG:colcon.colcon_core.package_identification:Package 'src/bumperbot_cpp_examples' with type 'ros.ament_cmake' and name 'bumperbot_cpp_examples'
[0.354s] Level 1:colcon.colcon_core.package_identification:_identify(src/bumperbot_description) by extensions ['ignore', 'ignore_ament_install']
[0.354s] Level 1:colcon.colcon_core.package_identification:_identify(src/bumperbot_description) by extension 'ignore'
[0.354s] Level 1:colcon.colcon_core.package_identification:_identify(src/bumperbot_description) by extension 'ignore_ament_install'
[0.354s] Level 1:colcon.colcon_core.package_identification:_identify(src/bumperbot_description) by extensions ['colcon_pkg']
[0.354s] Level 1:colcon.colcon_core.package_identification:_identify(src/bumperbot_description) by extension 'colcon_pkg'
[0.354s] Level 1:colcon.colcon_core.package_identification:_identify(src/bumperbot_description) by extensions ['colcon_meta']
[0.354s] Level 1:colcon.colcon_core.package_identification:_identify(src/bumperbot_description) by extension 'colcon_meta'
[0.354s] Level 1:colcon.colcon_core.package_identification:_identify(src/bumperbot_description) by extensions ['ros']
[0.354s] Level 1:colcon.colcon_core.package_identification:_identify(src/bumperbot_description) by extension 'ros'
[0.356s] DEBUG:colcon.colcon_core.package_identification:Package 'src/bumperbot_description' with type 'ros.ament_cmake' and name 'bumperbot_description'
[0.357s] Level 1:colcon.colcon_core.package_identification:_identify(src/bumperbot_msgs) by extensions ['ignore', 'ignore_ament_install']
[0.357s] Level 1:colcon.colcon_core.package_identification:_identify(src/bumperbot_msgs) by extension 'ignore'
[0.357s] Level 1:colcon.colcon_core.package_identification:_identify(src/bumperbot_msgs) by extension 'ignore_ament_install'
[0.357s] Level 1:colcon.colcon_core.package_identification:_identify(src/bumperbot_msgs) by extensions ['colcon_pkg']
[0.357s] Level 1:colcon.colcon_core.package_identification:_identify(src/bumperbot_msgs) by extension 'colcon_pkg'
[0.357s] Level 1:colcon.colcon_core.package_identification:_identify(src/bumperbot_msgs) by extensions ['colcon_meta']
[0.357s] Level 1:colcon.colcon_core.package_identification:_identify(src/bumperbot_msgs) by extension 'colcon_meta'
[0.357s] Level 1:colcon.colcon_core.package_identification:_identify(src/bumperbot_msgs) by extensions ['ros']
[0.357s] Level 1:colcon.colcon_core.package_identification:_identify(src/bumperbot_msgs) by extension 'ros'
[0.358s] DEBUG:colcon.colcon_core.package_identification:Package 'src/bumperbot_msgs' with type 'ros.ament_cmake' and name 'bumperbot_msgs'
[0.358s] Level 1:colcon.colcon_core.package_identification:_identify(src/bumperbot_py_examples) by extensions ['ignore', 'ignore_ament_install']
[0.358s] Level 1:colcon.colcon_core.package_identification:_identify(src/bumperbot_py_examples) by extension 'ignore'
[0.358s] Level 1:colcon.colcon_core.package_identification:_identify(src/bumperbot_py_examples) by extension 'ignore_ament_install'
[0.358s] Level 1:colcon.colcon_core.package_identification:_identify(src/bumperbot_py_examples) by extensions ['colcon_pkg']
[0.358s] Level 1:colcon.colcon_core.package_identification:_identify(src/bumperbot_py_examples) by extension 'colcon_pkg'
[0.358s] Level 1:colcon.colcon_core.package_identification:_identify(src/bumperbot_py_examples) by extensions ['colcon_meta']
[0.358s] Level 1:colcon.colcon_core.package_identification:_identify(src/bumperbot_py_examples) by extension 'colcon_meta'
[0.358s] Level 1:colcon.colcon_core.package_identification:_identify(src/bumperbot_py_examples) by extensions ['ros']
[0.358s] Level 1:colcon.colcon_core.package_identification:_identify(src/bumperbot_py_examples) by extension 'ros'
[0.359s] DEBUG:colcon.colcon_core.package_identification:Package 'src/bumperbot_py_examples' with type 'ros.ament_python' and name 'bumperbot_py_examples'
[0.359s] Level 1:colcon.colcon_core.package_identification:_identify(src/bumperbot_utils) by extensions ['ignore', 'ignore_ament_install']
[0.359s] Level 1:colcon.colcon_core.package_identification:_identify(src/bumperbot_utils) by extension 'ignore'
[0.359s] Level 1:colcon.colcon_core.package_identification:_identify(src/bumperbot_utils) by extension 'ignore_ament_install'
[0.359s] Level 1:colcon.colcon_core.package_identification:_identify(src/bumperbot_utils) by extensions ['colcon_pkg']
[0.359s] Level 1:colcon.colcon_core.package_identification:_identify(src/bumperbot_utils) by extension 'colcon_pkg'
[0.359s] Level 1:colcon.colcon_core.package_identification:_identify(src/bumperbot_utils) by extensions ['colcon_meta']
[0.359s] Level 1:colcon.colcon_core.package_identification:_identify(src/bumperbot_utils) by extension 'colcon_meta'
[0.359s] Level 1:colcon.colcon_core.package_identification:_identify(src/bumperbot_utils) by extensions ['ros']
[0.359s] Level 1:colcon.colcon_core.package_identification:_identify(src/bumperbot_utils) by extension 'ros'
[0.360s] DEBUG:colcon.colcon_core.package_identification:Package 'src/bumperbot_utils' with type 'ros.ament_cmake' and name 'bumperbot_utils'
[0.360s] Level 1:colcon.colcon_core.package_identification:_identify(src/install) by extensions ['ignore', 'ignore_ament_install']
[0.360s] Level 1:colcon.colcon_core.package_identification:_identify(src/install) by extension 'ignore'
[0.360s] Level 1:colcon.colcon_core.package_identification:_identify(src/install) ignored
[0.360s] Level 1:colcon.colcon_core.package_identification:_identify(src/log) by extensions ['ignore', 'ignore_ament_install']
[0.360s] Level 1:colcon.colcon_core.package_identification:_identify(src/log) by extension 'ignore'
[0.360s] Level 1:colcon.colcon_core.package_identification:_identify(src/log) ignored
[0.360s] Level 1:colcon.colcon_core.package_discovery:discover_packages(recursive) using defaults
[0.360s] Level 1:colcon.colcon_core.package_discovery:discover_packages(ignore) discover
[0.360s] Level 1:colcon.colcon_core.package_discovery:discover_packages(ignore) using defaults
[0.360s] Level 1:colcon.colcon_core.package_discovery:discover_packages(path) discover
[0.361s] Level 1:colcon.colcon_core.package_discovery:discover_packages(path) using defaults
[0.380s] Level 1:colcon.colcon_core.package_discovery:discover_packages(prefix_path) check parameters
[0.380s] Level 1:colcon.colcon_core.package_discovery:discover_packages(prefix_path) discover
[0.382s] DEBUG:colcon.colcon_installed_package_information.package_discovery:Found 6 installed packages in /home/bfg2h/bumperbot_ws/install
[0.383s] DEBUG:colcon.colcon_installed_package_information.package_discovery:Found 3 installed packages in /home/bfg2h/turtlebot3_ws/install
[0.383s] DEBUG:colcon.colcon_installed_package_information.package_discovery:Found 2 installed packages in /home/bfg2h/ros2_ws/install
[0.384s] DEBUG:colcon.colcon_installed_package_information.package_discovery:Found 4 installed packages in /home/bfg2h/arduinobot_ws/install
[0.384s] DEBUG:colcon.colcon_installed_package_information.package_discovery:Found 1 installed packages in /home/bfg2h/udemy_ws/install
[0.385s] DEBUG:colcon.colcon_installed_package_information.package_discovery:Found 464 installed packages in /opt/ros/humble
[0.388s] Level 1:colcon.colcon_core.package_discovery:discover_packages(prefix_path) using defaults
[0.437s] Level 5:colcon.colcon_core.verb:set package 'bumperbot_controller' build argument 'cmake_args' from command line to 'None'
[0.437s] Level 5:colcon.colcon_core.verb:set package 'bumperbot_controller' build argument 'cmake_target' from command line to 'None'
[0.437s] Level 5:colcon.colcon_core.verb:set package 'bumperbot_controller' build argument 'cmake_target_skip_unavailable' from command line to 'False'
[0.437s] Level 5:colcon.colcon_core.verb:set package 'bumperbot_controller' build argument 'cmake_clean_cache' from command line to 'True'
[0.437s] Level 5:colcon.colcon_core.verb:set package 'bumperbot_controller' build argument 'cmake_clean_first' from command line to 'False'
[0.437s] Level 5:colcon.colcon_core.verb:set package 'bumperbot_controller' build argument 'cmake_force_configure' from command line to 'False'
[0.437s] Level 5:colcon.colcon_core.verb:set package 'bumperbot_controller' build argument 'ament_cmake_args' from command line to 'None'
[0.437s] Level 5:colcon.colcon_core.verb:set package 'bumperbot_controller' build argument 'catkin_cmake_args' from command line to 'None'
[0.437s] Level 5:colcon.colcon_core.verb:set package 'bumperbot_controller' build argument 'catkin_skip_building_tests' from command line to 'False'
[0.437s] DEBUG:colcon.colcon_core.verb:Building package 'bumperbot_controller' with the following arguments: {'ament_cmake_args': None, 'build_base': '/home/bfg2h/bumperbot_ws/build/bumperbot_controller', 'catkin_cmake_args': None, 'catkin_skip_building_tests': False, 'cmake_args': None, 'cmake_clean_cache': True, 'cmake_clean_first': False, 'cmake_force_configure': False, 'cmake_target': None, 'cmake_target_skip_unavailable': False, 'install_base': '/home/bfg2h/bumperbot_ws/install/bumperbot_controller', 'merge_install': False, 'path': '/home/bfg2h/bumperbot_ws/src/bumperbot_controller', 'symlink_install': False, 'test_result_base': None}
[0.437s] Level 5:colcon.colcon_core.verb:set package 'bumperbot_description' build argument 'cmake_args' from command line to 'None'
[0.437s] Level 5:colcon.colcon_core.verb:set package 'bumperbot_description' build argument 'cmake_target' from command line to 'None'
[0.438s] Level 5:colcon.colcon_core.verb:set package 'bumperbot_description' build argument 'cmake_target_skip_unavailable' from command line to 'False'
[0.438s] Level 5:colcon.colcon_core.verb:set package 'bumperbot_description' build argument 'cmake_clean_cache' from command line to 'True'
[0.438s] Level 5:colcon.colcon_core.verb:set package 'bumperbot_description' build argument 'cmake_clean_first' from command line to 'False'
[0.438s] Level 5:colcon.colcon_core.verb:set package 'bumperbot_description' build argument 'cmake_force_configure' from command line to 'False'
[0.438s] Level 5:colcon.colcon_core.verb:set package 'bumperbot_description' build argument 'ament_cmake_args' from command line to 'None'
[0.438s] Level 5:colcon.colcon_core.verb:set package 'bumperbot_description' build argument 'catkin_cmake_args' from command line to 'None'
[0.438s] Level 5:colcon.colcon_core.verb:set package 'bumperbot_description' build argument 'catkin_skip_building_tests' from command line to 'False'
[0.438s] DEBUG:colcon.colcon_core.verb:Building package 'bumperbot_description' with the following arguments: {'ament_cmake_args': None, 'build_base': '/home/bfg2h/bumperbot_ws/build/bumperbot_description', 'catkin_cmake_args': None, 'catkin_skip_building_tests': False, 'cmake_args': None, 'cmake_clean_cache': True, 'cmake_clean_first': False, 'cmake_force_configure': False, 'cmake_target': None, 'cmake_target_skip_unavailable': False, 'install_base': '/home/bfg2h/bumperbot_ws/install/bumperbot_description', 'merge_install': False, 'path': '/home/bfg2h/bumperbot_ws/src/bumperbot_description', 'symlink_install': False, 'test_result_base': None}
[0.438s] Level 5:colcon.colcon_core.verb:set package 'bumperbot_msgs' build argument 'cmake_args' from command line to 'None'
[0.438s] Level 5:colcon.colcon_core.verb:set package 'bumperbot_msgs' build argument 'cmake_target' from command line to 'None'
[0.438s] Level 5:colcon.colcon_core.verb:set package 'bumperbot_msgs' build argument 'cmake_target_skip_unavailable' from command line to 'False'
[0.438s] Level 5:colcon.colcon_core.verb:set package 'bumperbot_msgs' build argument 'cmake_clean_cache' from command line to 'True'
[0.438s] Level 5:colcon.colcon_core.verb:set package 'bumperbot_msgs' build argument 'cmake_clean_first' from command line to 'False'
[0.438s] Level 5:colcon.colcon_core.verb:set package 'bumperbot_msgs' build argument 'cmake_force_configure' from command line to 'False'
[0.438s] Level 5:colcon.colcon_core.verb:set package 'bumperbot_msgs' build argument 'ament_cmake_args' from command line to 'None'
[0.438s] Level 5:colcon.colcon_core.verb:set package 'bumperbot_msgs' build argument 'catkin_cmake_args' from command line to 'None'
[0.438s] Level 5:colcon.colcon_core.verb:set package 'bumperbot_msgs' build argument 'catkin_skip_building_tests' from command line to 'False'
[0.438s] DEBUG:colcon.colcon_core.verb:Building package 'bumperbot_msgs' with the following arguments: {'ament_cmake_args': None, 'build_base': '/home/bfg2h/bumperbot_ws/build/bumperbot_msgs', 'catkin_cmake_args': None, 'catkin_skip_building_tests': False, 'cmake_args': None, 'cmake_clean_cache': True, 'cmake_clean_first': False, 'cmake_force_configure': False, 'cmake_target': None, 'cmake_target_skip_unavailable': False, 'install_base': '/home/bfg2h/bumperbot_ws/install/bumperbot_msgs', 'merge_install': False, 'path': '/home/bfg2h/bumperbot_ws/src/bumperbot_msgs', 'symlink_install': False, 'test_result_base': None}
[0.438s] Level 5:colcon.colcon_core.verb:set package 'bumperbot_utils' build argument 'cmake_args' from command line to 'None'
[0.438s] Level 5:colcon.colcon_core.verb:set package 'bumperbot_utils' build argument 'cmake_target' from command line to 'None'
[0.438s] Level 5:colcon.colcon_core.verb:set package 'bumperbot_utils' build argument 'cmake_target_skip_unavailable' from command line to 'False'
[0.438s] Level 5:colcon.colcon_core.verb:set package 'bumperbot_utils' build argument 'cmake_clean_cache' from command line to 'True'
[0.439s] Level 5:colcon.colcon_core.verb:set package 'bumperbot_utils' build argument 'cmake_clean_first' from command line to 'False'
[0.439s] Level 5:colcon.colcon_core.verb:set package 'bumperbot_utils' build argument 'cmake_force_configure' from command line to 'False'
[0.439s] Level 5:colcon.colcon_core.verb:set package 'bumperbot_utils' build argument 'ament_cmake_args' from command line to 'None'
[0.439s] Level 5:colcon.colcon_core.verb:set package 'bumperbot_utils' build argument 'catkin_cmake_args' from command line to 'None'
[0.439s] Level 5:colcon.colcon_core.verb:set package 'bumperbot_utils' build argument 'catkin_skip_building_tests' from command line to 'False'
[0.439s] DEBUG:colcon.colcon_core.verb:Building package 'bumperbot_utils' with the following arguments: {'ament_cmake_args': None, 'build_base': '/home/bfg2h/bumperbot_ws/build/bumperbot_utils', 'catkin_cmake_args': None, 'catkin_skip_building_tests': False, 'cmake_args': None, 'cmake_clean_cache': True, 'cmake_clean_first': False, 'cmake_force_configure': False, 'cmake_target': None, 'cmake_target_skip_unavailable': False, 'install_base': '/home/bfg2h/bumperbot_ws/install/bumperbot_utils', 'merge_install': False, 'path': '/home/bfg2h/bumperbot_ws/src/bumperbot_utils', 'symlink_install': False, 'test_result_base': None}
[0.439s] Level 5:colcon.colcon_core.verb:set package 'bumperbot_cpp_examples' build argument 'cmake_args' from command line to 'None'
[0.439s] Level 5:colcon.colcon_core.verb:set package 'bumperbot_cpp_examples' build argument 'cmake_target' from command line to 'None'
[0.439s] Level 5:colcon.colcon_core.verb:set package 'bumperbot_cpp_examples' build argument 'cmake_target_skip_unavailable' from command line to 'False'
[0.439s] Level 5:colcon.colcon_core.verb:set package 'bumperbot_cpp_examples' build argument 'cmake_clean_cache' from command line to 'True'
[0.439s] Level 5:colcon.colcon_core.verb:set package 'bumperbot_cpp_examples' build argument 'cmake_clean_first' from command line to 'False'
[0.439s] Level 5:colcon.colcon_core.verb:set package 'bumperbot_cpp_examples' build argument 'cmake_force_configure' from command line to 'False'
[0.439s] Level 5:colcon.colcon_core.verb:set package 'bumperbot_cpp_examples' build argument 'ament_cmake_args' from command line to 'None'
[0.439s] Level 5:colcon.colcon_core.verb:set package 'bumperbot_cpp_examples' build argument 'catkin_cmake_args' from command line to 'None'
[0.439s] Level 5:colcon.colcon_core.verb:set package 'bumperbot_cpp_examples' build argument 'catkin_skip_building_tests' from command line to 'False'
[0.439s] DEBUG:colcon.colcon_core.verb:Building package 'bumperbot_cpp_examples' with the following arguments: {'ament_cmake_args': None, 'build_base': '/home/bfg2h/bumperbot_ws/build/bumperbot_cpp_examples', 'catkin_cmake_args': None, 'catkin_skip_building_tests': False, 'cmake_args': None, 'cmake_clean_cache': True, 'cmake_clean_first': False, 'cmake_force_configure': False, 'cmake_target': None, 'cmake_target_skip_unavailable': False, 'install_base': '/home/bfg2h/bumperbot_ws/install/bumperbot_cpp_examples', 'merge_install': False, 'path': '/home/bfg2h/bumperbot_ws/src/bumperbot_cpp_examples', 'symlink_install': False, 'test_result_base': None}
[0.440s] Level 5:colcon.colcon_core.verb:set package 'bumperbot_py_examples' build argument 'cmake_args' from command line to 'None'
[0.440s] Level 5:colcon.colcon_core.verb:set package 'bumperbot_py_examples' build argument 'cmake_target' from command line to 'None'
[0.440s] Level 5:colcon.colcon_core.verb:set package 'bumperbot_py_examples' build argument 'cmake_target_skip_unavailable' from command line to 'False'
[0.440s] Level 5:colcon.colcon_core.verb:set package 'bumperbot_py_examples' build argument 'cmake_clean_cache' from command line to 'True'
[0.440s] Level 5:colcon.colcon_core.verb:set package 'bumperbot_py_examples' build argument 'cmake_clean_first' from command line to 'False'
[0.440s] Level 5:colcon.colcon_core.verb:set package 'bumperbot_py_examples' build argument 'cmake_force_configure' from command line to 'False'
[0.440s] Level 5:colcon.colcon_core.verb:set package 'bumperbot_py_examples' build argument 'ament_cmake_args' from command line to 'None'
[0.440s] Level 5:colcon.colcon_core.verb:set package 'bumperbot_py_examples' build argument 'catkin_cmake_args' from command line to 'None'
[0.440s] Level 5:colcon.colcon_core.verb:set package 'bumperbot_py_examples' build argument 'catkin_skip_building_tests' from command line to 'False'
[0.440s] DEBUG:colcon.colcon_core.verb:Building package 'bumperbot_py_examples' with the following arguments: {'ament_cmake_args': None, 'build_base': '/home/bfg2h/bumperbot_ws/build/bumperbot_py_examples', 'catkin_cmake_args': None, 'catkin_skip_building_tests': False, 'cmake_args': None, 'cmake_clean_cache': True, 'cmake_clean_first': False, 'cmake_force_configure': False, 'cmake_target': None, 'cmake_target_skip_unavailable': False, 'install_base': '/home/bfg2h/bumperbot_ws/install/bumperbot_py_examples', 'merge_install': False, 'path': '/home/bfg2h/bumperbot_ws/src/bumperbot_py_examples', 'symlink_install': False, 'test_result_base': None}
[0.440s] INFO:colcon.colcon_core.executor:Executing jobs using 'parallel' executor
[0.440s] DEBUG:colcon.colcon_parallel_executor.executor.parallel:run_until_complete
[0.441s] INFO:colcon.colcon_ros.task.ament_cmake.build:Building ROS package in '/home/bfg2h/bumperbot_ws/src/bumperbot_msgs' with build type 'ament_cmake'
[0.441s] INFO:colcon.colcon_cmake.task.cmake.build:Building CMake package in '/home/bfg2h/bumperbot_ws/src/bumperbot_msgs'
[0.442s] INFO:colcon.colcon_core.plugin_system:Skipping extension 'colcon_core.shell.bat': Not used on non-Windows systems
[0.443s] INFO:colcon.colcon_core.shell:Skip shell extension 'powershell' for command environment: Not usable outside of PowerShell
[0.443s] DEBUG:colcon.colcon_core.shell:Skip shell extension 'dsv' for command environment
[0.447s] INFO:colcon.colcon_ros.task.ament_cmake.build:Building ROS package in '/home/bfg2h/bumperbot_ws/src/bumperbot_controller' with build type 'ament_cmake'
[0.447s] INFO:colcon.colcon_cmake.task.cmake.build:Building CMake package in '/home/bfg2h/bumperbot_ws/src/bumperbot_controller'
[0.447s] INFO:colcon.colcon_core.shell:Skip shell extension 'powershell' for command environment: Not usable outside of PowerShell
[0.447s] DEBUG:colcon.colcon_core.shell:Skip shell extension 'dsv' for command environment
[0.451s] INFO:colcon.colcon_ros.task.ament_cmake.build:Building ROS package in '/home/bfg2h/bumperbot_ws/src/bumperbot_description' with build type 'ament_cmake'
[0.451s] INFO:colcon.colcon_cmake.task.cmake.build:Building CMake package in '/home/bfg2h/bumperbot_ws/src/bumperbot_description'
[0.451s] INFO:colcon.colcon_core.shell:Skip shell extension 'powershell' for command environment: Not usable outside of PowerShell
[0.451s] DEBUG:colcon.colcon_core.shell:Skip shell extension 'dsv' for command environment
[0.456s] INFO:colcon.colcon_ros.task.ament_cmake.build:Building ROS package in '/home/bfg2h/bumperbot_ws/src/bumperbot_utils' with build type 'ament_cmake'
[0.456s] INFO:colcon.colcon_cmake.task.cmake.build:Building CMake package in '/home/bfg2h/bumperbot_ws/src/bumperbot_utils'
[0.457s] INFO:colcon.colcon_core.shell:Skip shell extension 'powershell' for command environment: Not usable outside of PowerShell
[0.457s] DEBUG:colcon.colcon_core.shell:Skip shell extension 'dsv' for command environment
[0.464s] DEBUG:colcon.colcon_core.event_handler.log_command:Invoking command in '/home/bfg2h/bumperbot_ws/build/bumperbot_msgs': CMAKE_PREFIX_PATH=${CMAKE_PREFIX_PATH}:/home/bfg2h/bumperbot_ws/install/bumperbot_py_examples:/home/bfg2h/ros2_ws/install/my_py_pkg:/home/bfg2h/udemy_ws/install/self_driving_car_pkg:/opt/ros/humble _=/usr/bin/env /usr/bin/cmake /home/bfg2h/bumperbot_ws/src/bumperbot_msgs -DCMAKE_INSTALL_PREFIX=/home/bfg2h/bumperbot_ws/install/bumperbot_msgs
[0.466s] DEBUG:colcon.colcon_core.event_handler.log_command:Invoking command in '/home/bfg2h/bumperbot_ws/build/bumperbot_controller': CMAKE_PREFIX_PATH=${CMAKE_PREFIX_PATH}:/home/bfg2h/bumperbot_ws/install/bumperbot_py_examples:/home/bfg2h/ros2_ws/install/my_py_pkg:/home/bfg2h/udemy_ws/install/self_driving_car_pkg:/opt/ros/humble _=/usr/bin/env /usr/bin/cmake /home/bfg2h/bumperbot_ws/src/bumperbot_controller -DCMAKE_INSTALL_PREFIX=/home/bfg2h/bumperbot_ws/install/bumperbot_controller
[0.468s] DEBUG:colcon.colcon_core.event_handler.log_command:Invoking command in '/home/bfg2h/bumperbot_ws/build/bumperbot_description': CMAKE_PREFIX_PATH=${CMAKE_PREFIX_PATH}:/home/bfg2h/bumperbot_ws/install/bumperbot_py_examples:/home/bfg2h/ros2_ws/install/my_py_pkg:/home/bfg2h/udemy_ws/install/self_driving_car_pkg:/opt/ros/humble _=/usr/bin/env /usr/bin/cmake /home/bfg2h/bumperbot_ws/src/bumperbot_description -DCMAKE_INSTALL_PREFIX=/home/bfg2h/bumperbot_ws/install/bumperbot_description
[0.471s] DEBUG:colcon.colcon_core.event_handler.log_command:Invoking command in '/home/bfg2h/bumperbot_ws/build/bumperbot_utils': CMAKE_PREFIX_PATH=${CMAKE_PREFIX_PATH}:/home/bfg2h/bumperbot_ws/install/bumperbot_py_examples:/home/bfg2h/ros2_ws/install/my_py_pkg:/home/bfg2h/udemy_ws/install/self_driving_car_pkg:/opt/ros/humble _=/usr/bin/env /usr/bin/cmake /home/bfg2h/bumperbot_ws/src/bumperbot_utils -DCMAKE_INSTALL_PREFIX=/home/bfg2h/bumperbot_ws/install/bumperbot_utils
[1.109s] DEBUG:colcon.colcon_core.event_handler.log_command:Invoked command in '/home/bfg2h/bumperbot_ws/build/bumperbot_description' returned '0': CMAKE_PREFIX_PATH=${CMAKE_PREFIX_PATH}:/home/bfg2h/bumperbot_ws/install/bumperbot_py_examples:/home/bfg2h/ros2_ws/install/my_py_pkg:/home/bfg2h/udemy_ws/install/self_driving_car_pkg:/opt/ros/humble _=/usr/bin/env /usr/bin/cmake /home/bfg2h/bumperbot_ws/src/bumperbot_description -DCMAKE_INSTALL_PREFIX=/home/bfg2h/bumperbot_ws/install/bumperbot_description
[1.110s] DEBUG:colcon.colcon_core.event_handler.log_command:Invoking command in '/home/bfg2h/bumperbot_ws/build/bumperbot_description': CMAKE_PREFIX_PATH=${CMAKE_PREFIX_PATH}:/home/bfg2h/bumperbot_ws/install/bumperbot_py_examples:/home/bfg2h/ros2_ws/install/my_py_pkg:/home/bfg2h/udemy_ws/install/self_driving_car_pkg:/opt/ros/humble _=/usr/bin/env /usr/bin/cmake --build /home/bfg2h/bumperbot_ws/build/bumperbot_description -- -j16 -l16
[1.139s] DEBUG:colcon.colcon_core.event_handler.log_command:Invoked command in '/home/bfg2h/bumperbot_ws/build/bumperbot_description' returned '0': CMAKE_PREFIX_PATH=${CMAKE_PREFIX_PATH}:/home/bfg2h/bumperbot_ws/install/bumperbot_py_examples:/home/bfg2h/ros2_ws/install/my_py_pkg:/home/bfg2h/udemy_ws/install/self_driving_car_pkg:/opt/ros/humble _=/usr/bin/env /usr/bin/cmake --build /home/bfg2h/bumperbot_ws/build/bumperbot_description -- -j16 -l16
[1.170s] DEBUG:colcon.colcon_core.event_handler.log_command:Invoking command in '/home/bfg2h/bumperbot_ws/build/bumperbot_description': CMAKE_PREFIX_PATH=${CMAKE_PREFIX_PATH}:/home/bfg2h/bumperbot_ws/install/bumperbot_py_examples:/home/bfg2h/ros2_ws/install/my_py_pkg:/home/bfg2h/udemy_ws/install/self_driving_car_pkg:/opt/ros/humble _=/usr/bin/env /usr/bin/cmake --install /home/bfg2h/bumperbot_ws/build/bumperbot_description
[1.179s] Level 1:colcon.colcon_core.environment:create_environment_scripts_only(bumperbot_description)
[1.180s] DEBUG:colcon.colcon_core.event_handler.log_command:Invoked command in '/home/bfg2h/bumperbot_ws/build/bumperbot_description' returned '0': CMAKE_PREFIX_PATH=${CMAKE_PREFIX_PATH}:/home/bfg2h/bumperbot_ws/install/bumperbot_py_examples:/home/bfg2h/ros2_ws/install/my_py_pkg:/home/bfg2h/udemy_ws/install/self_driving_car_pkg:/opt/ros/humble _=/usr/bin/env /usr/bin/cmake --install /home/bfg2h/bumperbot_ws/build/bumperbot_description
[1.182s] Level 1:colcon.colcon_core.environment:checking '/home/bfg2h/bumperbot_ws/install/bumperbot_description' for CMake module files
[1.182s] Level 1:colcon.colcon_core.environment:checking '/home/bfg2h/bumperbot_ws/install/bumperbot_description' for CMake config files
[1.182s] Level 1:colcon.colcon_core.shell:create_environment_hook('bumperbot_description', 'cmake_prefix_path')
[1.182s] INFO:colcon.colcon_core.shell:Creating environment hook '/home/bfg2h/bumperbot_ws/install/bumperbot_description/share/bumperbot_description/hook/cmake_prefix_path.ps1'
[1.183s] INFO:colcon.colcon_core.shell:Creating environment descriptor '/home/bfg2h/bumperbot_ws/install/bumperbot_description/share/bumperbot_description/hook/cmake_prefix_path.dsv'
[1.183s] INFO:colcon.colcon_core.shell:Creating environment hook '/home/bfg2h/bumperbot_ws/install/bumperbot_description/share/bumperbot_description/hook/cmake_prefix_path.sh'
[1.184s] Level 1:colcon.colcon_core.environment:checking '/home/bfg2h/bumperbot_ws/install/bumperbot_description/bin'
[1.184s] Level 1:colcon.colcon_core.environment:checking '/home/bfg2h/bumperbot_ws/install/bumperbot_description/lib/pkgconfig/bumperbot_description.pc'
[1.184s] Level 1:colcon.colcon_core.environment:checking '/home/bfg2h/bumperbot_ws/install/bumperbot_description/lib/python3.10/site-packages'
[1.185s] Level 1:colcon.colcon_core.environment:checking '/home/bfg2h/bumperbot_ws/install/bumperbot_description/bin'
[1.185s] INFO:colcon.colcon_core.shell:Creating package script '/home/bfg2h/bumperbot_ws/install/bumperbot_description/share/bumperbot_description/package.ps1'
[1.186s] INFO:colcon.colcon_core.shell:Creating package descriptor '/home/bfg2h/bumperbot_ws/install/bumperbot_description/share/bumperbot_description/package.dsv'
[1.186s] INFO:colcon.colcon_core.shell:Creating package script '/home/bfg2h/bumperbot_ws/install/bumperbot_description/share/bumperbot_description/package.sh'
[1.187s] INFO:colcon.colcon_core.shell:Creating package script '/home/bfg2h/bumperbot_ws/install/bumperbot_description/share/bumperbot_description/package.bash'
[1.187s] INFO:colcon.colcon_core.shell:Creating package script '/home/bfg2h/bumperbot_ws/install/bumperbot_description/share/bumperbot_description/package.zsh'
[1.188s] Level 1:colcon.colcon_core.environment:create_file_with_runtime_dependencies(/home/bfg2h/bumperbot_ws/install/bumperbot_description/share/colcon-core/packages/bumperbot_description)
[1.207s] Level 1:colcon.colcon_core.environment:create_environment_scripts_only(bumperbot_description)
[1.207s] Level 1:colcon.colcon_core.environment:checking '/home/bfg2h/bumperbot_ws/install/bumperbot_description' for CMake module files
[1.207s] Level 1:colcon.colcon_core.environment:checking '/home/bfg2h/bumperbot_ws/install/bumperbot_description' for CMake config files
[1.208s] Level 1:colcon.colcon_core.shell:create_environment_hook('bumperbot_description', 'cmake_prefix_path')
[1.208s] INFO:colcon.colcon_core.shell:Creating environment hook '/home/bfg2h/bumperbot_ws/install/bumperbot_description/share/bumperbot_description/hook/cmake_prefix_path.ps1'
[1.208s] INFO:colcon.colcon_core.shell:Creating environment descriptor '/home/bfg2h/bumperbot_ws/install/bumperbot_description/share/bumperbot_description/hook/cmake_prefix_path.dsv'
[1.209s] INFO:colcon.colcon_core.shell:Creating environment hook '/home/bfg2h/bumperbot_ws/install/bumperbot_description/share/bumperbot_description/hook/cmake_prefix_path.sh'
[1.209s] Level 1:colcon.colcon_core.environment:checking '/home/bfg2h/bumperbot_ws/install/bumperbot_description/bin'
[1.209s] Level 1:colcon.colcon_core.environment:checking '/home/bfg2h/bumperbot_ws/install/bumperbot_description/lib/pkgconfig/bumperbot_description.pc'
[1.209s] Level 1:colcon.colcon_core.environment:checking '/home/bfg2h/bumperbot_ws/install/bumperbot_description/lib/python3.10/site-packages'
[1.209s] Level 1:colcon.colcon_core.environment:checking '/home/bfg2h/bumperbot_ws/install/bumperbot_description/bin'
[1.210s] INFO:colcon.colcon_core.shell:Creating package script '/home/bfg2h/bumperbot_ws/install/bumperbot_description/share/bumperbot_description/package.ps1'
[1.210s] INFO:colcon.colcon_core.shell:Creating package descriptor '/home/bfg2h/bumperbot_ws/install/bumperbot_description/share/bumperbot_description/package.dsv'
[1.211s] INFO:colcon.colcon_core.shell:Creating package script '/home/bfg2h/bumperbot_ws/install/bumperbot_description/share/bumperbot_description/package.sh'
[1.211s] INFO:colcon.colcon_core.shell:Creating package script '/home/bfg2h/bumperbot_ws/install/bumperbot_description/share/bumperbot_description/package.bash'
[1.211s] INFO:colcon.colcon_core.shell:Creating package script '/home/bfg2h/bumperbot_ws/install/bumperbot_description/share/bumperbot_description/package.zsh'
[1.212s] Level 1:colcon.colcon_core.environment:create_file_with_runtime_dependencies(/home/bfg2h/bumperbot_ws/install/bumperbot_description/share/colcon-core/packages/bumperbot_description)
[1.659s] DEBUG:colcon.colcon_core.event_handler.log_command:Invoked command in '/home/bfg2h/bumperbot_ws/build/bumperbot_utils' returned '0': CMAKE_PREFIX_PATH=${CMAKE_PREFIX_PATH}:/home/bfg2h/bumperbot_ws/install/bumperbot_py_examples:/home/bfg2h/ros2_ws/install/my_py_pkg:/home/bfg2h/udemy_ws/install/self_driving_car_pkg:/opt/ros/humble _=/usr/bin/env /usr/bin/cmake /home/bfg2h/bumperbot_ws/src/bumperbot_utils -DCMAKE_INSTALL_PREFIX=/home/bfg2h/bumperbot_ws/install/bumperbot_utils
[1.659s] DEBUG:colcon.colcon_core.event_handler.log_command:Invoking command in '/home/bfg2h/bumperbot_ws/build/bumperbot_utils': CMAKE_PREFIX_PATH=${CMAKE_PREFIX_PATH}:/home/bfg2h/bumperbot_ws/install/bumperbot_py_examples:/home/bfg2h/ros2_ws/install/my_py_pkg:/home/bfg2h/udemy_ws/install/self_driving_car_pkg:/opt/ros/humble _=/usr/bin/env /usr/bin/cmake --build /home/bfg2h/bumperbot_ws/build/bumperbot_utils -- -j16 -l16
[1.817s] DEBUG:colcon.colcon_core.event_handler.log_command:Invoked command in '/home/bfg2h/bumperbot_ws/build/bumperbot_controller' returned '0': CMAKE_PREFIX_PATH=${CMAKE_PREFIX_PATH}:/home/bfg2h/bumperbot_ws/install/bumperbot_py_examples:/home/bfg2h/ros2_ws/install/my_py_pkg:/home/bfg2h/udemy_ws/install/self_driving_car_pkg:/opt/ros/humble _=/usr/bin/env /usr/bin/cmake /home/bfg2h/bumperbot_ws/src/bumperbot_controller -DCMAKE_INSTALL_PREFIX=/home/bfg2h/bumperbot_ws/install/bumperbot_controller
[1.819s] DEBUG:colcon.colcon_core.event_handler.log_command:Invoking command in '/home/bfg2h/bumperbot_ws/build/bumperbot_controller': CMAKE_PREFIX_PATH=${CMAKE_PREFIX_PATH}:/home/bfg2h/bumperbot_ws/install/bumperbot_py_examples:/home/bfg2h/ros2_ws/install/my_py_pkg:/home/bfg2h/udemy_ws/install/self_driving_car_pkg:/opt/ros/humble _=/usr/bin/env /usr/bin/cmake --build /home/bfg2h/bumperbot_ws/build/bumperbot_controller -- -j16 -l16
[2.074s] DEBUG:colcon.colcon_core.event_handler.log_command:Invoked command in '/home/bfg2h/bumperbot_ws/build/bumperbot_utils' returned '0': CMAKE_PREFIX_PATH=${CMAKE_PREFIX_PATH}:/home/bfg2h/bumperbot_ws/install/bumperbot_py_examples:/home/bfg2h/ros2_ws/install/my_py_pkg:/home/bfg2h/udemy_ws/install/self_driving_car_pkg:/opt/ros/humble _=/usr/bin/env /usr/bin/cmake --build /home/bfg2h/bumperbot_ws/build/bumperbot_utils -- -j16 -l16
[2.097s] DEBUG:colcon.colcon_core.event_handler.log_command:Invoking command in '/home/bfg2h/bumperbot_ws/build/bumperbot_utils': CMAKE_PREFIX_PATH=${CMAKE_PREFIX_PATH}:/home/bfg2h/bumperbot_ws/install/bumperbot_py_examples:/home/bfg2h/ros2_ws/install/my_py_pkg:/home/bfg2h/udemy_ws/install/self_driving_car_pkg:/opt/ros/humble _=/usr/bin/env /usr/bin/cmake --install /home/bfg2h/bumperbot_ws/build/bumperbot_utils
[2.149s] Level 1:colcon.colcon_core.environment:create_environment_scripts_only(bumperbot_utils)
[2.150s] Level 1:colcon.colcon_core.environment:checking '/home/bfg2h/bumperbot_ws/install/bumperbot_utils' for CMake module files
[2.150s] DEBUG:colcon.colcon_core.event_handler.log_command:Invoked command in '/home/bfg2h/bumperbot_ws/build/bumperbot_utils' returned '0': CMAKE_PREFIX_PATH=${CMAKE_PREFIX_PATH}:/home/bfg2h/bumperbot_ws/install/bumperbot_py_examples:/home/bfg2h/ros2_ws/install/my_py_pkg:/home/bfg2h/udemy_ws/install/self_driving_car_pkg:/opt/ros/humble _=/usr/bin/env /usr/bin/cmake --install /home/bfg2h/bumperbot_ws/build/bumperbot_utils
[2.151s] Level 1:colcon.colcon_core.environment:checking '/home/bfg2h/bumperbot_ws/install/bumperbot_utils' for CMake config files
[2.151s] Level 1:colcon.colcon_core.shell:create_environment_hook('bumperbot_utils', 'cmake_prefix_path')
[2.151s] INFO:colcon.colcon_core.shell:Creating environment hook '/home/bfg2h/bumperbot_ws/install/bumperbot_utils/share/bumperbot_utils/hook/cmake_prefix_path.ps1'
[2.152s] INFO:colcon.colcon_core.shell:Creating environment descriptor '/home/bfg2h/bumperbot_ws/install/bumperbot_utils/share/bumperbot_utils/hook/cmake_prefix_path.dsv'
[2.152s] INFO:colcon.colcon_core.shell:Creating environment hook '/home/bfg2h/bumperbot_ws/install/bumperbot_utils/share/bumperbot_utils/hook/cmake_prefix_path.sh'
[2.153s] Level 1:colcon.colcon_core.environment:checking '/home/bfg2h/bumperbot_ws/install/bumperbot_utils/lib'
[2.153s] Level 1:colcon.colcon_core.environment:checking '/home/bfg2h/bumperbot_ws/install/bumperbot_utils/bin'
[2.153s] Level 1:colcon.colcon_core.environment:checking '/home/bfg2h/bumperbot_ws/install/bumperbot_utils/lib/pkgconfig/bumperbot_utils.pc'
[2.153s] Level 1:colcon.colcon_core.environment:checking '/home/bfg2h/bumperbot_ws/install/bumperbot_utils/lib/python3.10/site-packages'
[2.153s] Level 1:colcon.colcon_core.environment:checking '/home/bfg2h/bumperbot_ws/install/bumperbot_utils/bin'
[2.154s] INFO:colcon.colcon_core.shell:Creating package script '/home/bfg2h/bumperbot_ws/install/bumperbot_utils/share/bumperbot_utils/package.ps1'
[2.154s] INFO:colcon.colcon_core.shell:Creating package descriptor '/home/bfg2h/bumperbot_ws/install/bumperbot_utils/share/bumperbot_utils/package.dsv'
[2.155s] INFO:colcon.colcon_core.shell:Creating package script '/home/bfg2h/bumperbot_ws/install/bumperbot_utils/share/bumperbot_utils/package.sh'
[2.155s] INFO:colcon.colcon_core.shell:Creating package script '/home/bfg2h/bumperbot_ws/install/bumperbot_utils/share/bumperbot_utils/package.bash'
[2.155s] INFO:colcon.colcon_core.shell:Creating package script '/home/bfg2h/bumperbot_ws/install/bumperbot_utils/share/bumperbot_utils/package.zsh'
[2.156s] Level 1:colcon.colcon_core.environment:create_file_with_runtime_dependencies(/home/bfg2h/bumperbot_ws/install/bumperbot_utils/share/colcon-core/packages/bumperbot_utils)
[2.179s] Level 1:colcon.colcon_core.environment:create_environment_scripts_only(bumperbot_utils)
[2.179s] Level 1:colcon.colcon_core.environment:checking '/home/bfg2h/bumperbot_ws/install/bumperbot_utils' for CMake module files
[2.180s] Level 1:colcon.colcon_core.environment:checking '/home/bfg2h/bumperbot_ws/install/bumperbot_utils' for CMake config files
[2.180s] Level 1:colcon.colcon_core.shell:create_environment_hook('bumperbot_utils', 'cmake_prefix_path')
[2.180s] INFO:colcon.colcon_core.shell:Creating environment hook '/home/bfg2h/bumperbot_ws/install/bumperbot_utils/share/bumperbot_utils/hook/cmake_prefix_path.ps1'
[2.180s] INFO:colcon.colcon_core.shell:Creating environment descriptor '/home/bfg2h/bumperbot_ws/install/bumperbot_utils/share/bumperbot_utils/hook/cmake_prefix_path.dsv'
[2.181s] INFO:colcon.colcon_core.shell:Creating environment hook '/home/bfg2h/bumperbot_ws/install/bumperbot_utils/share/bumperbot_utils/hook/cmake_prefix_path.sh'
[2.181s] Level 1:colcon.colcon_core.environment:checking '/home/bfg2h/bumperbot_ws/install/bumperbot_utils/lib'
[2.181s] Level 1:colcon.colcon_core.environment:checking '/home/bfg2h/bumperbot_ws/install/bumperbot_utils/bin'
[2.181s] Level 1:colcon.colcon_core.environment:checking '/home/bfg2h/bumperbot_ws/install/bumperbot_utils/lib/pkgconfig/bumperbot_utils.pc'
[2.182s] Level 1:colcon.colcon_core.environment:checking '/home/bfg2h/bumperbot_ws/install/bumperbot_utils/lib/python3.10/site-packages'
[2.182s] Level 1:colcon.colcon_core.environment:checking '/home/bfg2h/bumperbot_ws/install/bumperbot_utils/bin'
[2.182s] INFO:colcon.colcon_core.shell:Creating package script '/home/bfg2h/bumperbot_ws/install/bumperbot_utils/share/bumperbot_utils/package.ps1'
[2.183s] INFO:colcon.colcon_core.shell:Creating package descriptor '/home/bfg2h/bumperbot_ws/install/bumperbot_utils/share/bumperbot_utils/package.dsv'
[2.183s] INFO:colcon.colcon_core.shell:Creating package script '/home/bfg2h/bumperbot_ws/install/bumperbot_utils/share/bumperbot_utils/package.sh'
[2.184s] INFO:colcon.colcon_core.shell:Creating package script '/home/bfg2h/bumperbot_ws/install/bumperbot_utils/share/bumperbot_utils/package.bash'
[2.184s] INFO:colcon.colcon_core.shell:Creating package script '/home/bfg2h/bumperbot_ws/install/bumperbot_utils/share/bumperbot_utils/package.zsh'
[2.184s] Level 1:colcon.colcon_core.environment:create_file_with_runtime_dependencies(/home/bfg2h/bumperbot_ws/install/bumperbot_utils/share/colcon-core/packages/bumperbot_utils)
[2.193s] DEBUG:colcon.colcon_core.event_handler.log_command:Invoked command in '/home/bfg2h/bumperbot_ws/build/bumperbot_msgs' returned '0': CMAKE_PREFIX_PATH=${CMAKE_PREFIX_PATH}:/home/bfg2h/bumperbot_ws/install/bumperbot_py_examples:/home/bfg2h/ros2_ws/install/my_py_pkg:/home/bfg2h/udemy_ws/install/self_driving_car_pkg:/opt/ros/humble _=/usr/bin/env /usr/bin/cmake /home/bfg2h/bumperbot_ws/src/bumperbot_msgs -DCMAKE_INSTALL_PREFIX=/home/bfg2h/bumperbot_ws/install/bumperbot_msgs
[2.194s] DEBUG:colcon.colcon_core.event_handler.log_command:Invoking command in '/home/bfg2h/bumperbot_ws/build/bumperbot_msgs': CMAKE_PREFIX_PATH=${CMAKE_PREFIX_PATH}:/home/bfg2h/bumperbot_ws/install/bumperbot_py_examples:/home/bfg2h/ros2_ws/install/my_py_pkg:/home/bfg2h/udemy_ws/install/self_driving_car_pkg:/opt/ros/humble _=/usr/bin/env /usr/bin/cmake --build /home/bfg2h/bumperbot_ws/build/bumperbot_msgs -- -j16 -l16
[2.267s] DEBUG:colcon.colcon_core.event_handler.log_command:Invoked command in '/home/bfg2h/bumperbot_ws/build/bumperbot_controller' returned '0': CMAKE_PREFIX_PATH=${CMAKE_PREFIX_PATH}:/home/bfg2h/bumperbot_ws/install/bumperbot_py_examples:/home/bfg2h/ros2_ws/install/my_py_pkg:/home/bfg2h/udemy_ws/install/self_driving_car_pkg:/opt/ros/humble _=/usr/bin/env /usr/bin/cmake --build /home/bfg2h/bumperbot_ws/build/bumperbot_controller -- -j16 -l16
[2.297s] DEBUG:colcon.colcon_core.event_handler.log_command:Invoking command in '/home/bfg2h/bumperbot_ws/build/bumperbot_controller': CMAKE_PREFIX_PATH=${CMAKE_PREFIX_PATH}:/home/bfg2h/bumperbot_ws/install/bumperbot_py_examples:/home/bfg2h/ros2_ws/install/my_py_pkg:/home/bfg2h/udemy_ws/install/self_driving_car_pkg:/opt/ros/humble _=/usr/bin/env /usr/bin/cmake --install /home/bfg2h/bumperbot_ws/build/bumperbot_controller
[2.343s] Level 1:colcon.colcon_core.environment:create_environment_scripts_only(bumperbot_controller)
[2.343s] Level 1:colcon.colcon_core.environment:checking '/home/bfg2h/bumperbot_ws/install/bumperbot_controller' for CMake module files
[2.344s] Level 1:colcon.colcon_core.environment:checking '/home/bfg2h/bumperbot_ws/install/bumperbot_controller' for CMake config files
[2.345s] DEBUG:colcon.colcon_core.event_handler.log_command:Invoked command in '/home/bfg2h/bumperbot_ws/build/bumperbot_controller' returned '0': CMAKE_PREFIX_PATH=${CMAKE_PREFIX_PATH}:/home/bfg2h/bumperbot_ws/install/bumperbot_py_examples:/home/bfg2h/ros2_ws/install/my_py_pkg:/home/bfg2h/udemy_ws/install/self_driving_car_pkg:/opt/ros/humble _=/usr/bin/env /usr/bin/cmake --install /home/bfg2h/bumperbot_ws/build/bumperbot_controller
[2.346s] Level 1:colcon.colcon_core.shell:create_environment_hook('bumperbot_controller', 'cmake_prefix_path')
[2.346s] INFO:colcon.colcon_core.shell:Creating environment hook '/home/bfg2h/bumperbot_ws/install/bumperbot_controller/share/bumperbot_controller/hook/cmake_prefix_path.ps1'
[2.346s] INFO:colcon.colcon_core.shell:Creating environment descriptor '/home/bfg2h/bumperbot_ws/install/bumperbot_controller/share/bumperbot_controller/hook/cmake_prefix_path.dsv'
[2.347s] INFO:colcon.colcon_core.shell:Creating environment hook '/home/bfg2h/bumperbot_ws/install/bumperbot_controller/share/bumperbot_controller/hook/cmake_prefix_path.sh'
[2.347s] Level 1:colcon.colcon_core.environment:checking '/home/bfg2h/bumperbot_ws/install/bumperbot_controller/lib'
[2.347s] Level 1:colcon.colcon_core.environment:checking '/home/bfg2h/bumperbot_ws/install/bumperbot_controller/bin'
[2.347s] Level 1:colcon.colcon_core.environment:checking '/home/bfg2h/bumperbot_ws/install/bumperbot_controller/lib/pkgconfig/bumperbot_controller.pc'
[2.347s] Level 1:colcon.colcon_core.environment:checking '/home/bfg2h/bumperbot_ws/install/bumperbot_controller/lib/python3.10/site-packages'
[2.348s] Level 1:colcon.colcon_core.environment:checking '/home/bfg2h/bumperbot_ws/install/bumperbot_controller/bin'
[2.348s] INFO:colcon.colcon_core.shell:Creating package script '/home/bfg2h/bumperbot_ws/install/bumperbot_controller/share/bumperbot_controller/package.ps1'
[2.348s] INFO:colcon.colcon_core.shell:Creating package descriptor '/home/bfg2h/bumperbot_ws/install/bumperbot_controller/share/bumperbot_controller/package.dsv'
[2.349s] INFO:colcon.colcon_core.shell:Creating package script '/home/bfg2h/bumperbot_ws/install/bumperbot_controller/share/bumperbot_controller/package.sh'
[2.349s] INFO:colcon.colcon_core.shell:Creating package script '/home/bfg2h/bumperbot_ws/install/bumperbot_controller/share/bumperbot_controller/package.bash'
[2.349s] INFO:colcon.colcon_core.shell:Creating package script '/home/bfg2h/bumperbot_ws/install/bumperbot_controller/share/bumperbot_controller/package.zsh'
[2.350s] Level 1:colcon.colcon_core.environment:create_file_with_runtime_dependencies(/home/bfg2h/bumperbot_ws/install/bumperbot_controller/share/colcon-core/packages/bumperbot_controller)
[2.377s] Level 1:colcon.colcon_core.environment:create_environment_scripts_only(bumperbot_controller)
[2.377s] Level 1:colcon.colcon_core.environment:checking '/home/bfg2h/bumperbot_ws/install/bumperbot_controller' for CMake module files
[2.377s] Level 1:colcon.colcon_core.environment:checking '/home/bfg2h/bumperbot_ws/install/bumperbot_controller' for CMake config files
[2.378s] Level 1:colcon.colcon_core.shell:create_environment_hook('bumperbot_controller', 'cmake_prefix_path')
[2.378s] INFO:colcon.colcon_core.shell:Creating environment hook '/home/bfg2h/bumperbot_ws/install/bumperbot_controller/share/bumperbot_controller/hook/cmake_prefix_path.ps1'
[2.378s] INFO:colcon.colcon_core.shell:Creating environment descriptor '/home/bfg2h/bumperbot_ws/install/bumperbot_controller/share/bumperbot_controller/hook/cmake_prefix_path.dsv'
[2.379s] INFO:colcon.colcon_core.shell:Creating environment hook '/home/bfg2h/bumperbot_ws/install/bumperbot_controller/share/bumperbot_controller/hook/cmake_prefix_path.sh'
[2.379s] Level 1:colcon.colcon_core.environment:checking '/home/bfg2h/bumperbot_ws/install/bumperbot_controller/lib'
[2.379s] Level 1:colcon.colcon_core.environment:checking '/home/bfg2h/bumperbot_ws/install/bumperbot_controller/bin'
[2.379s] Level 1:colcon.colcon_core.environment:checking '/home/bfg2h/bumperbot_ws/install/bumperbot_controller/lib/pkgconfig/bumperbot_controller.pc'
[2.379s] Level 1:colcon.colcon_core.environment:checking '/home/bfg2h/bumperbot_ws/install/bumperbot_controller/lib/python3.10/site-packages'
[2.380s] Level 1:colcon.colcon_core.environment:checking '/home/bfg2h/bumperbot_ws/install/bumperbot_controller/bin'
[2.380s] INFO:colcon.colcon_core.shell:Creating package script '/home/bfg2h/bumperbot_ws/install/bumperbot_controller/share/bumperbot_controller/package.ps1'
[2.380s] INFO:colcon.colcon_core.shell:Creating package descriptor '/home/bfg2h/bumperbot_ws/install/bumperbot_controller/share/bumperbot_controller/package.dsv'
[2.381s] INFO:colcon.colcon_core.shell:Creating package script '/home/bfg2h/bumperbot_ws/install/bumperbot_controller/share/bumperbot_controller/package.sh'
[2.381s] INFO:colcon.colcon_core.shell:Creating package script '/home/bfg2h/bumperbot_ws/install/bumperbot_controller/share/bumperbot_controller/package.bash'
[2.382s] INFO:colcon.colcon_core.shell:Creating package script '/home/bfg2h/bumperbot_ws/install/bumperbot_controller/share/bumperbot_controller/package.zsh'
[2.382s] Level 1:colcon.colcon_core.environment:create_file_with_runtime_dependencies(/home/bfg2h/bumperbot_ws/install/bumperbot_controller/share/colcon-core/packages/bumperbot_controller)
[2.608s] DEBUG:colcon.colcon_core.event_handler.log_command:Invoked command in '/home/bfg2h/bumperbot_ws/build/bumperbot_msgs' returned '0': CMAKE_PREFIX_PATH=${CMAKE_PREFIX_PATH}:/home/bfg2h/bumperbot_ws/install/bumperbot_py_examples:/home/bfg2h/ros2_ws/install/my_py_pkg:/home/bfg2h/udemy_ws/install/self_driving_car_pkg:/opt/ros/humble _=/usr/bin/env /usr/bin/cmake --build /home/bfg2h/bumperbot_ws/build/bumperbot_msgs -- -j16 -l16
[2.688s] DEBUG:colcon.colcon_core.event_handler.log_command:Invoking command in '/home/bfg2h/bumperbot_ws/build/bumperbot_msgs': CMAKE_PREFIX_PATH=${CMAKE_PREFIX_PATH}:/home/bfg2h/bumperbot_ws/install/bumperbot_py_examples:/home/bfg2h/ros2_ws/install/my_py_pkg:/home/bfg2h/udemy_ws/install/self_driving_car_pkg:/opt/ros/humble _=/usr/bin/env /usr/bin/cmake --install /home/bfg2h/bumperbot_ws/build/bumperbot_msgs
[2.737s] Level 1:colcon.colcon_core.environment:create_environment_scripts_only(bumperbot_msgs)
[2.738s] Level 1:colcon.colcon_core.environment:checking '/home/bfg2h/bumperbot_ws/install/bumperbot_msgs' for CMake module files
[2.738s] DEBUG:colcon.colcon_core.event_handler.log_command:Invoked command in '/home/bfg2h/bumperbot_ws/build/bumperbot_msgs' returned '0': CMAKE_PREFIX_PATH=${CMAKE_PREFIX_PATH}:/home/bfg2h/bumperbot_ws/install/bumperbot_py_examples:/home/bfg2h/ros2_ws/install/my_py_pkg:/home/bfg2h/udemy_ws/install/self_driving_car_pkg:/opt/ros/humble _=/usr/bin/env /usr/bin/cmake --install /home/bfg2h/bumperbot_ws/build/bumperbot_msgs
[2.739s] Level 1:colcon.colcon_core.environment:checking '/home/bfg2h/bumperbot_ws/install/bumperbot_msgs' for CMake config files
[2.739s] Level 1:colcon.colcon_core.shell:create_environment_hook('bumperbot_msgs', 'cmake_prefix_path')
[2.740s] INFO:colcon.colcon_core.shell:Creating environment hook '/home/bfg2h/bumperbot_ws/install/bumperbot_msgs/share/bumperbot_msgs/hook/cmake_prefix_path.ps1'
[2.740s] INFO:colcon.colcon_core.shell:Creating environment descriptor '/home/bfg2h/bumperbot_ws/install/bumperbot_msgs/share/bumperbot_msgs/hook/cmake_prefix_path.dsv'
[2.740s] INFO:colcon.colcon_core.shell:Creating environment hook '/home/bfg2h/bumperbot_ws/install/bumperbot_msgs/share/bumperbot_msgs/hook/cmake_prefix_path.sh'
[2.741s] Level 1:colcon.colcon_core.environment:checking '/home/bfg2h/bumperbot_ws/install/bumperbot_msgs/lib'
[2.741s] Level 1:colcon.colcon_core.shell:create_environment_hook('bumperbot_msgs', 'ld_library_path_lib')
[2.741s] INFO:colcon.colcon_core.shell:Creating environment hook '/home/bfg2h/bumperbot_ws/install/bumperbot_msgs/share/bumperbot_msgs/hook/ld_library_path_lib.ps1'
[2.741s] INFO:colcon.colcon_core.shell:Creating environment descriptor '/home/bfg2h/bumperbot_ws/install/bumperbot_msgs/share/bumperbot_msgs/hook/ld_library_path_lib.dsv'
[2.742s] INFO:colcon.colcon_core.shell:Creating environment hook '/home/bfg2h/bumperbot_ws/install/bumperbot_msgs/share/bumperbot_msgs/hook/ld_library_path_lib.sh'
[2.742s] Level 1:colcon.colcon_core.environment:checking '/home/bfg2h/bumperbot_ws/install/bumperbot_msgs/bin'
[2.742s] Level 1:colcon.colcon_core.environment:checking '/home/bfg2h/bumperbot_ws/install/bumperbot_msgs/lib/pkgconfig/bumperbot_msgs.pc'
[2.742s] Level 1:colcon.colcon_core.environment:checking '/home/bfg2h/bumperbot_ws/install/bumperbot_msgs/lib/python3.10/site-packages'
[2.742s] Level 1:colcon.colcon_core.environment:checking '/home/bfg2h/bumperbot_ws/install/bumperbot_msgs/bin'
[2.743s] INFO:colcon.colcon_core.shell:Creating package script '/home/bfg2h/bumperbot_ws/install/bumperbot_msgs/share/bumperbot_msgs/package.ps1'
[2.743s] INFO:colcon.colcon_core.shell:Creating package descriptor '/home/bfg2h/bumperbot_ws/install/bumperbot_msgs/share/bumperbot_msgs/package.dsv'
[2.744s] INFO:colcon.colcon_core.shell:Creating package script '/home/bfg2h/bumperbot_ws/install/bumperbot_msgs/share/bumperbot_msgs/package.sh'
[2.744s] INFO:colcon.colcon_core.shell:Creating package script '/home/bfg2h/bumperbot_ws/install/bumperbot_msgs/share/bumperbot_msgs/package.bash'
[2.744s] INFO:colcon.colcon_core.shell:Creating package script '/home/bfg2h/bumperbot_ws/install/bumperbot_msgs/share/bumperbot_msgs/package.zsh'
[2.745s] Level 1:colcon.colcon_core.environment:create_file_with_runtime_dependencies(/home/bfg2h/bumperbot_ws/install/bumperbot_msgs/share/colcon-core/packages/bumperbot_msgs)
[2.821s] Level 1:colcon.colcon_core.environment:create_environment_scripts_only(bumperbot_msgs)
[2.821s] Level 1:colcon.colcon_core.environment:checking '/home/bfg2h/bumperbot_ws/install/bumperbot_msgs' for CMake module files
[2.822s] Level 1:colcon.colcon_core.environment:checking '/home/bfg2h/bumperbot_ws/install/bumperbot_msgs' for CMake config files
[2.822s] Level 1:colcon.colcon_core.shell:create_environment_hook('bumperbot_msgs', 'cmake_prefix_path')
[2.822s] INFO:colcon.colcon_core.shell:Creating environment hook '/home/bfg2h/bumperbot_ws/install/bumperbot_msgs/share/bumperbot_msgs/hook/cmake_prefix_path.ps1'
[2.823s] INFO:colcon.colcon_core.shell:Creating environment descriptor '/home/bfg2h/bumperbot_ws/install/bumperbot_msgs/share/bumperbot_msgs/hook/cmake_prefix_path.dsv'
[2.823s] INFO:colcon.colcon_core.shell:Creating environment hook '/home/bfg2h/bumperbot_ws/install/bumperbot_msgs/share/bumperbot_msgs/hook/cmake_prefix_path.sh'
[2.824s] Level 1:colcon.colcon_core.environment:checking '/home/bfg2h/bumperbot_ws/install/bumperbot_msgs/lib'
[2.824s] Level 1:colcon.colcon_core.shell:create_environment_hook('bumperbot_msgs', 'ld_library_path_lib')
[2.824s] INFO:colcon.colcon_core.shell:Creating environment hook '/home/bfg2h/bumperbot_ws/install/bumperbot_msgs/share/bumperbot_msgs/hook/ld_library_path_lib.ps1'
[2.824s] INFO:colcon.colcon_core.shell:Creating environment descriptor '/home/bfg2h/bumperbot_ws/install/bumperbot_msgs/share/bumperbot_msgs/hook/ld_library_path_lib.dsv'
[2.825s] INFO:colcon.colcon_core.shell:Creating environment hook '/home/bfg2h/bumperbot_ws/install/bumperbot_msgs/share/bumperbot_msgs/hook/ld_library_path_lib.sh'
[2.825s] Level 1:colcon.colcon_core.environment:checking '/home/bfg2h/bumperbot_ws/install/bumperbot_msgs/bin'
[2.825s] Level 1:colcon.colcon_core.environment:checking '/home/bfg2h/bumperbot_ws/install/bumperbot_msgs/lib/pkgconfig/bumperbot_msgs.pc'
[2.825s] Level 1:colcon.colcon_core.environment:checking '/home/bfg2h/bumperbot_ws/install/bumperbot_msgs/lib/python3.10/site-packages'
[2.826s] Level 1:colcon.colcon_core.environment:checking '/home/bfg2h/bumperbot_ws/install/bumperbot_msgs/bin'
[2.826s] INFO:colcon.colcon_core.shell:Creating package script '/home/bfg2h/bumperbot_ws/install/bumperbot_msgs/share/bumperbot_msgs/package.ps1'
[2.826s] INFO:colcon.colcon_core.shell:Creating package descriptor '/home/bfg2h/bumperbot_ws/install/bumperbot_msgs/share/bumperbot_msgs/package.dsv'
[2.827s] INFO:colcon.colcon_core.shell:Creating package script '/home/bfg2h/bumperbot_ws/install/bumperbot_msgs/share/bumperbot_msgs/package.sh'
[2.827s] INFO:colcon.colcon_core.shell:Creating package script '/home/bfg2h/bumperbot_ws/install/bumperbot_msgs/share/bumperbot_msgs/package.bash'
[2.828s] INFO:colcon.colcon_core.shell:Creating package script '/home/bfg2h/bumperbot_ws/install/bumperbot_msgs/share/bumperbot_msgs/package.zsh'
[2.828s] Level 1:colcon.colcon_core.environment:create_file_with_runtime_dependencies(/home/bfg2h/bumperbot_ws/install/bumperbot_msgs/share/colcon-core/packages/bumperbot_msgs)
[2.828s] INFO:colcon.colcon_ros.task.ament_cmake.build:Building ROS package in '/home/bfg2h/bumperbot_ws/src/bumperbot_cpp_examples' with build type 'ament_cmake'
[2.828s] INFO:colcon.colcon_cmake.task.cmake.build:Building CMake package in '/home/bfg2h/bumperbot_ws/src/bumperbot_cpp_examples'
[2.829s] INFO:colcon.colcon_core.shell:Skip shell extension 'powershell' for command environment: Not usable outside of PowerShell
[2.829s] DEBUG:colcon.colcon_core.shell:Skip shell extension 'dsv' for command environment
[2.834s] INFO:colcon.colcon_ros.task.ament_python.build:Building ROS package in '/home/bfg2h/bumperbot_ws/src/bumperbot_py_examples' with build type 'ament_python'
[2.834s] Level 1:colcon.colcon_core.shell:create_environment_hook('bumperbot_py_examples', 'ament_prefix_path')
[2.834s] INFO:colcon.colcon_core.shell:Creating environment hook '/home/bfg2h/bumperbot_ws/install/bumperbot_py_examples/share/bumperbot_py_examples/hook/ament_prefix_path.ps1'
[2.835s] INFO:colcon.colcon_core.shell:Creating environment descriptor '/home/bfg2h/bumperbot_ws/install/bumperbot_py_examples/share/bumperbot_py_examples/hook/ament_prefix_path.dsv'
[2.835s] INFO:colcon.colcon_core.shell:Creating environment hook '/home/bfg2h/bumperbot_ws/install/bumperbot_py_examples/share/bumperbot_py_examples/hook/ament_prefix_path.sh'
[2.835s] INFO:colcon.colcon_core.shell:Skip shell extension 'powershell' for command environment: Not usable outside of PowerShell
[2.835s] DEBUG:colcon.colcon_core.shell:Skip shell extension 'dsv' for command environment
[2.843s] DEBUG:colcon.colcon_core.event_handler.log_command:Invoking command in '/home/bfg2h/bumperbot_ws/build/bumperbot_cpp_examples': CMAKE_PREFIX_PATH=/home/bfg2h/bumperbot_ws/install/bumperbot_msgs:/home/bfg2h/turtlebot3_ws/install/turtlebot3_simulations:/home/bfg2h/turtlebot3_ws/install/turtlebot3_gazebo:/home/bfg2h/turtlebot3_ws/install/turtlebot3_fake_node:/home/bfg2h/bumperbot_ws/install/bumperbot_utils:/home/bfg2h/bumperbot_ws/install/bumperbot_cpp_examples:/home/bfg2h/bumperbot_ws/install/bumperbot_description:/home/bfg2h/bumperbot_ws/install/bumperbot_controller:/home/bfg2h/ros2_ws/install/my_cpp_pkg:/home/bfg2h/arduinobot_ws/install/arduinobot_description:/home/bfg2h/arduinobot_ws/install/arduinobot_cpp_examples:/home/bfg2h/arduinobot_ws/install/arduinobot_controller:/home/bfg2h/bumperbot_ws/install/bumperbot_py_examples:/home/bfg2h/ros2_ws/install/my_py_pkg:/home/bfg2h/udemy_ws/install/self_driving_car_pkg:/opt/ros/humble LD_LIBRARY_PATH=/home/bfg2h/bumperbot_ws/install/bumperbot_msgs/lib:/usr/lib/x86_64-linux-gnu/gazebo-11/plugins:/opt/ros/humble/opt/rviz_ogre_vendor/lib:/opt/ros/humble/lib/x86_64-linux-gnu:/opt/ros/humble/lib:/usr/share/gazebo/../../lib/x86_64-linux-gnu/gazebo-11/plugins _=/usr/bin/env /usr/bin/cmake /home/bfg2h/bumperbot_ws/src/bumperbot_cpp_examples -DCMAKE_INSTALL_PREFIX=/home/bfg2h/bumperbot_ws/install/bumperbot_cpp_examples
[3.177s] INFO:colcon.colcon_core.task.python.build:Building Python package in '/home/bfg2h/bumperbot_ws/src/bumperbot_py_examples'
[3.177s] INFO:colcon.colcon_core.shell:Skip shell extension 'powershell' for command environment: Not usable outside of PowerShell
[3.177s] DEBUG:colcon.colcon_core.shell:Skip shell extension 'dsv' for command environment
[3.629s] DEBUG:colcon.colcon_core.event_handler.log_command:Invoking command in '/home/bfg2h/bumperbot_ws/src/bumperbot_py_examples': CMAKE_PREFIX_PATH=/home/bfg2h/bumperbot_ws/install/bumperbot_msgs:/home/bfg2h/turtlebot3_ws/install/turtlebot3_simulations:/home/bfg2h/turtlebot3_ws/install/turtlebot3_gazebo:/home/bfg2h/turtlebot3_ws/install/turtlebot3_fake_node:/home/bfg2h/bumperbot_ws/install/bumperbot_utils:/home/bfg2h/bumperbot_ws/install/bumperbot_cpp_examples:/home/bfg2h/bumperbot_ws/install/bumperbot_description:/home/bfg2h/bumperbot_ws/install/bumperbot_controller:/home/bfg2h/ros2_ws/install/my_cpp_pkg:/home/bfg2h/arduinobot_ws/install/arduinobot_description:/home/bfg2h/arduinobot_ws/install/arduinobot_cpp_examples:/home/bfg2h/arduinobot_ws/install/arduinobot_controller LD_LIBRARY_PATH=/home/bfg2h/bumperbot_ws/install/bumperbot_msgs/lib:/usr/lib/x86_64-linux-gnu/gazebo-11/plugins:/opt/ros/humble/opt/rviz_ogre_vendor/lib:/opt/ros/humble/lib/x86_64-linux-gnu:/opt/ros/humble/lib:/usr/share/gazebo/../../lib/x86_64-linux-gnu/gazebo-11/plugins PYTHONPATH=/home/bfg2h/bumperbot_ws/build/bumperbot_py_examples/prefix_override:/usr/lib/python3/dist-packages/colcon_core/task/python/colcon_distutils_commands:/home/bfg2h/bumperbot_ws/install/bumperbot_py_examples/lib/python3.10/site-packages:${PYTHONPATH} _=/usr/bin/env /usr/bin/python3 -W ignore:setup.py install is deprecated setup.py egg_info --egg-base ../../build/bumperbot_py_examples build --build-base /home/bfg2h/bumperbot_ws/build/bumperbot_py_examples/build install --record /home/bfg2h/bumperbot_ws/build/bumperbot_py_examples/install.log --single-version-externally-managed install_data
[3.995s] Level 1:colcon.colcon_core.environment:checking '/home/bfg2h/bumperbot_ws/install/bumperbot_py_examples' for CMake module files
[3.995s] DEBUG:colcon.colcon_core.event_handler.log_command:Invoked command in '/home/bfg2h/bumperbot_ws/src/bumperbot_py_examples' returned '0': CMAKE_PREFIX_PATH=/home/bfg2h/bumperbot_ws/install/bumperbot_msgs:/home/bfg2h/turtlebot3_ws/install/turtlebot3_simulations:/home/bfg2h/turtlebot3_ws/install/turtlebot3_gazebo:/home/bfg2h/turtlebot3_ws/install/turtlebot3_fake_node:/home/bfg2h/bumperbot_ws/install/bumperbot_utils:/home/bfg2h/bumperbot_ws/install/bumperbot_cpp_examples:/home/bfg2h/bumperbot_ws/install/bumperbot_description:/home/bfg2h/bumperbot_ws/install/bumperbot_controller:/home/bfg2h/ros2_ws/install/my_cpp_pkg:/home/bfg2h/arduinobot_ws/install/arduinobot_description:/home/bfg2h/arduinobot_ws/install/arduinobot_cpp_examples:/home/bfg2h/arduinobot_ws/install/arduinobot_controller LD_LIBRARY_PATH=/home/bfg2h/bumperbot_ws/install/bumperbot_msgs/lib:/usr/lib/x86_64-linux-gnu/gazebo-11/plugins:/opt/ros/humble/opt/rviz_ogre_vendor/lib:/opt/ros/humble/lib/x86_64-linux-gnu:/opt/ros/humble/lib:/usr/share/gazebo/../../lib/x86_64-linux-gnu/gazebo-11/plugins PYTHONPATH=/home/bfg2h/bumperbot_ws/build/bumperbot_py_examples/prefix_override:/usr/lib/python3/dist-packages/colcon_core/task/python/colcon_distutils_commands:/home/bfg2h/bumperbot_ws/install/bumperbot_py_examples/lib/python3.10/site-packages:${PYTHONPATH} _=/usr/bin/env /usr/bin/python3 -W ignore:setup.py install is deprecated setup.py egg_info --egg-base ../../build/bumperbot_py_examples build --build-base /home/bfg2h/bumperbot_ws/build/bumperbot_py_examples/build install --record /home/bfg2h/bumperbot_ws/build/bumperbot_py_examples/install.log --single-version-externally-managed install_data
[3.996s] Level 1:colcon.colcon_core.environment:checking '/home/bfg2h/bumperbot_ws/install/bumperbot_py_examples' for CMake config files
[3.996s] Level 1:colcon.colcon_core.environment:checking '/home/bfg2h/bumperbot_ws/install/bumperbot_py_examples/lib'
[3.996s] Level 1:colcon.colcon_core.environment:checking '/home/bfg2h/bumperbot_ws/install/bumperbot_py_examples/bin'
[3.996s] Level 1:colcon.colcon_core.environment:checking '/home/bfg2h/bumperbot_ws/install/bumperbot_py_examples/lib/pkgconfig/bumperbot_py_examples.pc'
[3.996s] Level 1:colcon.colcon_core.environment:checking '/home/bfg2h/bumperbot_ws/install/bumperbot_py_examples/lib/python3.10/site-packages'
[3.996s] Level 1:colcon.colcon_core.shell:create_environment_hook('bumperbot_py_examples', 'pythonpath')
[3.997s] INFO:colcon.colcon_core.shell:Creating environment hook '/home/bfg2h/bumperbot_ws/install/bumperbot_py_examples/share/bumperbot_py_examples/hook/pythonpath.ps1'
[3.997s] INFO:colcon.colcon_core.shell:Creating environment descriptor '/home/bfg2h/bumperbot_ws/install/bumperbot_py_examples/share/bumperbot_py_examples/hook/pythonpath.dsv'
[3.997s] INFO:colcon.colcon_core.shell:Creating environment hook '/home/bfg2h/bumperbot_ws/install/bumperbot_py_examples/share/bumperbot_py_examples/hook/pythonpath.sh'
[3.998s] Level 1:colcon.colcon_core.environment:checking '/home/bfg2h/bumperbot_ws/install/bumperbot_py_examples/bin'
[3.998s] Level 1:colcon.colcon_core.environment:create_environment_scripts_only(bumperbot_py_examples)
[3.998s] INFO:colcon.colcon_core.shell:Creating package script '/home/bfg2h/bumperbot_ws/install/bumperbot_py_examples/share/bumperbot_py_examples/package.ps1'
[3.999s] INFO:colcon.colcon_core.shell:Creating package descriptor '/home/bfg2h/bumperbot_ws/install/bumperbot_py_examples/share/bumperbot_py_examples/package.dsv'
[3.999s] INFO:colcon.colcon_core.shell:Creating package script '/home/bfg2h/bumperbot_ws/install/bumperbot_py_examples/share/bumperbot_py_examples/package.sh'
[4.000s] INFO:colcon.colcon_core.shell:Creating package script '/home/bfg2h/bumperbot_ws/install/bumperbot_py_examples/share/bumperbot_py_examples/package.bash'
[4.000s] INFO:colcon.colcon_core.shell:Creating package script '/home/bfg2h/bumperbot_ws/install/bumperbot_py_examples/share/bumperbot_py_examples/package.zsh'
[4.000s] Level 1:colcon.colcon_core.environment:create_file_with_runtime_dependencies(/home/bfg2h/bumperbot_ws/install/bumperbot_py_examples/share/colcon-core/packages/bumperbot_py_examples)
[4.078s] DEBUG:colcon.colcon_core.event_handler.log_command:Invoked command in '/home/bfg2h/bumperbot_ws/build/bumperbot_cpp_examples' returned '0': CMAKE_PREFIX_PATH=/home/bfg2h/bumperbot_ws/install/bumperbot_msgs:/home/bfg2h/turtlebot3_ws/install/turtlebot3_simulations:/home/bfg2h/turtlebot3_ws/install/turtlebot3_gazebo:/home/bfg2h/turtlebot3_ws/install/turtlebot3_fake_node:/home/bfg2h/bumperbot_ws/install/bumperbot_utils:/home/bfg2h/bumperbot_ws/install/bumperbot_cpp_examples:/home/bfg2h/bumperbot_ws/install/bumperbot_description:/home/bfg2h/bumperbot_ws/install/bumperbot_controller:/home/bfg2h/ros2_ws/install/my_cpp_pkg:/home/bfg2h/arduinobot_ws/install/arduinobot_description:/home/bfg2h/arduinobot_ws/install/arduinobot_cpp_examples:/home/bfg2h/arduinobot_ws/install/arduinobot_controller:/home/bfg2h/bumperbot_ws/install/bumperbot_py_examples:/home/bfg2h/ros2_ws/install/my_py_pkg:/home/bfg2h/udemy_ws/install/self_driving_car_pkg:/opt/ros/humble LD_LIBRARY_PATH=/home/bfg2h/bumperbot_ws/install/bumperbot_msgs/lib:/usr/lib/x86_64-linux-gnu/gazebo-11/plugins:/opt/ros/humble/opt/rviz_ogre_vendor/lib:/opt/ros/humble/lib/x86_64-linux-gnu:/opt/ros/humble/lib:/usr/share/gazebo/../../lib/x86_64-linux-gnu/gazebo-11/plugins _=/usr/bin/env /usr/bin/cmake /home/bfg2h/bumperbot_ws/src/bumperbot_cpp_examples -DCMAKE_INSTALL_PREFIX=/home/bfg2h/bumperbot_ws/install/bumperbot_cpp_examples
[4.079s] DEBUG:colcon.colcon_core.event_handler.log_command:Invoking command in '/home/bfg2h/bumperbot_ws/build/bumperbot_cpp_examples': CMAKE_PREFIX_PATH=/home/bfg2h/bumperbot_ws/install/bumperbot_msgs:/home/bfg2h/turtlebot3_ws/install/turtlebot3_simulations:/home/bfg2h/turtlebot3_ws/install/turtlebot3_gazebo:/home/bfg2h/turtlebot3_ws/install/turtlebot3_fake_node:/home/bfg2h/bumperbot_ws/install/bumperbot_utils:/home/bfg2h/bumperbot_ws/install/bumperbot_cpp_examples:/home/bfg2h/bumperbot_ws/install/bumperbot_description:/home/bfg2h/bumperbot_ws/install/bumperbot_controller:/home/bfg2h/ros2_ws/install/my_cpp_pkg:/home/bfg2h/arduinobot_ws/install/arduinobot_description:/home/bfg2h/arduinobot_ws/install/arduinobot_cpp_examples:/home/bfg2h/arduinobot_ws/install/arduinobot_controller:/home/bfg2h/bumperbot_ws/install/bumperbot_py_examples:/home/bfg2h/ros2_ws/install/my_py_pkg:/home/bfg2h/udemy_ws/install/self_driving_car_pkg:/opt/ros/humble LD_LIBRARY_PATH=/home/bfg2h/bumperbot_ws/install/bumperbot_msgs/lib:/usr/lib/x86_64-linux-gnu/gazebo-11/plugins:/opt/ros/humble/opt/rviz_ogre_vendor/lib:/opt/ros/humble/lib/x86_64-linux-gnu:/opt/ros/humble/lib:/usr/share/gazebo/../../lib/x86_64-linux-gnu/gazebo-11/plugins _=/usr/bin/env /usr/bin/cmake --build /home/bfg2h/bumperbot_ws/build/bumperbot_cpp_examples -- -j16 -l16
[4.130s] DEBUG:colcon.colcon_core.event_handler.log_command:Invoked command in '/home/bfg2h/bumperbot_ws/build/bumperbot_cpp_examples' returned '0': CMAKE_PREFIX_PATH=/home/bfg2h/bumperbot_ws/install/bumperbot_msgs:/home/bfg2h/turtlebot3_ws/install/turtlebot3_simulations:/home/bfg2h/turtlebot3_ws/install/turtlebot3_gazebo:/home/bfg2h/turtlebot3_ws/install/turtlebot3_fake_node:/home/bfg2h/bumperbot_ws/install/bumperbot_utils:/home/bfg2h/bumperbot_ws/install/bumperbot_cpp_examples:/home/bfg2h/bumperbot_ws/install/bumperbot_description:/home/bfg2h/bumperbot_ws/install/bumperbot_controller:/home/bfg2h/ros2_ws/install/my_cpp_pkg:/home/bfg2h/arduinobot_ws/install/arduinobot_description:/home/bfg2h/arduinobot_ws/install/arduinobot_cpp_examples:/home/bfg2h/arduinobot_ws/install/arduinobot_controller:/home/bfg2h/bumperbot_ws/install/bumperbot_py_examples:/home/bfg2h/ros2_ws/install/my_py_pkg:/home/bfg2h/udemy_ws/install/self_driving_car_pkg:/opt/ros/humble LD_LIBRARY_PATH=/home/bfg2h/bumperbot_ws/install/bumperbot_msgs/lib:/usr/lib/x86_64-linux-gnu/gazebo-11/plugins:/opt/ros/humble/opt/rviz_ogre_vendor/lib:/opt/ros/humble/lib/x86_64-linux-gnu:/opt/ros/humble/lib:/usr/share/gazebo/../../lib/x86_64-linux-gnu/gazebo-11/plugins _=/usr/bin/env /usr/bin/cmake --build /home/bfg2h/bumperbot_ws/build/bumperbot_cpp_examples -- -j16 -l16
[4.171s] DEBUG:colcon.colcon_core.event_handler.log_command:Invoking command in '/home/bfg2h/bumperbot_ws/build/bumperbot_cpp_examples': CMAKE_PREFIX_PATH=/home/bfg2h/bumperbot_ws/install/bumperbot_msgs:/home/bfg2h/turtlebot3_ws/install/turtlebot3_simulations:/home/bfg2h/turtlebot3_ws/install/turtlebot3_gazebo:/home/bfg2h/turtlebot3_ws/install/turtlebot3_fake_node:/home/bfg2h/bumperbot_ws/install/bumperbot_utils:/home/bfg2h/bumperbot_ws/install/bumperbot_cpp_examples:/home/bfg2h/bumperbot_ws/install/bumperbot_description:/home/bfg2h/bumperbot_ws/install/bumperbot_controller:/home/bfg2h/ros2_ws/install/my_cpp_pkg:/home/bfg2h/arduinobot_ws/install/arduinobot_description:/home/bfg2h/arduinobot_ws/install/arduinobot_cpp_examples:/home/bfg2h/arduinobot_ws/install/arduinobot_controller:/home/bfg2h/bumperbot_ws/install/bumperbot_py_examples:/home/bfg2h/ros2_ws/install/my_py_pkg:/home/bfg2h/udemy_ws/install/self_driving_car_pkg:/opt/ros/humble LD_LIBRARY_PATH=/home/bfg2h/bumperbot_ws/install/bumperbot_msgs/lib:/usr/lib/x86_64-linux-gnu/gazebo-11/plugins:/opt/ros/humble/opt/rviz_ogre_vendor/lib:/opt/ros/humble/lib/x86_64-linux-gnu:/opt/ros/humble/lib:/usr/share/gazebo/../../lib/x86_64-linux-gnu/gazebo-11/plugins _=/usr/bin/env /usr/bin/cmake --install /home/bfg2h/bumperbot_ws/build/bumperbot_cpp_examples
[4.181s] Level 1:colcon.colcon_core.environment:create_environment_scripts_only(bumperbot_cpp_examples)
[4.181s] Level 1:colcon.colcon_core.environment:checking '/home/bfg2h/bumperbot_ws/install/bumperbot_cpp_examples' for CMake module files
[4.182s] DEBUG:colcon.colcon_core.event_handler.log_command:Invoked command in '/home/bfg2h/bumperbot_ws/build/bumperbot_cpp_examples' returned '0': CMAKE_PREFIX_PATH=/home/bfg2h/bumperbot_ws/install/bumperbot_msgs:/home/bfg2h/turtlebot3_ws/install/turtlebot3_simulations:/home/bfg2h/turtlebot3_ws/install/turtlebot3_gazebo:/home/bfg2h/turtlebot3_ws/install/turtlebot3_fake_node:/home/bfg2h/bumperbot_ws/install/bumperbot_utils:/home/bfg2h/bumperbot_ws/install/bumperbot_cpp_examples:/home/bfg2h/bumperbot_ws/install/bumperbot_description:/home/bfg2h/bumperbot_ws/install/bumperbot_controller:/home/bfg2h/ros2_ws/install/my_cpp_pkg:/home/bfg2h/arduinobot_ws/install/arduinobot_description:/home/bfg2h/arduinobot_ws/install/arduinobot_cpp_examples:/home/bfg2h/arduinobot_ws/install/arduinobot_controller:/home/bfg2h/bumperbot_ws/install/bumperbot_py_examples:/home/bfg2h/ros2_ws/install/my_py_pkg:/home/bfg2h/udemy_ws/install/self_driving_car_pkg:/opt/ros/humble LD_LIBRARY_PATH=/home/bfg2h/bumperbot_ws/install/bumperbot_msgs/lib:/usr/lib/x86_64-linux-gnu/gazebo-11/plugins:/opt/ros/humble/opt/rviz_ogre_vendor/lib:/opt/ros/humble/lib/x86_64-linux-gnu:/opt/ros/humble/lib:/usr/share/gazebo/../../lib/x86_64-linux-gnu/gazebo-11/plugins _=/usr/bin/env /usr/bin/cmake --install /home/bfg2h/bumperbot_ws/build/bumperbot_cpp_examples
[4.182s] Level 1:colcon.colcon_core.environment:checking '/home/bfg2h/bumperbot_ws/install/bumperbot_cpp_examples' for CMake config files
[4.182s] Level 1:colcon.colcon_core.shell:create_environment_hook('bumperbot_cpp_examples', 'cmake_prefix_path')
[4.183s] INFO:colcon.colcon_core.shell:Creating environment hook '/home/bfg2h/bumperbot_ws/install/bumperbot_cpp_examples/share/bumperbot_cpp_examples/hook/cmake_prefix_path.ps1'
[4.183s] INFO:colcon.colcon_core.shell:Creating environment descriptor '/home/bfg2h/bumperbot_ws/install/bumperbot_cpp_examples/share/bumperbot_cpp_examples/hook/cmake_prefix_path.dsv'
[4.183s] INFO:colcon.colcon_core.shell:Creating environment hook '/home/bfg2h/bumperbot_ws/install/bumperbot_cpp_examples/share/bumperbot_cpp_examples/hook/cmake_prefix_path.sh'
[4.184s] Level 1:colcon.colcon_core.environment:checking '/home/bfg2h/bumperbot_ws/install/bumperbot_cpp_examples/lib'
[4.184s] Level 1:colcon.colcon_core.environment:checking '/home/bfg2h/bumperbot_ws/install/bumperbot_cpp_examples/bin'
[4.184s] Level 1:colcon.colcon_core.environment:checking '/home/bfg2h/bumperbot_ws/install/bumperbot_cpp_examples/lib/pkgconfig/bumperbot_cpp_examples.pc'
[4.184s] Level 1:colcon.colcon_core.environment:checking '/home/bfg2h/bumperbot_ws/install/bumperbot_cpp_examples/lib/python3.10/site-packages'
[4.184s] Level 1:colcon.colcon_core.environment:checking '/home/bfg2h/bumperbot_ws/install/bumperbot_cpp_examples/bin'
[4.184s] INFO:colcon.colcon_core.shell:Creating package script '/home/bfg2h/bumperbot_ws/install/bumperbot_cpp_examples/share/bumperbot_cpp_examples/package.ps1'
[4.185s] INFO:colcon.colcon_core.shell:Creating package descriptor '/home/bfg2h/bumperbot_ws/install/bumperbot_cpp_examples/share/bumperbot_cpp_examples/package.dsv'
[4.185s] INFO:colcon.colcon_core.shell:Creating package script '/home/bfg2h/bumperbot_ws/install/bumperbot_cpp_examples/share/bumperbot_cpp_examples/package.sh'
[4.186s] INFO:colcon.colcon_core.shell:Creating package script '/home/bfg2h/bumperbot_ws/install/bumperbot_cpp_examples/share/bumperbot_cpp_examples/package.bash'
[4.186s] INFO:colcon.colcon_core.shell:Creating package script '/home/bfg2h/bumperbot_ws/install/bumperbot_cpp_examples/share/bumperbot_cpp_examples/package.zsh'
[4.186s] Level 1:colcon.colcon_core.environment:create_file_with_runtime_dependencies(/home/bfg2h/bumperbot_ws/install/bumperbot_cpp_examples/share/colcon-core/packages/bumperbot_cpp_examples)
[4.226s] Level 1:colcon.colcon_core.environment:create_environment_scripts_only(bumperbot_cpp_examples)
[4.226s] Level 1:colcon.colcon_core.environment:checking '/home/bfg2h/bumperbot_ws/install/bumperbot_cpp_examples' for CMake module files
[4.227s] Level 1:colcon.colcon_core.environment:checking '/home/bfg2h/bumperbot_ws/install/bumperbot_cpp_examples' for CMake config files
[4.227s] Level 1:colcon.colcon_core.shell:create_environment_hook('bumperbot_cpp_examples', 'cmake_prefix_path')
[4.227s] INFO:colcon.colcon_core.shell:Creating environment hook '/home/bfg2h/bumperbot_ws/install/bumperbot_cpp_examples/share/bumperbot_cpp_examples/hook/cmake_prefix_path.ps1'
[4.227s] INFO:colcon.colcon_core.shell:Creating environment descriptor '/home/bfg2h/bumperbot_ws/install/bumperbot_cpp_examples/share/bumperbot_cpp_examples/hook/cmake_prefix_path.dsv'
[4.228s] INFO:colcon.colcon_core.shell:Creating environment hook '/home/bfg2h/bumperbot_ws/install/bumperbot_cpp_examples/share/bumperbot_cpp_examples/hook/cmake_prefix_path.sh'
[4.228s] Level 1:colcon.colcon_core.environment:checking '/home/bfg2h/bumperbot_ws/install/bumperbot_cpp_examples/lib'
[4.228s] Level 1:colcon.colcon_core.environment:checking '/home/bfg2h/bumperbot_ws/install/bumperbot_cpp_examples/bin'
[4.228s] Level 1:colcon.colcon_core.environment:checking '/home/bfg2h/bumperbot_ws/install/bumperbot_cpp_examples/lib/pkgconfig/bumperbot_cpp_examples.pc'
[4.229s] Level 1:colcon.colcon_core.environment:checking '/home/bfg2h/bumperbot_ws/install/bumperbot_cpp_examples/lib/python3.10/site-packages'
[4.229s] Level 1:colcon.colcon_core.environment:checking '/home/bfg2h/bumperbot_ws/install/bumperbot_cpp_examples/bin'
[4.229s] INFO:colcon.colcon_core.shell:Creating package script '/home/bfg2h/bumperbot_ws/install/bumperbot_cpp_examples/share/bumperbot_cpp_examples/package.ps1'
[4.229s] INFO:colcon.colcon_core.shell:Creating package descriptor '/home/bfg2h/bumperbot_ws/install/bumperbot_cpp_examples/share/bumperbot_cpp_examples/package.dsv'
[4.230s] INFO:colcon.colcon_core.shell:Creating package script '/home/bfg2h/bumperbot_ws/install/bumperbot_cpp_examples/share/bumperbot_cpp_examples/package.sh'
[4.230s] INFO:colcon.colcon_core.shell:Creating package script '/home/bfg2h/bumperbot_ws/install/bumperbot_cpp_examples/share/bumperbot_cpp_examples/package.bash'
[4.231s] INFO:colcon.colcon_core.shell:Creating package script '/home/bfg2h/bumperbot_ws/install/bumperbot_cpp_examples/share/bumperbot_cpp_examples/package.zsh'
[4.231s] Level 1:colcon.colcon_core.environment:create_file_with_runtime_dependencies(/home/bfg2h/bumperbot_ws/install/bumperbot_cpp_examples/share/colcon-core/packages/bumperbot_cpp_examples)
[4.231s] DEBUG:colcon.colcon_parallel_executor.executor.parallel:closing loop
[4.232s] DEBUG:colcon.colcon_parallel_executor.executor.parallel:loop closed
[4.232s] DEBUG:colcon.colcon_parallel_executor.executor.parallel:run_until_complete finished with '0'
[4.232s] DEBUG:colcon.colcon_core.event_reactor:joining thread
[4.237s] INFO:colcon.colcon_core.plugin_system:Skipping extension 'colcon_notification.desktop_notification.terminal_notifier': Not used on non-Darwin systems
[4.237s] INFO:colcon.colcon_core.plugin_system:Skipping extension 'colcon_notification.desktop_notification.win32': Not used on non-Windows systems
[4.237s] INFO:colcon.colcon_notification.desktop_notification:Sending desktop notification using 'notify2'
[4.241s] DEBUG:colcon.colcon_core.event_reactor:joined thread
[4.241s] INFO:colcon.colcon_core.shell:Creating prefix script '/home/bfg2h/bumperbot_ws/install/local_setup.ps1'
[4.242s] INFO:colcon.colcon_core.shell:Creating prefix util module '/home/bfg2h/bumperbot_ws/install/_local_setup_util_ps1.py'
[4.243s] INFO:colcon.colcon_core.shell:Creating prefix chain script '/home/bfg2h/bumperbot_ws/install/setup.ps1'
[4.245s] INFO:colcon.colcon_core.shell:Creating prefix script '/home/bfg2h/bumperbot_ws/install/local_setup.sh'
[4.245s] INFO:colcon.colcon_core.shell:Creating prefix util module '/home/bfg2h/bumperbot_ws/install/_local_setup_util_sh.py'
[4.246s] INFO:colcon.colcon_core.shell:Creating prefix chain script '/home/bfg2h/bumperbot_ws/install/setup.sh'
[4.247s] INFO:colcon.colcon_core.shell:Creating prefix script '/home/bfg2h/bumperbot_ws/install/local_setup.bash'
[4.247s] INFO:colcon.colcon_core.shell:Creating prefix chain script '/home/bfg2h/bumperbot_ws/install/setup.bash'
[4.249s] INFO:colcon.colcon_core.shell:Creating prefix script '/home/bfg2h/bumperbot_ws/install/local_setup.zsh'
[4.249s] INFO:colcon.colcon_core.shell:Creating prefix chain script '/home/bfg2h/bumperbot_ws/install/setup.zsh'
