[0.020s] Invoking command in '/home/bfg2h/bumperbot_ws/build/bumperbot_localization': CMAKE_PREFIX_PATH=${CMAKE_PREFIX_PATH}:/home/bfg2h/bumperbot_ws/install/bumperbot_py_examples:/home/bfg2h/ros2_ws/install/my_py_pkg:/home/bfg2h/udemy_ws/install/self_driving_car_pkg:/opt/ros/humble _=/usr/bin/env /usr/bin/cmake --build /home/bfg2h/bumperbot_ws/build/bumperbot_localization -- -j16 -l16
[0.076s] [  0%] Built target ament_cmake_python_copy_bumperbot_localization
[0.099s] [100%] Built target kalman_filter
[0.386s] running egg_info
[0.387s] writing bumperbot_localization.egg-info/PKG-INFO
[0.387s] writing dependency_links to bumperbot_localization.egg-info/dependency_links.txt
[0.387s] writing top-level names to bumperbot_localization.egg-info/top_level.txt
[0.389s] reading manifest file 'bumperbot_localization.egg-info/SOURCES.txt'
[0.389s] writing manifest file 'bumperbot_localization.egg-info/SOURCES.txt'
[0.422s] [100%] Built target ament_cmake_python_build_bumperbot_localization_egg
[0.431s] Invoked command in '/home/bfg2h/bumperbot_ws/build/bumperbot_localization' returned '0': CMAKE_PREFIX_PATH=${CMAKE_PREFIX_PATH}:/home/bfg2h/bumperbot_ws/install/bumperbot_py_examples:/home/bfg2h/ros2_ws/install/my_py_pkg:/home/bfg2h/udemy_ws/install/self_driving_car_pkg:/opt/ros/humble _=/usr/bin/env /usr/bin/cmake --build /home/bfg2h/bumperbot_ws/build/bumperbot_localization -- -j16 -l16
[0.433s] Invoking command in '/home/bfg2h/bumperbot_ws/build/bumperbot_localization': CMAKE_PREFIX_PATH=${CMAKE_PREFIX_PATH}:/home/bfg2h/bumperbot_ws/install/bumperbot_py_examples:/home/bfg2h/ros2_ws/install/my_py_pkg:/home/bfg2h/udemy_ws/install/self_driving_car_pkg:/opt/ros/humble _=/usr/bin/env /usr/bin/cmake --install /home/bfg2h/bumperbot_ws/build/bumperbot_localization
[0.441s] -- Install configuration: ""
[0.441s] -- Up-to-date: /home/bfg2h/bumperbot_ws/install/bumperbot_localization/share/bumperbot_localization/environment/pythonpath.sh
[0.441s] -- Up-to-date: /home/bfg2h/bumperbot_ws/install/bumperbot_localization/share/bumperbot_localization/environment/pythonpath.dsv
[0.442s] -- Up-to-date: /home/bfg2h/bumperbot_ws/install/bumperbot_localization/local/lib/python3.10/dist-packages/bumperbot_localization-0.0.0-py3.10.egg-info
[0.442s] -- Installing: /home/bfg2h/bumperbot_ws/install/bumperbot_localization/local/lib/python3.10/dist-packages/bumperbot_localization-0.0.0-py3.10.egg-info/top_level.txt
[0.442s] -- Installing: /home/bfg2h/bumperbot_ws/install/bumperbot_localization/local/lib/python3.10/dist-packages/bumperbot_localization-0.0.0-py3.10.egg-info/PKG-INFO
[0.442s] -- Installing: /home/bfg2h/bumperbot_ws/install/bumperbot_localization/local/lib/python3.10/dist-packages/bumperbot_localization-0.0.0-py3.10.egg-info/SOURCES.txt
[0.442s] -- Installing: /home/bfg2h/bumperbot_ws/install/bumperbot_localization/local/lib/python3.10/dist-packages/bumperbot_localization-0.0.0-py3.10.egg-info/dependency_links.txt
[0.442s] -- Up-to-date: /home/bfg2h/bumperbot_ws/install/bumperbot_localization/local/lib/python3.10/dist-packages/bumperbot_localization
[0.442s] -- Up-to-date: /home/bfg2h/bumperbot_ws/install/bumperbot_localization/local/lib/python3.10/dist-packages/bumperbot_localization/__init__.py
[0.442s] -- Up-to-date: /home/bfg2h/bumperbot_ws/install/bumperbot_localization/local/lib/python3.10/dist-packages/bumperbot_localization/kalman_filter_pos.py
[0.442s] -- Up-to-date: /home/bfg2h/bumperbot_ws/install/bumperbot_localization/local/lib/python3.10/dist-packages/bumperbot_localization/kalman_filter.py
[0.442s] -- Up-to-date: /home/bfg2h/bumperbot_ws/install/bumperbot_localization/local/lib/python3.10/dist-packages/bumperbot_localization/imu_republisher.py
[0.470s] Listing '/home/bfg2h/bumperbot_ws/install/bumperbot_localization/local/lib/python3.10/dist-packages/bumperbot_localization'...
[0.478s] -- Up-to-date: /home/bfg2h/bumperbot_ws/install/bumperbot_localization/share/bumperbot_localization/launch
[0.479s] -- Up-to-date: /home/bfg2h/bumperbot_ws/install/bumperbot_localization/share/bumperbot_localization/launch/local_localization.launch.py
[0.479s] -- Up-to-date: /home/bfg2h/bumperbot_ws/install/bumperbot_localization/share/bumperbot_localization/config
[0.479s] -- Up-to-date: /home/bfg2h/bumperbot_ws/install/bumperbot_localization/share/bumperbot_localization/config/ekf.yaml
[0.479s] -- Up-to-date: /home/bfg2h/bumperbot_ws/install/bumperbot_localization/include/include
[0.479s] -- Up-to-date: /home/bfg2h/bumperbot_ws/install/bumperbot_localization/include/include/bumperbot_localization
[0.479s] -- Up-to-date: /home/bfg2h/bumperbot_ws/install/bumperbot_localization/include/include/bumperbot_localization/kalman_filter.hpp
[0.479s] -- Up-to-date: /home/bfg2h/bumperbot_ws/install/bumperbot_localization/lib/bumperbot_localization/kalman_filter
[0.480s] -- Up-to-date: /home/bfg2h/bumperbot_ws/install/bumperbot_localization/lib/bumperbot_localization/kalman_filter.py
[0.480s] -- Up-to-date: /home/bfg2h/bumperbot_ws/install/bumperbot_localization/lib/bumperbot_localization/kalman_filter_pos.py
[0.480s] -- Up-to-date: /home/bfg2h/bumperbot_ws/install/bumperbot_localization/lib/bumperbot_localization/imu_republisher.py
[0.480s] -- Up-to-date: /home/bfg2h/bumperbot_ws/install/bumperbot_localization/share/ament_index/resource_index/package_run_dependencies/bumperbot_localization
[0.481s] -- Up-to-date: /home/bfg2h/bumperbot_ws/install/bumperbot_localization/share/ament_index/resource_index/parent_prefix_path/bumperbot_localization
[0.481s] -- Up-to-date: /home/bfg2h/bumperbot_ws/install/bumperbot_localization/share/bumperbot_localization/environment/ament_prefix_path.sh
[0.481s] -- Up-to-date: /home/bfg2h/bumperbot_ws/install/bumperbot_localization/share/bumperbot_localization/environment/ament_prefix_path.dsv
[0.481s] -- Up-to-date: /home/bfg2h/bumperbot_ws/install/bumperbot_localization/share/bumperbot_localization/environment/path.sh
[0.482s] -- Up-to-date: /home/bfg2h/bumperbot_ws/install/bumperbot_localization/share/bumperbot_localization/environment/path.dsv
[0.482s] -- Up-to-date: /home/bfg2h/bumperbot_ws/install/bumperbot_localization/share/bumperbot_localization/local_setup.bash
[0.482s] -- Up-to-date: /home/bfg2h/bumperbot_ws/install/bumperbot_localization/share/bumperbot_localization/local_setup.sh
[0.483s] -- Up-to-date: /home/bfg2h/bumperbot_ws/install/bumperbot_localization/share/bumperbot_localization/local_setup.zsh
[0.483s] -- Up-to-date: /home/bfg2h/bumperbot_ws/install/bumperbot_localization/share/bumperbot_localization/local_setup.dsv
[0.484s] -- Installing: /home/bfg2h/bumperbot_ws/install/bumperbot_localization/share/bumperbot_localization/package.dsv
[0.484s] -- Up-to-date: /home/bfg2h/bumperbot_ws/install/bumperbot_localization/share/ament_index/resource_index/packages/bumperbot_localization
[0.484s] -- Up-to-date: /home/bfg2h/bumperbot_ws/install/bumperbot_localization/share/bumperbot_localization/cmake/bumperbot_localizationConfig.cmake
[0.485s] -- Up-to-date: /home/bfg2h/bumperbot_ws/install/bumperbot_localization/share/bumperbot_localization/cmake/bumperbot_localizationConfig-version.cmake
[0.485s] -- Up-to-date: /home/bfg2h/bumperbot_ws/install/bumperbot_localization/share/bumperbot_localization/package.xml
[0.503s] Invoked command in '/home/bfg2h/bumperbot_ws/build/bumperbot_localization' returned '0': CMAKE_PREFIX_PATH=${CMAKE_PREFIX_PATH}:/home/bfg2h/bumperbot_ws/install/bumperbot_py_examples:/home/bfg2h/ros2_ws/install/my_py_pkg:/home/bfg2h/udemy_ws/install/self_driving_car_pkg:/opt/ros/humble _=/usr/bin/env /usr/bin/cmake --install /home/bfg2h/bumperbot_ws/build/bumperbot_localization
