[0.067s] Invoking command in '/home/bfg2h/bumperbot_ws/build/bumperbot_description': CMAKE_PREFIX_PATH=/home/bfg2h/bumperbot_ws/install/bumperbot_description:/home/bfg2h/bumperbot_ws/install/bumperbot_cpp_examples:/home/bfg2h/bumperbot_ws/install/bumperbot_py_examples:/home/bfg2h/ros2_ws/install/my_py_pkg:/home/bfg2h/udemy_ws/install/self_driving_car_pkg:/opt/ros/humble:/home/bfg2h/bumperbot_ws/install/bumperbot_controller:/home/bfg2h/turtlebot3_ws/install/turtlebot3_simulations:/home/bfg2h/turtlebot3_ws/install/turtlebot3_gazebo:/home/bfg2h/turtlebot3_ws/install/turtlebot3_fake_node:/home/bfg2h/ros2_ws/install/my_cpp_pkg:/home/bfg2h/arduinobot_ws/install/arduinobot_description:/home/bfg2h/arduinobot_ws/install/arduinobot_cpp_examples:/home/bfg2h/arduinobot_ws/install/arduinobot_controller _=/usr/bin/env /usr/bin/cmake --build /home/bfg2h/bumperbot_ws/build/bumperbot_description -- -j16 -l16
[0.997s] Invoked command in '/home/bfg2h/bumperbot_ws/build/bumperbot_description' returned '0': CMAKE_PREFIX_PATH=/home/bfg2h/bumperbot_ws/install/bumperbot_description:/home/bfg2h/bumperbot_ws/install/bumperbot_cpp_examples:/home/bfg2h/bumperbot_ws/install/bumperbot_py_examples:/home/bfg2h/ros2_ws/install/my_py_pkg:/home/bfg2h/udemy_ws/install/self_driving_car_pkg:/opt/ros/humble:/home/bfg2h/bumperbot_ws/install/bumperbot_controller:/home/bfg2h/turtlebot3_ws/install/turtlebot3_simulations:/home/bfg2h/turtlebot3_ws/install/turtlebot3_gazebo:/home/bfg2h/turtlebot3_ws/install/turtlebot3_fake_node:/home/bfg2h/ros2_ws/install/my_cpp_pkg:/home/bfg2h/arduinobot_ws/install/arduinobot_description:/home/bfg2h/arduinobot_ws/install/arduinobot_cpp_examples:/home/bfg2h/arduinobot_ws/install/arduinobot_controller _=/usr/bin/env /usr/bin/cmake --build /home/bfg2h/bumperbot_ws/build/bumperbot_description -- -j16 -l16
[1.086s] Invoking command in '/home/bfg2h/bumperbot_ws/build/bumperbot_description': CMAKE_PREFIX_PATH=/home/bfg2h/bumperbot_ws/install/bumperbot_description:/home/bfg2h/bumperbot_ws/install/bumperbot_cpp_examples:/home/bfg2h/bumperbot_ws/install/bumperbot_py_examples:/home/bfg2h/ros2_ws/install/my_py_pkg:/home/bfg2h/udemy_ws/install/self_driving_car_pkg:/opt/ros/humble:/home/bfg2h/bumperbot_ws/install/bumperbot_controller:/home/bfg2h/turtlebot3_ws/install/turtlebot3_simulations:/home/bfg2h/turtlebot3_ws/install/turtlebot3_gazebo:/home/bfg2h/turtlebot3_ws/install/turtlebot3_fake_node:/home/bfg2h/ros2_ws/install/my_cpp_pkg:/home/bfg2h/arduinobot_ws/install/arduinobot_description:/home/bfg2h/arduinobot_ws/install/arduinobot_cpp_examples:/home/bfg2h/arduinobot_ws/install/arduinobot_controller _=/usr/bin/env /usr/bin/cmake --install /home/bfg2h/bumperbot_ws/build/bumperbot_description
[1.103s] -- Install configuration: ""
[1.104s] -- Up-to-date: /home/bfg2h/bumperbot_ws/install/bumperbot_description/share/bumperbot_description/launch
[1.104s] -- Up-to-date: /home/bfg2h/bumperbot_ws/install/bumperbot_description/share/bumperbot_description/launch/display.launch.py
[1.104s] -- Installing: /home/bfg2h/bumperbot_ws/install/bumperbot_description/share/bumperbot_description/launch/gazebo.launch.py
[1.107s] -- Up-to-date: /home/bfg2h/bumperbot_ws/install/bumperbot_description/share/bumperbot_description/meshes
[1.109s] -- Up-to-date: /home/bfg2h/bumperbot_ws/install/bumperbot_description/share/bumperbot_description/meshes/base_link.STL
[1.109s] -- Up-to-date: /home/bfg2h/bumperbot_ws/install/bumperbot_description/share/bumperbot_description/meshes/caster_rear_link.STL
[1.110s] -- Up-to-date: /home/bfg2h/bumperbot_ws/install/bumperbot_description/share/bumperbot_description/meshes/wheel_right_link.STL
[1.110s] -- Up-to-date: /home/bfg2h/bumperbot_ws/install/bumperbot_description/share/bumperbot_description/meshes/imu_link.STL
[1.111s] -- Up-to-date: /home/bfg2h/bumperbot_ws/install/bumperbot_description/share/bumperbot_description/meshes/caster_front_link.STL
[1.112s] -- Up-to-date: /home/bfg2h/bumperbot_ws/install/bumperbot_description/share/bumperbot_description/meshes/wheel_left_link.STL
[1.112s] -- Up-to-date: /home/bfg2h/bumperbot_ws/install/bumperbot_description/share/bumperbot_description/urdf
[1.113s] -- Up-to-date: /home/bfg2h/bumperbot_ws/install/bumperbot_description/share/bumperbot_description/urdf/bumperbot.urdf.xacro
[1.114s] -- Up-to-date: /home/bfg2h/bumperbot_ws/install/bumperbot_description/share/bumperbot_description/urdf/bumperbot_gazebo.xacro
[1.114s] -- Up-to-date: /home/bfg2h/bumperbot_ws/install/bumperbot_description/share/bumperbot_description/urdf/bumperbot_ros2_control.xacro
[1.114s] -- Up-to-date: /home/bfg2h/bumperbot_ws/install/bumperbot_description/share/bumperbot_description/rviz
[1.115s] -- Up-to-date: /home/bfg2h/bumperbot_ws/install/bumperbot_description/share/bumperbot_description/rviz/display.rviz
[1.115s] -- Up-to-date: /home/bfg2h/bumperbot_ws/install/bumperbot_description/share/ament_index/resource_index/package_run_dependencies/bumperbot_description
[1.115s] -- Up-to-date: /home/bfg2h/bumperbot_ws/install/bumperbot_description/share/ament_index/resource_index/parent_prefix_path/bumperbot_description
[1.115s] -- Up-to-date: /home/bfg2h/bumperbot_ws/install/bumperbot_description/share/bumperbot_description/environment/ament_prefix_path.sh
[1.115s] -- Up-to-date: /home/bfg2h/bumperbot_ws/install/bumperbot_description/share/bumperbot_description/environment/ament_prefix_path.dsv
[1.115s] -- Up-to-date: /home/bfg2h/bumperbot_ws/install/bumperbot_description/share/bumperbot_description/environment/path.sh
[1.115s] -- Up-to-date: /home/bfg2h/bumperbot_ws/install/bumperbot_description/share/bumperbot_description/environment/path.dsv
[1.115s] -- Up-to-date: /home/bfg2h/bumperbot_ws/install/bumperbot_description/share/bumperbot_description/local_setup.bash
[1.116s] -- Up-to-date: /home/bfg2h/bumperbot_ws/install/bumperbot_description/share/bumperbot_description/local_setup.sh
[1.116s] -- Up-to-date: /home/bfg2h/bumperbot_ws/install/bumperbot_description/share/bumperbot_description/local_setup.zsh
[1.117s] -- Up-to-date: /home/bfg2h/bumperbot_ws/install/bumperbot_description/share/bumperbot_description/local_setup.dsv
[1.117s] -- Installing: /home/bfg2h/bumperbot_ws/install/bumperbot_description/share/bumperbot_description/package.dsv
[1.118s] -- Up-to-date: /home/bfg2h/bumperbot_ws/install/bumperbot_description/share/ament_index/resource_index/packages/bumperbot_description
[1.118s] -- Up-to-date: /home/bfg2h/bumperbot_ws/install/bumperbot_description/share/bumperbot_description/cmake/bumperbot_descriptionConfig.cmake
[1.118s] -- Up-to-date: /home/bfg2h/bumperbot_ws/install/bumperbot_description/share/bumperbot_description/cmake/bumperbot_descriptionConfig-version.cmake
[1.118s] -- Up-to-date: /home/bfg2h/bumperbot_ws/install/bumperbot_description/share/bumperbot_description/package.xml
[1.162s] Invoked command in '/home/bfg2h/bumperbot_ws/build/bumperbot_description' returned '0': CMAKE_PREFIX_PATH=/home/bfg2h/bumperbot_ws/install/bumperbot_description:/home/bfg2h/bumperbot_ws/install/bumperbot_cpp_examples:/home/bfg2h/bumperbot_ws/install/bumperbot_py_examples:/home/bfg2h/ros2_ws/install/my_py_pkg:/home/bfg2h/udemy_ws/install/self_driving_car_pkg:/opt/ros/humble:/home/bfg2h/bumperbot_ws/install/bumperbot_controller:/home/bfg2h/turtlebot3_ws/install/turtlebot3_simulations:/home/bfg2h/turtlebot3_ws/install/turtlebot3_gazebo:/home/bfg2h/turtlebot3_ws/install/turtlebot3_fake_node:/home/bfg2h/ros2_ws/install/my_cpp_pkg:/home/bfg2h/arduinobot_ws/install/arduinobot_description:/home/bfg2h/arduinobot_ws/install/arduinobot_cpp_examples:/home/bfg2h/arduinobot_ws/install/arduinobot_controller _=/usr/bin/env /usr/bin/cmake --install /home/bfg2h/bumperbot_ws/build/bumperbot_description
