[0.109s] DEBUG:colcon:Command line arguments: ['/usr/bin/colcon', 'build']
[0.109s] DEBUG:colcon:Parsed command line arguments: Namespace(log_base=None, log_level=None, verb_name='build', build_base='build', install_base='install', merge_install=False, symlink_install=False, test_result_base=None, continue_on_error=False, executor='parallel', parallel_workers=16, event_handlers=None, ignore_user_meta=False, metas=['./colcon.meta'], base_paths=['.'], packages_ignore=None, packages_ignore_regex=None, paths=None, packages_up_to=None, packages_up_to_regex=None, packages_above=None, packages_above_and_dependencies=None, packages_above_depth=None, packages_select_by_dep=None, packages_skip_by_dep=None, packages_skip_up_to=None, packages_select_build_failed=False, packages_skip_build_finished=False, packages_select_test_failures=False, packages_skip_test_passed=False, packages_select=None, packages_skip=None, packages_select_regex=None, packages_skip_regex=None, packages_start=None, packages_end=None, allow_overriding=[], cmake_args=None, cmake_target=None, cmake_target_skip_unavailable=False, cmake_clean_cache=False, cmake_clean_first=False, cmake_force_configure=False, ament_cmake_args=None, catkin_cmake_args=None, catkin_skip_building_tests=False, verb_parser=<colcon_defaults.argument_parser.defaults.DefaultArgumentsDecorator object at 0x7fdb1ff7ba30>, verb_extension=<colcon_core.verb.build.BuildVerb object at 0x7fdb1ff7b4f0>, main=<bound method BuildVerb.main of <colcon_core.verb.build.BuildVerb object at 0x7fdb1ff7b4f0>>)
[0.353s] Level 1:colcon.colcon_core.package_discovery:discover_packages(colcon_meta) check parameters
[0.353s] Level 1:colcon.colcon_core.package_discovery:discover_packages(recursive) check parameters
[0.353s] Level 1:colcon.colcon_core.package_discovery:discover_packages(ignore) check parameters
[0.354s] Level 1:colcon.colcon_core.package_discovery:discover_packages(path) check parameters
[0.354s] Level 1:colcon.colcon_core.package_discovery:discover_packages(colcon_meta) discover
[0.354s] Level 1:colcon.colcon_core.package_discovery:discover_packages(recursive) discover
[0.354s] INFO:colcon.colcon_core.package_discovery:Crawling recursively for packages in '/home/bfg2h/bumperbot_ws'
[0.354s] Level 1:colcon.colcon_core.package_identification:_identify(.) by extensions ['ignore', 'ignore_ament_install']
[0.354s] Level 1:colcon.colcon_core.package_identification:_identify(.) by extension 'ignore'
[0.354s] Level 1:colcon.colcon_core.package_identification:_identify(.) by extension 'ignore_ament_install'
[0.354s] Level 1:colcon.colcon_core.package_identification:_identify(.) by extensions ['colcon_pkg']
[0.354s] Level 1:colcon.colcon_core.package_identification:_identify(.) by extension 'colcon_pkg'
[0.354s] Level 1:colcon.colcon_core.package_identification:_identify(.) by extensions ['colcon_meta']
[0.354s] Level 1:colcon.colcon_core.package_identification:_identify(.) by extension 'colcon_meta'
[0.354s] Level 1:colcon.colcon_core.package_identification:_identify(.) by extensions ['ros']
[0.354s] Level 1:colcon.colcon_core.package_identification:_identify(.) by extension 'ros'
[0.371s] Level 1:colcon.colcon_core.package_identification:_identify(.) by extensions ['cmake', 'python']
[0.371s] Level 1:colcon.colcon_core.package_identification:_identify(.) by extension 'cmake'
[0.371s] Level 1:colcon.colcon_core.package_identification:_identify(.) by extension 'python'
[0.371s] Level 1:colcon.colcon_core.package_identification:_identify(.) by extensions ['python_setup_py']
[0.371s] Level 1:colcon.colcon_core.package_identification:_identify(.) by extension 'python_setup_py'
[0.371s] Level 1:colcon.colcon_core.package_identification:_identify(build) by extensions ['ignore', 'ignore_ament_install']
[0.371s] Level 1:colcon.colcon_core.package_identification:_identify(build) by extension 'ignore'
[0.371s] Level 1:colcon.colcon_core.package_identification:_identify(build) ignored
[0.372s] Level 1:colcon.colcon_core.package_identification:_identify(install) by extensions ['ignore', 'ignore_ament_install']
[0.372s] Level 1:colcon.colcon_core.package_identification:_identify(install) by extension 'ignore'
[0.372s] Level 1:colcon.colcon_core.package_identification:_identify(install) ignored
[0.372s] Level 1:colcon.colcon_core.package_identification:_identify(log) by extensions ['ignore', 'ignore_ament_install']
[0.372s] Level 1:colcon.colcon_core.package_identification:_identify(log) by extension 'ignore'
[0.372s] Level 1:colcon.colcon_core.package_identification:_identify(log) ignored
[0.372s] Level 1:colcon.colcon_core.package_identification:_identify(src) by extensions ['ignore', 'ignore_ament_install']
[0.372s] Level 1:colcon.colcon_core.package_identification:_identify(src) by extension 'ignore'
[0.372s] Level 1:colcon.colcon_core.package_identification:_identify(src) by extension 'ignore_ament_install'
[0.372s] Level 1:colcon.colcon_core.package_identification:_identify(src) by extensions ['colcon_pkg']
[0.372s] Level 1:colcon.colcon_core.package_identification:_identify(src) by extension 'colcon_pkg'
[0.372s] Level 1:colcon.colcon_core.package_identification:_identify(src) by extensions ['colcon_meta']
[0.372s] Level 1:colcon.colcon_core.package_identification:_identify(src) by extension 'colcon_meta'
[0.372s] Level 1:colcon.colcon_core.package_identification:_identify(src) by extensions ['ros']
[0.372s] Level 1:colcon.colcon_core.package_identification:_identify(src) by extension 'ros'
[0.373s] Level 1:colcon.colcon_core.package_identification:_identify(src) by extensions ['cmake', 'python']
[0.373s] Level 1:colcon.colcon_core.package_identification:_identify(src) by extension 'cmake'
[0.373s] Level 1:colcon.colcon_core.package_identification:_identify(src) by extension 'python'
[0.373s] Level 1:colcon.colcon_core.package_identification:_identify(src) by extensions ['python_setup_py']
[0.373s] Level 1:colcon.colcon_core.package_identification:_identify(src) by extension 'python_setup_py'
[0.373s] Level 1:colcon.colcon_core.package_identification:_identify(src/build) by extensions ['ignore', 'ignore_ament_install']
[0.373s] Level 1:colcon.colcon_core.package_identification:_identify(src/build) by extension 'ignore'
[0.373s] Level 1:colcon.colcon_core.package_identification:_identify(src/build) ignored
[0.373s] Level 1:colcon.colcon_core.package_identification:_identify(src/bumperbot_controller) by extensions ['ignore', 'ignore_ament_install']
[0.373s] Level 1:colcon.colcon_core.package_identification:_identify(src/bumperbot_controller) by extension 'ignore'
[0.373s] Level 1:colcon.colcon_core.package_identification:_identify(src/bumperbot_controller) by extension 'ignore_ament_install'
[0.373s] Level 1:colcon.colcon_core.package_identification:_identify(src/bumperbot_controller) by extensions ['colcon_pkg']
[0.373s] Level 1:colcon.colcon_core.package_identification:_identify(src/bumperbot_controller) by extension 'colcon_pkg'
[0.373s] Level 1:colcon.colcon_core.package_identification:_identify(src/bumperbot_controller) by extensions ['colcon_meta']
[0.373s] Level 1:colcon.colcon_core.package_identification:_identify(src/bumperbot_controller) by extension 'colcon_meta'
[0.373s] Level 1:colcon.colcon_core.package_identification:_identify(src/bumperbot_controller) by extensions ['ros']
[0.373s] Level 1:colcon.colcon_core.package_identification:_identify(src/bumperbot_controller) by extension 'ros'
[0.376s] DEBUG:colcon.colcon_core.package_identification:Package 'src/bumperbot_controller' with type 'ros.ament_cmake' and name 'bumperbot_controller'
[0.377s] Level 1:colcon.colcon_core.package_identification:_identify(src/bumperbot_cpp_examples) by extensions ['ignore', 'ignore_ament_install']
[0.377s] Level 1:colcon.colcon_core.package_identification:_identify(src/bumperbot_cpp_examples) by extension 'ignore'
[0.377s] Level 1:colcon.colcon_core.package_identification:_identify(src/bumperbot_cpp_examples) by extension 'ignore_ament_install'
[0.377s] Level 1:colcon.colcon_core.package_identification:_identify(src/bumperbot_cpp_examples) by extensions ['colcon_pkg']
[0.377s] Level 1:colcon.colcon_core.package_identification:_identify(src/bumperbot_cpp_examples) by extension 'colcon_pkg'
[0.377s] Level 1:colcon.colcon_core.package_identification:_identify(src/bumperbot_cpp_examples) by extensions ['colcon_meta']
[0.377s] Level 1:colcon.colcon_core.package_identification:_identify(src/bumperbot_cpp_examples) by extension 'colcon_meta'
[0.377s] Level 1:colcon.colcon_core.package_identification:_identify(src/bumperbot_cpp_examples) by extensions ['ros']
[0.377s] Level 1:colcon.colcon_core.package_identification:_identify(src/bumperbot_cpp_examples) by extension 'ros'
[0.378s] DEBUG:colcon.colcon_core.package_identification:Package 'src/bumperbot_cpp_examples' with type 'ros.ament_cmake' and name 'bumperbot_cpp_examples'
[0.378s] Level 1:colcon.colcon_core.package_identification:_identify(src/bumperbot_description) by extensions ['ignore', 'ignore_ament_install']
[0.378s] Level 1:colcon.colcon_core.package_identification:_identify(src/bumperbot_description) by extension 'ignore'
[0.378s] Level 1:colcon.colcon_core.package_identification:_identify(src/bumperbot_description) by extension 'ignore_ament_install'
[0.378s] Level 1:colcon.colcon_core.package_identification:_identify(src/bumperbot_description) by extensions ['colcon_pkg']
[0.378s] Level 1:colcon.colcon_core.package_identification:_identify(src/bumperbot_description) by extension 'colcon_pkg'
[0.378s] Level 1:colcon.colcon_core.package_identification:_identify(src/bumperbot_description) by extensions ['colcon_meta']
[0.378s] Level 1:colcon.colcon_core.package_identification:_identify(src/bumperbot_description) by extension 'colcon_meta'
[0.378s] Level 1:colcon.colcon_core.package_identification:_identify(src/bumperbot_description) by extensions ['ros']
[0.378s] Level 1:colcon.colcon_core.package_identification:_identify(src/bumperbot_description) by extension 'ros'
[0.381s] DEBUG:colcon.colcon_core.package_identification:Package 'src/bumperbot_description' with type 'ros.ament_cmake' and name 'bumperbot_description'
[0.381s] Level 1:colcon.colcon_core.package_identification:_identify(src/bumperbot_msgs) by extensions ['ignore', 'ignore_ament_install']
[0.381s] Level 1:colcon.colcon_core.package_identification:_identify(src/bumperbot_msgs) by extension 'ignore'
[0.381s] Level 1:colcon.colcon_core.package_identification:_identify(src/bumperbot_msgs) by extension 'ignore_ament_install'
[0.381s] Level 1:colcon.colcon_core.package_identification:_identify(src/bumperbot_msgs) by extensions ['colcon_pkg']
[0.381s] Level 1:colcon.colcon_core.package_identification:_identify(src/bumperbot_msgs) by extension 'colcon_pkg'
[0.381s] Level 1:colcon.colcon_core.package_identification:_identify(src/bumperbot_msgs) by extensions ['colcon_meta']
[0.381s] Level 1:colcon.colcon_core.package_identification:_identify(src/bumperbot_msgs) by extension 'colcon_meta'
[0.381s] Level 1:colcon.colcon_core.package_identification:_identify(src/bumperbot_msgs) by extensions ['ros']
[0.381s] Level 1:colcon.colcon_core.package_identification:_identify(src/bumperbot_msgs) by extension 'ros'
[0.382s] DEBUG:colcon.colcon_core.package_identification:Package 'src/bumperbot_msgs' with type 'ros.ament_cmake' and name 'bumperbot_msgs'
[0.382s] Level 1:colcon.colcon_core.package_identification:_identify(src/bumperbot_py_examples) by extensions ['ignore', 'ignore_ament_install']
[0.382s] Level 1:colcon.colcon_core.package_identification:_identify(src/bumperbot_py_examples) by extension 'ignore'
[0.382s] Level 1:colcon.colcon_core.package_identification:_identify(src/bumperbot_py_examples) by extension 'ignore_ament_install'
[0.382s] Level 1:colcon.colcon_core.package_identification:_identify(src/bumperbot_py_examples) by extensions ['colcon_pkg']
[0.382s] Level 1:colcon.colcon_core.package_identification:_identify(src/bumperbot_py_examples) by extension 'colcon_pkg'
[0.382s] Level 1:colcon.colcon_core.package_identification:_identify(src/bumperbot_py_examples) by extensions ['colcon_meta']
[0.382s] Level 1:colcon.colcon_core.package_identification:_identify(src/bumperbot_py_examples) by extension 'colcon_meta'
[0.382s] Level 1:colcon.colcon_core.package_identification:_identify(src/bumperbot_py_examples) by extensions ['ros']
[0.382s] Level 1:colcon.colcon_core.package_identification:_identify(src/bumperbot_py_examples) by extension 'ros'
[0.383s] DEBUG:colcon.colcon_core.package_identification:Package 'src/bumperbot_py_examples' with type 'ros.ament_python' and name 'bumperbot_py_examples'
[0.383s] Level 1:colcon.colcon_core.package_identification:_identify(src/bumperbot_utils) by extensions ['ignore', 'ignore_ament_install']
[0.383s] Level 1:colcon.colcon_core.package_identification:_identify(src/bumperbot_utils) by extension 'ignore'
[0.383s] Level 1:colcon.colcon_core.package_identification:_identify(src/bumperbot_utils) by extension 'ignore_ament_install'
[0.383s] Level 1:colcon.colcon_core.package_identification:_identify(src/bumperbot_utils) by extensions ['colcon_pkg']
[0.383s] Level 1:colcon.colcon_core.package_identification:_identify(src/bumperbot_utils) by extension 'colcon_pkg'
[0.384s] Level 1:colcon.colcon_core.package_identification:_identify(src/bumperbot_utils) by extensions ['colcon_meta']
[0.384s] Level 1:colcon.colcon_core.package_identification:_identify(src/bumperbot_utils) by extension 'colcon_meta'
[0.384s] Level 1:colcon.colcon_core.package_identification:_identify(src/bumperbot_utils) by extensions ['ros']
[0.384s] Level 1:colcon.colcon_core.package_identification:_identify(src/bumperbot_utils) by extension 'ros'
[0.384s] DEBUG:colcon.colcon_core.package_identification:Package 'src/bumperbot_utils' with type 'ros.ament_cmake' and name 'bumperbot_utils'
[0.384s] Level 1:colcon.colcon_core.package_identification:_identify(src/install) by extensions ['ignore', 'ignore_ament_install']
[0.384s] Level 1:colcon.colcon_core.package_identification:_identify(src/install) by extension 'ignore'
[0.384s] Level 1:colcon.colcon_core.package_identification:_identify(src/install) ignored
[0.384s] Level 1:colcon.colcon_core.package_identification:_identify(src/log) by extensions ['ignore', 'ignore_ament_install']
[0.384s] Level 1:colcon.colcon_core.package_identification:_identify(src/log) by extension 'ignore'
[0.385s] Level 1:colcon.colcon_core.package_identification:_identify(src/log) ignored
[0.385s] Level 1:colcon.colcon_core.package_discovery:discover_packages(recursive) using defaults
[0.385s] Level 1:colcon.colcon_core.package_discovery:discover_packages(ignore) discover
[0.385s] Level 1:colcon.colcon_core.package_discovery:discover_packages(ignore) using defaults
[0.385s] Level 1:colcon.colcon_core.package_discovery:discover_packages(path) discover
[0.385s] Level 1:colcon.colcon_core.package_discovery:discover_packages(path) using defaults
[0.406s] Level 1:colcon.colcon_core.package_discovery:discover_packages(prefix_path) check parameters
[0.406s] Level 1:colcon.colcon_core.package_discovery:discover_packages(prefix_path) discover
[0.408s] DEBUG:colcon.colcon_installed_package_information.package_discovery:Found 6 installed packages in /home/bfg2h/bumperbot_ws/install
[0.409s] DEBUG:colcon.colcon_installed_package_information.package_discovery:Found 3 installed packages in /home/bfg2h/turtlebot3_ws/install
[0.409s] DEBUG:colcon.colcon_installed_package_information.package_discovery:Found 2 installed packages in /home/bfg2h/ros2_ws/install
[0.409s] DEBUG:colcon.colcon_installed_package_information.package_discovery:Found 4 installed packages in /home/bfg2h/arduinobot_ws/install
[0.410s] DEBUG:colcon.colcon_installed_package_information.package_discovery:Found 1 installed packages in /home/bfg2h/udemy_ws/install
[0.411s] DEBUG:colcon.colcon_installed_package_information.package_discovery:Found 464 installed packages in /opt/ros/humble
[0.413s] Level 1:colcon.colcon_core.package_discovery:discover_packages(prefix_path) using defaults
[0.468s] Level 5:colcon.colcon_core.verb:set package 'bumperbot_controller' build argument 'cmake_args' from command line to 'None'
[0.468s] Level 5:colcon.colcon_core.verb:set package 'bumperbot_controller' build argument 'cmake_target' from command line to 'None'
[0.468s] Level 5:colcon.colcon_core.verb:set package 'bumperbot_controller' build argument 'cmake_target_skip_unavailable' from command line to 'False'
[0.468s] Level 5:colcon.colcon_core.verb:set package 'bumperbot_controller' build argument 'cmake_clean_cache' from command line to 'False'
[0.468s] Level 5:colcon.colcon_core.verb:set package 'bumperbot_controller' build argument 'cmake_clean_first' from command line to 'False'
[0.468s] Level 5:colcon.colcon_core.verb:set package 'bumperbot_controller' build argument 'cmake_force_configure' from command line to 'False'
[0.468s] Level 5:colcon.colcon_core.verb:set package 'bumperbot_controller' build argument 'ament_cmake_args' from command line to 'None'
[0.468s] Level 5:colcon.colcon_core.verb:set package 'bumperbot_controller' build argument 'catkin_cmake_args' from command line to 'None'
[0.468s] Level 5:colcon.colcon_core.verb:set package 'bumperbot_controller' build argument 'catkin_skip_building_tests' from command line to 'False'
[0.468s] DEBUG:colcon.colcon_core.verb:Building package 'bumperbot_controller' with the following arguments: {'ament_cmake_args': None, 'build_base': '/home/bfg2h/bumperbot_ws/build/bumperbot_controller', 'catkin_cmake_args': None, 'catkin_skip_building_tests': False, 'cmake_args': None, 'cmake_clean_cache': False, 'cmake_clean_first': False, 'cmake_force_configure': False, 'cmake_target': None, 'cmake_target_skip_unavailable': False, 'install_base': '/home/bfg2h/bumperbot_ws/install/bumperbot_controller', 'merge_install': False, 'path': '/home/bfg2h/bumperbot_ws/src/bumperbot_controller', 'symlink_install': False, 'test_result_base': None}
[0.469s] Level 5:colcon.colcon_core.verb:set package 'bumperbot_description' build argument 'cmake_args' from command line to 'None'
[0.469s] Level 5:colcon.colcon_core.verb:set package 'bumperbot_description' build argument 'cmake_target' from command line to 'None'
[0.469s] Level 5:colcon.colcon_core.verb:set package 'bumperbot_description' build argument 'cmake_target_skip_unavailable' from command line to 'False'
[0.469s] Level 5:colcon.colcon_core.verb:set package 'bumperbot_description' build argument 'cmake_clean_cache' from command line to 'False'
[0.469s] Level 5:colcon.colcon_core.verb:set package 'bumperbot_description' build argument 'cmake_clean_first' from command line to 'False'
[0.469s] Level 5:colcon.colcon_core.verb:set package 'bumperbot_description' build argument 'cmake_force_configure' from command line to 'False'
[0.469s] Level 5:colcon.colcon_core.verb:set package 'bumperbot_description' build argument 'ament_cmake_args' from command line to 'None'
[0.469s] Level 5:colcon.colcon_core.verb:set package 'bumperbot_description' build argument 'catkin_cmake_args' from command line to 'None'
[0.469s] Level 5:colcon.colcon_core.verb:set package 'bumperbot_description' build argument 'catkin_skip_building_tests' from command line to 'False'
[0.469s] DEBUG:colcon.colcon_core.verb:Building package 'bumperbot_description' with the following arguments: {'ament_cmake_args': None, 'build_base': '/home/bfg2h/bumperbot_ws/build/bumperbot_description', 'catkin_cmake_args': None, 'catkin_skip_building_tests': False, 'cmake_args': None, 'cmake_clean_cache': False, 'cmake_clean_first': False, 'cmake_force_configure': False, 'cmake_target': None, 'cmake_target_skip_unavailable': False, 'install_base': '/home/bfg2h/bumperbot_ws/install/bumperbot_description', 'merge_install': False, 'path': '/home/bfg2h/bumperbot_ws/src/bumperbot_description', 'symlink_install': False, 'test_result_base': None}
[0.469s] Level 5:colcon.colcon_core.verb:set package 'bumperbot_msgs' build argument 'cmake_args' from command line to 'None'
[0.469s] Level 5:colcon.colcon_core.verb:set package 'bumperbot_msgs' build argument 'cmake_target' from command line to 'None'
[0.469s] Level 5:colcon.colcon_core.verb:set package 'bumperbot_msgs' build argument 'cmake_target_skip_unavailable' from command line to 'False'
[0.470s] Level 5:colcon.colcon_core.verb:set package 'bumperbot_msgs' build argument 'cmake_clean_cache' from command line to 'False'
[0.470s] Level 5:colcon.colcon_core.verb:set package 'bumperbot_msgs' build argument 'cmake_clean_first' from command line to 'False'
[0.470s] Level 5:colcon.colcon_core.verb:set package 'bumperbot_msgs' build argument 'cmake_force_configure' from command line to 'False'
[0.470s] Level 5:colcon.colcon_core.verb:set package 'bumperbot_msgs' build argument 'ament_cmake_args' from command line to 'None'
[0.470s] Level 5:colcon.colcon_core.verb:set package 'bumperbot_msgs' build argument 'catkin_cmake_args' from command line to 'None'
[0.470s] Level 5:colcon.colcon_core.verb:set package 'bumperbot_msgs' build argument 'catkin_skip_building_tests' from command line to 'False'
[0.470s] DEBUG:colcon.colcon_core.verb:Building package 'bumperbot_msgs' with the following arguments: {'ament_cmake_args': None, 'build_base': '/home/bfg2h/bumperbot_ws/build/bumperbot_msgs', 'catkin_cmake_args': None, 'catkin_skip_building_tests': False, 'cmake_args': None, 'cmake_clean_cache': False, 'cmake_clean_first': False, 'cmake_force_configure': False, 'cmake_target': None, 'cmake_target_skip_unavailable': False, 'install_base': '/home/bfg2h/bumperbot_ws/install/bumperbot_msgs', 'merge_install': False, 'path': '/home/bfg2h/bumperbot_ws/src/bumperbot_msgs', 'symlink_install': False, 'test_result_base': None}
[0.470s] Level 5:colcon.colcon_core.verb:set package 'bumperbot_utils' build argument 'cmake_args' from command line to 'None'
[0.470s] Level 5:colcon.colcon_core.verb:set package 'bumperbot_utils' build argument 'cmake_target' from command line to 'None'
[0.470s] Level 5:colcon.colcon_core.verb:set package 'bumperbot_utils' build argument 'cmake_target_skip_unavailable' from command line to 'False'
[0.470s] Level 5:colcon.colcon_core.verb:set package 'bumperbot_utils' build argument 'cmake_clean_cache' from command line to 'False'
[0.470s] Level 5:colcon.colcon_core.verb:set package 'bumperbot_utils' build argument 'cmake_clean_first' from command line to 'False'
[0.470s] Level 5:colcon.colcon_core.verb:set package 'bumperbot_utils' build argument 'cmake_force_configure' from command line to 'False'
[0.470s] Level 5:colcon.colcon_core.verb:set package 'bumperbot_utils' build argument 'ament_cmake_args' from command line to 'None'
[0.470s] Level 5:colcon.colcon_core.verb:set package 'bumperbot_utils' build argument 'catkin_cmake_args' from command line to 'None'
[0.470s] Level 5:colcon.colcon_core.verb:set package 'bumperbot_utils' build argument 'catkin_skip_building_tests' from command line to 'False'
[0.470s] DEBUG:colcon.colcon_core.verb:Building package 'bumperbot_utils' with the following arguments: {'ament_cmake_args': None, 'build_base': '/home/bfg2h/bumperbot_ws/build/bumperbot_utils', 'catkin_cmake_args': None, 'catkin_skip_building_tests': False, 'cmake_args': None, 'cmake_clean_cache': False, 'cmake_clean_first': False, 'cmake_force_configure': False, 'cmake_target': None, 'cmake_target_skip_unavailable': False, 'install_base': '/home/bfg2h/bumperbot_ws/install/bumperbot_utils', 'merge_install': False, 'path': '/home/bfg2h/bumperbot_ws/src/bumperbot_utils', 'symlink_install': False, 'test_result_base': None}
[0.471s] Level 5:colcon.colcon_core.verb:set package 'bumperbot_cpp_examples' build argument 'cmake_args' from command line to 'None'
[0.471s] Level 5:colcon.colcon_core.verb:set package 'bumperbot_cpp_examples' build argument 'cmake_target' from command line to 'None'
[0.471s] Level 5:colcon.colcon_core.verb:set package 'bumperbot_cpp_examples' build argument 'cmake_target_skip_unavailable' from command line to 'False'
[0.471s] Level 5:colcon.colcon_core.verb:set package 'bumperbot_cpp_examples' build argument 'cmake_clean_cache' from command line to 'False'
[0.471s] Level 5:colcon.colcon_core.verb:set package 'bumperbot_cpp_examples' build argument 'cmake_clean_first' from command line to 'False'
[0.471s] Level 5:colcon.colcon_core.verb:set package 'bumperbot_cpp_examples' build argument 'cmake_force_configure' from command line to 'False'
[0.471s] Level 5:colcon.colcon_core.verb:set package 'bumperbot_cpp_examples' build argument 'ament_cmake_args' from command line to 'None'
[0.471s] Level 5:colcon.colcon_core.verb:set package 'bumperbot_cpp_examples' build argument 'catkin_cmake_args' from command line to 'None'
[0.471s] Level 5:colcon.colcon_core.verb:set package 'bumperbot_cpp_examples' build argument 'catkin_skip_building_tests' from command line to 'False'
[0.471s] DEBUG:colcon.colcon_core.verb:Building package 'bumperbot_cpp_examples' with the following arguments: {'ament_cmake_args': None, 'build_base': '/home/bfg2h/bumperbot_ws/build/bumperbot_cpp_examples', 'catkin_cmake_args': None, 'catkin_skip_building_tests': False, 'cmake_args': None, 'cmake_clean_cache': False, 'cmake_clean_first': False, 'cmake_force_configure': False, 'cmake_target': None, 'cmake_target_skip_unavailable': False, 'install_base': '/home/bfg2h/bumperbot_ws/install/bumperbot_cpp_examples', 'merge_install': False, 'path': '/home/bfg2h/bumperbot_ws/src/bumperbot_cpp_examples', 'symlink_install': False, 'test_result_base': None}
[0.471s] Level 5:colcon.colcon_core.verb:set package 'bumperbot_py_examples' build argument 'cmake_args' from command line to 'None'
[0.471s] Level 5:colcon.colcon_core.verb:set package 'bumperbot_py_examples' build argument 'cmake_target' from command line to 'None'
[0.471s] Level 5:colcon.colcon_core.verb:set package 'bumperbot_py_examples' build argument 'cmake_target_skip_unavailable' from command line to 'False'
[0.471s] Level 5:colcon.colcon_core.verb:set package 'bumperbot_py_examples' build argument 'cmake_clean_cache' from command line to 'False'
[0.471s] Level 5:colcon.colcon_core.verb:set package 'bumperbot_py_examples' build argument 'cmake_clean_first' from command line to 'False'
[0.471s] Level 5:colcon.colcon_core.verb:set package 'bumperbot_py_examples' build argument 'cmake_force_configure' from command line to 'False'
[0.471s] Level 5:colcon.colcon_core.verb:set package 'bumperbot_py_examples' build argument 'ament_cmake_args' from command line to 'None'
[0.471s] Level 5:colcon.colcon_core.verb:set package 'bumperbot_py_examples' build argument 'catkin_cmake_args' from command line to 'None'
[0.471s] Level 5:colcon.colcon_core.verb:set package 'bumperbot_py_examples' build argument 'catkin_skip_building_tests' from command line to 'False'
[0.471s] DEBUG:colcon.colcon_core.verb:Building package 'bumperbot_py_examples' with the following arguments: {'ament_cmake_args': None, 'build_base': '/home/bfg2h/bumperbot_ws/build/bumperbot_py_examples', 'catkin_cmake_args': None, 'catkin_skip_building_tests': False, 'cmake_args': None, 'cmake_clean_cache': False, 'cmake_clean_first': False, 'cmake_force_configure': False, 'cmake_target': None, 'cmake_target_skip_unavailable': False, 'install_base': '/home/bfg2h/bumperbot_ws/install/bumperbot_py_examples', 'merge_install': False, 'path': '/home/bfg2h/bumperbot_ws/src/bumperbot_py_examples', 'symlink_install': False, 'test_result_base': None}
[0.472s] INFO:colcon.colcon_core.executor:Executing jobs using 'parallel' executor
[0.473s] DEBUG:colcon.colcon_parallel_executor.executor.parallel:run_until_complete
[0.473s] INFO:colcon.colcon_ros.task.ament_cmake.build:Building ROS package in '/home/bfg2h/bumperbot_ws/src/bumperbot_msgs' with build type 'ament_cmake'
[0.473s] INFO:colcon.colcon_cmake.task.cmake.build:Building CMake package in '/home/bfg2h/bumperbot_ws/src/bumperbot_msgs'
[0.475s] INFO:colcon.colcon_core.plugin_system:Skipping extension 'colcon_core.shell.bat': Not used on non-Windows systems
[0.475s] INFO:colcon.colcon_core.shell:Skip shell extension 'powershell' for command environment: Not usable outside of PowerShell
[0.475s] DEBUG:colcon.colcon_core.shell:Skip shell extension 'dsv' for command environment
[0.480s] INFO:colcon.colcon_ros.task.ament_cmake.build:Building ROS package in '/home/bfg2h/bumperbot_ws/src/bumperbot_controller' with build type 'ament_cmake'
[0.480s] INFO:colcon.colcon_cmake.task.cmake.build:Building CMake package in '/home/bfg2h/bumperbot_ws/src/bumperbot_controller'
[0.480s] INFO:colcon.colcon_core.shell:Skip shell extension 'powershell' for command environment: Not usable outside of PowerShell
[0.481s] DEBUG:colcon.colcon_core.shell:Skip shell extension 'dsv' for command environment
[0.485s] INFO:colcon.colcon_ros.task.ament_cmake.build:Building ROS package in '/home/bfg2h/bumperbot_ws/src/bumperbot_description' with build type 'ament_cmake'
[0.486s] INFO:colcon.colcon_cmake.task.cmake.build:Building CMake package in '/home/bfg2h/bumperbot_ws/src/bumperbot_description'
[0.486s] INFO:colcon.colcon_core.shell:Skip shell extension 'powershell' for command environment: Not usable outside of PowerShell
[0.486s] DEBUG:colcon.colcon_core.shell:Skip shell extension 'dsv' for command environment
[0.493s] INFO:colcon.colcon_ros.task.ament_cmake.build:Building ROS package in '/home/bfg2h/bumperbot_ws/src/bumperbot_utils' with build type 'ament_cmake'
[0.493s] INFO:colcon.colcon_cmake.task.cmake.build:Building CMake package in '/home/bfg2h/bumperbot_ws/src/bumperbot_utils'
[0.493s] INFO:colcon.colcon_core.shell:Skip shell extension 'powershell' for command environment: Not usable outside of PowerShell
[0.494s] DEBUG:colcon.colcon_core.shell:Skip shell extension 'dsv' for command environment
[0.503s] DEBUG:colcon.colcon_core.event_handler.log_command:Invoking command in '/home/bfg2h/bumperbot_ws/build/bumperbot_msgs': CMAKE_PREFIX_PATH=${CMAKE_PREFIX_PATH}:/home/bfg2h/bumperbot_ws/install/bumperbot_py_examples:/home/bfg2h/ros2_ws/install/my_py_pkg:/home/bfg2h/udemy_ws/install/self_driving_car_pkg:/opt/ros/humble _=/usr/bin/env /usr/bin/cmake --build /home/bfg2h/bumperbot_ws/build/bumperbot_msgs -- -j16 -l16
[0.506s] DEBUG:colcon.colcon_core.event_handler.log_command:Invoking command in '/home/bfg2h/bumperbot_ws/build/bumperbot_controller': CMAKE_PREFIX_PATH=${CMAKE_PREFIX_PATH}:/home/bfg2h/bumperbot_ws/install/bumperbot_py_examples:/home/bfg2h/ros2_ws/install/my_py_pkg:/home/bfg2h/udemy_ws/install/self_driving_car_pkg:/opt/ros/humble _=/usr/bin/env /usr/bin/cmake --build /home/bfg2h/bumperbot_ws/build/bumperbot_controller -- -j16 -l16
[0.509s] DEBUG:colcon.colcon_core.event_handler.log_command:Invoking command in '/home/bfg2h/bumperbot_ws/build/bumperbot_description': CMAKE_PREFIX_PATH=${CMAKE_PREFIX_PATH}:/home/bfg2h/bumperbot_ws/install/bumperbot_py_examples:/home/bfg2h/ros2_ws/install/my_py_pkg:/home/bfg2h/udemy_ws/install/self_driving_car_pkg:/opt/ros/humble _=/usr/bin/env /usr/bin/cmake --build /home/bfg2h/bumperbot_ws/build/bumperbot_description -- -j16 -l16
[0.512s] DEBUG:colcon.colcon_core.event_handler.log_command:Invoking command in '/home/bfg2h/bumperbot_ws/build/bumperbot_utils': CMAKE_PREFIX_PATH=${CMAKE_PREFIX_PATH}:/home/bfg2h/bumperbot_ws/install/bumperbot_py_examples:/home/bfg2h/ros2_ws/install/my_py_pkg:/home/bfg2h/udemy_ws/install/self_driving_car_pkg:/opt/ros/humble _=/usr/bin/env /usr/bin/cmake --build /home/bfg2h/bumperbot_ws/build/bumperbot_utils -- -j16 -l16
[0.542s] DEBUG:colcon.colcon_core.event_handler.log_command:Invoked command in '/home/bfg2h/bumperbot_ws/build/bumperbot_description' returned '0': CMAKE_PREFIX_PATH=${CMAKE_PREFIX_PATH}:/home/bfg2h/bumperbot_ws/install/bumperbot_py_examples:/home/bfg2h/ros2_ws/install/my_py_pkg:/home/bfg2h/udemy_ws/install/self_driving_car_pkg:/opt/ros/humble _=/usr/bin/env /usr/bin/cmake --build /home/bfg2h/bumperbot_ws/build/bumperbot_description -- -j16 -l16
[0.577s] DEBUG:colcon.colcon_core.event_handler.log_command:Invoking command in '/home/bfg2h/bumperbot_ws/build/bumperbot_description': CMAKE_PREFIX_PATH=${CMAKE_PREFIX_PATH}:/home/bfg2h/bumperbot_ws/install/bumperbot_py_examples:/home/bfg2h/ros2_ws/install/my_py_pkg:/home/bfg2h/udemy_ws/install/self_driving_car_pkg:/opt/ros/humble _=/usr/bin/env /usr/bin/cmake --install /home/bfg2h/bumperbot_ws/build/bumperbot_description
[0.585s] Level 1:colcon.colcon_core.environment:create_environment_scripts_only(bumperbot_description)
[0.589s] DEBUG:colcon.colcon_core.event_handler.log_command:Invoked command in '/home/bfg2h/bumperbot_ws/build/bumperbot_description' returned '0': CMAKE_PREFIX_PATH=${CMAKE_PREFIX_PATH}:/home/bfg2h/bumperbot_ws/install/bumperbot_py_examples:/home/bfg2h/ros2_ws/install/my_py_pkg:/home/bfg2h/udemy_ws/install/self_driving_car_pkg:/opt/ros/humble _=/usr/bin/env /usr/bin/cmake --install /home/bfg2h/bumperbot_ws/build/bumperbot_description
[0.593s] Level 1:colcon.colcon_core.environment:checking '/home/bfg2h/bumperbot_ws/install/bumperbot_description' for CMake module files
[0.594s] Level 1:colcon.colcon_core.environment:checking '/home/bfg2h/bumperbot_ws/install/bumperbot_description' for CMake config files
[0.594s] Level 1:colcon.colcon_core.shell:create_environment_hook('bumperbot_description', 'cmake_prefix_path')
[0.595s] INFO:colcon.colcon_core.shell:Creating environment hook '/home/bfg2h/bumperbot_ws/install/bumperbot_description/share/bumperbot_description/hook/cmake_prefix_path.ps1'
[0.595s] INFO:colcon.colcon_core.shell:Creating environment descriptor '/home/bfg2h/bumperbot_ws/install/bumperbot_description/share/bumperbot_description/hook/cmake_prefix_path.dsv'
[0.596s] INFO:colcon.colcon_core.shell:Creating environment hook '/home/bfg2h/bumperbot_ws/install/bumperbot_description/share/bumperbot_description/hook/cmake_prefix_path.sh'
[0.597s] Level 1:colcon.colcon_core.environment:checking '/home/bfg2h/bumperbot_ws/install/bumperbot_description/bin'
[0.597s] Level 1:colcon.colcon_core.environment:checking '/home/bfg2h/bumperbot_ws/install/bumperbot_description/lib/pkgconfig/bumperbot_description.pc'
[0.598s] Level 1:colcon.colcon_core.environment:checking '/home/bfg2h/bumperbot_ws/install/bumperbot_description/lib/python3.10/site-packages'
[0.598s] Level 1:colcon.colcon_core.environment:checking '/home/bfg2h/bumperbot_ws/install/bumperbot_description/bin'
[0.599s] INFO:colcon.colcon_core.shell:Creating package script '/home/bfg2h/bumperbot_ws/install/bumperbot_description/share/bumperbot_description/package.ps1'
[0.600s] INFO:colcon.colcon_core.shell:Creating package descriptor '/home/bfg2h/bumperbot_ws/install/bumperbot_description/share/bumperbot_description/package.dsv'
[0.601s] INFO:colcon.colcon_core.shell:Creating package script '/home/bfg2h/bumperbot_ws/install/bumperbot_description/share/bumperbot_description/package.sh'
[0.602s] INFO:colcon.colcon_core.shell:Creating package script '/home/bfg2h/bumperbot_ws/install/bumperbot_description/share/bumperbot_description/package.bash'
[0.603s] INFO:colcon.colcon_core.shell:Creating package script '/home/bfg2h/bumperbot_ws/install/bumperbot_description/share/bumperbot_description/package.zsh'
[0.605s] Level 1:colcon.colcon_core.environment:create_file_with_runtime_dependencies(/home/bfg2h/bumperbot_ws/install/bumperbot_description/share/colcon-core/packages/bumperbot_description)
[0.629s] Level 1:colcon.colcon_core.environment:create_environment_scripts_only(bumperbot_description)
[0.630s] Level 1:colcon.colcon_core.environment:checking '/home/bfg2h/bumperbot_ws/install/bumperbot_description' for CMake module files
[0.630s] Level 1:colcon.colcon_core.environment:checking '/home/bfg2h/bumperbot_ws/install/bumperbot_description' for CMake config files
[0.631s] Level 1:colcon.colcon_core.shell:create_environment_hook('bumperbot_description', 'cmake_prefix_path')
[0.631s] INFO:colcon.colcon_core.shell:Creating environment hook '/home/bfg2h/bumperbot_ws/install/bumperbot_description/share/bumperbot_description/hook/cmake_prefix_path.ps1'
[0.632s] INFO:colcon.colcon_core.shell:Creating environment descriptor '/home/bfg2h/bumperbot_ws/install/bumperbot_description/share/bumperbot_description/hook/cmake_prefix_path.dsv'
[0.632s] INFO:colcon.colcon_core.shell:Creating environment hook '/home/bfg2h/bumperbot_ws/install/bumperbot_description/share/bumperbot_description/hook/cmake_prefix_path.sh'
[0.633s] Level 1:colcon.colcon_core.environment:checking '/home/bfg2h/bumperbot_ws/install/bumperbot_description/bin'
[0.633s] Level 1:colcon.colcon_core.environment:checking '/home/bfg2h/bumperbot_ws/install/bumperbot_description/lib/pkgconfig/bumperbot_description.pc'
[0.633s] Level 1:colcon.colcon_core.environment:checking '/home/bfg2h/bumperbot_ws/install/bumperbot_description/lib/python3.10/site-packages'
[0.634s] Level 1:colcon.colcon_core.environment:checking '/home/bfg2h/bumperbot_ws/install/bumperbot_description/bin'
[0.634s] INFO:colcon.colcon_core.shell:Creating package script '/home/bfg2h/bumperbot_ws/install/bumperbot_description/share/bumperbot_description/package.ps1'
[0.635s] INFO:colcon.colcon_core.shell:Creating package descriptor '/home/bfg2h/bumperbot_ws/install/bumperbot_description/share/bumperbot_description/package.dsv'
[0.635s] INFO:colcon.colcon_core.shell:Creating package script '/home/bfg2h/bumperbot_ws/install/bumperbot_description/share/bumperbot_description/package.sh'
[0.636s] INFO:colcon.colcon_core.shell:Creating package script '/home/bfg2h/bumperbot_ws/install/bumperbot_description/share/bumperbot_description/package.bash'
[0.637s] INFO:colcon.colcon_core.shell:Creating package script '/home/bfg2h/bumperbot_ws/install/bumperbot_description/share/bumperbot_description/package.zsh'
[0.638s] Level 1:colcon.colcon_core.environment:create_file_with_runtime_dependencies(/home/bfg2h/bumperbot_ws/install/bumperbot_description/share/colcon-core/packages/bumperbot_description)
[0.948s] DEBUG:colcon.colcon_core.event_handler.log_command:Invoked command in '/home/bfg2h/bumperbot_ws/build/bumperbot_msgs' returned '0': CMAKE_PREFIX_PATH=${CMAKE_PREFIX_PATH}:/home/bfg2h/bumperbot_ws/install/bumperbot_py_examples:/home/bfg2h/ros2_ws/install/my_py_pkg:/home/bfg2h/udemy_ws/install/self_driving_car_pkg:/opt/ros/humble _=/usr/bin/env /usr/bin/cmake --build /home/bfg2h/bumperbot_ws/build/bumperbot_msgs -- -j16 -l16
[0.949s] DEBUG:colcon.colcon_core.event_handler.log_command:Invoked command in '/home/bfg2h/bumperbot_ws/build/bumperbot_controller' returned '0': CMAKE_PREFIX_PATH=${CMAKE_PREFIX_PATH}:/home/bfg2h/bumperbot_ws/install/bumperbot_py_examples:/home/bfg2h/ros2_ws/install/my_py_pkg:/home/bfg2h/udemy_ws/install/self_driving_car_pkg:/opt/ros/humble _=/usr/bin/env /usr/bin/cmake --build /home/bfg2h/bumperbot_ws/build/bumperbot_controller -- -j16 -l16
[0.951s] DEBUG:colcon.colcon_core.event_handler.log_command:Invoked command in '/home/bfg2h/bumperbot_ws/build/bumperbot_utils' returned '0': CMAKE_PREFIX_PATH=${CMAKE_PREFIX_PATH}:/home/bfg2h/bumperbot_ws/install/bumperbot_py_examples:/home/bfg2h/ros2_ws/install/my_py_pkg:/home/bfg2h/udemy_ws/install/self_driving_car_pkg:/opt/ros/humble _=/usr/bin/env /usr/bin/cmake --build /home/bfg2h/bumperbot_ws/build/bumperbot_utils -- -j16 -l16
[0.975s] DEBUG:colcon.colcon_core.event_handler.log_command:Invoking command in '/home/bfg2h/bumperbot_ws/build/bumperbot_utils': CMAKE_PREFIX_PATH=${CMAKE_PREFIX_PATH}:/home/bfg2h/bumperbot_ws/install/bumperbot_py_examples:/home/bfg2h/ros2_ws/install/my_py_pkg:/home/bfg2h/udemy_ws/install/self_driving_car_pkg:/opt/ros/humble _=/usr/bin/env /usr/bin/cmake --install /home/bfg2h/bumperbot_ws/build/bumperbot_utils
[0.976s] DEBUG:colcon.colcon_core.event_handler.log_command:Invoking command in '/home/bfg2h/bumperbot_ws/build/bumperbot_controller': CMAKE_PREFIX_PATH=${CMAKE_PREFIX_PATH}:/home/bfg2h/bumperbot_ws/install/bumperbot_py_examples:/home/bfg2h/ros2_ws/install/my_py_pkg:/home/bfg2h/udemy_ws/install/self_driving_car_pkg:/opt/ros/humble _=/usr/bin/env /usr/bin/cmake --install /home/bfg2h/bumperbot_ws/build/bumperbot_controller
[1.018s] Level 1:colcon.colcon_core.environment:create_environment_scripts_only(bumperbot_utils)
[1.019s] Level 1:colcon.colcon_core.environment:checking '/home/bfg2h/bumperbot_ws/install/bumperbot_utils' for CMake module files
[1.019s] DEBUG:colcon.colcon_core.event_handler.log_command:Invoked command in '/home/bfg2h/bumperbot_ws/build/bumperbot_utils' returned '0': CMAKE_PREFIX_PATH=${CMAKE_PREFIX_PATH}:/home/bfg2h/bumperbot_ws/install/bumperbot_py_examples:/home/bfg2h/ros2_ws/install/my_py_pkg:/home/bfg2h/udemy_ws/install/self_driving_car_pkg:/opt/ros/humble _=/usr/bin/env /usr/bin/cmake --install /home/bfg2h/bumperbot_ws/build/bumperbot_utils
[1.020s] Level 1:colcon.colcon_core.environment:checking '/home/bfg2h/bumperbot_ws/install/bumperbot_utils' for CMake config files
[1.020s] Level 1:colcon.colcon_core.shell:create_environment_hook('bumperbot_utils', 'cmake_prefix_path')
[1.021s] INFO:colcon.colcon_core.shell:Creating environment hook '/home/bfg2h/bumperbot_ws/install/bumperbot_utils/share/bumperbot_utils/hook/cmake_prefix_path.ps1'
[1.022s] INFO:colcon.colcon_core.shell:Creating environment descriptor '/home/bfg2h/bumperbot_ws/install/bumperbot_utils/share/bumperbot_utils/hook/cmake_prefix_path.dsv'
[1.023s] INFO:colcon.colcon_core.shell:Creating environment hook '/home/bfg2h/bumperbot_ws/install/bumperbot_utils/share/bumperbot_utils/hook/cmake_prefix_path.sh'
[1.025s] Level 1:colcon.colcon_core.environment:checking '/home/bfg2h/bumperbot_ws/install/bumperbot_utils/lib'
[1.025s] Level 1:colcon.colcon_core.environment:checking '/home/bfg2h/bumperbot_ws/install/bumperbot_utils/bin'
[1.025s] Level 1:colcon.colcon_core.environment:checking '/home/bfg2h/bumperbot_ws/install/bumperbot_utils/lib/pkgconfig/bumperbot_utils.pc'
[1.026s] Level 1:colcon.colcon_core.environment:checking '/home/bfg2h/bumperbot_ws/install/bumperbot_utils/lib/python3.10/site-packages'
[1.026s] Level 1:colcon.colcon_core.environment:checking '/home/bfg2h/bumperbot_ws/install/bumperbot_utils/bin'
[1.026s] INFO:colcon.colcon_core.shell:Creating package script '/home/bfg2h/bumperbot_ws/install/bumperbot_utils/share/bumperbot_utils/package.ps1'
[1.027s] INFO:colcon.colcon_core.shell:Creating package descriptor '/home/bfg2h/bumperbot_ws/install/bumperbot_utils/share/bumperbot_utils/package.dsv'
[1.028s] INFO:colcon.colcon_core.shell:Creating package script '/home/bfg2h/bumperbot_ws/install/bumperbot_utils/share/bumperbot_utils/package.sh'
[1.028s] INFO:colcon.colcon_core.shell:Creating package script '/home/bfg2h/bumperbot_ws/install/bumperbot_utils/share/bumperbot_utils/package.bash'
[1.028s] INFO:colcon.colcon_core.shell:Creating package script '/home/bfg2h/bumperbot_ws/install/bumperbot_utils/share/bumperbot_utils/package.zsh'
[1.029s] Level 1:colcon.colcon_core.environment:create_file_with_runtime_dependencies(/home/bfg2h/bumperbot_ws/install/bumperbot_utils/share/colcon-core/packages/bumperbot_utils)
[1.031s] DEBUG:colcon.colcon_core.event_handler.log_command:Invoking command in '/home/bfg2h/bumperbot_ws/build/bumperbot_msgs': CMAKE_PREFIX_PATH=${CMAKE_PREFIX_PATH}:/home/bfg2h/bumperbot_ws/install/bumperbot_py_examples:/home/bfg2h/ros2_ws/install/my_py_pkg:/home/bfg2h/udemy_ws/install/self_driving_car_pkg:/opt/ros/humble _=/usr/bin/env /usr/bin/cmake --install /home/bfg2h/bumperbot_ws/build/bumperbot_msgs
[1.031s] Level 1:colcon.colcon_core.environment:create_environment_scripts_only(bumperbot_controller)
[1.032s] Level 1:colcon.colcon_core.environment:checking '/home/bfg2h/bumperbot_ws/install/bumperbot_controller' for CMake module files
[1.032s] DEBUG:colcon.colcon_core.event_handler.log_command:Invoked command in '/home/bfg2h/bumperbot_ws/build/bumperbot_controller' returned '0': CMAKE_PREFIX_PATH=${CMAKE_PREFIX_PATH}:/home/bfg2h/bumperbot_ws/install/bumperbot_py_examples:/home/bfg2h/ros2_ws/install/my_py_pkg:/home/bfg2h/udemy_ws/install/self_driving_car_pkg:/opt/ros/humble _=/usr/bin/env /usr/bin/cmake --install /home/bfg2h/bumperbot_ws/build/bumperbot_controller
[1.032s] Level 1:colcon.colcon_core.environment:checking '/home/bfg2h/bumperbot_ws/install/bumperbot_controller' for CMake config files
[1.032s] Level 1:colcon.colcon_core.shell:create_environment_hook('bumperbot_controller', 'cmake_prefix_path')
[1.033s] INFO:colcon.colcon_core.shell:Creating environment hook '/home/bfg2h/bumperbot_ws/install/bumperbot_controller/share/bumperbot_controller/hook/cmake_prefix_path.ps1'
[1.033s] INFO:colcon.colcon_core.shell:Creating environment descriptor '/home/bfg2h/bumperbot_ws/install/bumperbot_controller/share/bumperbot_controller/hook/cmake_prefix_path.dsv'
[1.033s] INFO:colcon.colcon_core.shell:Creating environment hook '/home/bfg2h/bumperbot_ws/install/bumperbot_controller/share/bumperbot_controller/hook/cmake_prefix_path.sh'
[1.034s] Level 1:colcon.colcon_core.environment:checking '/home/bfg2h/bumperbot_ws/install/bumperbot_controller/lib'
[1.034s] Level 1:colcon.colcon_core.environment:checking '/home/bfg2h/bumperbot_ws/install/bumperbot_controller/bin'
[1.034s] Level 1:colcon.colcon_core.environment:checking '/home/bfg2h/bumperbot_ws/install/bumperbot_controller/lib/pkgconfig/bumperbot_controller.pc'
[1.034s] Level 1:colcon.colcon_core.environment:checking '/home/bfg2h/bumperbot_ws/install/bumperbot_controller/lib/python3.10/site-packages'
[1.034s] Level 1:colcon.colcon_core.environment:checking '/home/bfg2h/bumperbot_ws/install/bumperbot_controller/bin'
[1.035s] INFO:colcon.colcon_core.shell:Creating package script '/home/bfg2h/bumperbot_ws/install/bumperbot_controller/share/bumperbot_controller/package.ps1'
[1.035s] INFO:colcon.colcon_core.shell:Creating package descriptor '/home/bfg2h/bumperbot_ws/install/bumperbot_controller/share/bumperbot_controller/package.dsv'
[1.035s] INFO:colcon.colcon_core.shell:Creating package script '/home/bfg2h/bumperbot_ws/install/bumperbot_controller/share/bumperbot_controller/package.sh'
[1.036s] INFO:colcon.colcon_core.shell:Creating package script '/home/bfg2h/bumperbot_ws/install/bumperbot_controller/share/bumperbot_controller/package.bash'
[1.036s] INFO:colcon.colcon_core.shell:Creating package script '/home/bfg2h/bumperbot_ws/install/bumperbot_controller/share/bumperbot_controller/package.zsh'
[1.037s] Level 1:colcon.colcon_core.environment:create_file_with_runtime_dependencies(/home/bfg2h/bumperbot_ws/install/bumperbot_controller/share/colcon-core/packages/bumperbot_controller)
[1.051s] Level 1:colcon.colcon_core.environment:create_environment_scripts_only(bumperbot_utils)
[1.051s] Level 1:colcon.colcon_core.environment:checking '/home/bfg2h/bumperbot_ws/install/bumperbot_utils' for CMake module files
[1.052s] Level 1:colcon.colcon_core.environment:checking '/home/bfg2h/bumperbot_ws/install/bumperbot_utils' for CMake config files
[1.052s] Level 1:colcon.colcon_core.shell:create_environment_hook('bumperbot_utils', 'cmake_prefix_path')
[1.052s] INFO:colcon.colcon_core.shell:Creating environment hook '/home/bfg2h/bumperbot_ws/install/bumperbot_utils/share/bumperbot_utils/hook/cmake_prefix_path.ps1'
[1.053s] INFO:colcon.colcon_core.shell:Creating environment descriptor '/home/bfg2h/bumperbot_ws/install/bumperbot_utils/share/bumperbot_utils/hook/cmake_prefix_path.dsv'
[1.053s] INFO:colcon.colcon_core.shell:Creating environment hook '/home/bfg2h/bumperbot_ws/install/bumperbot_utils/share/bumperbot_utils/hook/cmake_prefix_path.sh'
[1.054s] Level 1:colcon.colcon_core.environment:checking '/home/bfg2h/bumperbot_ws/install/bumperbot_utils/lib'
[1.054s] Level 1:colcon.colcon_core.environment:checking '/home/bfg2h/bumperbot_ws/install/bumperbot_utils/bin'
[1.054s] Level 1:colcon.colcon_core.environment:checking '/home/bfg2h/bumperbot_ws/install/bumperbot_utils/lib/pkgconfig/bumperbot_utils.pc'
[1.054s] Level 1:colcon.colcon_core.environment:checking '/home/bfg2h/bumperbot_ws/install/bumperbot_utils/lib/python3.10/site-packages'
[1.054s] Level 1:colcon.colcon_core.environment:checking '/home/bfg2h/bumperbot_ws/install/bumperbot_utils/bin'
[1.054s] INFO:colcon.colcon_core.shell:Creating package script '/home/bfg2h/bumperbot_ws/install/bumperbot_utils/share/bumperbot_utils/package.ps1'
[1.055s] INFO:colcon.colcon_core.shell:Creating package descriptor '/home/bfg2h/bumperbot_ws/install/bumperbot_utils/share/bumperbot_utils/package.dsv'
[1.055s] INFO:colcon.colcon_core.shell:Creating package script '/home/bfg2h/bumperbot_ws/install/bumperbot_utils/share/bumperbot_utils/package.sh'
[1.056s] INFO:colcon.colcon_core.shell:Creating package script '/home/bfg2h/bumperbot_ws/install/bumperbot_utils/share/bumperbot_utils/package.bash'
[1.056s] INFO:colcon.colcon_core.shell:Creating package script '/home/bfg2h/bumperbot_ws/install/bumperbot_utils/share/bumperbot_utils/package.zsh'
[1.056s] Level 1:colcon.colcon_core.environment:create_file_with_runtime_dependencies(/home/bfg2h/bumperbot_ws/install/bumperbot_utils/share/colcon-core/packages/bumperbot_utils)
[1.061s] Level 1:colcon.colcon_core.environment:create_environment_scripts_only(bumperbot_controller)
[1.062s] Level 1:colcon.colcon_core.environment:checking '/home/bfg2h/bumperbot_ws/install/bumperbot_controller' for CMake module files
[1.062s] Level 1:colcon.colcon_core.environment:checking '/home/bfg2h/bumperbot_ws/install/bumperbot_controller' for CMake config files
[1.062s] Level 1:colcon.colcon_core.shell:create_environment_hook('bumperbot_controller', 'cmake_prefix_path')
[1.063s] INFO:colcon.colcon_core.shell:Creating environment hook '/home/bfg2h/bumperbot_ws/install/bumperbot_controller/share/bumperbot_controller/hook/cmake_prefix_path.ps1'
[1.063s] INFO:colcon.colcon_core.shell:Creating environment descriptor '/home/bfg2h/bumperbot_ws/install/bumperbot_controller/share/bumperbot_controller/hook/cmake_prefix_path.dsv'
[1.063s] INFO:colcon.colcon_core.shell:Creating environment hook '/home/bfg2h/bumperbot_ws/install/bumperbot_controller/share/bumperbot_controller/hook/cmake_prefix_path.sh'
[1.064s] Level 1:colcon.colcon_core.environment:checking '/home/bfg2h/bumperbot_ws/install/bumperbot_controller/lib'
[1.064s] Level 1:colcon.colcon_core.environment:checking '/home/bfg2h/bumperbot_ws/install/bumperbot_controller/bin'
[1.064s] Level 1:colcon.colcon_core.environment:checking '/home/bfg2h/bumperbot_ws/install/bumperbot_controller/lib/pkgconfig/bumperbot_controller.pc'
[1.064s] Level 1:colcon.colcon_core.environment:checking '/home/bfg2h/bumperbot_ws/install/bumperbot_controller/lib/python3.10/site-packages'
[1.064s] Level 1:colcon.colcon_core.environment:checking '/home/bfg2h/bumperbot_ws/install/bumperbot_controller/bin'
[1.064s] INFO:colcon.colcon_core.shell:Creating package script '/home/bfg2h/bumperbot_ws/install/bumperbot_controller/share/bumperbot_controller/package.ps1'
[1.065s] INFO:colcon.colcon_core.shell:Creating package descriptor '/home/bfg2h/bumperbot_ws/install/bumperbot_controller/share/bumperbot_controller/package.dsv'
[1.065s] INFO:colcon.colcon_core.shell:Creating package script '/home/bfg2h/bumperbot_ws/install/bumperbot_controller/share/bumperbot_controller/package.sh'
[1.066s] INFO:colcon.colcon_core.shell:Creating package script '/home/bfg2h/bumperbot_ws/install/bumperbot_controller/share/bumperbot_controller/package.bash'
[1.066s] INFO:colcon.colcon_core.shell:Creating package script '/home/bfg2h/bumperbot_ws/install/bumperbot_controller/share/bumperbot_controller/package.zsh'
[1.066s] Level 1:colcon.colcon_core.environment:create_file_with_runtime_dependencies(/home/bfg2h/bumperbot_ws/install/bumperbot_controller/share/colcon-core/packages/bumperbot_controller)
[1.082s] Level 1:colcon.colcon_core.environment:create_environment_scripts_only(bumperbot_msgs)
[1.083s] Level 1:colcon.colcon_core.environment:checking '/home/bfg2h/bumperbot_ws/install/bumperbot_msgs' for CMake module files
[1.084s] DEBUG:colcon.colcon_core.event_handler.log_command:Invoked command in '/home/bfg2h/bumperbot_ws/build/bumperbot_msgs' returned '0': CMAKE_PREFIX_PATH=${CMAKE_PREFIX_PATH}:/home/bfg2h/bumperbot_ws/install/bumperbot_py_examples:/home/bfg2h/ros2_ws/install/my_py_pkg:/home/bfg2h/udemy_ws/install/self_driving_car_pkg:/opt/ros/humble _=/usr/bin/env /usr/bin/cmake --install /home/bfg2h/bumperbot_ws/build/bumperbot_msgs
[1.084s] Level 1:colcon.colcon_core.environment:checking '/home/bfg2h/bumperbot_ws/install/bumperbot_msgs' for CMake config files
[1.084s] Level 1:colcon.colcon_core.shell:create_environment_hook('bumperbot_msgs', 'cmake_prefix_path')
[1.085s] INFO:colcon.colcon_core.shell:Creating environment hook '/home/bfg2h/bumperbot_ws/install/bumperbot_msgs/share/bumperbot_msgs/hook/cmake_prefix_path.ps1'
[1.085s] INFO:colcon.colcon_core.shell:Creating environment descriptor '/home/bfg2h/bumperbot_ws/install/bumperbot_msgs/share/bumperbot_msgs/hook/cmake_prefix_path.dsv'
[1.085s] INFO:colcon.colcon_core.shell:Creating environment hook '/home/bfg2h/bumperbot_ws/install/bumperbot_msgs/share/bumperbot_msgs/hook/cmake_prefix_path.sh'
[1.086s] Level 1:colcon.colcon_core.environment:checking '/home/bfg2h/bumperbot_ws/install/bumperbot_msgs/lib'
[1.086s] Level 1:colcon.colcon_core.shell:create_environment_hook('bumperbot_msgs', 'ld_library_path_lib')
[1.087s] INFO:colcon.colcon_core.shell:Creating environment hook '/home/bfg2h/bumperbot_ws/install/bumperbot_msgs/share/bumperbot_msgs/hook/ld_library_path_lib.ps1'
[1.087s] INFO:colcon.colcon_core.shell:Creating environment descriptor '/home/bfg2h/bumperbot_ws/install/bumperbot_msgs/share/bumperbot_msgs/hook/ld_library_path_lib.dsv'
[1.087s] INFO:colcon.colcon_core.shell:Creating environment hook '/home/bfg2h/bumperbot_ws/install/bumperbot_msgs/share/bumperbot_msgs/hook/ld_library_path_lib.sh'
[1.088s] Level 1:colcon.colcon_core.environment:checking '/home/bfg2h/bumperbot_ws/install/bumperbot_msgs/bin'
[1.088s] Level 1:colcon.colcon_core.environment:checking '/home/bfg2h/bumperbot_ws/install/bumperbot_msgs/lib/pkgconfig/bumperbot_msgs.pc'
[1.088s] Level 1:colcon.colcon_core.environment:checking '/home/bfg2h/bumperbot_ws/install/bumperbot_msgs/lib/python3.10/site-packages'
[1.088s] Level 1:colcon.colcon_core.environment:checking '/home/bfg2h/bumperbot_ws/install/bumperbot_msgs/bin'
[1.089s] INFO:colcon.colcon_core.shell:Creating package script '/home/bfg2h/bumperbot_ws/install/bumperbot_msgs/share/bumperbot_msgs/package.ps1'
[1.089s] INFO:colcon.colcon_core.shell:Creating package descriptor '/home/bfg2h/bumperbot_ws/install/bumperbot_msgs/share/bumperbot_msgs/package.dsv'
[1.090s] INFO:colcon.colcon_core.shell:Creating package script '/home/bfg2h/bumperbot_ws/install/bumperbot_msgs/share/bumperbot_msgs/package.sh'
[1.090s] INFO:colcon.colcon_core.shell:Creating package script '/home/bfg2h/bumperbot_ws/install/bumperbot_msgs/share/bumperbot_msgs/package.bash'
[1.090s] INFO:colcon.colcon_core.shell:Creating package script '/home/bfg2h/bumperbot_ws/install/bumperbot_msgs/share/bumperbot_msgs/package.zsh'
[1.091s] Level 1:colcon.colcon_core.environment:create_file_with_runtime_dependencies(/home/bfg2h/bumperbot_ws/install/bumperbot_msgs/share/colcon-core/packages/bumperbot_msgs)
[1.172s] Level 1:colcon.colcon_core.environment:create_environment_scripts_only(bumperbot_msgs)
[1.172s] Level 1:colcon.colcon_core.environment:checking '/home/bfg2h/bumperbot_ws/install/bumperbot_msgs' for CMake module files
[1.173s] Level 1:colcon.colcon_core.environment:checking '/home/bfg2h/bumperbot_ws/install/bumperbot_msgs' for CMake config files
[1.173s] Level 1:colcon.colcon_core.shell:create_environment_hook('bumperbot_msgs', 'cmake_prefix_path')
[1.174s] INFO:colcon.colcon_core.shell:Creating environment hook '/home/bfg2h/bumperbot_ws/install/bumperbot_msgs/share/bumperbot_msgs/hook/cmake_prefix_path.ps1'
[1.174s] INFO:colcon.colcon_core.shell:Creating environment descriptor '/home/bfg2h/bumperbot_ws/install/bumperbot_msgs/share/bumperbot_msgs/hook/cmake_prefix_path.dsv'
[1.174s] INFO:colcon.colcon_core.shell:Creating environment hook '/home/bfg2h/bumperbot_ws/install/bumperbot_msgs/share/bumperbot_msgs/hook/cmake_prefix_path.sh'
[1.175s] Level 1:colcon.colcon_core.environment:checking '/home/bfg2h/bumperbot_ws/install/bumperbot_msgs/lib'
[1.175s] Level 1:colcon.colcon_core.shell:create_environment_hook('bumperbot_msgs', 'ld_library_path_lib')
[1.175s] INFO:colcon.colcon_core.shell:Creating environment hook '/home/bfg2h/bumperbot_ws/install/bumperbot_msgs/share/bumperbot_msgs/hook/ld_library_path_lib.ps1'
[1.175s] INFO:colcon.colcon_core.shell:Creating environment descriptor '/home/bfg2h/bumperbot_ws/install/bumperbot_msgs/share/bumperbot_msgs/hook/ld_library_path_lib.dsv'
[1.176s] INFO:colcon.colcon_core.shell:Creating environment hook '/home/bfg2h/bumperbot_ws/install/bumperbot_msgs/share/bumperbot_msgs/hook/ld_library_path_lib.sh'
[1.176s] Level 1:colcon.colcon_core.environment:checking '/home/bfg2h/bumperbot_ws/install/bumperbot_msgs/bin'
[1.176s] Level 1:colcon.colcon_core.environment:checking '/home/bfg2h/bumperbot_ws/install/bumperbot_msgs/lib/pkgconfig/bumperbot_msgs.pc'
[1.176s] Level 1:colcon.colcon_core.environment:checking '/home/bfg2h/bumperbot_ws/install/bumperbot_msgs/lib/python3.10/site-packages'
[1.176s] Level 1:colcon.colcon_core.environment:checking '/home/bfg2h/bumperbot_ws/install/bumperbot_msgs/bin'
[1.177s] INFO:colcon.colcon_core.shell:Creating package script '/home/bfg2h/bumperbot_ws/install/bumperbot_msgs/share/bumperbot_msgs/package.ps1'
[1.177s] INFO:colcon.colcon_core.shell:Creating package descriptor '/home/bfg2h/bumperbot_ws/install/bumperbot_msgs/share/bumperbot_msgs/package.dsv'
[1.178s] INFO:colcon.colcon_core.shell:Creating package script '/home/bfg2h/bumperbot_ws/install/bumperbot_msgs/share/bumperbot_msgs/package.sh'
[1.178s] INFO:colcon.colcon_core.shell:Creating package script '/home/bfg2h/bumperbot_ws/install/bumperbot_msgs/share/bumperbot_msgs/package.bash'
[1.178s] INFO:colcon.colcon_core.shell:Creating package script '/home/bfg2h/bumperbot_ws/install/bumperbot_msgs/share/bumperbot_msgs/package.zsh'
[1.179s] Level 1:colcon.colcon_core.environment:create_file_with_runtime_dependencies(/home/bfg2h/bumperbot_ws/install/bumperbot_msgs/share/colcon-core/packages/bumperbot_msgs)
[1.179s] INFO:colcon.colcon_ros.task.ament_cmake.build:Building ROS package in '/home/bfg2h/bumperbot_ws/src/bumperbot_cpp_examples' with build type 'ament_cmake'
[1.179s] INFO:colcon.colcon_cmake.task.cmake.build:Building CMake package in '/home/bfg2h/bumperbot_ws/src/bumperbot_cpp_examples'
[1.179s] INFO:colcon.colcon_core.shell:Skip shell extension 'powershell' for command environment: Not usable outside of PowerShell
[1.179s] DEBUG:colcon.colcon_core.shell:Skip shell extension 'dsv' for command environment
[1.184s] INFO:colcon.colcon_ros.task.ament_python.build:Building ROS package in '/home/bfg2h/bumperbot_ws/src/bumperbot_py_examples' with build type 'ament_python'
[1.184s] Level 1:colcon.colcon_core.shell:create_environment_hook('bumperbot_py_examples', 'ament_prefix_path')
[1.185s] INFO:colcon.colcon_core.shell:Creating environment hook '/home/bfg2h/bumperbot_ws/install/bumperbot_py_examples/share/bumperbot_py_examples/hook/ament_prefix_path.ps1'
[1.185s] INFO:colcon.colcon_core.shell:Creating environment descriptor '/home/bfg2h/bumperbot_ws/install/bumperbot_py_examples/share/bumperbot_py_examples/hook/ament_prefix_path.dsv'
[1.185s] INFO:colcon.colcon_core.shell:Creating environment hook '/home/bfg2h/bumperbot_ws/install/bumperbot_py_examples/share/bumperbot_py_examples/hook/ament_prefix_path.sh'
[1.186s] INFO:colcon.colcon_core.shell:Skip shell extension 'powershell' for command environment: Not usable outside of PowerShell
[1.186s] DEBUG:colcon.colcon_core.shell:Skip shell extension 'dsv' for command environment
[1.194s] DEBUG:colcon.colcon_core.event_handler.log_command:Invoking command in '/home/bfg2h/bumperbot_ws/build/bumperbot_cpp_examples': CMAKE_PREFIX_PATH=/home/bfg2h/bumperbot_ws/install/bumperbot_msgs:/home/bfg2h/turtlebot3_ws/install/turtlebot3_simulations:/home/bfg2h/turtlebot3_ws/install/turtlebot3_gazebo:/home/bfg2h/turtlebot3_ws/install/turtlebot3_fake_node:/home/bfg2h/bumperbot_ws/install/bumperbot_cpp_examples:/home/bfg2h/bumperbot_ws/install/bumperbot_description:/home/bfg2h/bumperbot_ws/install/bumperbot_controller:/home/bfg2h/ros2_ws/install/my_cpp_pkg:/home/bfg2h/arduinobot_ws/install/arduinobot_description:/home/bfg2h/arduinobot_ws/install/arduinobot_cpp_examples:/home/bfg2h/arduinobot_ws/install/arduinobot_controller:/home/bfg2h/bumperbot_ws/install/bumperbot_py_examples:/home/bfg2h/ros2_ws/install/my_py_pkg:/home/bfg2h/udemy_ws/install/self_driving_car_pkg:/opt/ros/humble LD_LIBRARY_PATH=/home/bfg2h/bumperbot_ws/install/bumperbot_msgs/lib:/usr/lib/x86_64-linux-gnu/gazebo-11/plugins:/opt/ros/humble/opt/rviz_ogre_vendor/lib:/opt/ros/humble/lib/x86_64-linux-gnu:/opt/ros/humble/lib:/usr/share/gazebo/../../lib/x86_64-linux-gnu/gazebo-11/plugins _=/usr/bin/env /usr/bin/cmake --build /home/bfg2h/bumperbot_ws/build/bumperbot_cpp_examples -- -j16 -l16
[1.544s] INFO:colcon.colcon_core.task.python.build:Building Python package in '/home/bfg2h/bumperbot_ws/src/bumperbot_py_examples'
[1.545s] INFO:colcon.colcon_core.shell:Skip shell extension 'powershell' for command environment: Not usable outside of PowerShell
[1.545s] DEBUG:colcon.colcon_core.shell:Skip shell extension 'dsv' for command environment
[1.551s] DEBUG:colcon.colcon_core.event_handler.log_command:Invoked command in '/home/bfg2h/bumperbot_ws/build/bumperbot_cpp_examples' returned '0': CMAKE_PREFIX_PATH=/home/bfg2h/bumperbot_ws/install/bumperbot_msgs:/home/bfg2h/turtlebot3_ws/install/turtlebot3_simulations:/home/bfg2h/turtlebot3_ws/install/turtlebot3_gazebo:/home/bfg2h/turtlebot3_ws/install/turtlebot3_fake_node:/home/bfg2h/bumperbot_ws/install/bumperbot_cpp_examples:/home/bfg2h/bumperbot_ws/install/bumperbot_description:/home/bfg2h/bumperbot_ws/install/bumperbot_controller:/home/bfg2h/ros2_ws/install/my_cpp_pkg:/home/bfg2h/arduinobot_ws/install/arduinobot_description:/home/bfg2h/arduinobot_ws/install/arduinobot_cpp_examples:/home/bfg2h/arduinobot_ws/install/arduinobot_controller:/home/bfg2h/bumperbot_ws/install/bumperbot_py_examples:/home/bfg2h/ros2_ws/install/my_py_pkg:/home/bfg2h/udemy_ws/install/self_driving_car_pkg:/opt/ros/humble LD_LIBRARY_PATH=/home/bfg2h/bumperbot_ws/install/bumperbot_msgs/lib:/usr/lib/x86_64-linux-gnu/gazebo-11/plugins:/opt/ros/humble/opt/rviz_ogre_vendor/lib:/opt/ros/humble/lib/x86_64-linux-gnu:/opt/ros/humble/lib:/usr/share/gazebo/../../lib/x86_64-linux-gnu/gazebo-11/plugins _=/usr/bin/env /usr/bin/cmake --build /home/bfg2h/bumperbot_ws/build/bumperbot_cpp_examples -- -j16 -l16
[1.596s] DEBUG:colcon.colcon_core.event_handler.log_command:Invoking command in '/home/bfg2h/bumperbot_ws/build/bumperbot_cpp_examples': CMAKE_PREFIX_PATH=/home/bfg2h/bumperbot_ws/install/bumperbot_msgs:/home/bfg2h/turtlebot3_ws/install/turtlebot3_simulations:/home/bfg2h/turtlebot3_ws/install/turtlebot3_gazebo:/home/bfg2h/turtlebot3_ws/install/turtlebot3_fake_node:/home/bfg2h/bumperbot_ws/install/bumperbot_cpp_examples:/home/bfg2h/bumperbot_ws/install/bumperbot_description:/home/bfg2h/bumperbot_ws/install/bumperbot_controller:/home/bfg2h/ros2_ws/install/my_cpp_pkg:/home/bfg2h/arduinobot_ws/install/arduinobot_description:/home/bfg2h/arduinobot_ws/install/arduinobot_cpp_examples:/home/bfg2h/arduinobot_ws/install/arduinobot_controller:/home/bfg2h/bumperbot_ws/install/bumperbot_py_examples:/home/bfg2h/ros2_ws/install/my_py_pkg:/home/bfg2h/udemy_ws/install/self_driving_car_pkg:/opt/ros/humble LD_LIBRARY_PATH=/home/bfg2h/bumperbot_ws/install/bumperbot_msgs/lib:/usr/lib/x86_64-linux-gnu/gazebo-11/plugins:/opt/ros/humble/opt/rviz_ogre_vendor/lib:/opt/ros/humble/lib/x86_64-linux-gnu:/opt/ros/humble/lib:/usr/share/gazebo/../../lib/x86_64-linux-gnu/gazebo-11/plugins _=/usr/bin/env /usr/bin/cmake --install /home/bfg2h/bumperbot_ws/build/bumperbot_cpp_examples
[1.605s] Level 1:colcon.colcon_core.environment:create_environment_scripts_only(bumperbot_cpp_examples)
[1.606s] Level 1:colcon.colcon_core.environment:checking '/home/bfg2h/bumperbot_ws/install/bumperbot_cpp_examples' for CMake module files
[1.606s] DEBUG:colcon.colcon_core.event_handler.log_command:Invoked command in '/home/bfg2h/bumperbot_ws/build/bumperbot_cpp_examples' returned '0': CMAKE_PREFIX_PATH=/home/bfg2h/bumperbot_ws/install/bumperbot_msgs:/home/bfg2h/turtlebot3_ws/install/turtlebot3_simulations:/home/bfg2h/turtlebot3_ws/install/turtlebot3_gazebo:/home/bfg2h/turtlebot3_ws/install/turtlebot3_fake_node:/home/bfg2h/bumperbot_ws/install/bumperbot_cpp_examples:/home/bfg2h/bumperbot_ws/install/bumperbot_description:/home/bfg2h/bumperbot_ws/install/bumperbot_controller:/home/bfg2h/ros2_ws/install/my_cpp_pkg:/home/bfg2h/arduinobot_ws/install/arduinobot_description:/home/bfg2h/arduinobot_ws/install/arduinobot_cpp_examples:/home/bfg2h/arduinobot_ws/install/arduinobot_controller:/home/bfg2h/bumperbot_ws/install/bumperbot_py_examples:/home/bfg2h/ros2_ws/install/my_py_pkg:/home/bfg2h/udemy_ws/install/self_driving_car_pkg:/opt/ros/humble LD_LIBRARY_PATH=/home/bfg2h/bumperbot_ws/install/bumperbot_msgs/lib:/usr/lib/x86_64-linux-gnu/gazebo-11/plugins:/opt/ros/humble/opt/rviz_ogre_vendor/lib:/opt/ros/humble/lib/x86_64-linux-gnu:/opt/ros/humble/lib:/usr/share/gazebo/../../lib/x86_64-linux-gnu/gazebo-11/plugins _=/usr/bin/env /usr/bin/cmake --install /home/bfg2h/bumperbot_ws/build/bumperbot_cpp_examples
[1.606s] Level 1:colcon.colcon_core.environment:checking '/home/bfg2h/bumperbot_ws/install/bumperbot_cpp_examples' for CMake config files
[1.607s] Level 1:colcon.colcon_core.shell:create_environment_hook('bumperbot_cpp_examples', 'cmake_prefix_path')
[1.607s] INFO:colcon.colcon_core.shell:Creating environment hook '/home/bfg2h/bumperbot_ws/install/bumperbot_cpp_examples/share/bumperbot_cpp_examples/hook/cmake_prefix_path.ps1'
[1.607s] INFO:colcon.colcon_core.shell:Creating environment descriptor '/home/bfg2h/bumperbot_ws/install/bumperbot_cpp_examples/share/bumperbot_cpp_examples/hook/cmake_prefix_path.dsv'
[1.608s] INFO:colcon.colcon_core.shell:Creating environment hook '/home/bfg2h/bumperbot_ws/install/bumperbot_cpp_examples/share/bumperbot_cpp_examples/hook/cmake_prefix_path.sh'
[1.608s] Level 1:colcon.colcon_core.environment:checking '/home/bfg2h/bumperbot_ws/install/bumperbot_cpp_examples/lib'
[1.608s] Level 1:colcon.colcon_core.environment:checking '/home/bfg2h/bumperbot_ws/install/bumperbot_cpp_examples/bin'
[1.608s] Level 1:colcon.colcon_core.environment:checking '/home/bfg2h/bumperbot_ws/install/bumperbot_cpp_examples/lib/pkgconfig/bumperbot_cpp_examples.pc'
[1.608s] Level 1:colcon.colcon_core.environment:checking '/home/bfg2h/bumperbot_ws/install/bumperbot_cpp_examples/lib/python3.10/site-packages'
[1.609s] Level 1:colcon.colcon_core.environment:checking '/home/bfg2h/bumperbot_ws/install/bumperbot_cpp_examples/bin'
[1.609s] INFO:colcon.colcon_core.shell:Creating package script '/home/bfg2h/bumperbot_ws/install/bumperbot_cpp_examples/share/bumperbot_cpp_examples/package.ps1'
[1.609s] INFO:colcon.colcon_core.shell:Creating package descriptor '/home/bfg2h/bumperbot_ws/install/bumperbot_cpp_examples/share/bumperbot_cpp_examples/package.dsv'
[1.609s] INFO:colcon.colcon_core.shell:Creating package script '/home/bfg2h/bumperbot_ws/install/bumperbot_cpp_examples/share/bumperbot_cpp_examples/package.sh'
[1.610s] INFO:colcon.colcon_core.shell:Creating package script '/home/bfg2h/bumperbot_ws/install/bumperbot_cpp_examples/share/bumperbot_cpp_examples/package.bash'
[1.610s] INFO:colcon.colcon_core.shell:Creating package script '/home/bfg2h/bumperbot_ws/install/bumperbot_cpp_examples/share/bumperbot_cpp_examples/package.zsh'
[1.610s] Level 1:colcon.colcon_core.environment:create_file_with_runtime_dependencies(/home/bfg2h/bumperbot_ws/install/bumperbot_cpp_examples/share/colcon-core/packages/bumperbot_cpp_examples)
[1.653s] Level 1:colcon.colcon_core.environment:create_environment_scripts_only(bumperbot_cpp_examples)
[1.654s] Level 1:colcon.colcon_core.environment:checking '/home/bfg2h/bumperbot_ws/install/bumperbot_cpp_examples' for CMake module files
[1.654s] Level 1:colcon.colcon_core.environment:checking '/home/bfg2h/bumperbot_ws/install/bumperbot_cpp_examples' for CMake config files
[1.654s] Level 1:colcon.colcon_core.shell:create_environment_hook('bumperbot_cpp_examples', 'cmake_prefix_path')
[1.654s] INFO:colcon.colcon_core.shell:Creating environment hook '/home/bfg2h/bumperbot_ws/install/bumperbot_cpp_examples/share/bumperbot_cpp_examples/hook/cmake_prefix_path.ps1'
[1.655s] INFO:colcon.colcon_core.shell:Creating environment descriptor '/home/bfg2h/bumperbot_ws/install/bumperbot_cpp_examples/share/bumperbot_cpp_examples/hook/cmake_prefix_path.dsv'
[1.655s] INFO:colcon.colcon_core.shell:Creating environment hook '/home/bfg2h/bumperbot_ws/install/bumperbot_cpp_examples/share/bumperbot_cpp_examples/hook/cmake_prefix_path.sh'
[1.656s] Level 1:colcon.colcon_core.environment:checking '/home/bfg2h/bumperbot_ws/install/bumperbot_cpp_examples/lib'
[1.656s] Level 1:colcon.colcon_core.environment:checking '/home/bfg2h/bumperbot_ws/install/bumperbot_cpp_examples/bin'
[1.656s] Level 1:colcon.colcon_core.environment:checking '/home/bfg2h/bumperbot_ws/install/bumperbot_cpp_examples/lib/pkgconfig/bumperbot_cpp_examples.pc'
[1.656s] Level 1:colcon.colcon_core.environment:checking '/home/bfg2h/bumperbot_ws/install/bumperbot_cpp_examples/lib/python3.10/site-packages'
[1.656s] Level 1:colcon.colcon_core.environment:checking '/home/bfg2h/bumperbot_ws/install/bumperbot_cpp_examples/bin'
[1.656s] INFO:colcon.colcon_core.shell:Creating package script '/home/bfg2h/bumperbot_ws/install/bumperbot_cpp_examples/share/bumperbot_cpp_examples/package.ps1'
[1.657s] INFO:colcon.colcon_core.shell:Creating package descriptor '/home/bfg2h/bumperbot_ws/install/bumperbot_cpp_examples/share/bumperbot_cpp_examples/package.dsv'
[1.657s] INFO:colcon.colcon_core.shell:Creating package script '/home/bfg2h/bumperbot_ws/install/bumperbot_cpp_examples/share/bumperbot_cpp_examples/package.sh'
[1.658s] INFO:colcon.colcon_core.shell:Creating package script '/home/bfg2h/bumperbot_ws/install/bumperbot_cpp_examples/share/bumperbot_cpp_examples/package.bash'
[1.658s] INFO:colcon.colcon_core.shell:Creating package script '/home/bfg2h/bumperbot_ws/install/bumperbot_cpp_examples/share/bumperbot_cpp_examples/package.zsh'
[1.658s] Level 1:colcon.colcon_core.environment:create_file_with_runtime_dependencies(/home/bfg2h/bumperbot_ws/install/bumperbot_cpp_examples/share/colcon-core/packages/bumperbot_cpp_examples)
[2.003s] DEBUG:colcon.colcon_core.event_handler.log_command:Invoking command in '/home/bfg2h/bumperbot_ws/src/bumperbot_py_examples': CMAKE_PREFIX_PATH=/home/bfg2h/bumperbot_ws/install/bumperbot_msgs:/home/bfg2h/turtlebot3_ws/install/turtlebot3_simulations:/home/bfg2h/turtlebot3_ws/install/turtlebot3_gazebo:/home/bfg2h/turtlebot3_ws/install/turtlebot3_fake_node:/home/bfg2h/bumperbot_ws/install/bumperbot_cpp_examples:/home/bfg2h/bumperbot_ws/install/bumperbot_description:/home/bfg2h/bumperbot_ws/install/bumperbot_controller:/home/bfg2h/ros2_ws/install/my_cpp_pkg:/home/bfg2h/arduinobot_ws/install/arduinobot_description:/home/bfg2h/arduinobot_ws/install/arduinobot_cpp_examples:/home/bfg2h/arduinobot_ws/install/arduinobot_controller LD_LIBRARY_PATH=/home/bfg2h/bumperbot_ws/install/bumperbot_msgs/lib:/usr/lib/x86_64-linux-gnu/gazebo-11/plugins:/opt/ros/humble/opt/rviz_ogre_vendor/lib:/opt/ros/humble/lib/x86_64-linux-gnu:/opt/ros/humble/lib:/usr/share/gazebo/../../lib/x86_64-linux-gnu/gazebo-11/plugins PYTHONPATH=/home/bfg2h/bumperbot_ws/build/bumperbot_py_examples/prefix_override:/usr/lib/python3/dist-packages/colcon_core/task/python/colcon_distutils_commands:/home/bfg2h/bumperbot_ws/install/bumperbot_py_examples/lib/python3.10/site-packages:${PYTHONPATH} _=/usr/bin/env /usr/bin/python3 -W ignore:setup.py install is deprecated setup.py egg_info --egg-base ../../build/bumperbot_py_examples build --build-base /home/bfg2h/bumperbot_ws/build/bumperbot_py_examples/build install --record /home/bfg2h/bumperbot_ws/build/bumperbot_py_examples/install.log --single-version-externally-managed install_data
[2.376s] Level 1:colcon.colcon_core.environment:checking '/home/bfg2h/bumperbot_ws/install/bumperbot_py_examples' for CMake module files
[2.376s] DEBUG:colcon.colcon_core.event_handler.log_command:Invoked command in '/home/bfg2h/bumperbot_ws/src/bumperbot_py_examples' returned '0': CMAKE_PREFIX_PATH=/home/bfg2h/bumperbot_ws/install/bumperbot_msgs:/home/bfg2h/turtlebot3_ws/install/turtlebot3_simulations:/home/bfg2h/turtlebot3_ws/install/turtlebot3_gazebo:/home/bfg2h/turtlebot3_ws/install/turtlebot3_fake_node:/home/bfg2h/bumperbot_ws/install/bumperbot_cpp_examples:/home/bfg2h/bumperbot_ws/install/bumperbot_description:/home/bfg2h/bumperbot_ws/install/bumperbot_controller:/home/bfg2h/ros2_ws/install/my_cpp_pkg:/home/bfg2h/arduinobot_ws/install/arduinobot_description:/home/bfg2h/arduinobot_ws/install/arduinobot_cpp_examples:/home/bfg2h/arduinobot_ws/install/arduinobot_controller LD_LIBRARY_PATH=/home/bfg2h/bumperbot_ws/install/bumperbot_msgs/lib:/usr/lib/x86_64-linux-gnu/gazebo-11/plugins:/opt/ros/humble/opt/rviz_ogre_vendor/lib:/opt/ros/humble/lib/x86_64-linux-gnu:/opt/ros/humble/lib:/usr/share/gazebo/../../lib/x86_64-linux-gnu/gazebo-11/plugins PYTHONPATH=/home/bfg2h/bumperbot_ws/build/bumperbot_py_examples/prefix_override:/usr/lib/python3/dist-packages/colcon_core/task/python/colcon_distutils_commands:/home/bfg2h/bumperbot_ws/install/bumperbot_py_examples/lib/python3.10/site-packages:${PYTHONPATH} _=/usr/bin/env /usr/bin/python3 -W ignore:setup.py install is deprecated setup.py egg_info --egg-base ../../build/bumperbot_py_examples build --build-base /home/bfg2h/bumperbot_ws/build/bumperbot_py_examples/build install --record /home/bfg2h/bumperbot_ws/build/bumperbot_py_examples/install.log --single-version-externally-managed install_data
[2.377s] Level 1:colcon.colcon_core.environment:checking '/home/bfg2h/bumperbot_ws/install/bumperbot_py_examples' for CMake config files
[2.377s] Level 1:colcon.colcon_core.environment:checking '/home/bfg2h/bumperbot_ws/install/bumperbot_py_examples/lib'
[2.377s] Level 1:colcon.colcon_core.environment:checking '/home/bfg2h/bumperbot_ws/install/bumperbot_py_examples/bin'
[2.378s] Level 1:colcon.colcon_core.environment:checking '/home/bfg2h/bumperbot_ws/install/bumperbot_py_examples/lib/pkgconfig/bumperbot_py_examples.pc'
[2.378s] Level 1:colcon.colcon_core.environment:checking '/home/bfg2h/bumperbot_ws/install/bumperbot_py_examples/lib/python3.10/site-packages'
[2.378s] Level 1:colcon.colcon_core.shell:create_environment_hook('bumperbot_py_examples', 'pythonpath')
[2.378s] INFO:colcon.colcon_core.shell:Creating environment hook '/home/bfg2h/bumperbot_ws/install/bumperbot_py_examples/share/bumperbot_py_examples/hook/pythonpath.ps1'
[2.378s] INFO:colcon.colcon_core.shell:Creating environment descriptor '/home/bfg2h/bumperbot_ws/install/bumperbot_py_examples/share/bumperbot_py_examples/hook/pythonpath.dsv'
[2.379s] INFO:colcon.colcon_core.shell:Creating environment hook '/home/bfg2h/bumperbot_ws/install/bumperbot_py_examples/share/bumperbot_py_examples/hook/pythonpath.sh'
[2.379s] Level 1:colcon.colcon_core.environment:checking '/home/bfg2h/bumperbot_ws/install/bumperbot_py_examples/bin'
[2.379s] Level 1:colcon.colcon_core.environment:create_environment_scripts_only(bumperbot_py_examples)
[2.380s] INFO:colcon.colcon_core.shell:Creating package script '/home/bfg2h/bumperbot_ws/install/bumperbot_py_examples/share/bumperbot_py_examples/package.ps1'
[2.380s] INFO:colcon.colcon_core.shell:Creating package descriptor '/home/bfg2h/bumperbot_ws/install/bumperbot_py_examples/share/bumperbot_py_examples/package.dsv'
[2.380s] INFO:colcon.colcon_core.shell:Creating package script '/home/bfg2h/bumperbot_ws/install/bumperbot_py_examples/share/bumperbot_py_examples/package.sh'
[2.381s] INFO:colcon.colcon_core.shell:Creating package script '/home/bfg2h/bumperbot_ws/install/bumperbot_py_examples/share/bumperbot_py_examples/package.bash'
[2.381s] INFO:colcon.colcon_core.shell:Creating package script '/home/bfg2h/bumperbot_ws/install/bumperbot_py_examples/share/bumperbot_py_examples/package.zsh'
[2.381s] Level 1:colcon.colcon_core.environment:create_file_with_runtime_dependencies(/home/bfg2h/bumperbot_ws/install/bumperbot_py_examples/share/colcon-core/packages/bumperbot_py_examples)
[2.382s] DEBUG:colcon.colcon_parallel_executor.executor.parallel:closing loop
[2.382s] DEBUG:colcon.colcon_parallel_executor.executor.parallel:loop closed
[2.382s] DEBUG:colcon.colcon_parallel_executor.executor.parallel:run_until_complete finished with '0'
[2.382s] DEBUG:colcon.colcon_core.event_reactor:joining thread
[2.387s] INFO:colcon.colcon_core.plugin_system:Skipping extension 'colcon_notification.desktop_notification.terminal_notifier': Not used on non-Darwin systems
[2.387s] INFO:colcon.colcon_core.plugin_system:Skipping extension 'colcon_notification.desktop_notification.win32': Not used on non-Windows systems
[2.387s] INFO:colcon.colcon_notification.desktop_notification:Sending desktop notification using 'notify2'
[2.395s] DEBUG:colcon.colcon_core.event_reactor:joined thread
[2.396s] INFO:colcon.colcon_core.shell:Creating prefix script '/home/bfg2h/bumperbot_ws/install/local_setup.ps1'
[2.397s] INFO:colcon.colcon_core.shell:Creating prefix util module '/home/bfg2h/bumperbot_ws/install/_local_setup_util_ps1.py'
[2.398s] INFO:colcon.colcon_core.shell:Creating prefix chain script '/home/bfg2h/bumperbot_ws/install/setup.ps1'
[2.400s] INFO:colcon.colcon_core.shell:Creating prefix script '/home/bfg2h/bumperbot_ws/install/local_setup.sh'
[2.400s] INFO:colcon.colcon_core.shell:Creating prefix util module '/home/bfg2h/bumperbot_ws/install/_local_setup_util_sh.py'
[2.401s] INFO:colcon.colcon_core.shell:Creating prefix chain script '/home/bfg2h/bumperbot_ws/install/setup.sh'
[2.403s] INFO:colcon.colcon_core.shell:Creating prefix script '/home/bfg2h/bumperbot_ws/install/local_setup.bash'
[2.404s] INFO:colcon.colcon_core.shell:Creating prefix chain script '/home/bfg2h/bumperbot_ws/install/setup.bash'
[2.406s] INFO:colcon.colcon_core.shell:Creating prefix script '/home/bfg2h/bumperbot_ws/install/local_setup.zsh'
[2.407s] INFO:colcon.colcon_core.shell:Creating prefix chain script '/home/bfg2h/bumperbot_ws/install/setup.zsh'
