[0.106s] DEBUG:colcon:Command line arguments: ['/usr/bin/colcon', 'build']
[0.107s] DEBUG:colcon:Parsed command line arguments: Namespace(log_base=None, log_level=None, verb_name='build', build_base='build', install_base='install', merge_install=False, symlink_install=False, test_result_base=None, continue_on_error=False, executor='parallel', parallel_workers=16, event_handlers=None, ignore_user_meta=False, metas=['./colcon.meta'], base_paths=['.'], packages_ignore=None, packages_ignore_regex=None, paths=None, packages_up_to=None, packages_up_to_regex=None, packages_above=None, packages_above_and_dependencies=None, packages_above_depth=None, packages_select_by_dep=None, packages_skip_by_dep=None, packages_skip_up_to=None, packages_select_build_failed=False, packages_skip_build_finished=False, packages_select_test_failures=False, packages_skip_test_passed=False, packages_select=None, packages_skip=None, packages_select_regex=None, packages_skip_regex=None, packages_start=None, packages_end=None, allow_overriding=[], cmake_args=None, cmake_target=None, cmake_target_skip_unavailable=False, cmake_clean_cache=False, cmake_clean_first=False, cmake_force_configure=False, ament_cmake_args=None, catkin_cmake_args=None, catkin_skip_building_tests=False, verb_parser=<colcon_defaults.argument_parser.defaults.DefaultArgumentsDecorator object at 0x7f0b2e58fa30>, verb_extension=<colcon_core.verb.build.BuildVerb object at 0x7f0b2e58f4f0>, main=<bound method BuildVerb.main of <colcon_core.verb.build.BuildVerb object at 0x7f0b2e58f4f0>>)
[0.347s] Level 1:colcon.colcon_core.package_discovery:discover_packages(colcon_meta) check parameters
[0.347s] Level 1:colcon.colcon_core.package_discovery:discover_packages(recursive) check parameters
[0.347s] Level 1:colcon.colcon_core.package_discovery:discover_packages(ignore) check parameters
[0.347s] Level 1:colcon.colcon_core.package_discovery:discover_packages(path) check parameters
[0.347s] Level 1:colcon.colcon_core.package_discovery:discover_packages(colcon_meta) discover
[0.347s] Level 1:colcon.colcon_core.package_discovery:discover_packages(recursive) discover
[0.348s] INFO:colcon.colcon_core.package_discovery:Crawling recursively for packages in '/home/bfg2h/bumperbot_ws'
[0.348s] Level 1:colcon.colcon_core.package_identification:_identify(.) by extensions ['ignore', 'ignore_ament_install']
[0.348s] Level 1:colcon.colcon_core.package_identification:_identify(.) by extension 'ignore'
[0.348s] Level 1:colcon.colcon_core.package_identification:_identify(.) by extension 'ignore_ament_install'
[0.348s] Level 1:colcon.colcon_core.package_identification:_identify(.) by extensions ['colcon_pkg']
[0.348s] Level 1:colcon.colcon_core.package_identification:_identify(.) by extension 'colcon_pkg'
[0.348s] Level 1:colcon.colcon_core.package_identification:_identify(.) by extensions ['colcon_meta']
[0.348s] Level 1:colcon.colcon_core.package_identification:_identify(.) by extension 'colcon_meta'
[0.348s] Level 1:colcon.colcon_core.package_identification:_identify(.) by extensions ['ros']
[0.348s] Level 1:colcon.colcon_core.package_identification:_identify(.) by extension 'ros'
[0.366s] Level 1:colcon.colcon_core.package_identification:_identify(.) by extensions ['cmake', 'python']
[0.366s] Level 1:colcon.colcon_core.package_identification:_identify(.) by extension 'cmake'
[0.366s] Level 1:colcon.colcon_core.package_identification:_identify(.) by extension 'python'
[0.366s] Level 1:colcon.colcon_core.package_identification:_identify(.) by extensions ['python_setup_py']
[0.366s] Level 1:colcon.colcon_core.package_identification:_identify(.) by extension 'python_setup_py'
[0.366s] Level 1:colcon.colcon_core.package_identification:_identify(build) by extensions ['ignore', 'ignore_ament_install']
[0.366s] Level 1:colcon.colcon_core.package_identification:_identify(build) by extension 'ignore'
[0.366s] Level 1:colcon.colcon_core.package_identification:_identify(build) ignored
[0.366s] Level 1:colcon.colcon_core.package_identification:_identify(install) by extensions ['ignore', 'ignore_ament_install']
[0.366s] Level 1:colcon.colcon_core.package_identification:_identify(install) by extension 'ignore'
[0.366s] Level 1:colcon.colcon_core.package_identification:_identify(install) ignored
[0.367s] Level 1:colcon.colcon_core.package_identification:_identify(log) by extensions ['ignore', 'ignore_ament_install']
[0.367s] Level 1:colcon.colcon_core.package_identification:_identify(log) by extension 'ignore'
[0.367s] Level 1:colcon.colcon_core.package_identification:_identify(log) ignored
[0.367s] Level 1:colcon.colcon_core.package_identification:_identify(src) by extensions ['ignore', 'ignore_ament_install']
[0.367s] Level 1:colcon.colcon_core.package_identification:_identify(src) by extension 'ignore'
[0.367s] Level 1:colcon.colcon_core.package_identification:_identify(src) by extension 'ignore_ament_install'
[0.367s] Level 1:colcon.colcon_core.package_identification:_identify(src) by extensions ['colcon_pkg']
[0.367s] Level 1:colcon.colcon_core.package_identification:_identify(src) by extension 'colcon_pkg'
[0.367s] Level 1:colcon.colcon_core.package_identification:_identify(src) by extensions ['colcon_meta']
[0.367s] Level 1:colcon.colcon_core.package_identification:_identify(src) by extension 'colcon_meta'
[0.367s] Level 1:colcon.colcon_core.package_identification:_identify(src) by extensions ['ros']
[0.367s] Level 1:colcon.colcon_core.package_identification:_identify(src) by extension 'ros'
[0.367s] Level 1:colcon.colcon_core.package_identification:_identify(src) by extensions ['cmake', 'python']
[0.367s] Level 1:colcon.colcon_core.package_identification:_identify(src) by extension 'cmake'
[0.367s] Level 1:colcon.colcon_core.package_identification:_identify(src) by extension 'python'
[0.367s] Level 1:colcon.colcon_core.package_identification:_identify(src) by extensions ['python_setup_py']
[0.367s] Level 1:colcon.colcon_core.package_identification:_identify(src) by extension 'python_setup_py'
[0.367s] Level 1:colcon.colcon_core.package_identification:_identify(src/build) by extensions ['ignore', 'ignore_ament_install']
[0.368s] Level 1:colcon.colcon_core.package_identification:_identify(src/build) by extension 'ignore'
[0.368s] Level 1:colcon.colcon_core.package_identification:_identify(src/build) ignored
[0.368s] Level 1:colcon.colcon_core.package_identification:_identify(src/bumperbot_controller) by extensions ['ignore', 'ignore_ament_install']
[0.368s] Level 1:colcon.colcon_core.package_identification:_identify(src/bumperbot_controller) by extension 'ignore'
[0.368s] Level 1:colcon.colcon_core.package_identification:_identify(src/bumperbot_controller) by extension 'ignore_ament_install'
[0.368s] Level 1:colcon.colcon_core.package_identification:_identify(src/bumperbot_controller) by extensions ['colcon_pkg']
[0.368s] Level 1:colcon.colcon_core.package_identification:_identify(src/bumperbot_controller) by extension 'colcon_pkg'
[0.368s] Level 1:colcon.colcon_core.package_identification:_identify(src/bumperbot_controller) by extensions ['colcon_meta']
[0.368s] Level 1:colcon.colcon_core.package_identification:_identify(src/bumperbot_controller) by extension 'colcon_meta'
[0.368s] Level 1:colcon.colcon_core.package_identification:_identify(src/bumperbot_controller) by extensions ['ros']
[0.368s] Level 1:colcon.colcon_core.package_identification:_identify(src/bumperbot_controller) by extension 'ros'
[0.371s] DEBUG:colcon.colcon_core.package_identification:Package 'src/bumperbot_controller' with type 'ros.ament_cmake' and name 'bumperbot_controller'
[0.371s] Level 1:colcon.colcon_core.package_identification:_identify(src/bumperbot_cpp_examples) by extensions ['ignore', 'ignore_ament_install']
[0.371s] Level 1:colcon.colcon_core.package_identification:_identify(src/bumperbot_cpp_examples) by extension 'ignore'
[0.371s] Level 1:colcon.colcon_core.package_identification:_identify(src/bumperbot_cpp_examples) by extension 'ignore_ament_install'
[0.371s] Level 1:colcon.colcon_core.package_identification:_identify(src/bumperbot_cpp_examples) by extensions ['colcon_pkg']
[0.371s] Level 1:colcon.colcon_core.package_identification:_identify(src/bumperbot_cpp_examples) by extension 'colcon_pkg'
[0.371s] Level 1:colcon.colcon_core.package_identification:_identify(src/bumperbot_cpp_examples) by extensions ['colcon_meta']
[0.371s] Level 1:colcon.colcon_core.package_identification:_identify(src/bumperbot_cpp_examples) by extension 'colcon_meta'
[0.371s] Level 1:colcon.colcon_core.package_identification:_identify(src/bumperbot_cpp_examples) by extensions ['ros']
[0.371s] Level 1:colcon.colcon_core.package_identification:_identify(src/bumperbot_cpp_examples) by extension 'ros'
[0.372s] DEBUG:colcon.colcon_core.package_identification:Package 'src/bumperbot_cpp_examples' with type 'ros.ament_cmake' and name 'bumperbot_cpp_examples'
[0.372s] Level 1:colcon.colcon_core.package_identification:_identify(src/bumperbot_description) by extensions ['ignore', 'ignore_ament_install']
[0.372s] Level 1:colcon.colcon_core.package_identification:_identify(src/bumperbot_description) by extension 'ignore'
[0.373s] Level 1:colcon.colcon_core.package_identification:_identify(src/bumperbot_description) by extension 'ignore_ament_install'
[0.373s] Level 1:colcon.colcon_core.package_identification:_identify(src/bumperbot_description) by extensions ['colcon_pkg']
[0.373s] Level 1:colcon.colcon_core.package_identification:_identify(src/bumperbot_description) by extension 'colcon_pkg'
[0.373s] Level 1:colcon.colcon_core.package_identification:_identify(src/bumperbot_description) by extensions ['colcon_meta']
[0.373s] Level 1:colcon.colcon_core.package_identification:_identify(src/bumperbot_description) by extension 'colcon_meta'
[0.373s] Level 1:colcon.colcon_core.package_identification:_identify(src/bumperbot_description) by extensions ['ros']
[0.373s] Level 1:colcon.colcon_core.package_identification:_identify(src/bumperbot_description) by extension 'ros'
[0.375s] DEBUG:colcon.colcon_core.package_identification:Package 'src/bumperbot_description' with type 'ros.ament_cmake' and name 'bumperbot_description'
[0.375s] Level 1:colcon.colcon_core.package_identification:_identify(src/bumperbot_msgs) by extensions ['ignore', 'ignore_ament_install']
[0.375s] Level 1:colcon.colcon_core.package_identification:_identify(src/bumperbot_msgs) by extension 'ignore'
[0.375s] Level 1:colcon.colcon_core.package_identification:_identify(src/bumperbot_msgs) by extension 'ignore_ament_install'
[0.375s] Level 1:colcon.colcon_core.package_identification:_identify(src/bumperbot_msgs) by extensions ['colcon_pkg']
[0.375s] Level 1:colcon.colcon_core.package_identification:_identify(src/bumperbot_msgs) by extension 'colcon_pkg'
[0.375s] Level 1:colcon.colcon_core.package_identification:_identify(src/bumperbot_msgs) by extensions ['colcon_meta']
[0.375s] Level 1:colcon.colcon_core.package_identification:_identify(src/bumperbot_msgs) by extension 'colcon_meta'
[0.375s] Level 1:colcon.colcon_core.package_identification:_identify(src/bumperbot_msgs) by extensions ['ros']
[0.376s] Level 1:colcon.colcon_core.package_identification:_identify(src/bumperbot_msgs) by extension 'ros'
[0.376s] DEBUG:colcon.colcon_core.package_identification:Package 'src/bumperbot_msgs' with type 'ros.ament_cmake' and name 'bumperbot_msgs'
[0.376s] Level 1:colcon.colcon_core.package_identification:_identify(src/bumperbot_py_examples) by extensions ['ignore', 'ignore_ament_install']
[0.376s] Level 1:colcon.colcon_core.package_identification:_identify(src/bumperbot_py_examples) by extension 'ignore'
[0.376s] Level 1:colcon.colcon_core.package_identification:_identify(src/bumperbot_py_examples) by extension 'ignore_ament_install'
[0.376s] Level 1:colcon.colcon_core.package_identification:_identify(src/bumperbot_py_examples) by extensions ['colcon_pkg']
[0.376s] Level 1:colcon.colcon_core.package_identification:_identify(src/bumperbot_py_examples) by extension 'colcon_pkg'
[0.376s] Level 1:colcon.colcon_core.package_identification:_identify(src/bumperbot_py_examples) by extensions ['colcon_meta']
[0.377s] Level 1:colcon.colcon_core.package_identification:_identify(src/bumperbot_py_examples) by extension 'colcon_meta'
[0.377s] Level 1:colcon.colcon_core.package_identification:_identify(src/bumperbot_py_examples) by extensions ['ros']
[0.377s] Level 1:colcon.colcon_core.package_identification:_identify(src/bumperbot_py_examples) by extension 'ros'
[0.378s] DEBUG:colcon.colcon_core.package_identification:Package 'src/bumperbot_py_examples' with type 'ros.ament_python' and name 'bumperbot_py_examples'
[0.378s] Level 1:colcon.colcon_core.package_identification:_identify(src/install) by extensions ['ignore', 'ignore_ament_install']
[0.378s] Level 1:colcon.colcon_core.package_identification:_identify(src/install) by extension 'ignore'
[0.378s] Level 1:colcon.colcon_core.package_identification:_identify(src/install) ignored
[0.378s] Level 1:colcon.colcon_core.package_identification:_identify(src/log) by extensions ['ignore', 'ignore_ament_install']
[0.378s] Level 1:colcon.colcon_core.package_identification:_identify(src/log) by extension 'ignore'
[0.378s] Level 1:colcon.colcon_core.package_identification:_identify(src/log) ignored
[0.378s] Level 1:colcon.colcon_core.package_discovery:discover_packages(recursive) using defaults
[0.378s] Level 1:colcon.colcon_core.package_discovery:discover_packages(ignore) discover
[0.378s] Level 1:colcon.colcon_core.package_discovery:discover_packages(ignore) using defaults
[0.378s] Level 1:colcon.colcon_core.package_discovery:discover_packages(path) discover
[0.378s] Level 1:colcon.colcon_core.package_discovery:discover_packages(path) using defaults
[0.398s] Level 1:colcon.colcon_core.package_discovery:discover_packages(prefix_path) check parameters
[0.398s] Level 1:colcon.colcon_core.package_discovery:discover_packages(prefix_path) discover
[0.400s] DEBUG:colcon.colcon_installed_package_information.package_discovery:Found 5 installed packages in /home/bfg2h/bumperbot_ws/install
[0.401s] DEBUG:colcon.colcon_installed_package_information.package_discovery:Found 3 installed packages in /home/bfg2h/turtlebot3_ws/install
[0.401s] DEBUG:colcon.colcon_installed_package_information.package_discovery:Found 2 installed packages in /home/bfg2h/ros2_ws/install
[0.402s] DEBUG:colcon.colcon_installed_package_information.package_discovery:Found 4 installed packages in /home/bfg2h/arduinobot_ws/install
[0.402s] DEBUG:colcon.colcon_installed_package_information.package_discovery:Found 1 installed packages in /home/bfg2h/udemy_ws/install
[0.403s] DEBUG:colcon.colcon_installed_package_information.package_discovery:Found 461 installed packages in /opt/ros/humble
[0.406s] Level 1:colcon.colcon_core.package_discovery:discover_packages(prefix_path) using defaults
[0.458s] Level 5:colcon.colcon_core.verb:set package 'bumperbot_controller' build argument 'cmake_args' from command line to 'None'
[0.458s] Level 5:colcon.colcon_core.verb:set package 'bumperbot_controller' build argument 'cmake_target' from command line to 'None'
[0.458s] Level 5:colcon.colcon_core.verb:set package 'bumperbot_controller' build argument 'cmake_target_skip_unavailable' from command line to 'False'
[0.458s] Level 5:colcon.colcon_core.verb:set package 'bumperbot_controller' build argument 'cmake_clean_cache' from command line to 'False'
[0.458s] Level 5:colcon.colcon_core.verb:set package 'bumperbot_controller' build argument 'cmake_clean_first' from command line to 'False'
[0.458s] Level 5:colcon.colcon_core.verb:set package 'bumperbot_controller' build argument 'cmake_force_configure' from command line to 'False'
[0.458s] Level 5:colcon.colcon_core.verb:set package 'bumperbot_controller' build argument 'ament_cmake_args' from command line to 'None'
[0.458s] Level 5:colcon.colcon_core.verb:set package 'bumperbot_controller' build argument 'catkin_cmake_args' from command line to 'None'
[0.458s] Level 5:colcon.colcon_core.verb:set package 'bumperbot_controller' build argument 'catkin_skip_building_tests' from command line to 'False'
[0.458s] DEBUG:colcon.colcon_core.verb:Building package 'bumperbot_controller' with the following arguments: {'ament_cmake_args': None, 'build_base': '/home/bfg2h/bumperbot_ws/build/bumperbot_controller', 'catkin_cmake_args': None, 'catkin_skip_building_tests': False, 'cmake_args': None, 'cmake_clean_cache': False, 'cmake_clean_first': False, 'cmake_force_configure': False, 'cmake_target': None, 'cmake_target_skip_unavailable': False, 'install_base': '/home/bfg2h/bumperbot_ws/install/bumperbot_controller', 'merge_install': False, 'path': '/home/bfg2h/bumperbot_ws/src/bumperbot_controller', 'symlink_install': False, 'test_result_base': None}
[0.459s] Level 5:colcon.colcon_core.verb:set package 'bumperbot_description' build argument 'cmake_args' from command line to 'None'
[0.459s] Level 5:colcon.colcon_core.verb:set package 'bumperbot_description' build argument 'cmake_target' from command line to 'None'
[0.459s] Level 5:colcon.colcon_core.verb:set package 'bumperbot_description' build argument 'cmake_target_skip_unavailable' from command line to 'False'
[0.459s] Level 5:colcon.colcon_core.verb:set package 'bumperbot_description' build argument 'cmake_clean_cache' from command line to 'False'
[0.459s] Level 5:colcon.colcon_core.verb:set package 'bumperbot_description' build argument 'cmake_clean_first' from command line to 'False'
[0.459s] Level 5:colcon.colcon_core.verb:set package 'bumperbot_description' build argument 'cmake_force_configure' from command line to 'False'
[0.459s] Level 5:colcon.colcon_core.verb:set package 'bumperbot_description' build argument 'ament_cmake_args' from command line to 'None'
[0.459s] Level 5:colcon.colcon_core.verb:set package 'bumperbot_description' build argument 'catkin_cmake_args' from command line to 'None'
[0.459s] Level 5:colcon.colcon_core.verb:set package 'bumperbot_description' build argument 'catkin_skip_building_tests' from command line to 'False'
[0.459s] DEBUG:colcon.colcon_core.verb:Building package 'bumperbot_description' with the following arguments: {'ament_cmake_args': None, 'build_base': '/home/bfg2h/bumperbot_ws/build/bumperbot_description', 'catkin_cmake_args': None, 'catkin_skip_building_tests': False, 'cmake_args': None, 'cmake_clean_cache': False, 'cmake_clean_first': False, 'cmake_force_configure': False, 'cmake_target': None, 'cmake_target_skip_unavailable': False, 'install_base': '/home/bfg2h/bumperbot_ws/install/bumperbot_description', 'merge_install': False, 'path': '/home/bfg2h/bumperbot_ws/src/bumperbot_description', 'symlink_install': False, 'test_result_base': None}
[0.459s] Level 5:colcon.colcon_core.verb:set package 'bumperbot_msgs' build argument 'cmake_args' from command line to 'None'
[0.459s] Level 5:colcon.colcon_core.verb:set package 'bumperbot_msgs' build argument 'cmake_target' from command line to 'None'
[0.460s] Level 5:colcon.colcon_core.verb:set package 'bumperbot_msgs' build argument 'cmake_target_skip_unavailable' from command line to 'False'
[0.460s] Level 5:colcon.colcon_core.verb:set package 'bumperbot_msgs' build argument 'cmake_clean_cache' from command line to 'False'
[0.460s] Level 5:colcon.colcon_core.verb:set package 'bumperbot_msgs' build argument 'cmake_clean_first' from command line to 'False'
[0.460s] Level 5:colcon.colcon_core.verb:set package 'bumperbot_msgs' build argument 'cmake_force_configure' from command line to 'False'
[0.460s] Level 5:colcon.colcon_core.verb:set package 'bumperbot_msgs' build argument 'ament_cmake_args' from command line to 'None'
[0.460s] Level 5:colcon.colcon_core.verb:set package 'bumperbot_msgs' build argument 'catkin_cmake_args' from command line to 'None'
[0.460s] Level 5:colcon.colcon_core.verb:set package 'bumperbot_msgs' build argument 'catkin_skip_building_tests' from command line to 'False'
[0.460s] DEBUG:colcon.colcon_core.verb:Building package 'bumperbot_msgs' with the following arguments: {'ament_cmake_args': None, 'build_base': '/home/bfg2h/bumperbot_ws/build/bumperbot_msgs', 'catkin_cmake_args': None, 'catkin_skip_building_tests': False, 'cmake_args': None, 'cmake_clean_cache': False, 'cmake_clean_first': False, 'cmake_force_configure': False, 'cmake_target': None, 'cmake_target_skip_unavailable': False, 'install_base': '/home/bfg2h/bumperbot_ws/install/bumperbot_msgs', 'merge_install': False, 'path': '/home/bfg2h/bumperbot_ws/src/bumperbot_msgs', 'symlink_install': False, 'test_result_base': None}
[0.460s] Level 5:colcon.colcon_core.verb:set package 'bumperbot_cpp_examples' build argument 'cmake_args' from command line to 'None'
[0.460s] Level 5:colcon.colcon_core.verb:set package 'bumperbot_cpp_examples' build argument 'cmake_target' from command line to 'None'
[0.460s] Level 5:colcon.colcon_core.verb:set package 'bumperbot_cpp_examples' build argument 'cmake_target_skip_unavailable' from command line to 'False'
[0.460s] Level 5:colcon.colcon_core.verb:set package 'bumperbot_cpp_examples' build argument 'cmake_clean_cache' from command line to 'False'
[0.460s] Level 5:colcon.colcon_core.verb:set package 'bumperbot_cpp_examples' build argument 'cmake_clean_first' from command line to 'False'
[0.460s] Level 5:colcon.colcon_core.verb:set package 'bumperbot_cpp_examples' build argument 'cmake_force_configure' from command line to 'False'
[0.460s] Level 5:colcon.colcon_core.verb:set package 'bumperbot_cpp_examples' build argument 'ament_cmake_args' from command line to 'None'
[0.460s] Level 5:colcon.colcon_core.verb:set package 'bumperbot_cpp_examples' build argument 'catkin_cmake_args' from command line to 'None'
[0.460s] Level 5:colcon.colcon_core.verb:set package 'bumperbot_cpp_examples' build argument 'catkin_skip_building_tests' from command line to 'False'
[0.460s] DEBUG:colcon.colcon_core.verb:Building package 'bumperbot_cpp_examples' with the following arguments: {'ament_cmake_args': None, 'build_base': '/home/bfg2h/bumperbot_ws/build/bumperbot_cpp_examples', 'catkin_cmake_args': None, 'catkin_skip_building_tests': False, 'cmake_args': None, 'cmake_clean_cache': False, 'cmake_clean_first': False, 'cmake_force_configure': False, 'cmake_target': None, 'cmake_target_skip_unavailable': False, 'install_base': '/home/bfg2h/bumperbot_ws/install/bumperbot_cpp_examples', 'merge_install': False, 'path': '/home/bfg2h/bumperbot_ws/src/bumperbot_cpp_examples', 'symlink_install': False, 'test_result_base': None}
[0.461s] Level 5:colcon.colcon_core.verb:set package 'bumperbot_py_examples' build argument 'cmake_args' from command line to 'None'
[0.461s] Level 5:colcon.colcon_core.verb:set package 'bumperbot_py_examples' build argument 'cmake_target' from command line to 'None'
[0.461s] Level 5:colcon.colcon_core.verb:set package 'bumperbot_py_examples' build argument 'cmake_target_skip_unavailable' from command line to 'False'
[0.461s] Level 5:colcon.colcon_core.verb:set package 'bumperbot_py_examples' build argument 'cmake_clean_cache' from command line to 'False'
[0.461s] Level 5:colcon.colcon_core.verb:set package 'bumperbot_py_examples' build argument 'cmake_clean_first' from command line to 'False'
[0.461s] Level 5:colcon.colcon_core.verb:set package 'bumperbot_py_examples' build argument 'cmake_force_configure' from command line to 'False'
[0.461s] Level 5:colcon.colcon_core.verb:set package 'bumperbot_py_examples' build argument 'ament_cmake_args' from command line to 'None'
[0.461s] Level 5:colcon.colcon_core.verb:set package 'bumperbot_py_examples' build argument 'catkin_cmake_args' from command line to 'None'
[0.461s] Level 5:colcon.colcon_core.verb:set package 'bumperbot_py_examples' build argument 'catkin_skip_building_tests' from command line to 'False'
[0.461s] DEBUG:colcon.colcon_core.verb:Building package 'bumperbot_py_examples' with the following arguments: {'ament_cmake_args': None, 'build_base': '/home/bfg2h/bumperbot_ws/build/bumperbot_py_examples', 'catkin_cmake_args': None, 'catkin_skip_building_tests': False, 'cmake_args': None, 'cmake_clean_cache': False, 'cmake_clean_first': False, 'cmake_force_configure': False, 'cmake_target': None, 'cmake_target_skip_unavailable': False, 'install_base': '/home/bfg2h/bumperbot_ws/install/bumperbot_py_examples', 'merge_install': False, 'path': '/home/bfg2h/bumperbot_ws/src/bumperbot_py_examples', 'symlink_install': False, 'test_result_base': None}
[0.461s] INFO:colcon.colcon_core.executor:Executing jobs using 'parallel' executor
[0.462s] DEBUG:colcon.colcon_parallel_executor.executor.parallel:run_until_complete
[0.462s] INFO:colcon.colcon_ros.task.ament_cmake.build:Building ROS package in '/home/bfg2h/bumperbot_ws/src/bumperbot_msgs' with build type 'ament_cmake'
[0.462s] INFO:colcon.colcon_cmake.task.cmake.build:Building CMake package in '/home/bfg2h/bumperbot_ws/src/bumperbot_msgs'
[0.465s] INFO:colcon.colcon_core.plugin_system:Skipping extension 'colcon_core.shell.bat': Not used on non-Windows systems
[0.465s] INFO:colcon.colcon_core.shell:Skip shell extension 'powershell' for command environment: Not usable outside of PowerShell
[0.465s] DEBUG:colcon.colcon_core.shell:Skip shell extension 'dsv' for command environment
[0.471s] INFO:colcon.colcon_ros.task.ament_cmake.build:Building ROS package in '/home/bfg2h/bumperbot_ws/src/bumperbot_controller' with build type 'ament_cmake'
[0.471s] INFO:colcon.colcon_cmake.task.cmake.build:Building CMake package in '/home/bfg2h/bumperbot_ws/src/bumperbot_controller'
[0.471s] INFO:colcon.colcon_core.shell:Skip shell extension 'powershell' for command environment: Not usable outside of PowerShell
[0.472s] DEBUG:colcon.colcon_core.shell:Skip shell extension 'dsv' for command environment
[0.477s] INFO:colcon.colcon_ros.task.ament_cmake.build:Building ROS package in '/home/bfg2h/bumperbot_ws/src/bumperbot_description' with build type 'ament_cmake'
[0.477s] INFO:colcon.colcon_cmake.task.cmake.build:Building CMake package in '/home/bfg2h/bumperbot_ws/src/bumperbot_description'
[0.477s] INFO:colcon.colcon_core.shell:Skip shell extension 'powershell' for command environment: Not usable outside of PowerShell
[0.477s] DEBUG:colcon.colcon_core.shell:Skip shell extension 'dsv' for command environment
[0.485s] DEBUG:colcon.colcon_core.event_handler.log_command:Invoking command in '/home/bfg2h/bumperbot_ws/build/bumperbot_msgs': CMAKE_PREFIX_PATH=${CMAKE_PREFIX_PATH}:/home/bfg2h/bumperbot_ws/install/bumperbot_py_examples:/home/bfg2h/ros2_ws/install/my_py_pkg:/home/bfg2h/udemy_ws/install/self_driving_car_pkg:/opt/ros/humble _=/usr/bin/env /usr/bin/cmake --build /home/bfg2h/bumperbot_ws/build/bumperbot_msgs -- -j16 -l16
[0.490s] DEBUG:colcon.colcon_core.event_handler.log_command:Invoking command in '/home/bfg2h/bumperbot_ws/build/bumperbot_controller': CMAKE_PREFIX_PATH=${CMAKE_PREFIX_PATH}:/home/bfg2h/bumperbot_ws/install/bumperbot_py_examples:/home/bfg2h/ros2_ws/install/my_py_pkg:/home/bfg2h/udemy_ws/install/self_driving_car_pkg:/opt/ros/humble _=/usr/bin/env /usr/bin/cmake --build /home/bfg2h/bumperbot_ws/build/bumperbot_controller -- -j16 -l16
[0.493s] DEBUG:colcon.colcon_core.event_handler.log_command:Invoking command in '/home/bfg2h/bumperbot_ws/build/bumperbot_description': CMAKE_PREFIX_PATH=${CMAKE_PREFIX_PATH}:/home/bfg2h/bumperbot_ws/install/bumperbot_py_examples:/home/bfg2h/ros2_ws/install/my_py_pkg:/home/bfg2h/udemy_ws/install/self_driving_car_pkg:/opt/ros/humble _=/usr/bin/env /usr/bin/cmake --build /home/bfg2h/bumperbot_ws/build/bumperbot_description -- -j16 -l16
[0.523s] DEBUG:colcon.colcon_core.event_handler.log_command:Invoked command in '/home/bfg2h/bumperbot_ws/build/bumperbot_description' returned '0': CMAKE_PREFIX_PATH=${CMAKE_PREFIX_PATH}:/home/bfg2h/bumperbot_ws/install/bumperbot_py_examples:/home/bfg2h/ros2_ws/install/my_py_pkg:/home/bfg2h/udemy_ws/install/self_driving_car_pkg:/opt/ros/humble _=/usr/bin/env /usr/bin/cmake --build /home/bfg2h/bumperbot_ws/build/bumperbot_description -- -j16 -l16
[0.554s] DEBUG:colcon.colcon_core.event_handler.log_command:Invoking command in '/home/bfg2h/bumperbot_ws/build/bumperbot_description': CMAKE_PREFIX_PATH=${CMAKE_PREFIX_PATH}:/home/bfg2h/bumperbot_ws/install/bumperbot_py_examples:/home/bfg2h/ros2_ws/install/my_py_pkg:/home/bfg2h/udemy_ws/install/self_driving_car_pkg:/opt/ros/humble _=/usr/bin/env /usr/bin/cmake --install /home/bfg2h/bumperbot_ws/build/bumperbot_description
[0.563s] Level 1:colcon.colcon_core.environment:create_environment_scripts_only(bumperbot_description)
[0.564s] DEBUG:colcon.colcon_core.event_handler.log_command:Invoked command in '/home/bfg2h/bumperbot_ws/build/bumperbot_description' returned '0': CMAKE_PREFIX_PATH=${CMAKE_PREFIX_PATH}:/home/bfg2h/bumperbot_ws/install/bumperbot_py_examples:/home/bfg2h/ros2_ws/install/my_py_pkg:/home/bfg2h/udemy_ws/install/self_driving_car_pkg:/opt/ros/humble _=/usr/bin/env /usr/bin/cmake --install /home/bfg2h/bumperbot_ws/build/bumperbot_description
[0.566s] Level 1:colcon.colcon_core.environment:checking '/home/bfg2h/bumperbot_ws/install/bumperbot_description' for CMake module files
[0.566s] Level 1:colcon.colcon_core.environment:checking '/home/bfg2h/bumperbot_ws/install/bumperbot_description' for CMake config files
[0.567s] Level 1:colcon.colcon_core.shell:create_environment_hook('bumperbot_description', 'cmake_prefix_path')
[0.567s] INFO:colcon.colcon_core.shell:Creating environment hook '/home/bfg2h/bumperbot_ws/install/bumperbot_description/share/bumperbot_description/hook/cmake_prefix_path.ps1'
[0.567s] INFO:colcon.colcon_core.shell:Creating environment descriptor '/home/bfg2h/bumperbot_ws/install/bumperbot_description/share/bumperbot_description/hook/cmake_prefix_path.dsv'
[0.568s] INFO:colcon.colcon_core.shell:Creating environment hook '/home/bfg2h/bumperbot_ws/install/bumperbot_description/share/bumperbot_description/hook/cmake_prefix_path.sh'
[0.569s] Level 1:colcon.colcon_core.environment:checking '/home/bfg2h/bumperbot_ws/install/bumperbot_description/bin'
[0.569s] Level 1:colcon.colcon_core.environment:checking '/home/bfg2h/bumperbot_ws/install/bumperbot_description/lib/pkgconfig/bumperbot_description.pc'
[0.569s] Level 1:colcon.colcon_core.environment:checking '/home/bfg2h/bumperbot_ws/install/bumperbot_description/lib/python3.10/site-packages'
[0.569s] Level 1:colcon.colcon_core.environment:checking '/home/bfg2h/bumperbot_ws/install/bumperbot_description/bin'
[0.569s] INFO:colcon.colcon_core.shell:Creating package script '/home/bfg2h/bumperbot_ws/install/bumperbot_description/share/bumperbot_description/package.ps1'
[0.570s] INFO:colcon.colcon_core.shell:Creating package descriptor '/home/bfg2h/bumperbot_ws/install/bumperbot_description/share/bumperbot_description/package.dsv'
[0.571s] INFO:colcon.colcon_core.shell:Creating package script '/home/bfg2h/bumperbot_ws/install/bumperbot_description/share/bumperbot_description/package.sh'
[0.571s] INFO:colcon.colcon_core.shell:Creating package script '/home/bfg2h/bumperbot_ws/install/bumperbot_description/share/bumperbot_description/package.bash'
[0.572s] INFO:colcon.colcon_core.shell:Creating package script '/home/bfg2h/bumperbot_ws/install/bumperbot_description/share/bumperbot_description/package.zsh'
[0.572s] Level 1:colcon.colcon_core.environment:create_file_with_runtime_dependencies(/home/bfg2h/bumperbot_ws/install/bumperbot_description/share/colcon-core/packages/bumperbot_description)
[0.597s] Level 1:colcon.colcon_core.environment:create_environment_scripts_only(bumperbot_description)
[0.597s] Level 1:colcon.colcon_core.environment:checking '/home/bfg2h/bumperbot_ws/install/bumperbot_description' for CMake module files
[0.598s] Level 1:colcon.colcon_core.environment:checking '/home/bfg2h/bumperbot_ws/install/bumperbot_description' for CMake config files
[0.598s] Level 1:colcon.colcon_core.shell:create_environment_hook('bumperbot_description', 'cmake_prefix_path')
[0.598s] INFO:colcon.colcon_core.shell:Creating environment hook '/home/bfg2h/bumperbot_ws/install/bumperbot_description/share/bumperbot_description/hook/cmake_prefix_path.ps1'
[0.599s] INFO:colcon.colcon_core.shell:Creating environment descriptor '/home/bfg2h/bumperbot_ws/install/bumperbot_description/share/bumperbot_description/hook/cmake_prefix_path.dsv'
[0.599s] INFO:colcon.colcon_core.shell:Creating environment hook '/home/bfg2h/bumperbot_ws/install/bumperbot_description/share/bumperbot_description/hook/cmake_prefix_path.sh'
[0.599s] Level 1:colcon.colcon_core.environment:checking '/home/bfg2h/bumperbot_ws/install/bumperbot_description/bin'
[0.599s] Level 1:colcon.colcon_core.environment:checking '/home/bfg2h/bumperbot_ws/install/bumperbot_description/lib/pkgconfig/bumperbot_description.pc'
[0.600s] Level 1:colcon.colcon_core.environment:checking '/home/bfg2h/bumperbot_ws/install/bumperbot_description/lib/python3.10/site-packages'
[0.600s] Level 1:colcon.colcon_core.environment:checking '/home/bfg2h/bumperbot_ws/install/bumperbot_description/bin'
[0.600s] INFO:colcon.colcon_core.shell:Creating package script '/home/bfg2h/bumperbot_ws/install/bumperbot_description/share/bumperbot_description/package.ps1'
[0.601s] INFO:colcon.colcon_core.shell:Creating package descriptor '/home/bfg2h/bumperbot_ws/install/bumperbot_description/share/bumperbot_description/package.dsv'
[0.601s] INFO:colcon.colcon_core.shell:Creating package script '/home/bfg2h/bumperbot_ws/install/bumperbot_description/share/bumperbot_description/package.sh'
[0.601s] INFO:colcon.colcon_core.shell:Creating package script '/home/bfg2h/bumperbot_ws/install/bumperbot_description/share/bumperbot_description/package.bash'
[0.602s] INFO:colcon.colcon_core.shell:Creating package script '/home/bfg2h/bumperbot_ws/install/bumperbot_description/share/bumperbot_description/package.zsh'
[0.602s] Level 1:colcon.colcon_core.environment:create_file_with_runtime_dependencies(/home/bfg2h/bumperbot_ws/install/bumperbot_description/share/colcon-core/packages/bumperbot_description)
[0.883s] DEBUG:colcon.colcon_core.event_handler.log_command:Invoked command in '/home/bfg2h/bumperbot_ws/build/bumperbot_msgs' returned '0': CMAKE_PREFIX_PATH=${CMAKE_PREFIX_PATH}:/home/bfg2h/bumperbot_ws/install/bumperbot_py_examples:/home/bfg2h/ros2_ws/install/my_py_pkg:/home/bfg2h/udemy_ws/install/self_driving_car_pkg:/opt/ros/humble _=/usr/bin/env /usr/bin/cmake --build /home/bfg2h/bumperbot_ws/build/bumperbot_msgs -- -j16 -l16
[0.888s] DEBUG:colcon.colcon_core.event_handler.log_command:Invoked command in '/home/bfg2h/bumperbot_ws/build/bumperbot_controller' returned '0': CMAKE_PREFIX_PATH=${CMAKE_PREFIX_PATH}:/home/bfg2h/bumperbot_ws/install/bumperbot_py_examples:/home/bfg2h/ros2_ws/install/my_py_pkg:/home/bfg2h/udemy_ws/install/self_driving_car_pkg:/opt/ros/humble _=/usr/bin/env /usr/bin/cmake --build /home/bfg2h/bumperbot_ws/build/bumperbot_controller -- -j16 -l16
[0.911s] DEBUG:colcon.colcon_core.event_handler.log_command:Invoking command in '/home/bfg2h/bumperbot_ws/build/bumperbot_controller': CMAKE_PREFIX_PATH=${CMAKE_PREFIX_PATH}:/home/bfg2h/bumperbot_ws/install/bumperbot_py_examples:/home/bfg2h/ros2_ws/install/my_py_pkg:/home/bfg2h/udemy_ws/install/self_driving_car_pkg:/opt/ros/humble _=/usr/bin/env /usr/bin/cmake --install /home/bfg2h/bumperbot_ws/build/bumperbot_controller
[0.954s] Level 1:colcon.colcon_core.environment:create_environment_scripts_only(bumperbot_controller)
[0.955s] Level 1:colcon.colcon_core.environment:checking '/home/bfg2h/bumperbot_ws/install/bumperbot_controller' for CMake module files
[0.955s] DEBUG:colcon.colcon_core.event_handler.log_command:Invoked command in '/home/bfg2h/bumperbot_ws/build/bumperbot_controller' returned '0': CMAKE_PREFIX_PATH=${CMAKE_PREFIX_PATH}:/home/bfg2h/bumperbot_ws/install/bumperbot_py_examples:/home/bfg2h/ros2_ws/install/my_py_pkg:/home/bfg2h/udemy_ws/install/self_driving_car_pkg:/opt/ros/humble _=/usr/bin/env /usr/bin/cmake --install /home/bfg2h/bumperbot_ws/build/bumperbot_controller
[0.955s] Level 1:colcon.colcon_core.environment:checking '/home/bfg2h/bumperbot_ws/install/bumperbot_controller' for CMake config files
[0.956s] Level 1:colcon.colcon_core.shell:create_environment_hook('bumperbot_controller', 'cmake_prefix_path')
[0.956s] INFO:colcon.colcon_core.shell:Creating environment hook '/home/bfg2h/bumperbot_ws/install/bumperbot_controller/share/bumperbot_controller/hook/cmake_prefix_path.ps1'
[0.956s] INFO:colcon.colcon_core.shell:Creating environment descriptor '/home/bfg2h/bumperbot_ws/install/bumperbot_controller/share/bumperbot_controller/hook/cmake_prefix_path.dsv'
[0.956s] INFO:colcon.colcon_core.shell:Creating environment hook '/home/bfg2h/bumperbot_ws/install/bumperbot_controller/share/bumperbot_controller/hook/cmake_prefix_path.sh'
[0.957s] Level 1:colcon.colcon_core.environment:checking '/home/bfg2h/bumperbot_ws/install/bumperbot_controller/lib'
[0.957s] Level 1:colcon.colcon_core.environment:checking '/home/bfg2h/bumperbot_ws/install/bumperbot_controller/bin'
[0.957s] Level 1:colcon.colcon_core.environment:checking '/home/bfg2h/bumperbot_ws/install/bumperbot_controller/lib/pkgconfig/bumperbot_controller.pc'
[0.957s] Level 1:colcon.colcon_core.environment:checking '/home/bfg2h/bumperbot_ws/install/bumperbot_controller/lib/python3.10/site-packages'
[0.958s] Level 1:colcon.colcon_core.environment:checking '/home/bfg2h/bumperbot_ws/install/bumperbot_controller/bin'
[0.958s] INFO:colcon.colcon_core.shell:Creating package script '/home/bfg2h/bumperbot_ws/install/bumperbot_controller/share/bumperbot_controller/package.ps1'
[0.958s] INFO:colcon.colcon_core.shell:Creating package descriptor '/home/bfg2h/bumperbot_ws/install/bumperbot_controller/share/bumperbot_controller/package.dsv'
[0.959s] INFO:colcon.colcon_core.shell:Creating package script '/home/bfg2h/bumperbot_ws/install/bumperbot_controller/share/bumperbot_controller/package.sh'
[0.959s] INFO:colcon.colcon_core.shell:Creating package script '/home/bfg2h/bumperbot_ws/install/bumperbot_controller/share/bumperbot_controller/package.bash'
[0.959s] INFO:colcon.colcon_core.shell:Creating package script '/home/bfg2h/bumperbot_ws/install/bumperbot_controller/share/bumperbot_controller/package.zsh'
[0.960s] Level 1:colcon.colcon_core.environment:create_file_with_runtime_dependencies(/home/bfg2h/bumperbot_ws/install/bumperbot_controller/share/colcon-core/packages/bumperbot_controller)
[0.962s] DEBUG:colcon.colcon_core.event_handler.log_command:Invoking command in '/home/bfg2h/bumperbot_ws/build/bumperbot_msgs': CMAKE_PREFIX_PATH=${CMAKE_PREFIX_PATH}:/home/bfg2h/bumperbot_ws/install/bumperbot_py_examples:/home/bfg2h/ros2_ws/install/my_py_pkg:/home/bfg2h/udemy_ws/install/self_driving_car_pkg:/opt/ros/humble _=/usr/bin/env /usr/bin/cmake --install /home/bfg2h/bumperbot_ws/build/bumperbot_msgs
[0.984s] Level 1:colcon.colcon_core.environment:create_environment_scripts_only(bumperbot_controller)
[0.984s] Level 1:colcon.colcon_core.environment:checking '/home/bfg2h/bumperbot_ws/install/bumperbot_controller' for CMake module files
[0.985s] Level 1:colcon.colcon_core.environment:checking '/home/bfg2h/bumperbot_ws/install/bumperbot_controller' for CMake config files
[0.985s] Level 1:colcon.colcon_core.shell:create_environment_hook('bumperbot_controller', 'cmake_prefix_path')
[0.985s] INFO:colcon.colcon_core.shell:Creating environment hook '/home/bfg2h/bumperbot_ws/install/bumperbot_controller/share/bumperbot_controller/hook/cmake_prefix_path.ps1'
[0.986s] INFO:colcon.colcon_core.shell:Creating environment descriptor '/home/bfg2h/bumperbot_ws/install/bumperbot_controller/share/bumperbot_controller/hook/cmake_prefix_path.dsv'
[0.986s] INFO:colcon.colcon_core.shell:Creating environment hook '/home/bfg2h/bumperbot_ws/install/bumperbot_controller/share/bumperbot_controller/hook/cmake_prefix_path.sh'
[0.986s] Level 1:colcon.colcon_core.environment:checking '/home/bfg2h/bumperbot_ws/install/bumperbot_controller/lib'
[0.986s] Level 1:colcon.colcon_core.environment:checking '/home/bfg2h/bumperbot_ws/install/bumperbot_controller/bin'
[0.986s] Level 1:colcon.colcon_core.environment:checking '/home/bfg2h/bumperbot_ws/install/bumperbot_controller/lib/pkgconfig/bumperbot_controller.pc'
[0.987s] Level 1:colcon.colcon_core.environment:checking '/home/bfg2h/bumperbot_ws/install/bumperbot_controller/lib/python3.10/site-packages'
[0.987s] Level 1:colcon.colcon_core.environment:checking '/home/bfg2h/bumperbot_ws/install/bumperbot_controller/bin'
[0.987s] INFO:colcon.colcon_core.shell:Creating package script '/home/bfg2h/bumperbot_ws/install/bumperbot_controller/share/bumperbot_controller/package.ps1'
[0.988s] INFO:colcon.colcon_core.shell:Creating package descriptor '/home/bfg2h/bumperbot_ws/install/bumperbot_controller/share/bumperbot_controller/package.dsv'
[0.988s] INFO:colcon.colcon_core.shell:Creating package script '/home/bfg2h/bumperbot_ws/install/bumperbot_controller/share/bumperbot_controller/package.sh'
[0.988s] INFO:colcon.colcon_core.shell:Creating package script '/home/bfg2h/bumperbot_ws/install/bumperbot_controller/share/bumperbot_controller/package.bash'
[0.989s] INFO:colcon.colcon_core.shell:Creating package script '/home/bfg2h/bumperbot_ws/install/bumperbot_controller/share/bumperbot_controller/package.zsh'
[0.989s] Level 1:colcon.colcon_core.environment:create_file_with_runtime_dependencies(/home/bfg2h/bumperbot_ws/install/bumperbot_controller/share/colcon-core/packages/bumperbot_controller)
[1.009s] Level 1:colcon.colcon_core.environment:create_environment_scripts_only(bumperbot_msgs)
[1.009s] Level 1:colcon.colcon_core.environment:checking '/home/bfg2h/bumperbot_ws/install/bumperbot_msgs' for CMake module files
[1.009s] DEBUG:colcon.colcon_core.event_handler.log_command:Invoked command in '/home/bfg2h/bumperbot_ws/build/bumperbot_msgs' returned '0': CMAKE_PREFIX_PATH=${CMAKE_PREFIX_PATH}:/home/bfg2h/bumperbot_ws/install/bumperbot_py_examples:/home/bfg2h/ros2_ws/install/my_py_pkg:/home/bfg2h/udemy_ws/install/self_driving_car_pkg:/opt/ros/humble _=/usr/bin/env /usr/bin/cmake --install /home/bfg2h/bumperbot_ws/build/bumperbot_msgs
[1.010s] Level 1:colcon.colcon_core.environment:checking '/home/bfg2h/bumperbot_ws/install/bumperbot_msgs' for CMake config files
[1.011s] Level 1:colcon.colcon_core.shell:create_environment_hook('bumperbot_msgs', 'cmake_prefix_path')
[1.011s] INFO:colcon.colcon_core.shell:Creating environment hook '/home/bfg2h/bumperbot_ws/install/bumperbot_msgs/share/bumperbot_msgs/hook/cmake_prefix_path.ps1'
[1.011s] INFO:colcon.colcon_core.shell:Creating environment descriptor '/home/bfg2h/bumperbot_ws/install/bumperbot_msgs/share/bumperbot_msgs/hook/cmake_prefix_path.dsv'
[1.012s] INFO:colcon.colcon_core.shell:Creating environment hook '/home/bfg2h/bumperbot_ws/install/bumperbot_msgs/share/bumperbot_msgs/hook/cmake_prefix_path.sh'
[1.012s] Level 1:colcon.colcon_core.environment:checking '/home/bfg2h/bumperbot_ws/install/bumperbot_msgs/lib'
[1.012s] Level 1:colcon.colcon_core.shell:create_environment_hook('bumperbot_msgs', 'ld_library_path_lib')
[1.012s] INFO:colcon.colcon_core.shell:Creating environment hook '/home/bfg2h/bumperbot_ws/install/bumperbot_msgs/share/bumperbot_msgs/hook/ld_library_path_lib.ps1'
[1.013s] INFO:colcon.colcon_core.shell:Creating environment descriptor '/home/bfg2h/bumperbot_ws/install/bumperbot_msgs/share/bumperbot_msgs/hook/ld_library_path_lib.dsv'
[1.013s] INFO:colcon.colcon_core.shell:Creating environment hook '/home/bfg2h/bumperbot_ws/install/bumperbot_msgs/share/bumperbot_msgs/hook/ld_library_path_lib.sh'
[1.013s] Level 1:colcon.colcon_core.environment:checking '/home/bfg2h/bumperbot_ws/install/bumperbot_msgs/bin'
[1.013s] Level 1:colcon.colcon_core.environment:checking '/home/bfg2h/bumperbot_ws/install/bumperbot_msgs/lib/pkgconfig/bumperbot_msgs.pc'
[1.014s] Level 1:colcon.colcon_core.environment:checking '/home/bfg2h/bumperbot_ws/install/bumperbot_msgs/lib/python3.10/site-packages'
[1.014s] Level 1:colcon.colcon_core.environment:checking '/home/bfg2h/bumperbot_ws/install/bumperbot_msgs/bin'
[1.014s] INFO:colcon.colcon_core.shell:Creating package script '/home/bfg2h/bumperbot_ws/install/bumperbot_msgs/share/bumperbot_msgs/package.ps1'
[1.015s] INFO:colcon.colcon_core.shell:Creating package descriptor '/home/bfg2h/bumperbot_ws/install/bumperbot_msgs/share/bumperbot_msgs/package.dsv'
[1.015s] INFO:colcon.colcon_core.shell:Creating package script '/home/bfg2h/bumperbot_ws/install/bumperbot_msgs/share/bumperbot_msgs/package.sh'
[1.015s] INFO:colcon.colcon_core.shell:Creating package script '/home/bfg2h/bumperbot_ws/install/bumperbot_msgs/share/bumperbot_msgs/package.bash'
[1.016s] INFO:colcon.colcon_core.shell:Creating package script '/home/bfg2h/bumperbot_ws/install/bumperbot_msgs/share/bumperbot_msgs/package.zsh'
[1.016s] Level 1:colcon.colcon_core.environment:create_file_with_runtime_dependencies(/home/bfg2h/bumperbot_ws/install/bumperbot_msgs/share/colcon-core/packages/bumperbot_msgs)
[1.093s] Level 1:colcon.colcon_core.environment:create_environment_scripts_only(bumperbot_msgs)
[1.093s] Level 1:colcon.colcon_core.environment:checking '/home/bfg2h/bumperbot_ws/install/bumperbot_msgs' for CMake module files
[1.094s] Level 1:colcon.colcon_core.environment:checking '/home/bfg2h/bumperbot_ws/install/bumperbot_msgs' for CMake config files
[1.094s] Level 1:colcon.colcon_core.shell:create_environment_hook('bumperbot_msgs', 'cmake_prefix_path')
[1.094s] INFO:colcon.colcon_core.shell:Creating environment hook '/home/bfg2h/bumperbot_ws/install/bumperbot_msgs/share/bumperbot_msgs/hook/cmake_prefix_path.ps1'
[1.095s] INFO:colcon.colcon_core.shell:Creating environment descriptor '/home/bfg2h/bumperbot_ws/install/bumperbot_msgs/share/bumperbot_msgs/hook/cmake_prefix_path.dsv'
[1.095s] INFO:colcon.colcon_core.shell:Creating environment hook '/home/bfg2h/bumperbot_ws/install/bumperbot_msgs/share/bumperbot_msgs/hook/cmake_prefix_path.sh'
[1.096s] Level 1:colcon.colcon_core.environment:checking '/home/bfg2h/bumperbot_ws/install/bumperbot_msgs/lib'
[1.096s] Level 1:colcon.colcon_core.shell:create_environment_hook('bumperbot_msgs', 'ld_library_path_lib')
[1.096s] INFO:colcon.colcon_core.shell:Creating environment hook '/home/bfg2h/bumperbot_ws/install/bumperbot_msgs/share/bumperbot_msgs/hook/ld_library_path_lib.ps1'
[1.096s] INFO:colcon.colcon_core.shell:Creating environment descriptor '/home/bfg2h/bumperbot_ws/install/bumperbot_msgs/share/bumperbot_msgs/hook/ld_library_path_lib.dsv'
[1.097s] INFO:colcon.colcon_core.shell:Creating environment hook '/home/bfg2h/bumperbot_ws/install/bumperbot_msgs/share/bumperbot_msgs/hook/ld_library_path_lib.sh'
[1.097s] Level 1:colcon.colcon_core.environment:checking '/home/bfg2h/bumperbot_ws/install/bumperbot_msgs/bin'
[1.097s] Level 1:colcon.colcon_core.environment:checking '/home/bfg2h/bumperbot_ws/install/bumperbot_msgs/lib/pkgconfig/bumperbot_msgs.pc'
[1.097s] Level 1:colcon.colcon_core.environment:checking '/home/bfg2h/bumperbot_ws/install/bumperbot_msgs/lib/python3.10/site-packages'
[1.098s] Level 1:colcon.colcon_core.environment:checking '/home/bfg2h/bumperbot_ws/install/bumperbot_msgs/bin'
[1.098s] INFO:colcon.colcon_core.shell:Creating package script '/home/bfg2h/bumperbot_ws/install/bumperbot_msgs/share/bumperbot_msgs/package.ps1'
[1.098s] INFO:colcon.colcon_core.shell:Creating package descriptor '/home/bfg2h/bumperbot_ws/install/bumperbot_msgs/share/bumperbot_msgs/package.dsv'
[1.099s] INFO:colcon.colcon_core.shell:Creating package script '/home/bfg2h/bumperbot_ws/install/bumperbot_msgs/share/bumperbot_msgs/package.sh'
[1.099s] INFO:colcon.colcon_core.shell:Creating package script '/home/bfg2h/bumperbot_ws/install/bumperbot_msgs/share/bumperbot_msgs/package.bash'
[1.100s] INFO:colcon.colcon_core.shell:Creating package script '/home/bfg2h/bumperbot_ws/install/bumperbot_msgs/share/bumperbot_msgs/package.zsh'
[1.100s] Level 1:colcon.colcon_core.environment:create_file_with_runtime_dependencies(/home/bfg2h/bumperbot_ws/install/bumperbot_msgs/share/colcon-core/packages/bumperbot_msgs)
[1.100s] INFO:colcon.colcon_ros.task.ament_cmake.build:Building ROS package in '/home/bfg2h/bumperbot_ws/src/bumperbot_cpp_examples' with build type 'ament_cmake'
[1.100s] INFO:colcon.colcon_cmake.task.cmake.build:Building CMake package in '/home/bfg2h/bumperbot_ws/src/bumperbot_cpp_examples'
[1.101s] INFO:colcon.colcon_core.shell:Skip shell extension 'powershell' for command environment: Not usable outside of PowerShell
[1.101s] DEBUG:colcon.colcon_core.shell:Skip shell extension 'dsv' for command environment
[1.105s] INFO:colcon.colcon_ros.task.ament_python.build:Building ROS package in '/home/bfg2h/bumperbot_ws/src/bumperbot_py_examples' with build type 'ament_python'
[1.106s] Level 1:colcon.colcon_core.shell:create_environment_hook('bumperbot_py_examples', 'ament_prefix_path')
[1.106s] INFO:colcon.colcon_core.shell:Creating environment hook '/home/bfg2h/bumperbot_ws/install/bumperbot_py_examples/share/bumperbot_py_examples/hook/ament_prefix_path.ps1'
[1.106s] INFO:colcon.colcon_core.shell:Creating environment descriptor '/home/bfg2h/bumperbot_ws/install/bumperbot_py_examples/share/bumperbot_py_examples/hook/ament_prefix_path.dsv'
[1.106s] INFO:colcon.colcon_core.shell:Creating environment hook '/home/bfg2h/bumperbot_ws/install/bumperbot_py_examples/share/bumperbot_py_examples/hook/ament_prefix_path.sh'
[1.107s] INFO:colcon.colcon_core.shell:Skip shell extension 'powershell' for command environment: Not usable outside of PowerShell
[1.107s] DEBUG:colcon.colcon_core.shell:Skip shell extension 'dsv' for command environment
[1.115s] DEBUG:colcon.colcon_core.event_handler.log_command:Invoking command in '/home/bfg2h/bumperbot_ws/build/bumperbot_cpp_examples': CMAKE_PREFIX_PATH=/home/bfg2h/bumperbot_ws/install/bumperbot_msgs:/home/bfg2h/turtlebot3_ws/install/turtlebot3_simulations:/home/bfg2h/turtlebot3_ws/install/turtlebot3_gazebo:/home/bfg2h/turtlebot3_ws/install/turtlebot3_fake_node:/home/bfg2h/bumperbot_ws/install/bumperbot_cpp_examples:/home/bfg2h/bumperbot_ws/install/bumperbot_description:/home/bfg2h/bumperbot_ws/install/bumperbot_controller:/home/bfg2h/ros2_ws/install/my_cpp_pkg:/home/bfg2h/arduinobot_ws/install/arduinobot_description:/home/bfg2h/arduinobot_ws/install/arduinobot_cpp_examples:/home/bfg2h/arduinobot_ws/install/arduinobot_controller:/home/bfg2h/bumperbot_ws/install/bumperbot_py_examples:/home/bfg2h/ros2_ws/install/my_py_pkg:/home/bfg2h/udemy_ws/install/self_driving_car_pkg:/opt/ros/humble LD_LIBRARY_PATH=/home/bfg2h/bumperbot_ws/install/bumperbot_msgs/lib:/usr/lib/x86_64-linux-gnu/gazebo-11/plugins:/opt/ros/humble/opt/rviz_ogre_vendor/lib:/opt/ros/humble/lib/x86_64-linux-gnu:/opt/ros/humble/lib:/usr/share/gazebo/../../lib/x86_64-linux-gnu/gazebo-11/plugins _=/usr/bin/env /usr/bin/cmake --build /home/bfg2h/bumperbot_ws/build/bumperbot_cpp_examples -- -j16 -l16
[1.428s] INFO:colcon.colcon_core.task.python.build:Building Python package in '/home/bfg2h/bumperbot_ws/src/bumperbot_py_examples'
[1.429s] INFO:colcon.colcon_core.shell:Skip shell extension 'powershell' for command environment: Not usable outside of PowerShell
[1.429s] DEBUG:colcon.colcon_core.shell:Skip shell extension 'dsv' for command environment
[1.434s] DEBUG:colcon.colcon_core.event_handler.log_command:Invoked command in '/home/bfg2h/bumperbot_ws/build/bumperbot_cpp_examples' returned '0': CMAKE_PREFIX_PATH=/home/bfg2h/bumperbot_ws/install/bumperbot_msgs:/home/bfg2h/turtlebot3_ws/install/turtlebot3_simulations:/home/bfg2h/turtlebot3_ws/install/turtlebot3_gazebo:/home/bfg2h/turtlebot3_ws/install/turtlebot3_fake_node:/home/bfg2h/bumperbot_ws/install/bumperbot_cpp_examples:/home/bfg2h/bumperbot_ws/install/bumperbot_description:/home/bfg2h/bumperbot_ws/install/bumperbot_controller:/home/bfg2h/ros2_ws/install/my_cpp_pkg:/home/bfg2h/arduinobot_ws/install/arduinobot_description:/home/bfg2h/arduinobot_ws/install/arduinobot_cpp_examples:/home/bfg2h/arduinobot_ws/install/arduinobot_controller:/home/bfg2h/bumperbot_ws/install/bumperbot_py_examples:/home/bfg2h/ros2_ws/install/my_py_pkg:/home/bfg2h/udemy_ws/install/self_driving_car_pkg:/opt/ros/humble LD_LIBRARY_PATH=/home/bfg2h/bumperbot_ws/install/bumperbot_msgs/lib:/usr/lib/x86_64-linux-gnu/gazebo-11/plugins:/opt/ros/humble/opt/rviz_ogre_vendor/lib:/opt/ros/humble/lib/x86_64-linux-gnu:/opt/ros/humble/lib:/usr/share/gazebo/../../lib/x86_64-linux-gnu/gazebo-11/plugins _=/usr/bin/env /usr/bin/cmake --build /home/bfg2h/bumperbot_ws/build/bumperbot_cpp_examples -- -j16 -l16
[1.478s] DEBUG:colcon.colcon_core.event_handler.log_command:Invoking command in '/home/bfg2h/bumperbot_ws/build/bumperbot_cpp_examples': CMAKE_PREFIX_PATH=/home/bfg2h/bumperbot_ws/install/bumperbot_msgs:/home/bfg2h/turtlebot3_ws/install/turtlebot3_simulations:/home/bfg2h/turtlebot3_ws/install/turtlebot3_gazebo:/home/bfg2h/turtlebot3_ws/install/turtlebot3_fake_node:/home/bfg2h/bumperbot_ws/install/bumperbot_cpp_examples:/home/bfg2h/bumperbot_ws/install/bumperbot_description:/home/bfg2h/bumperbot_ws/install/bumperbot_controller:/home/bfg2h/ros2_ws/install/my_cpp_pkg:/home/bfg2h/arduinobot_ws/install/arduinobot_description:/home/bfg2h/arduinobot_ws/install/arduinobot_cpp_examples:/home/bfg2h/arduinobot_ws/install/arduinobot_controller:/home/bfg2h/bumperbot_ws/install/bumperbot_py_examples:/home/bfg2h/ros2_ws/install/my_py_pkg:/home/bfg2h/udemy_ws/install/self_driving_car_pkg:/opt/ros/humble LD_LIBRARY_PATH=/home/bfg2h/bumperbot_ws/install/bumperbot_msgs/lib:/usr/lib/x86_64-linux-gnu/gazebo-11/plugins:/opt/ros/humble/opt/rviz_ogre_vendor/lib:/opt/ros/humble/lib/x86_64-linux-gnu:/opt/ros/humble/lib:/usr/share/gazebo/../../lib/x86_64-linux-gnu/gazebo-11/plugins _=/usr/bin/env /usr/bin/cmake --install /home/bfg2h/bumperbot_ws/build/bumperbot_cpp_examples
[1.487s] Level 1:colcon.colcon_core.environment:create_environment_scripts_only(bumperbot_cpp_examples)
[1.487s] Level 1:colcon.colcon_core.environment:checking '/home/bfg2h/bumperbot_ws/install/bumperbot_cpp_examples' for CMake module files
[1.487s] DEBUG:colcon.colcon_core.event_handler.log_command:Invoked command in '/home/bfg2h/bumperbot_ws/build/bumperbot_cpp_examples' returned '0': CMAKE_PREFIX_PATH=/home/bfg2h/bumperbot_ws/install/bumperbot_msgs:/home/bfg2h/turtlebot3_ws/install/turtlebot3_simulations:/home/bfg2h/turtlebot3_ws/install/turtlebot3_gazebo:/home/bfg2h/turtlebot3_ws/install/turtlebot3_fake_node:/home/bfg2h/bumperbot_ws/install/bumperbot_cpp_examples:/home/bfg2h/bumperbot_ws/install/bumperbot_description:/home/bfg2h/bumperbot_ws/install/bumperbot_controller:/home/bfg2h/ros2_ws/install/my_cpp_pkg:/home/bfg2h/arduinobot_ws/install/arduinobot_description:/home/bfg2h/arduinobot_ws/install/arduinobot_cpp_examples:/home/bfg2h/arduinobot_ws/install/arduinobot_controller:/home/bfg2h/bumperbot_ws/install/bumperbot_py_examples:/home/bfg2h/ros2_ws/install/my_py_pkg:/home/bfg2h/udemy_ws/install/self_driving_car_pkg:/opt/ros/humble LD_LIBRARY_PATH=/home/bfg2h/bumperbot_ws/install/bumperbot_msgs/lib:/usr/lib/x86_64-linux-gnu/gazebo-11/plugins:/opt/ros/humble/opt/rviz_ogre_vendor/lib:/opt/ros/humble/lib/x86_64-linux-gnu:/opt/ros/humble/lib:/usr/share/gazebo/../../lib/x86_64-linux-gnu/gazebo-11/plugins _=/usr/bin/env /usr/bin/cmake --install /home/bfg2h/bumperbot_ws/build/bumperbot_cpp_examples
[1.488s] Level 1:colcon.colcon_core.environment:checking '/home/bfg2h/bumperbot_ws/install/bumperbot_cpp_examples' for CMake config files
[1.488s] Level 1:colcon.colcon_core.shell:create_environment_hook('bumperbot_cpp_examples', 'cmake_prefix_path')
[1.488s] INFO:colcon.colcon_core.shell:Creating environment hook '/home/bfg2h/bumperbot_ws/install/bumperbot_cpp_examples/share/bumperbot_cpp_examples/hook/cmake_prefix_path.ps1'
[1.488s] INFO:colcon.colcon_core.shell:Creating environment descriptor '/home/bfg2h/bumperbot_ws/install/bumperbot_cpp_examples/share/bumperbot_cpp_examples/hook/cmake_prefix_path.dsv'
[1.489s] INFO:colcon.colcon_core.shell:Creating environment hook '/home/bfg2h/bumperbot_ws/install/bumperbot_cpp_examples/share/bumperbot_cpp_examples/hook/cmake_prefix_path.sh'
[1.489s] Level 1:colcon.colcon_core.environment:checking '/home/bfg2h/bumperbot_ws/install/bumperbot_cpp_examples/lib'
[1.489s] Level 1:colcon.colcon_core.environment:checking '/home/bfg2h/bumperbot_ws/install/bumperbot_cpp_examples/bin'
[1.489s] Level 1:colcon.colcon_core.environment:checking '/home/bfg2h/bumperbot_ws/install/bumperbot_cpp_examples/lib/pkgconfig/bumperbot_cpp_examples.pc'
[1.490s] Level 1:colcon.colcon_core.environment:checking '/home/bfg2h/bumperbot_ws/install/bumperbot_cpp_examples/lib/python3.10/site-packages'
[1.490s] Level 1:colcon.colcon_core.environment:checking '/home/bfg2h/bumperbot_ws/install/bumperbot_cpp_examples/bin'
[1.490s] INFO:colcon.colcon_core.shell:Creating package script '/home/bfg2h/bumperbot_ws/install/bumperbot_cpp_examples/share/bumperbot_cpp_examples/package.ps1'
[1.490s] INFO:colcon.colcon_core.shell:Creating package descriptor '/home/bfg2h/bumperbot_ws/install/bumperbot_cpp_examples/share/bumperbot_cpp_examples/package.dsv'
[1.491s] INFO:colcon.colcon_core.shell:Creating package script '/home/bfg2h/bumperbot_ws/install/bumperbot_cpp_examples/share/bumperbot_cpp_examples/package.sh'
[1.491s] INFO:colcon.colcon_core.shell:Creating package script '/home/bfg2h/bumperbot_ws/install/bumperbot_cpp_examples/share/bumperbot_cpp_examples/package.bash'
[1.491s] INFO:colcon.colcon_core.shell:Creating package script '/home/bfg2h/bumperbot_ws/install/bumperbot_cpp_examples/share/bumperbot_cpp_examples/package.zsh'
[1.492s] Level 1:colcon.colcon_core.environment:create_file_with_runtime_dependencies(/home/bfg2h/bumperbot_ws/install/bumperbot_cpp_examples/share/colcon-core/packages/bumperbot_cpp_examples)
[1.532s] Level 1:colcon.colcon_core.environment:create_environment_scripts_only(bumperbot_cpp_examples)
[1.533s] Level 1:colcon.colcon_core.environment:checking '/home/bfg2h/bumperbot_ws/install/bumperbot_cpp_examples' for CMake module files
[1.533s] Level 1:colcon.colcon_core.environment:checking '/home/bfg2h/bumperbot_ws/install/bumperbot_cpp_examples' for CMake config files
[1.533s] Level 1:colcon.colcon_core.shell:create_environment_hook('bumperbot_cpp_examples', 'cmake_prefix_path')
[1.534s] INFO:colcon.colcon_core.shell:Creating environment hook '/home/bfg2h/bumperbot_ws/install/bumperbot_cpp_examples/share/bumperbot_cpp_examples/hook/cmake_prefix_path.ps1'
[1.534s] INFO:colcon.colcon_core.shell:Creating environment descriptor '/home/bfg2h/bumperbot_ws/install/bumperbot_cpp_examples/share/bumperbot_cpp_examples/hook/cmake_prefix_path.dsv'
[1.534s] INFO:colcon.colcon_core.shell:Creating environment hook '/home/bfg2h/bumperbot_ws/install/bumperbot_cpp_examples/share/bumperbot_cpp_examples/hook/cmake_prefix_path.sh'
[1.535s] Level 1:colcon.colcon_core.environment:checking '/home/bfg2h/bumperbot_ws/install/bumperbot_cpp_examples/lib'
[1.535s] Level 1:colcon.colcon_core.environment:checking '/home/bfg2h/bumperbot_ws/install/bumperbot_cpp_examples/bin'
[1.535s] Level 1:colcon.colcon_core.environment:checking '/home/bfg2h/bumperbot_ws/install/bumperbot_cpp_examples/lib/pkgconfig/bumperbot_cpp_examples.pc'
[1.535s] Level 1:colcon.colcon_core.environment:checking '/home/bfg2h/bumperbot_ws/install/bumperbot_cpp_examples/lib/python3.10/site-packages'
[1.535s] Level 1:colcon.colcon_core.environment:checking '/home/bfg2h/bumperbot_ws/install/bumperbot_cpp_examples/bin'
[1.536s] INFO:colcon.colcon_core.shell:Creating package script '/home/bfg2h/bumperbot_ws/install/bumperbot_cpp_examples/share/bumperbot_cpp_examples/package.ps1'
[1.536s] INFO:colcon.colcon_core.shell:Creating package descriptor '/home/bfg2h/bumperbot_ws/install/bumperbot_cpp_examples/share/bumperbot_cpp_examples/package.dsv'
[1.536s] INFO:colcon.colcon_core.shell:Creating package script '/home/bfg2h/bumperbot_ws/install/bumperbot_cpp_examples/share/bumperbot_cpp_examples/package.sh'
[1.537s] INFO:colcon.colcon_core.shell:Creating package script '/home/bfg2h/bumperbot_ws/install/bumperbot_cpp_examples/share/bumperbot_cpp_examples/package.bash'
[1.537s] INFO:colcon.colcon_core.shell:Creating package script '/home/bfg2h/bumperbot_ws/install/bumperbot_cpp_examples/share/bumperbot_cpp_examples/package.zsh'
[1.538s] Level 1:colcon.colcon_core.environment:create_file_with_runtime_dependencies(/home/bfg2h/bumperbot_ws/install/bumperbot_cpp_examples/share/colcon-core/packages/bumperbot_cpp_examples)
[1.839s] DEBUG:colcon.colcon_core.event_handler.log_command:Invoking command in '/home/bfg2h/bumperbot_ws/src/bumperbot_py_examples': CMAKE_PREFIX_PATH=/home/bfg2h/bumperbot_ws/install/bumperbot_msgs:/home/bfg2h/turtlebot3_ws/install/turtlebot3_simulations:/home/bfg2h/turtlebot3_ws/install/turtlebot3_gazebo:/home/bfg2h/turtlebot3_ws/install/turtlebot3_fake_node:/home/bfg2h/bumperbot_ws/install/bumperbot_cpp_examples:/home/bfg2h/bumperbot_ws/install/bumperbot_description:/home/bfg2h/bumperbot_ws/install/bumperbot_controller:/home/bfg2h/ros2_ws/install/my_cpp_pkg:/home/bfg2h/arduinobot_ws/install/arduinobot_description:/home/bfg2h/arduinobot_ws/install/arduinobot_cpp_examples:/home/bfg2h/arduinobot_ws/install/arduinobot_controller LD_LIBRARY_PATH=/home/bfg2h/bumperbot_ws/install/bumperbot_msgs/lib:/usr/lib/x86_64-linux-gnu/gazebo-11/plugins:/opt/ros/humble/opt/rviz_ogre_vendor/lib:/opt/ros/humble/lib/x86_64-linux-gnu:/opt/ros/humble/lib:/usr/share/gazebo/../../lib/x86_64-linux-gnu/gazebo-11/plugins PYTHONPATH=/home/bfg2h/bumperbot_ws/build/bumperbot_py_examples/prefix_override:/usr/lib/python3/dist-packages/colcon_core/task/python/colcon_distutils_commands:/home/bfg2h/bumperbot_ws/install/bumperbot_py_examples/lib/python3.10/site-packages:${PYTHONPATH} _=/usr/bin/env /usr/bin/python3 -W ignore:setup.py install is deprecated setup.py egg_info --egg-base ../../build/bumperbot_py_examples build --build-base /home/bfg2h/bumperbot_ws/build/bumperbot_py_examples/build install --record /home/bfg2h/bumperbot_ws/build/bumperbot_py_examples/install.log --single-version-externally-managed install_data
[2.152s] Level 1:colcon.colcon_core.environment:checking '/home/bfg2h/bumperbot_ws/install/bumperbot_py_examples' for CMake module files
[2.153s] DEBUG:colcon.colcon_core.event_handler.log_command:Invoked command in '/home/bfg2h/bumperbot_ws/src/bumperbot_py_examples' returned '0': CMAKE_PREFIX_PATH=/home/bfg2h/bumperbot_ws/install/bumperbot_msgs:/home/bfg2h/turtlebot3_ws/install/turtlebot3_simulations:/home/bfg2h/turtlebot3_ws/install/turtlebot3_gazebo:/home/bfg2h/turtlebot3_ws/install/turtlebot3_fake_node:/home/bfg2h/bumperbot_ws/install/bumperbot_cpp_examples:/home/bfg2h/bumperbot_ws/install/bumperbot_description:/home/bfg2h/bumperbot_ws/install/bumperbot_controller:/home/bfg2h/ros2_ws/install/my_cpp_pkg:/home/bfg2h/arduinobot_ws/install/arduinobot_description:/home/bfg2h/arduinobot_ws/install/arduinobot_cpp_examples:/home/bfg2h/arduinobot_ws/install/arduinobot_controller LD_LIBRARY_PATH=/home/bfg2h/bumperbot_ws/install/bumperbot_msgs/lib:/usr/lib/x86_64-linux-gnu/gazebo-11/plugins:/opt/ros/humble/opt/rviz_ogre_vendor/lib:/opt/ros/humble/lib/x86_64-linux-gnu:/opt/ros/humble/lib:/usr/share/gazebo/../../lib/x86_64-linux-gnu/gazebo-11/plugins PYTHONPATH=/home/bfg2h/bumperbot_ws/build/bumperbot_py_examples/prefix_override:/usr/lib/python3/dist-packages/colcon_core/task/python/colcon_distutils_commands:/home/bfg2h/bumperbot_ws/install/bumperbot_py_examples/lib/python3.10/site-packages:${PYTHONPATH} _=/usr/bin/env /usr/bin/python3 -W ignore:setup.py install is deprecated setup.py egg_info --egg-base ../../build/bumperbot_py_examples build --build-base /home/bfg2h/bumperbot_ws/build/bumperbot_py_examples/build install --record /home/bfg2h/bumperbot_ws/build/bumperbot_py_examples/install.log --single-version-externally-managed install_data
[2.153s] Level 1:colcon.colcon_core.environment:checking '/home/bfg2h/bumperbot_ws/install/bumperbot_py_examples' for CMake config files
[2.153s] Level 1:colcon.colcon_core.environment:checking '/home/bfg2h/bumperbot_ws/install/bumperbot_py_examples/lib'
[2.153s] Level 1:colcon.colcon_core.environment:checking '/home/bfg2h/bumperbot_ws/install/bumperbot_py_examples/bin'
[2.153s] Level 1:colcon.colcon_core.environment:checking '/home/bfg2h/bumperbot_ws/install/bumperbot_py_examples/lib/pkgconfig/bumperbot_py_examples.pc'
[2.154s] Level 1:colcon.colcon_core.environment:checking '/home/bfg2h/bumperbot_ws/install/bumperbot_py_examples/lib/python3.10/site-packages'
[2.154s] Level 1:colcon.colcon_core.shell:create_environment_hook('bumperbot_py_examples', 'pythonpath')
[2.154s] INFO:colcon.colcon_core.shell:Creating environment hook '/home/bfg2h/bumperbot_ws/install/bumperbot_py_examples/share/bumperbot_py_examples/hook/pythonpath.ps1'
[2.154s] INFO:colcon.colcon_core.shell:Creating environment descriptor '/home/bfg2h/bumperbot_ws/install/bumperbot_py_examples/share/bumperbot_py_examples/hook/pythonpath.dsv'
[2.155s] INFO:colcon.colcon_core.shell:Creating environment hook '/home/bfg2h/bumperbot_ws/install/bumperbot_py_examples/share/bumperbot_py_examples/hook/pythonpath.sh'
[2.155s] Level 1:colcon.colcon_core.environment:checking '/home/bfg2h/bumperbot_ws/install/bumperbot_py_examples/bin'
[2.155s] Level 1:colcon.colcon_core.environment:create_environment_scripts_only(bumperbot_py_examples)
[2.155s] INFO:colcon.colcon_core.shell:Creating package script '/home/bfg2h/bumperbot_ws/install/bumperbot_py_examples/share/bumperbot_py_examples/package.ps1'
[2.156s] INFO:colcon.colcon_core.shell:Creating package descriptor '/home/bfg2h/bumperbot_ws/install/bumperbot_py_examples/share/bumperbot_py_examples/package.dsv'
[2.156s] INFO:colcon.colcon_core.shell:Creating package script '/home/bfg2h/bumperbot_ws/install/bumperbot_py_examples/share/bumperbot_py_examples/package.sh'
[2.157s] INFO:colcon.colcon_core.shell:Creating package script '/home/bfg2h/bumperbot_ws/install/bumperbot_py_examples/share/bumperbot_py_examples/package.bash'
[2.157s] INFO:colcon.colcon_core.shell:Creating package script '/home/bfg2h/bumperbot_ws/install/bumperbot_py_examples/share/bumperbot_py_examples/package.zsh'
[2.157s] Level 1:colcon.colcon_core.environment:create_file_with_runtime_dependencies(/home/bfg2h/bumperbot_ws/install/bumperbot_py_examples/share/colcon-core/packages/bumperbot_py_examples)
[2.158s] DEBUG:colcon.colcon_parallel_executor.executor.parallel:closing loop
[2.158s] DEBUG:colcon.colcon_parallel_executor.executor.parallel:loop closed
[2.158s] DEBUG:colcon.colcon_parallel_executor.executor.parallel:run_until_complete finished with '0'
[2.158s] DEBUG:colcon.colcon_core.event_reactor:joining thread
[2.162s] INFO:colcon.colcon_core.plugin_system:Skipping extension 'colcon_notification.desktop_notification.terminal_notifier': Not used on non-Darwin systems
[2.162s] INFO:colcon.colcon_core.plugin_system:Skipping extension 'colcon_notification.desktop_notification.win32': Not used on non-Windows systems
[2.163s] INFO:colcon.colcon_notification.desktop_notification:Sending desktop notification using 'notify2'
[2.167s] DEBUG:colcon.colcon_core.event_reactor:joined thread
[2.167s] INFO:colcon.colcon_core.shell:Creating prefix script '/home/bfg2h/bumperbot_ws/install/local_setup.ps1'
[2.168s] INFO:colcon.colcon_core.shell:Creating prefix util module '/home/bfg2h/bumperbot_ws/install/_local_setup_util_ps1.py'
[2.169s] INFO:colcon.colcon_core.shell:Creating prefix chain script '/home/bfg2h/bumperbot_ws/install/setup.ps1'
[2.171s] INFO:colcon.colcon_core.shell:Creating prefix script '/home/bfg2h/bumperbot_ws/install/local_setup.sh'
[2.171s] INFO:colcon.colcon_core.shell:Creating prefix util module '/home/bfg2h/bumperbot_ws/install/_local_setup_util_sh.py'
[2.172s] INFO:colcon.colcon_core.shell:Creating prefix chain script '/home/bfg2h/bumperbot_ws/install/setup.sh'
[2.173s] INFO:colcon.colcon_core.shell:Creating prefix script '/home/bfg2h/bumperbot_ws/install/local_setup.bash'
[2.173s] INFO:colcon.colcon_core.shell:Creating prefix chain script '/home/bfg2h/bumperbot_ws/install/setup.bash'
[2.175s] INFO:colcon.colcon_core.shell:Creating prefix script '/home/bfg2h/bumperbot_ws/install/local_setup.zsh'
[2.175s] INFO:colcon.colcon_core.shell:Creating prefix chain script '/home/bfg2h/bumperbot_ws/install/setup.zsh'
