[0.725s] Invoking command in '/home/bfg2h/bumperbot_ws/src/bumperbot_py_examples': PYTHONPATH=/home/bfg2h/bumperbot_ws/build/bumperbot_py_examples/prefix_override:/usr/lib/python3/dist-packages/colcon_core/task/python/colcon_distutils_commands:/home/bfg2h/bumperbot_ws/install/bumperbot_py_examples/lib/python3.10/site-packages:${PYTHONPATH} _=/usr/bin/env /usr/bin/python3 -W ignore:setup.py install is deprecated setup.py egg_info --egg-base ../../build/bumperbot_py_examples build --build-base /home/bfg2h/bumperbot_ws/build/bumperbot_py_examples/build install --record /home/bfg2h/bumperbot_ws/build/bumperbot_py_examples/install.log --single-version-externally-managed install_data
[1.014s] running egg_info
[1.014s] writing ../../build/bumperbot_py_examples/bumperbot_py_examples.egg-info/PKG-INFO
[1.015s] writing dependency_links to ../../build/bumperbot_py_examples/bumperbot_py_examples.egg-info/dependency_links.txt
[1.015s] writing entry points to ../../build/bumperbot_py_examples/bumperbot_py_examples.egg-info/entry_points.txt
[1.015s] writing requirements to ../../build/bumperbot_py_examples/bumperbot_py_examples.egg-info/requires.txt
[1.015s] writing top-level names to ../../build/bumperbot_py_examples/bumperbot_py_examples.egg-info/top_level.txt
[1.016s] reading manifest file '../../build/bumperbot_py_examples/bumperbot_py_examples.egg-info/SOURCES.txt'
[1.017s] writing manifest file '../../build/bumperbot_py_examples/bumperbot_py_examples.egg-info/SOURCES.txt'
[1.017s] running build
[1.017s] running build_py
[1.017s] running install
[1.018s] running install_lib
[1.019s] running install_data
[1.019s] running install_egg_info
[1.020s] removing '/home/bfg2h/bumperbot_ws/install/bumperbot_py_examples/lib/python3.10/site-packages/bumperbot_py_examples-0.0.0-py3.10.egg-info' (and everything under it)
[1.021s] Copying ../../build/bumperbot_py_examples/bumperbot_py_examples.egg-info to /home/bfg2h/bumperbot_ws/install/bumperbot_py_examples/lib/python3.10/site-packages/bumperbot_py_examples-0.0.0-py3.10.egg-info
[1.021s] running install_scripts
[1.038s] Installing simple_parameter script to /home/bfg2h/bumperbot_ws/install/bumperbot_py_examples/lib/bumperbot_py_examples
[1.038s] Installing simple_publisher script to /home/bfg2h/bumperbot_ws/install/bumperbot_py_examples/lib/bumperbot_py_examples
[1.038s] Installing simple_subscriber script to /home/bfg2h/bumperbot_ws/install/bumperbot_py_examples/lib/bumperbot_py_examples
[1.038s] Installing simple_turtlesim_kinematics script to /home/bfg2h/bumperbot_ws/install/bumperbot_py_examples/lib/bumperbot_py_examples
[1.038s] writing list of installed files to '/home/bfg2h/bumperbot_ws/build/bumperbot_py_examples/install.log'
[1.057s] Invoked command in '/home/bfg2h/bumperbot_ws/src/bumperbot_py_examples' returned '0': PYTHONPATH=/home/bfg2h/bumperbot_ws/build/bumperbot_py_examples/prefix_override:/usr/lib/python3/dist-packages/colcon_core/task/python/colcon_distutils_commands:/home/bfg2h/bumperbot_ws/install/bumperbot_py_examples/lib/python3.10/site-packages:${PYTHONPATH} _=/usr/bin/env /usr/bin/python3 -W ignore:setup.py install is deprecated setup.py egg_info --egg-base ../../build/bumperbot_py_examples build --build-base /home/bfg2h/bumperbot_ws/build/bumperbot_py_examples/build install --record /home/bfg2h/bumperbot_ws/build/bumperbot_py_examples/install.log --single-version-externally-managed install_data
