[0.033s] Invoking command in '/home/bfg2h/bumperbot_ws/build/bumperbot_msgs': CMAKE_PREFIX_PATH=${CMAKE_PREFIX_PATH}:/home/bfg2h/bumperbot_ws/install/bumperbot_py_examples:/home/bfg2h/ros2_ws/install/my_py_pkg:/home/bfg2h/udemy_ws/install/self_driving_car_pkg:/opt/ros/humble _=/usr/bin/env /usr/bin/cmake --build /home/bfg2h/bumperbot_ws/build/bumperbot_msgs -- -j16 -l16
[0.075s] [  2%] Built target bumperbot_msgs__cpp
[0.078s] [ 12%] Built target bumperbot_msgs__rosidl_generator_c
[0.102s] [ 12%] Built target ament_cmake_python_copy_bumperbot_msgs
[0.202s] [ 27%] Built target bumperbot_msgs__rosidl_typesupport_c
[0.203s] [ 40%] Built target bumperbot_msgs__rosidl_typesupport_introspection_cpp
[0.203s] [ 44%] Built target bumperbot_msgs__rosidl_typesupport_cpp
[0.206s] [ 55%] Built target bumperbot_msgs__rosidl_typesupport_fastrtps_cpp
[0.212s] [ 65%] Built target bumperbot_msgs__rosidl_typesupport_introspection_c
[0.221s] [ 76%] Built target bumperbot_msgs__rosidl_typesupport_fastrtps_c
[0.225s] [ 76%] Built target bumperbot_msgs
[0.225s] [ 78%] Built target bumperbot_msgs__py
[0.225s] [ 87%] Built target bumperbot_msgs__rosidl_generator_py
[0.225s] [ 95%] Built target bumperbot_msgs__rosidl_typesupport_introspection_c__pyext
[0.225s] [ 95%] Built target bumperbot_msgs__rosidl_typesupport_fastrtps_c__pyext
[0.225s] [100%] Built target bumperbot_msgs__rosidl_typesupport_c__pyext
[0.423s] running egg_info
[0.424s] writing bumperbot_msgs.egg-info/PKG-INFO
[0.424s] writing dependency_links to bumperbot_msgs.egg-info/dependency_links.txt
[0.424s] writing top-level names to bumperbot_msgs.egg-info/top_level.txt
[0.427s] reading manifest file 'bumperbot_msgs.egg-info/SOURCES.txt'
[0.427s] writing manifest file 'bumperbot_msgs.egg-info/SOURCES.txt'
[0.457s] [100%] Built target ament_cmake_python_build_bumperbot_msgs_egg
[0.467s] Invoked command in '/home/bfg2h/bumperbot_ws/build/bumperbot_msgs' returned '0': CMAKE_PREFIX_PATH=${CMAKE_PREFIX_PATH}:/home/bfg2h/bumperbot_ws/install/bumperbot_py_examples:/home/bfg2h/ros2_ws/install/my_py_pkg:/home/bfg2h/udemy_ws/install/self_driving_car_pkg:/opt/ros/humble _=/usr/bin/env /usr/bin/cmake --build /home/bfg2h/bumperbot_ws/build/bumperbot_msgs -- -j16 -l16
[0.469s] Invoking command in '/home/bfg2h/bumperbot_ws/build/bumperbot_msgs': CMAKE_PREFIX_PATH=${CMAKE_PREFIX_PATH}:/home/bfg2h/bumperbot_ws/install/bumperbot_py_examples:/home/bfg2h/ros2_ws/install/my_py_pkg:/home/bfg2h/udemy_ws/install/self_driving_car_pkg:/opt/ros/humble _=/usr/bin/env /usr/bin/cmake --install /home/bfg2h/bumperbot_ws/build/bumperbot_msgs
[0.475s] -- Install configuration: ""
[0.476s] -- Up-to-date: /home/bfg2h/bumperbot_ws/install/bumperbot_msgs/share/ament_index/resource_index/rosidl_interfaces/bumperbot_msgs
[0.476s] -- Up-to-date: /home/bfg2h/bumperbot_ws/install/bumperbot_msgs/include/bumperbot_msgs/bumperbot_msgs
[0.476s] -- Up-to-date: /home/bfg2h/bumperbot_ws/install/bumperbot_msgs/include/bumperbot_msgs/bumperbot_msgs/srv
[0.476s] -- Up-to-date: /home/bfg2h/bumperbot_ws/install/bumperbot_msgs/include/bumperbot_msgs/bumperbot_msgs/srv/get_transform.h
[0.476s] -- Up-to-date: /home/bfg2h/bumperbot_ws/install/bumperbot_msgs/include/bumperbot_msgs/bumperbot_msgs/srv/detail
[0.476s] -- Up-to-date: /home/bfg2h/bumperbot_ws/install/bumperbot_msgs/include/bumperbot_msgs/bumperbot_msgs/srv/detail/get_transform__type_support.h
[0.476s] -- Up-to-date: /home/bfg2h/bumperbot_ws/install/bumperbot_msgs/include/bumperbot_msgs/bumperbot_msgs/srv/detail/get_transform__functions.c
[0.477s] -- Up-to-date: /home/bfg2h/bumperbot_ws/install/bumperbot_msgs/include/bumperbot_msgs/bumperbot_msgs/srv/detail/add_two_ints__functions.h
[0.477s] -- Up-to-date: /home/bfg2h/bumperbot_ws/install/bumperbot_msgs/include/bumperbot_msgs/bumperbot_msgs/srv/detail/add_two_ints__type_support.h
[0.477s] -- Up-to-date: /home/bfg2h/bumperbot_ws/install/bumperbot_msgs/include/bumperbot_msgs/bumperbot_msgs/srv/detail/add_two_ints__functions.c
[0.477s] -- Up-to-date: /home/bfg2h/bumperbot_ws/install/bumperbot_msgs/include/bumperbot_msgs/bumperbot_msgs/srv/detail/get_transform__struct.h
[0.477s] -- Up-to-date: /home/bfg2h/bumperbot_ws/install/bumperbot_msgs/include/bumperbot_msgs/bumperbot_msgs/srv/detail/add_two_ints__struct.h
[0.477s] -- Up-to-date: /home/bfg2h/bumperbot_ws/install/bumperbot_msgs/include/bumperbot_msgs/bumperbot_msgs/srv/detail/get_transform__functions.h
[0.478s] -- Up-to-date: /home/bfg2h/bumperbot_ws/install/bumperbot_msgs/include/bumperbot_msgs/bumperbot_msgs/srv/add_two_ints.h
[0.478s] -- Up-to-date: /home/bfg2h/bumperbot_ws/install/bumperbot_msgs/include/bumperbot_msgs/bumperbot_msgs/action
[0.478s] -- Up-to-date: /home/bfg2h/bumperbot_ws/install/bumperbot_msgs/include/bumperbot_msgs/bumperbot_msgs/action/fibonacci.h
[0.478s] -- Up-to-date: /home/bfg2h/bumperbot_ws/install/bumperbot_msgs/include/bumperbot_msgs/bumperbot_msgs/action/detail
[0.478s] -- Up-to-date: /home/bfg2h/bumperbot_ws/install/bumperbot_msgs/include/bumperbot_msgs/bumperbot_msgs/action/detail/fibonacci__functions.h
[0.478s] -- Up-to-date: /home/bfg2h/bumperbot_ws/install/bumperbot_msgs/include/bumperbot_msgs/bumperbot_msgs/action/detail/fibonacci__type_support.h
[0.478s] -- Up-to-date: /home/bfg2h/bumperbot_ws/install/bumperbot_msgs/include/bumperbot_msgs/bumperbot_msgs/action/detail/fibonacci__struct.h
[0.478s] -- Up-to-date: /home/bfg2h/bumperbot_ws/install/bumperbot_msgs/include/bumperbot_msgs/bumperbot_msgs/action/detail/fibonacci__functions.c
[0.479s] -- Up-to-date: /home/bfg2h/bumperbot_ws/install/bumperbot_msgs/include/bumperbot_msgs/bumperbot_msgs/msg
[0.479s] -- Up-to-date: /home/bfg2h/bumperbot_ws/install/bumperbot_msgs/include/bumperbot_msgs/bumperbot_msgs/msg/rosidl_generator_c__visibility_control.h
[0.479s] -- Up-to-date: /home/bfg2h/bumperbot_ws/install/bumperbot_msgs/share/bumperbot_msgs/environment/library_path.sh
[0.479s] -- Up-to-date: /home/bfg2h/bumperbot_ws/install/bumperbot_msgs/share/bumperbot_msgs/environment/library_path.dsv
[0.479s] -- Up-to-date: /home/bfg2h/bumperbot_ws/install/bumperbot_msgs/lib/libbumperbot_msgs__rosidl_generator_c.so
[0.479s] -- Up-to-date: /home/bfg2h/bumperbot_ws/install/bumperbot_msgs/include/bumperbot_msgs/bumperbot_msgs
[0.479s] -- Up-to-date: /home/bfg2h/bumperbot_ws/install/bumperbot_msgs/include/bumperbot_msgs/bumperbot_msgs/srv
[0.480s] -- Up-to-date: /home/bfg2h/bumperbot_ws/install/bumperbot_msgs/include/bumperbot_msgs/bumperbot_msgs/srv/detail
[0.480s] -- Up-to-date: /home/bfg2h/bumperbot_ws/install/bumperbot_msgs/include/bumperbot_msgs/bumperbot_msgs/srv/detail/add_two_ints__rosidl_typesupport_fastrtps_c.h
[0.480s] -- Up-to-date: /home/bfg2h/bumperbot_ws/install/bumperbot_msgs/include/bumperbot_msgs/bumperbot_msgs/srv/detail/get_transform__rosidl_typesupport_fastrtps_c.h
[0.480s] -- Up-to-date: /home/bfg2h/bumperbot_ws/install/bumperbot_msgs/include/bumperbot_msgs/bumperbot_msgs/action
[0.480s] -- Up-to-date: /home/bfg2h/bumperbot_ws/install/bumperbot_msgs/include/bumperbot_msgs/bumperbot_msgs/action/detail
[0.480s] -- Up-to-date: /home/bfg2h/bumperbot_ws/install/bumperbot_msgs/include/bumperbot_msgs/bumperbot_msgs/action/detail/fibonacci__rosidl_typesupport_fastrtps_c.h
[0.480s] -- Up-to-date: /home/bfg2h/bumperbot_ws/install/bumperbot_msgs/include/bumperbot_msgs/bumperbot_msgs/msg
[0.480s] -- Up-to-date: /home/bfg2h/bumperbot_ws/install/bumperbot_msgs/include/bumperbot_msgs/bumperbot_msgs/msg/rosidl_typesupport_fastrtps_c__visibility_control.h
[0.481s] -- Up-to-date: /home/bfg2h/bumperbot_ws/install/bumperbot_msgs/lib/libbumperbot_msgs__rosidl_typesupport_fastrtps_c.so
[0.481s] -- Up-to-date: /home/bfg2h/bumperbot_ws/install/bumperbot_msgs/include/bumperbot_msgs/bumperbot_msgs
[0.481s] -- Up-to-date: /home/bfg2h/bumperbot_ws/install/bumperbot_msgs/include/bumperbot_msgs/bumperbot_msgs/srv
[0.481s] -- Up-to-date: /home/bfg2h/bumperbot_ws/install/bumperbot_msgs/include/bumperbot_msgs/bumperbot_msgs/srv/get_transform.hpp
[0.481s] -- Up-to-date: /home/bfg2h/bumperbot_ws/install/bumperbot_msgs/include/bumperbot_msgs/bumperbot_msgs/srv/detail
[0.481s] -- Up-to-date: /home/bfg2h/bumperbot_ws/install/bumperbot_msgs/include/bumperbot_msgs/bumperbot_msgs/srv/detail/get_transform__type_support.hpp
[0.481s] -- Up-to-date: /home/bfg2h/bumperbot_ws/install/bumperbot_msgs/include/bumperbot_msgs/bumperbot_msgs/srv/detail/add_two_ints__traits.hpp
[0.481s] -- Up-to-date: /home/bfg2h/bumperbot_ws/install/bumperbot_msgs/include/bumperbot_msgs/bumperbot_msgs/srv/detail/get_transform__traits.hpp
[0.481s] -- Up-to-date: /home/bfg2h/bumperbot_ws/install/bumperbot_msgs/include/bumperbot_msgs/bumperbot_msgs/srv/detail/get_transform__builder.hpp
[0.481s] -- Up-to-date: /home/bfg2h/bumperbot_ws/install/bumperbot_msgs/include/bumperbot_msgs/bumperbot_msgs/srv/detail/add_two_ints__type_support.hpp
[0.482s] -- Up-to-date: /home/bfg2h/bumperbot_ws/install/bumperbot_msgs/include/bumperbot_msgs/bumperbot_msgs/srv/detail/get_transform__struct.hpp
[0.482s] -- Up-to-date: /home/bfg2h/bumperbot_ws/install/bumperbot_msgs/include/bumperbot_msgs/bumperbot_msgs/srv/detail/add_two_ints__builder.hpp
[0.482s] -- Up-to-date: /home/bfg2h/bumperbot_ws/install/bumperbot_msgs/include/bumperbot_msgs/bumperbot_msgs/srv/detail/add_two_ints__struct.hpp
[0.482s] -- Up-to-date: /home/bfg2h/bumperbot_ws/install/bumperbot_msgs/include/bumperbot_msgs/bumperbot_msgs/srv/add_two_ints.hpp
[0.482s] -- Up-to-date: /home/bfg2h/bumperbot_ws/install/bumperbot_msgs/include/bumperbot_msgs/bumperbot_msgs/action
[0.482s] -- Up-to-date: /home/bfg2h/bumperbot_ws/install/bumperbot_msgs/include/bumperbot_msgs/bumperbot_msgs/action/fibonacci.hpp
[0.482s] -- Up-to-date: /home/bfg2h/bumperbot_ws/install/bumperbot_msgs/include/bumperbot_msgs/bumperbot_msgs/action/detail
[0.482s] -- Up-to-date: /home/bfg2h/bumperbot_ws/install/bumperbot_msgs/include/bumperbot_msgs/bumperbot_msgs/action/detail/fibonacci__traits.hpp
[0.482s] -- Up-to-date: /home/bfg2h/bumperbot_ws/install/bumperbot_msgs/include/bumperbot_msgs/bumperbot_msgs/action/detail/fibonacci__struct.hpp
[0.483s] -- Up-to-date: /home/bfg2h/bumperbot_ws/install/bumperbot_msgs/include/bumperbot_msgs/bumperbot_msgs/action/detail/fibonacci__builder.hpp
[0.483s] -- Up-to-date: /home/bfg2h/bumperbot_ws/install/bumperbot_msgs/include/bumperbot_msgs/bumperbot_msgs/action/detail/fibonacci__type_support.hpp
[0.483s] -- Up-to-date: /home/bfg2h/bumperbot_ws/install/bumperbot_msgs/include/bumperbot_msgs/bumperbot_msgs/msg
[0.483s] -- Up-to-date: /home/bfg2h/bumperbot_ws/install/bumperbot_msgs/include/bumperbot_msgs/bumperbot_msgs/msg/rosidl_generator_cpp__visibility_control.hpp
[0.483s] -- Up-to-date: /home/bfg2h/bumperbot_ws/install/bumperbot_msgs/include/bumperbot_msgs/bumperbot_msgs
[0.483s] -- Up-to-date: /home/bfg2h/bumperbot_ws/install/bumperbot_msgs/include/bumperbot_msgs/bumperbot_msgs/srv
[0.483s] -- Up-to-date: /home/bfg2h/bumperbot_ws/install/bumperbot_msgs/include/bumperbot_msgs/bumperbot_msgs/srv/detail
[0.483s] -- Up-to-date: /home/bfg2h/bumperbot_ws/install/bumperbot_msgs/include/bumperbot_msgs/bumperbot_msgs/srv/detail/get_transform__rosidl_typesupport_fastrtps_cpp.hpp
[0.483s] -- Up-to-date: /home/bfg2h/bumperbot_ws/install/bumperbot_msgs/include/bumperbot_msgs/bumperbot_msgs/srv/detail/add_two_ints__rosidl_typesupport_fastrtps_cpp.hpp
[0.483s] -- Up-to-date: /home/bfg2h/bumperbot_ws/install/bumperbot_msgs/include/bumperbot_msgs/bumperbot_msgs/srv/detail/dds_fastrtps
[0.484s] -- Up-to-date: /home/bfg2h/bumperbot_ws/install/bumperbot_msgs/include/bumperbot_msgs/bumperbot_msgs/action
[0.484s] -- Up-to-date: /home/bfg2h/bumperbot_ws/install/bumperbot_msgs/include/bumperbot_msgs/bumperbot_msgs/action/detail
[0.484s] -- Up-to-date: /home/bfg2h/bumperbot_ws/install/bumperbot_msgs/include/bumperbot_msgs/bumperbot_msgs/action/detail/fibonacci__rosidl_typesupport_fastrtps_cpp.hpp
[0.484s] -- Up-to-date: /home/bfg2h/bumperbot_ws/install/bumperbot_msgs/include/bumperbot_msgs/bumperbot_msgs/action/detail/dds_fastrtps
[0.484s] -- Up-to-date: /home/bfg2h/bumperbot_ws/install/bumperbot_msgs/include/bumperbot_msgs/bumperbot_msgs/msg
[0.484s] -- Up-to-date: /home/bfg2h/bumperbot_ws/install/bumperbot_msgs/include/bumperbot_msgs/bumperbot_msgs/msg/rosidl_typesupport_fastrtps_cpp__visibility_control.h
[0.484s] -- Up-to-date: /home/bfg2h/bumperbot_ws/install/bumperbot_msgs/lib/libbumperbot_msgs__rosidl_typesupport_fastrtps_cpp.so
[0.484s] -- Up-to-date: /home/bfg2h/bumperbot_ws/install/bumperbot_msgs/include/bumperbot_msgs/bumperbot_msgs
[0.484s] -- Up-to-date: /home/bfg2h/bumperbot_ws/install/bumperbot_msgs/include/bumperbot_msgs/bumperbot_msgs/srv
[0.484s] -- Up-to-date: /home/bfg2h/bumperbot_ws/install/bumperbot_msgs/include/bumperbot_msgs/bumperbot_msgs/srv/detail
[0.484s] -- Up-to-date: /home/bfg2h/bumperbot_ws/install/bumperbot_msgs/include/bumperbot_msgs/bumperbot_msgs/srv/detail/get_transform__rosidl_typesupport_introspection_c.h
[0.484s] -- Up-to-date: /home/bfg2h/bumperbot_ws/install/bumperbot_msgs/include/bumperbot_msgs/bumperbot_msgs/srv/detail/get_transform__type_support.c
[0.485s] -- Up-to-date: /home/bfg2h/bumperbot_ws/install/bumperbot_msgs/include/bumperbot_msgs/bumperbot_msgs/srv/detail/add_two_ints__type_support.c
[0.485s] -- Up-to-date: /home/bfg2h/bumperbot_ws/install/bumperbot_msgs/include/bumperbot_msgs/bumperbot_msgs/srv/detail/add_two_ints__rosidl_typesupport_introspection_c.h
[0.485s] -- Up-to-date: /home/bfg2h/bumperbot_ws/install/bumperbot_msgs/include/bumperbot_msgs/bumperbot_msgs/action
[0.485s] -- Up-to-date: /home/bfg2h/bumperbot_ws/install/bumperbot_msgs/include/bumperbot_msgs/bumperbot_msgs/action/detail
[0.485s] -- Up-to-date: /home/bfg2h/bumperbot_ws/install/bumperbot_msgs/include/bumperbot_msgs/bumperbot_msgs/action/detail/fibonacci__rosidl_typesupport_introspection_c.h
[0.485s] -- Up-to-date: /home/bfg2h/bumperbot_ws/install/bumperbot_msgs/include/bumperbot_msgs/bumperbot_msgs/action/detail/fibonacci__type_support.c
[0.485s] -- Up-to-date: /home/bfg2h/bumperbot_ws/install/bumperbot_msgs/include/bumperbot_msgs/bumperbot_msgs/msg
[0.485s] -- Up-to-date: /home/bfg2h/bumperbot_ws/install/bumperbot_msgs/include/bumperbot_msgs/bumperbot_msgs/msg/rosidl_typesupport_introspection_c__visibility_control.h
[0.485s] -- Up-to-date: /home/bfg2h/bumperbot_ws/install/bumperbot_msgs/lib/libbumperbot_msgs__rosidl_typesupport_introspection_c.so
[0.485s] -- Up-to-date: /home/bfg2h/bumperbot_ws/install/bumperbot_msgs/lib/libbumperbot_msgs__rosidl_typesupport_c.so
[0.486s] -- Up-to-date: /home/bfg2h/bumperbot_ws/install/bumperbot_msgs/include/bumperbot_msgs/bumperbot_msgs
[0.486s] -- Up-to-date: /home/bfg2h/bumperbot_ws/install/bumperbot_msgs/include/bumperbot_msgs/bumperbot_msgs/srv
[0.486s] -- Up-to-date: /home/bfg2h/bumperbot_ws/install/bumperbot_msgs/include/bumperbot_msgs/bumperbot_msgs/srv/detail
[0.486s] -- Up-to-date: /home/bfg2h/bumperbot_ws/install/bumperbot_msgs/include/bumperbot_msgs/bumperbot_msgs/srv/detail/add_two_ints__rosidl_typesupport_introspection_cpp.hpp
[0.486s] -- Up-to-date: /home/bfg2h/bumperbot_ws/install/bumperbot_msgs/include/bumperbot_msgs/bumperbot_msgs/srv/detail/add_two_ints__type_support.cpp
[0.486s] -- Up-to-date: /home/bfg2h/bumperbot_ws/install/bumperbot_msgs/include/bumperbot_msgs/bumperbot_msgs/srv/detail/get_transform__type_support.cpp
[0.486s] -- Up-to-date: /home/bfg2h/bumperbot_ws/install/bumperbot_msgs/include/bumperbot_msgs/bumperbot_msgs/srv/detail/get_transform__rosidl_typesupport_introspection_cpp.hpp
[0.486s] -- Up-to-date: /home/bfg2h/bumperbot_ws/install/bumperbot_msgs/include/bumperbot_msgs/bumperbot_msgs/action
[0.486s] -- Up-to-date: /home/bfg2h/bumperbot_ws/install/bumperbot_msgs/include/bumperbot_msgs/bumperbot_msgs/action/detail
[0.486s] -- Up-to-date: /home/bfg2h/bumperbot_ws/install/bumperbot_msgs/include/bumperbot_msgs/bumperbot_msgs/action/detail/fibonacci__rosidl_typesupport_introspection_cpp.hpp
[0.486s] -- Up-to-date: /home/bfg2h/bumperbot_ws/install/bumperbot_msgs/include/bumperbot_msgs/bumperbot_msgs/action/detail/fibonacci__type_support.cpp
[0.486s] -- Up-to-date: /home/bfg2h/bumperbot_ws/install/bumperbot_msgs/lib/libbumperbot_msgs__rosidl_typesupport_introspection_cpp.so
[0.487s] -- Up-to-date: /home/bfg2h/bumperbot_ws/install/bumperbot_msgs/lib/libbumperbot_msgs__rosidl_typesupport_cpp.so
[0.487s] -- Up-to-date: /home/bfg2h/bumperbot_ws/install/bumperbot_msgs/share/bumperbot_msgs/environment/pythonpath.sh
[0.488s] -- Up-to-date: /home/bfg2h/bumperbot_ws/install/bumperbot_msgs/share/bumperbot_msgs/environment/pythonpath.dsv
[0.488s] -- Up-to-date: /home/bfg2h/bumperbot_ws/install/bumperbot_msgs/local/lib/python3.10/dist-packages/bumperbot_msgs-0.0.0-py3.10.egg-info
[0.488s] -- Installing: /home/bfg2h/bumperbot_ws/install/bumperbot_msgs/local/lib/python3.10/dist-packages/bumperbot_msgs-0.0.0-py3.10.egg-info/top_level.txt
[0.489s] -- Installing: /home/bfg2h/bumperbot_ws/install/bumperbot_msgs/local/lib/python3.10/dist-packages/bumperbot_msgs-0.0.0-py3.10.egg-info/PKG-INFO
[0.489s] -- Installing: /home/bfg2h/bumperbot_ws/install/bumperbot_msgs/local/lib/python3.10/dist-packages/bumperbot_msgs-0.0.0-py3.10.egg-info/SOURCES.txt
[0.489s] -- Installing: /home/bfg2h/bumperbot_ws/install/bumperbot_msgs/local/lib/python3.10/dist-packages/bumperbot_msgs-0.0.0-py3.10.egg-info/dependency_links.txt
[0.489s] -- Up-to-date: /home/bfg2h/bumperbot_ws/install/bumperbot_msgs/local/lib/python3.10/dist-packages/bumperbot_msgs
[0.489s] -- Up-to-date: /home/bfg2h/bumperbot_ws/install/bumperbot_msgs/local/lib/python3.10/dist-packages/bumperbot_msgs/srv
[0.489s] -- Up-to-date: /home/bfg2h/bumperbot_ws/install/bumperbot_msgs/local/lib/python3.10/dist-packages/bumperbot_msgs/srv/__init__.py
[0.489s] -- Up-to-date: /home/bfg2h/bumperbot_ws/install/bumperbot_msgs/local/lib/python3.10/dist-packages/bumperbot_msgs/srv/_get_transform.py
[0.490s] -- Up-to-date: /home/bfg2h/bumperbot_ws/install/bumperbot_msgs/local/lib/python3.10/dist-packages/bumperbot_msgs/srv/_add_two_ints.py
[0.490s] -- Up-to-date: /home/bfg2h/bumperbot_ws/install/bumperbot_msgs/local/lib/python3.10/dist-packages/bumperbot_msgs/srv/_add_two_ints_s.c
[0.490s] -- Up-to-date: /home/bfg2h/bumperbot_ws/install/bumperbot_msgs/local/lib/python3.10/dist-packages/bumperbot_msgs/srv/_get_transform_s.c
[0.490s] -- Up-to-date: /home/bfg2h/bumperbot_ws/install/bumperbot_msgs/local/lib/python3.10/dist-packages/bumperbot_msgs/action
[0.490s] -- Up-to-date: /home/bfg2h/bumperbot_ws/install/bumperbot_msgs/local/lib/python3.10/dist-packages/bumperbot_msgs/action/__init__.py
[0.490s] -- Up-to-date: /home/bfg2h/bumperbot_ws/install/bumperbot_msgs/local/lib/python3.10/dist-packages/bumperbot_msgs/action/_fibonacci.py
[0.490s] -- Up-to-date: /home/bfg2h/bumperbot_ws/install/bumperbot_msgs/local/lib/python3.10/dist-packages/bumperbot_msgs/action/_fibonacci_s.c
[0.490s] -- Up-to-date: /home/bfg2h/bumperbot_ws/install/bumperbot_msgs/local/lib/python3.10/dist-packages/bumperbot_msgs/__init__.py
[0.490s] -- Up-to-date: /home/bfg2h/bumperbot_ws/install/bumperbot_msgs/local/lib/python3.10/dist-packages/bumperbot_msgs/libbumperbot_msgs__rosidl_generator_py.so
[0.490s] -- Up-to-date: /home/bfg2h/bumperbot_ws/install/bumperbot_msgs/local/lib/python3.10/dist-packages/bumperbot_msgs/bumperbot_msgs_s__rosidl_typesupport_introspection_c.cpython-310-x86_64-linux-gnu.so
[0.490s] -- Up-to-date: /home/bfg2h/bumperbot_ws/install/bumperbot_msgs/local/lib/python3.10/dist-packages/bumperbot_msgs/_bumperbot_msgs_s.ep.rosidl_typesupport_introspection_c.c
[0.490s] -- Up-to-date: /home/bfg2h/bumperbot_ws/install/bumperbot_msgs/local/lib/python3.10/dist-packages/bumperbot_msgs/_bumperbot_msgs_s.ep.rosidl_typesupport_c.c
[0.490s] -- Up-to-date: /home/bfg2h/bumperbot_ws/install/bumperbot_msgs/local/lib/python3.10/dist-packages/bumperbot_msgs/bumperbot_msgs_s__rosidl_typesupport_c.cpython-310-x86_64-linux-gnu.so
[0.490s] -- Up-to-date: /home/bfg2h/bumperbot_ws/install/bumperbot_msgs/local/lib/python3.10/dist-packages/bumperbot_msgs/bumperbot_msgs_s__rosidl_typesupport_fastrtps_c.cpython-310-x86_64-linux-gnu.so
[0.490s] -- Up-to-date: /home/bfg2h/bumperbot_ws/install/bumperbot_msgs/local/lib/python3.10/dist-packages/bumperbot_msgs/_bumperbot_msgs_s.ep.rosidl_typesupport_fastrtps_c.c
[0.517s] Listing '/home/bfg2h/bumperbot_ws/install/bumperbot_msgs/local/lib/python3.10/dist-packages/bumperbot_msgs'...
[0.517s] Listing '/home/bfg2h/bumperbot_ws/install/bumperbot_msgs/local/lib/python3.10/dist-packages/bumperbot_msgs/action'...
[0.517s] Listing '/home/bfg2h/bumperbot_ws/install/bumperbot_msgs/local/lib/python3.10/dist-packages/bumperbot_msgs/srv'...
[0.521s] -- Up-to-date: /home/bfg2h/bumperbot_ws/install/bumperbot_msgs/local/lib/python3.10/dist-packages/bumperbot_msgs/bumperbot_msgs_s__rosidl_typesupport_fastrtps_c.cpython-310-x86_64-linux-gnu.so
[0.521s] -- Up-to-date: /home/bfg2h/bumperbot_ws/install/bumperbot_msgs/local/lib/python3.10/dist-packages/bumperbot_msgs/bumperbot_msgs_s__rosidl_typesupport_introspection_c.cpython-310-x86_64-linux-gnu.so
[0.521s] -- Up-to-date: /home/bfg2h/bumperbot_ws/install/bumperbot_msgs/local/lib/python3.10/dist-packages/bumperbot_msgs/bumperbot_msgs_s__rosidl_typesupport_c.cpython-310-x86_64-linux-gnu.so
[0.522s] -- Up-to-date: /home/bfg2h/bumperbot_ws/install/bumperbot_msgs/lib/libbumperbot_msgs__rosidl_generator_py.so
[0.522s] -- Up-to-date: /home/bfg2h/bumperbot_ws/install/bumperbot_msgs/share/bumperbot_msgs/srv/AddTwoInts.idl
[0.522s] -- Up-to-date: /home/bfg2h/bumperbot_ws/install/bumperbot_msgs/share/bumperbot_msgs/srv/GetTransform.idl
[0.522s] -- Up-to-date: /home/bfg2h/bumperbot_ws/install/bumperbot_msgs/share/bumperbot_msgs/action/Fibonacci.idl
[0.522s] -- Up-to-date: /home/bfg2h/bumperbot_ws/install/bumperbot_msgs/share/bumperbot_msgs/srv/AddTwoInts.srv
[0.522s] -- Up-to-date: /home/bfg2h/bumperbot_ws/install/bumperbot_msgs/share/bumperbot_msgs/srv/AddTwoInts_Request.msg
[0.522s] -- Up-to-date: /home/bfg2h/bumperbot_ws/install/bumperbot_msgs/share/bumperbot_msgs/srv/AddTwoInts_Response.msg
[0.522s] -- Up-to-date: /home/bfg2h/bumperbot_ws/install/bumperbot_msgs/share/bumperbot_msgs/srv/GetTransform.srv
[0.522s] -- Up-to-date: /home/bfg2h/bumperbot_ws/install/bumperbot_msgs/share/bumperbot_msgs/srv/GetTransform_Request.msg
[0.523s] -- Up-to-date: /home/bfg2h/bumperbot_ws/install/bumperbot_msgs/share/bumperbot_msgs/srv/GetTransform_Response.msg
[0.523s] -- Up-to-date: /home/bfg2h/bumperbot_ws/install/bumperbot_msgs/share/bumperbot_msgs/action/Fibonacci.action
[0.523s] -- Up-to-date: /home/bfg2h/bumperbot_ws/install/bumperbot_msgs/share/ament_index/resource_index/package_run_dependencies/bumperbot_msgs
[0.523s] -- Up-to-date: /home/bfg2h/bumperbot_ws/install/bumperbot_msgs/share/ament_index/resource_index/parent_prefix_path/bumperbot_msgs
[0.523s] -- Up-to-date: /home/bfg2h/bumperbot_ws/install/bumperbot_msgs/share/bumperbot_msgs/environment/ament_prefix_path.sh
[0.523s] -- Up-to-date: /home/bfg2h/bumperbot_ws/install/bumperbot_msgs/share/bumperbot_msgs/environment/ament_prefix_path.dsv
[0.523s] -- Up-to-date: /home/bfg2h/bumperbot_ws/install/bumperbot_msgs/share/bumperbot_msgs/environment/path.sh
[0.523s] -- Up-to-date: /home/bfg2h/bumperbot_ws/install/bumperbot_msgs/share/bumperbot_msgs/environment/path.dsv
[0.523s] -- Up-to-date: /home/bfg2h/bumperbot_ws/install/bumperbot_msgs/share/bumperbot_msgs/local_setup.bash
[0.523s] -- Up-to-date: /home/bfg2h/bumperbot_ws/install/bumperbot_msgs/share/bumperbot_msgs/local_setup.sh
[0.523s] -- Up-to-date: /home/bfg2h/bumperbot_ws/install/bumperbot_msgs/share/bumperbot_msgs/local_setup.zsh
[0.523s] -- Up-to-date: /home/bfg2h/bumperbot_ws/install/bumperbot_msgs/share/bumperbot_msgs/local_setup.dsv
[0.523s] -- Installing: /home/bfg2h/bumperbot_ws/install/bumperbot_msgs/share/bumperbot_msgs/package.dsv
[0.523s] -- Up-to-date: /home/bfg2h/bumperbot_ws/install/bumperbot_msgs/share/ament_index/resource_index/packages/bumperbot_msgs
[0.524s] -- Up-to-date: /home/bfg2h/bumperbot_ws/install/bumperbot_msgs/share/bumperbot_msgs/cmake/export_bumperbot_msgs__rosidl_generator_cExport.cmake
[0.524s] -- Up-to-date: /home/bfg2h/bumperbot_ws/install/bumperbot_msgs/share/bumperbot_msgs/cmake/export_bumperbot_msgs__rosidl_generator_cExport-noconfig.cmake
[0.524s] -- Up-to-date: /home/bfg2h/bumperbot_ws/install/bumperbot_msgs/share/bumperbot_msgs/cmake/export_bumperbot_msgs__rosidl_typesupport_fastrtps_cExport.cmake
[0.525s] -- Up-to-date: /home/bfg2h/bumperbot_ws/install/bumperbot_msgs/share/bumperbot_msgs/cmake/export_bumperbot_msgs__rosidl_typesupport_fastrtps_cExport-noconfig.cmake
[0.525s] -- Up-to-date: /home/bfg2h/bumperbot_ws/install/bumperbot_msgs/share/bumperbot_msgs/cmake/export_bumperbot_msgs__rosidl_generator_cppExport.cmake
[0.525s] -- Up-to-date: /home/bfg2h/bumperbot_ws/install/bumperbot_msgs/share/bumperbot_msgs/cmake/export_bumperbot_msgs__rosidl_typesupport_fastrtps_cppExport.cmake
[0.525s] -- Up-to-date: /home/bfg2h/bumperbot_ws/install/bumperbot_msgs/share/bumperbot_msgs/cmake/export_bumperbot_msgs__rosidl_typesupport_fastrtps_cppExport-noconfig.cmake
[0.526s] -- Up-to-date: /home/bfg2h/bumperbot_ws/install/bumperbot_msgs/share/bumperbot_msgs/cmake/bumperbot_msgs__rosidl_typesupport_introspection_cExport.cmake
[0.526s] -- Up-to-date: /home/bfg2h/bumperbot_ws/install/bumperbot_msgs/share/bumperbot_msgs/cmake/bumperbot_msgs__rosidl_typesupport_introspection_cExport-noconfig.cmake
[0.526s] -- Up-to-date: /home/bfg2h/bumperbot_ws/install/bumperbot_msgs/share/bumperbot_msgs/cmake/bumperbot_msgs__rosidl_typesupport_cExport.cmake
[0.526s] -- Up-to-date: /home/bfg2h/bumperbot_ws/install/bumperbot_msgs/share/bumperbot_msgs/cmake/bumperbot_msgs__rosidl_typesupport_cExport-noconfig.cmake
[0.527s] -- Up-to-date: /home/bfg2h/bumperbot_ws/install/bumperbot_msgs/share/bumperbot_msgs/cmake/bumperbot_msgs__rosidl_typesupport_introspection_cppExport.cmake
[0.527s] -- Up-to-date: /home/bfg2h/bumperbot_ws/install/bumperbot_msgs/share/bumperbot_msgs/cmake/bumperbot_msgs__rosidl_typesupport_introspection_cppExport-noconfig.cmake
[0.527s] -- Up-to-date: /home/bfg2h/bumperbot_ws/install/bumperbot_msgs/share/bumperbot_msgs/cmake/bumperbot_msgs__rosidl_typesupport_cppExport.cmake
[0.527s] -- Up-to-date: /home/bfg2h/bumperbot_ws/install/bumperbot_msgs/share/bumperbot_msgs/cmake/bumperbot_msgs__rosidl_typesupport_cppExport-noconfig.cmake
[0.527s] -- Up-to-date: /home/bfg2h/bumperbot_ws/install/bumperbot_msgs/share/bumperbot_msgs/cmake/export_bumperbot_msgs__rosidl_generator_pyExport.cmake
[0.527s] -- Up-to-date: /home/bfg2h/bumperbot_ws/install/bumperbot_msgs/share/bumperbot_msgs/cmake/export_bumperbot_msgs__rosidl_generator_pyExport-noconfig.cmake
[0.528s] -- Up-to-date: /home/bfg2h/bumperbot_ws/install/bumperbot_msgs/share/bumperbot_msgs/cmake/rosidl_cmake-extras.cmake
[0.528s] -- Up-to-date: /home/bfg2h/bumperbot_ws/install/bumperbot_msgs/share/bumperbot_msgs/cmake/ament_cmake_export_dependencies-extras.cmake
[0.528s] -- Up-to-date: /home/bfg2h/bumperbot_ws/install/bumperbot_msgs/share/bumperbot_msgs/cmake/ament_cmake_export_include_directories-extras.cmake
[0.529s] -- Up-to-date: /home/bfg2h/bumperbot_ws/install/bumperbot_msgs/share/bumperbot_msgs/cmake/ament_cmake_export_libraries-extras.cmake
[0.529s] -- Up-to-date: /home/bfg2h/bumperbot_ws/install/bumperbot_msgs/share/bumperbot_msgs/cmake/ament_cmake_export_targets-extras.cmake
[0.529s] -- Up-to-date: /home/bfg2h/bumperbot_ws/install/bumperbot_msgs/share/bumperbot_msgs/cmake/rosidl_cmake_export_typesupport_targets-extras.cmake
[0.529s] -- Up-to-date: /home/bfg2h/bumperbot_ws/install/bumperbot_msgs/share/bumperbot_msgs/cmake/rosidl_cmake_export_typesupport_libraries-extras.cmake
[0.529s] -- Up-to-date: /home/bfg2h/bumperbot_ws/install/bumperbot_msgs/share/bumperbot_msgs/cmake/bumperbot_msgsConfig.cmake
[0.530s] -- Up-to-date: /home/bfg2h/bumperbot_ws/install/bumperbot_msgs/share/bumperbot_msgs/cmake/bumperbot_msgsConfig-version.cmake
[0.530s] -- Up-to-date: /home/bfg2h/bumperbot_ws/install/bumperbot_msgs/share/bumperbot_msgs/package.xml
[0.530s] Invoked command in '/home/bfg2h/bumperbot_ws/build/bumperbot_msgs' returned '0': CMAKE_PREFIX_PATH=${CMAKE_PREFIX_PATH}:/home/bfg2h/bumperbot_ws/install/bumperbot_py_examples:/home/bfg2h/ros2_ws/install/my_py_pkg:/home/bfg2h/udemy_ws/install/self_driving_car_pkg:/opt/ros/humble _=/usr/bin/env /usr/bin/cmake --install /home/bfg2h/bumperbot_ws/build/bumperbot_msgs
