[0.022s] Invoking command in '/home/bfg2h/bumperbot_ws/build/bumperbot_msgs': CMAKE_PREFIX_PATH=${CMAKE_PREFIX_PATH}:/home/bfg2h/bumperbot_ws/install/bumperbot_py_examples:/home/bfg2h/ros2_ws/install/my_py_pkg:/home/bfg2h/udemy_ws/install/self_driving_car_pkg:/opt/ros/humble _=/usr/bin/env /usr/bin/cmake /home/bfg2h/bumperbot_ws/src/bumperbot_msgs -DCMAKE_INSTALL_PREFIX=/home/bfg2h/bumperbot_ws/install/bumperbot_msgs
[0.060s] -- The C compiler identification is GNU 11.4.0
[0.100s] -- The CXX compiler identification is GNU 11.4.0
[0.107s] -- Detecting C compiler ABI info
[0.155s] -- Detecting C compiler ABI info - done
[0.160s] -- Check for working C compiler: /usr/bin/cc - skipped
[0.160s] -- Detecting C compile features
[0.161s] -- Detecting C compile features - done
[0.163s] -- Detecting CXX compiler ABI info
[0.213s] -- Detecting CXX compiler ABI info - done
[0.224s] -- Check for working CXX compiler: /usr/bin/c++ - skipped
[0.225s] -- Detecting CXX compile features
[0.225s] -- Detecting CXX compile features - done
[0.230s] -- Found ament_cmake: 1.3.10 (/opt/ros/humble/share/ament_cmake/cmake)
[0.355s] -- Found Python3: /usr/bin/python3 (found version "3.10.12") found components: Interpreter 
[0.444s] -- Found geometry_msgs: 4.2.4 (/opt/ros/humble/share/geometry_msgs/cmake)
[0.497s] -- Found rosidl_generator_c: 3.1.5 (/opt/ros/humble/share/rosidl_generator_c/cmake)
[0.503s] -- Found rosidl_adapter: 3.1.5 (/opt/ros/humble/share/rosidl_adapter/cmake)
[0.511s] -- Found rosidl_generator_cpp: 3.1.5 (/opt/ros/humble/share/rosidl_generator_cpp/cmake)
[0.523s] -- Using all available rosidl_typesupport_c: rosidl_typesupport_fastrtps_c;rosidl_typesupport_introspection_c
[0.539s] -- Using all available rosidl_typesupport_cpp: rosidl_typesupport_fastrtps_cpp;rosidl_typesupport_introspection_cpp
[0.575s] -- Found rosidl_default_generators: 1.2.0 (/opt/ros/humble/share/rosidl_default_generators/cmake)
[0.882s] -- Found ament_cmake_ros: 0.10.0 (/opt/ros/humble/share/ament_cmake_ros/cmake)
[1.287s] -- Using all available rosidl_typesupport_c: rosidl_typesupport_fastrtps_c;rosidl_typesupport_introspection_c
[1.440s] -- Using all available rosidl_typesupport_cpp: rosidl_typesupport_fastrtps_cpp;rosidl_typesupport_introspection_cpp
[1.462s] -- Found PythonInterp: /usr/bin/python3 (found suitable version "3.10.12", minimum required is "3.6") 
[1.465s] -- Found python_cmake_module: 0.10.0 (/opt/ros/humble/share/python_cmake_module/cmake)
[1.492s] -- Found PythonLibs: /usr/lib/x86_64-linux-gnu/libpython3.10.so (found suitable version "3.10.12", minimum required is "3.5") 
[1.492s] -- Using PYTHON_EXECUTABLE: /usr/bin/python3
[1.492s] -- Using PYTHON_INCLUDE_DIRS: /usr/include/python3.10
[1.492s] -- Using PYTHON_LIBRARIES: /usr/lib/x86_64-linux-gnu/libpython3.10.so
[1.513s] -- Found PythonExtra: .so  
[1.580s] -- Configuring done
[1.613s] -- Generating done
[1.616s] -- Build files have been written to: /home/bfg2h/bumperbot_ws/build/bumperbot_msgs
[1.626s] Invoked command in '/home/bfg2h/bumperbot_ws/build/bumperbot_msgs' returned '0': CMAKE_PREFIX_PATH=${CMAKE_PREFIX_PATH}:/home/bfg2h/bumperbot_ws/install/bumperbot_py_examples:/home/bfg2h/ros2_ws/install/my_py_pkg:/home/bfg2h/udemy_ws/install/self_driving_car_pkg:/opt/ros/humble _=/usr/bin/env /usr/bin/cmake /home/bfg2h/bumperbot_ws/src/bumperbot_msgs -DCMAKE_INSTALL_PREFIX=/home/bfg2h/bumperbot_ws/install/bumperbot_msgs
[1.627s] Invoking command in '/home/bfg2h/bumperbot_ws/build/bumperbot_msgs': CMAKE_PREFIX_PATH=${CMAKE_PREFIX_PATH}:/home/bfg2h/bumperbot_ws/install/bumperbot_py_examples:/home/bfg2h/ros2_ws/install/my_py_pkg:/home/bfg2h/udemy_ws/install/self_driving_car_pkg:/opt/ros/humble _=/usr/bin/env /usr/bin/cmake --build /home/bfg2h/bumperbot_ws/build/bumperbot_msgs -- -j16 -l16
[1.658s] [35m[1mConsolidate compiler generated dependencies of target bumperbot_msgs__rosidl_generator_c[0m
[1.665s] [  2%] Built target bumperbot_msgs__cpp
[1.666s] [ 12%] Built target bumperbot_msgs__rosidl_generator_c
[1.672s] [ 12%] Built target ament_cmake_python_copy_bumperbot_msgs
[1.674s] [35m[1mConsolidate compiler generated dependencies of target bumperbot_msgs__rosidl_typesupport_cpp[0m
[1.674s] [35m[1mConsolidate compiler generated dependencies of target bumperbot_msgs__rosidl_typesupport_introspection_cpp[0m
[1.674s] [35m[1mConsolidate compiler generated dependencies of target bumperbot_msgs__rosidl_typesupport_fastrtps_cpp[0m
[1.674s] [35m[1mConsolidate compiler generated dependencies of target bumperbot_msgs__rosidl_typesupport_fastrtps_c[0m
[1.674s] [35m[1mConsolidate compiler generated dependencies of target bumperbot_msgs__rosidl_typesupport_c[0m
[1.674s] [35m[1mConsolidate compiler generated dependencies of target bumperbot_msgs__rosidl_typesupport_introspection_c[0m
[1.683s] [ 23%] Built target bumperbot_msgs__rosidl_typesupport_c
[1.684s] [ 33%] Built target bumperbot_msgs__rosidl_typesupport_introspection_c
[1.684s] [ 43%] Built target bumperbot_msgs__rosidl_typesupport_cpp
[1.684s] [ 53%] Built target bumperbot_msgs__rosidl_typesupport_introspection_cpp
[1.685s] [ 64%] Built target bumperbot_msgs__rosidl_typesupport_fastrtps_cpp
[1.685s] [ 74%] Built target bumperbot_msgs__rosidl_typesupport_fastrtps_c
[1.701s] [ 74%] Built target bumperbot_msgs
[1.717s] [ 76%] Built target bumperbot_msgs__py
[1.726s] [35m[1mConsolidate compiler generated dependencies of target bumperbot_msgs__rosidl_generator_py[0m
[1.736s] [ 84%] Built target bumperbot_msgs__rosidl_generator_py
[1.745s] [35m[1mConsolidate compiler generated dependencies of target bumperbot_msgs__rosidl_typesupport_c__pyext[0m
[1.745s] [35m[1mConsolidate compiler generated dependencies of target bumperbot_msgs__rosidl_typesupport_introspection_c__pyext[0m
[1.745s] [35m[1mConsolidate compiler generated dependencies of target bumperbot_msgs__rosidl_typesupport_fastrtps_c__pyext[0m
[1.755s] [100%] Built target bumperbot_msgs__rosidl_typesupport_introspection_c__pyext
[1.755s] [100%] Built target bumperbot_msgs__rosidl_typesupport_c__pyext
[1.755s] [100%] Built target bumperbot_msgs__rosidl_typesupport_fastrtps_c__pyext
[1.958s] running egg_info
[1.959s] writing bumperbot_msgs.egg-info/PKG-INFO
[1.959s] writing dependency_links to bumperbot_msgs.egg-info/dependency_links.txt
[1.959s] writing top-level names to bumperbot_msgs.egg-info/top_level.txt
[1.961s] reading manifest file 'bumperbot_msgs.egg-info/SOURCES.txt'
[1.962s] writing manifest file 'bumperbot_msgs.egg-info/SOURCES.txt'
[1.982s] [100%] Built target ament_cmake_python_build_bumperbot_msgs_egg
[1.990s] Invoked command in '/home/bfg2h/bumperbot_ws/build/bumperbot_msgs' returned '0': CMAKE_PREFIX_PATH=${CMAKE_PREFIX_PATH}:/home/bfg2h/bumperbot_ws/install/bumperbot_py_examples:/home/bfg2h/ros2_ws/install/my_py_pkg:/home/bfg2h/udemy_ws/install/self_driving_car_pkg:/opt/ros/humble _=/usr/bin/env /usr/bin/cmake --build /home/bfg2h/bumperbot_ws/build/bumperbot_msgs -- -j16 -l16
[2.066s] Invoking command in '/home/bfg2h/bumperbot_ws/build/bumperbot_msgs': CMAKE_PREFIX_PATH=${CMAKE_PREFIX_PATH}:/home/bfg2h/bumperbot_ws/install/bumperbot_py_examples:/home/bfg2h/ros2_ws/install/my_py_pkg:/home/bfg2h/udemy_ws/install/self_driving_car_pkg:/opt/ros/humble _=/usr/bin/env /usr/bin/cmake --install /home/bfg2h/bumperbot_ws/build/bumperbot_msgs
[2.073s] -- Install configuration: ""
[2.073s] -- Up-to-date: /home/bfg2h/bumperbot_ws/install/bumperbot_msgs/share/ament_index/resource_index/rosidl_interfaces/bumperbot_msgs
[2.073s] -- Up-to-date: /home/bfg2h/bumperbot_ws/install/bumperbot_msgs/include/bumperbot_msgs/bumperbot_msgs
[2.073s] -- Up-to-date: /home/bfg2h/bumperbot_ws/install/bumperbot_msgs/include/bumperbot_msgs/bumperbot_msgs/srv
[2.073s] -- Up-to-date: /home/bfg2h/bumperbot_ws/install/bumperbot_msgs/include/bumperbot_msgs/bumperbot_msgs/srv/get_transform.h
[2.074s] -- Up-to-date: /home/bfg2h/bumperbot_ws/install/bumperbot_msgs/include/bumperbot_msgs/bumperbot_msgs/srv/detail
[2.074s] -- Up-to-date: /home/bfg2h/bumperbot_ws/install/bumperbot_msgs/include/bumperbot_msgs/bumperbot_msgs/srv/detail/get_transform__type_support.h
[2.074s] -- Up-to-date: /home/bfg2h/bumperbot_ws/install/bumperbot_msgs/include/bumperbot_msgs/bumperbot_msgs/srv/detail/get_transform__functions.c
[2.074s] -- Up-to-date: /home/bfg2h/bumperbot_ws/install/bumperbot_msgs/include/bumperbot_msgs/bumperbot_msgs/srv/detail/add_two_ints__functions.h
[2.074s] -- Up-to-date: /home/bfg2h/bumperbot_ws/install/bumperbot_msgs/include/bumperbot_msgs/bumperbot_msgs/srv/detail/add_two_ints__type_support.h
[2.074s] -- Up-to-date: /home/bfg2h/bumperbot_ws/install/bumperbot_msgs/include/bumperbot_msgs/bumperbot_msgs/srv/detail/add_two_ints__functions.c
[2.074s] -- Up-to-date: /home/bfg2h/bumperbot_ws/install/bumperbot_msgs/include/bumperbot_msgs/bumperbot_msgs/srv/detail/get_transform__struct.h
[2.074s] -- Up-to-date: /home/bfg2h/bumperbot_ws/install/bumperbot_msgs/include/bumperbot_msgs/bumperbot_msgs/srv/detail/add_two_ints__struct.h
[2.074s] -- Up-to-date: /home/bfg2h/bumperbot_ws/install/bumperbot_msgs/include/bumperbot_msgs/bumperbot_msgs/srv/detail/get_transform__functions.h
[2.074s] -- Up-to-date: /home/bfg2h/bumperbot_ws/install/bumperbot_msgs/include/bumperbot_msgs/bumperbot_msgs/srv/add_two_ints.h
[2.074s] -- Up-to-date: /home/bfg2h/bumperbot_ws/install/bumperbot_msgs/include/bumperbot_msgs/bumperbot_msgs/msg
[2.074s] -- Up-to-date: /home/bfg2h/bumperbot_ws/install/bumperbot_msgs/include/bumperbot_msgs/bumperbot_msgs/msg/rosidl_generator_c__visibility_control.h
[2.074s] -- Up-to-date: /home/bfg2h/bumperbot_ws/install/bumperbot_msgs/share/bumperbot_msgs/environment/library_path.sh
[2.075s] -- Installing: /home/bfg2h/bumperbot_ws/install/bumperbot_msgs/share/bumperbot_msgs/environment/library_path.dsv
[2.075s] -- Up-to-date: /home/bfg2h/bumperbot_ws/install/bumperbot_msgs/lib/libbumperbot_msgs__rosidl_generator_c.so
[2.075s] -- Up-to-date: /home/bfg2h/bumperbot_ws/install/bumperbot_msgs/include/bumperbot_msgs/bumperbot_msgs
[2.075s] -- Up-to-date: /home/bfg2h/bumperbot_ws/install/bumperbot_msgs/include/bumperbot_msgs/bumperbot_msgs/srv
[2.075s] -- Up-to-date: /home/bfg2h/bumperbot_ws/install/bumperbot_msgs/include/bumperbot_msgs/bumperbot_msgs/srv/detail
[2.075s] -- Up-to-date: /home/bfg2h/bumperbot_ws/install/bumperbot_msgs/include/bumperbot_msgs/bumperbot_msgs/srv/detail/add_two_ints__rosidl_typesupport_fastrtps_c.h
[2.075s] -- Up-to-date: /home/bfg2h/bumperbot_ws/install/bumperbot_msgs/include/bumperbot_msgs/bumperbot_msgs/srv/detail/get_transform__rosidl_typesupport_fastrtps_c.h
[2.075s] -- Up-to-date: /home/bfg2h/bumperbot_ws/install/bumperbot_msgs/include/bumperbot_msgs/bumperbot_msgs/msg
[2.075s] -- Up-to-date: /home/bfg2h/bumperbot_ws/install/bumperbot_msgs/include/bumperbot_msgs/bumperbot_msgs/msg/rosidl_typesupport_fastrtps_c__visibility_control.h
[2.075s] -- Up-to-date: /home/bfg2h/bumperbot_ws/install/bumperbot_msgs/lib/libbumperbot_msgs__rosidl_typesupport_fastrtps_c.so
[2.075s] -- Up-to-date: /home/bfg2h/bumperbot_ws/install/bumperbot_msgs/include/bumperbot_msgs/bumperbot_msgs
[2.075s] -- Up-to-date: /home/bfg2h/bumperbot_ws/install/bumperbot_msgs/include/bumperbot_msgs/bumperbot_msgs/srv
[2.075s] -- Up-to-date: /home/bfg2h/bumperbot_ws/install/bumperbot_msgs/include/bumperbot_msgs/bumperbot_msgs/srv/get_transform.hpp
[2.075s] -- Up-to-date: /home/bfg2h/bumperbot_ws/install/bumperbot_msgs/include/bumperbot_msgs/bumperbot_msgs/srv/detail
[2.076s] -- Up-to-date: /home/bfg2h/bumperbot_ws/install/bumperbot_msgs/include/bumperbot_msgs/bumperbot_msgs/srv/detail/add_two_ints__traits.hpp
[2.076s] -- Up-to-date: /home/bfg2h/bumperbot_ws/install/bumperbot_msgs/include/bumperbot_msgs/bumperbot_msgs/srv/detail/get_transform__traits.hpp
[2.076s] -- Up-to-date: /home/bfg2h/bumperbot_ws/install/bumperbot_msgs/include/bumperbot_msgs/bumperbot_msgs/srv/detail/get_transform__builder.hpp
[2.076s] -- Up-to-date: /home/bfg2h/bumperbot_ws/install/bumperbot_msgs/include/bumperbot_msgs/bumperbot_msgs/srv/detail/get_transform__struct.hpp
[2.076s] -- Up-to-date: /home/bfg2h/bumperbot_ws/install/bumperbot_msgs/include/bumperbot_msgs/bumperbot_msgs/srv/detail/add_two_ints__builder.hpp
[2.076s] -- Up-to-date: /home/bfg2h/bumperbot_ws/install/bumperbot_msgs/include/bumperbot_msgs/bumperbot_msgs/srv/detail/add_two_ints__struct.hpp
[2.076s] -- Up-to-date: /home/bfg2h/bumperbot_ws/install/bumperbot_msgs/include/bumperbot_msgs/bumperbot_msgs/srv/add_two_ints.hpp
[2.076s] -- Up-to-date: /home/bfg2h/bumperbot_ws/install/bumperbot_msgs/include/bumperbot_msgs/bumperbot_msgs
[2.076s] -- Up-to-date: /home/bfg2h/bumperbot_ws/install/bumperbot_msgs/include/bumperbot_msgs/bumperbot_msgs/srv
[2.076s] -- Up-to-date: /home/bfg2h/bumperbot_ws/install/bumperbot_msgs/include/bumperbot_msgs/bumperbot_msgs/srv/detail
[2.076s] -- Up-to-date: /home/bfg2h/bumperbot_ws/install/bumperbot_msgs/include/bumperbot_msgs/bumperbot_msgs/srv/detail/get_transform__rosidl_typesupport_fastrtps_cpp.hpp
[2.076s] -- Up-to-date: /home/bfg2h/bumperbot_ws/install/bumperbot_msgs/include/bumperbot_msgs/bumperbot_msgs/srv/detail/add_two_ints__rosidl_typesupport_fastrtps_cpp.hpp
[2.076s] -- Up-to-date: /home/bfg2h/bumperbot_ws/install/bumperbot_msgs/include/bumperbot_msgs/bumperbot_msgs/srv/detail/dds_fastrtps
[2.076s] -- Up-to-date: /home/bfg2h/bumperbot_ws/install/bumperbot_msgs/include/bumperbot_msgs/bumperbot_msgs/msg
[2.076s] -- Up-to-date: /home/bfg2h/bumperbot_ws/install/bumperbot_msgs/include/bumperbot_msgs/bumperbot_msgs/msg/rosidl_typesupport_fastrtps_cpp__visibility_control.h
[2.076s] -- Up-to-date: /home/bfg2h/bumperbot_ws/install/bumperbot_msgs/lib/libbumperbot_msgs__rosidl_typesupport_fastrtps_cpp.so
[2.077s] -- Up-to-date: /home/bfg2h/bumperbot_ws/install/bumperbot_msgs/include/bumperbot_msgs/bumperbot_msgs
[2.077s] -- Up-to-date: /home/bfg2h/bumperbot_ws/install/bumperbot_msgs/include/bumperbot_msgs/bumperbot_msgs/srv
[2.077s] -- Up-to-date: /home/bfg2h/bumperbot_ws/install/bumperbot_msgs/include/bumperbot_msgs/bumperbot_msgs/srv/detail
[2.077s] -- Up-to-date: /home/bfg2h/bumperbot_ws/install/bumperbot_msgs/include/bumperbot_msgs/bumperbot_msgs/srv/detail/get_transform__rosidl_typesupport_introspection_c.h
[2.077s] -- Up-to-date: /home/bfg2h/bumperbot_ws/install/bumperbot_msgs/include/bumperbot_msgs/bumperbot_msgs/srv/detail/get_transform__type_support.c
[2.077s] -- Up-to-date: /home/bfg2h/bumperbot_ws/install/bumperbot_msgs/include/bumperbot_msgs/bumperbot_msgs/srv/detail/add_two_ints__type_support.c
[2.077s] -- Up-to-date: /home/bfg2h/bumperbot_ws/install/bumperbot_msgs/include/bumperbot_msgs/bumperbot_msgs/srv/detail/add_two_ints__rosidl_typesupport_introspection_c.h
[2.077s] -- Up-to-date: /home/bfg2h/bumperbot_ws/install/bumperbot_msgs/include/bumperbot_msgs/bumperbot_msgs/msg
[2.077s] -- Up-to-date: /home/bfg2h/bumperbot_ws/install/bumperbot_msgs/include/bumperbot_msgs/bumperbot_msgs/msg/rosidl_typesupport_introspection_c__visibility_control.h
[2.077s] -- Up-to-date: /home/bfg2h/bumperbot_ws/install/bumperbot_msgs/lib/libbumperbot_msgs__rosidl_typesupport_introspection_c.so
[2.077s] -- Up-to-date: /home/bfg2h/bumperbot_ws/install/bumperbot_msgs/lib/libbumperbot_msgs__rosidl_typesupport_c.so
[2.077s] -- Up-to-date: /home/bfg2h/bumperbot_ws/install/bumperbot_msgs/include/bumperbot_msgs/bumperbot_msgs
[2.077s] -- Up-to-date: /home/bfg2h/bumperbot_ws/install/bumperbot_msgs/include/bumperbot_msgs/bumperbot_msgs/srv
[2.077s] -- Up-to-date: /home/bfg2h/bumperbot_ws/install/bumperbot_msgs/include/bumperbot_msgs/bumperbot_msgs/srv/detail
[2.077s] -- Up-to-date: /home/bfg2h/bumperbot_ws/install/bumperbot_msgs/include/bumperbot_msgs/bumperbot_msgs/srv/detail/add_two_ints__rosidl_typesupport_introspection_cpp.hpp
[2.077s] -- Up-to-date: /home/bfg2h/bumperbot_ws/install/bumperbot_msgs/include/bumperbot_msgs/bumperbot_msgs/srv/detail/add_two_ints__type_support.cpp
[2.078s] -- Up-to-date: /home/bfg2h/bumperbot_ws/install/bumperbot_msgs/include/bumperbot_msgs/bumperbot_msgs/srv/detail/get_transform__type_support.cpp
[2.078s] -- Up-to-date: /home/bfg2h/bumperbot_ws/install/bumperbot_msgs/include/bumperbot_msgs/bumperbot_msgs/srv/detail/get_transform__rosidl_typesupport_introspection_cpp.hpp
[2.078s] -- Up-to-date: /home/bfg2h/bumperbot_ws/install/bumperbot_msgs/lib/libbumperbot_msgs__rosidl_typesupport_introspection_cpp.so
[2.078s] -- Up-to-date: /home/bfg2h/bumperbot_ws/install/bumperbot_msgs/lib/libbumperbot_msgs__rosidl_typesupport_cpp.so
[2.078s] -- Up-to-date: /home/bfg2h/bumperbot_ws/install/bumperbot_msgs/share/bumperbot_msgs/environment/pythonpath.sh
[2.078s] -- Installing: /home/bfg2h/bumperbot_ws/install/bumperbot_msgs/share/bumperbot_msgs/environment/pythonpath.dsv
[2.078s] -- Up-to-date: /home/bfg2h/bumperbot_ws/install/bumperbot_msgs/local/lib/python3.10/dist-packages/bumperbot_msgs-0.0.0-py3.10.egg-info
[2.078s] -- Installing: /home/bfg2h/bumperbot_ws/install/bumperbot_msgs/local/lib/python3.10/dist-packages/bumperbot_msgs-0.0.0-py3.10.egg-info/top_level.txt
[2.078s] -- Installing: /home/bfg2h/bumperbot_ws/install/bumperbot_msgs/local/lib/python3.10/dist-packages/bumperbot_msgs-0.0.0-py3.10.egg-info/PKG-INFO
[2.078s] -- Installing: /home/bfg2h/bumperbot_ws/install/bumperbot_msgs/local/lib/python3.10/dist-packages/bumperbot_msgs-0.0.0-py3.10.egg-info/SOURCES.txt
[2.078s] -- Installing: /home/bfg2h/bumperbot_ws/install/bumperbot_msgs/local/lib/python3.10/dist-packages/bumperbot_msgs-0.0.0-py3.10.egg-info/dependency_links.txt
[2.078s] -- Up-to-date: /home/bfg2h/bumperbot_ws/install/bumperbot_msgs/local/lib/python3.10/dist-packages/bumperbot_msgs
[2.078s] -- Up-to-date: /home/bfg2h/bumperbot_ws/install/bumperbot_msgs/local/lib/python3.10/dist-packages/bumperbot_msgs/srv
[2.078s] -- Up-to-date: /home/bfg2h/bumperbot_ws/install/bumperbot_msgs/local/lib/python3.10/dist-packages/bumperbot_msgs/srv/__init__.py
[2.078s] -- Up-to-date: /home/bfg2h/bumperbot_ws/install/bumperbot_msgs/local/lib/python3.10/dist-packages/bumperbot_msgs/srv/_get_transform.py
[2.078s] -- Up-to-date: /home/bfg2h/bumperbot_ws/install/bumperbot_msgs/local/lib/python3.10/dist-packages/bumperbot_msgs/srv/_add_two_ints.py
[2.078s] -- Up-to-date: /home/bfg2h/bumperbot_ws/install/bumperbot_msgs/local/lib/python3.10/dist-packages/bumperbot_msgs/srv/_add_two_ints_s.c
[2.078s] -- Up-to-date: /home/bfg2h/bumperbot_ws/install/bumperbot_msgs/local/lib/python3.10/dist-packages/bumperbot_msgs/srv/_get_transform_s.c
[2.079s] -- Installing: /home/bfg2h/bumperbot_ws/install/bumperbot_msgs/local/lib/python3.10/dist-packages/bumperbot_msgs/__init__.py
[2.079s] -- Up-to-date: /home/bfg2h/bumperbot_ws/install/bumperbot_msgs/local/lib/python3.10/dist-packages/bumperbot_msgs/libbumperbot_msgs__rosidl_generator_py.so
[2.079s] -- Up-to-date: /home/bfg2h/bumperbot_ws/install/bumperbot_msgs/local/lib/python3.10/dist-packages/bumperbot_msgs/bumperbot_msgs_s__rosidl_typesupport_introspection_c.cpython-310-x86_64-linux-gnu.so
[2.079s] -- Up-to-date: /home/bfg2h/bumperbot_ws/install/bumperbot_msgs/local/lib/python3.10/dist-packages/bumperbot_msgs/_bumperbot_msgs_s.ep.rosidl_typesupport_introspection_c.c
[2.079s] -- Up-to-date: /home/bfg2h/bumperbot_ws/install/bumperbot_msgs/local/lib/python3.10/dist-packages/bumperbot_msgs/_bumperbot_msgs_s.ep.rosidl_typesupport_c.c
[2.079s] -- Up-to-date: /home/bfg2h/bumperbot_ws/install/bumperbot_msgs/local/lib/python3.10/dist-packages/bumperbot_msgs/bumperbot_msgs_s__rosidl_typesupport_c.cpython-310-x86_64-linux-gnu.so
[2.079s] -- Up-to-date: /home/bfg2h/bumperbot_ws/install/bumperbot_msgs/local/lib/python3.10/dist-packages/bumperbot_msgs/bumperbot_msgs_s__rosidl_typesupport_fastrtps_c.cpython-310-x86_64-linux-gnu.so
[2.079s] -- Up-to-date: /home/bfg2h/bumperbot_ws/install/bumperbot_msgs/local/lib/python3.10/dist-packages/bumperbot_msgs/_bumperbot_msgs_s.ep.rosidl_typesupport_fastrtps_c.c
[2.109s] Listing '/home/bfg2h/bumperbot_ws/install/bumperbot_msgs/local/lib/python3.10/dist-packages/bumperbot_msgs'...
[2.109s] Compiling '/home/bfg2h/bumperbot_ws/install/bumperbot_msgs/local/lib/python3.10/dist-packages/bumperbot_msgs/__init__.py'...
[2.109s] Listing '/home/bfg2h/bumperbot_ws/install/bumperbot_msgs/local/lib/python3.10/dist-packages/bumperbot_msgs/srv'...
[2.113s] -- Up-to-date: /home/bfg2h/bumperbot_ws/install/bumperbot_msgs/local/lib/python3.10/dist-packages/bumperbot_msgs/bumperbot_msgs_s__rosidl_typesupport_fastrtps_c.cpython-310-x86_64-linux-gnu.so
[2.113s] -- Up-to-date: /home/bfg2h/bumperbot_ws/install/bumperbot_msgs/local/lib/python3.10/dist-packages/bumperbot_msgs/bumperbot_msgs_s__rosidl_typesupport_introspection_c.cpython-310-x86_64-linux-gnu.so
[2.113s] -- Up-to-date: /home/bfg2h/bumperbot_ws/install/bumperbot_msgs/local/lib/python3.10/dist-packages/bumperbot_msgs/bumperbot_msgs_s__rosidl_typesupport_c.cpython-310-x86_64-linux-gnu.so
[2.113s] -- Up-to-date: /home/bfg2h/bumperbot_ws/install/bumperbot_msgs/lib/libbumperbot_msgs__rosidl_generator_py.so
[2.113s] -- Up-to-date: /home/bfg2h/bumperbot_ws/install/bumperbot_msgs/share/bumperbot_msgs/srv/AddTwoInts.idl
[2.113s] -- Up-to-date: /home/bfg2h/bumperbot_ws/install/bumperbot_msgs/share/bumperbot_msgs/srv/GetTransform.idl
[2.114s] -- Up-to-date: /home/bfg2h/bumperbot_ws/install/bumperbot_msgs/share/bumperbot_msgs/srv/AddTwoInts.srv
[2.114s] -- Up-to-date: /home/bfg2h/bumperbot_ws/install/bumperbot_msgs/share/bumperbot_msgs/srv/AddTwoInts_Request.msg
[2.114s] -- Up-to-date: /home/bfg2h/bumperbot_ws/install/bumperbot_msgs/share/bumperbot_msgs/srv/AddTwoInts_Response.msg
[2.114s] -- Up-to-date: /home/bfg2h/bumperbot_ws/install/bumperbot_msgs/share/bumperbot_msgs/srv/GetTransform.srv
[2.114s] -- Up-to-date: /home/bfg2h/bumperbot_ws/install/bumperbot_msgs/share/bumperbot_msgs/srv/GetTransform_Request.msg
[2.114s] -- Up-to-date: /home/bfg2h/bumperbot_ws/install/bumperbot_msgs/share/bumperbot_msgs/srv/GetTransform_Response.msg
[2.114s] -- Up-to-date: /home/bfg2h/bumperbot_ws/install/bumperbot_msgs/share/ament_index/resource_index/package_run_dependencies/bumperbot_msgs
[2.114s] -- Installing: /home/bfg2h/bumperbot_ws/install/bumperbot_msgs/share/ament_index/resource_index/parent_prefix_path/bumperbot_msgs
[2.114s] -- Up-to-date: /home/bfg2h/bumperbot_ws/install/bumperbot_msgs/share/bumperbot_msgs/environment/ament_prefix_path.sh
[2.114s] -- Installing: /home/bfg2h/bumperbot_ws/install/bumperbot_msgs/share/bumperbot_msgs/environment/ament_prefix_path.dsv
[2.114s] -- Up-to-date: /home/bfg2h/bumperbot_ws/install/bumperbot_msgs/share/bumperbot_msgs/environment/path.sh
[2.114s] -- Installing: /home/bfg2h/bumperbot_ws/install/bumperbot_msgs/share/bumperbot_msgs/environment/path.dsv
[2.114s] -- Up-to-date: /home/bfg2h/bumperbot_ws/install/bumperbot_msgs/share/bumperbot_msgs/local_setup.bash
[2.115s] -- Up-to-date: /home/bfg2h/bumperbot_ws/install/bumperbot_msgs/share/bumperbot_msgs/local_setup.sh
[2.115s] -- Up-to-date: /home/bfg2h/bumperbot_ws/install/bumperbot_msgs/share/bumperbot_msgs/local_setup.zsh
[2.115s] -- Installing: /home/bfg2h/bumperbot_ws/install/bumperbot_msgs/share/bumperbot_msgs/local_setup.dsv
[2.115s] -- Installing: /home/bfg2h/bumperbot_ws/install/bumperbot_msgs/share/bumperbot_msgs/package.dsv
[2.115s] -- Up-to-date: /home/bfg2h/bumperbot_ws/install/bumperbot_msgs/share/ament_index/resource_index/packages/bumperbot_msgs
[2.115s] -- Up-to-date: /home/bfg2h/bumperbot_ws/install/bumperbot_msgs/share/bumperbot_msgs/cmake/export_bumperbot_msgs__rosidl_generator_cExport.cmake
[2.115s] -- Up-to-date: /home/bfg2h/bumperbot_ws/install/bumperbot_msgs/share/bumperbot_msgs/cmake/export_bumperbot_msgs__rosidl_generator_cExport-noconfig.cmake
[2.115s] -- Up-to-date: /home/bfg2h/bumperbot_ws/install/bumperbot_msgs/share/bumperbot_msgs/cmake/export_bumperbot_msgs__rosidl_typesupport_fastrtps_cExport.cmake
[2.115s] -- Up-to-date: /home/bfg2h/bumperbot_ws/install/bumperbot_msgs/share/bumperbot_msgs/cmake/export_bumperbot_msgs__rosidl_typesupport_fastrtps_cExport-noconfig.cmake
[2.115s] -- Up-to-date: /home/bfg2h/bumperbot_ws/install/bumperbot_msgs/share/bumperbot_msgs/cmake/export_bumperbot_msgs__rosidl_generator_cppExport.cmake
[2.115s] -- Up-to-date: /home/bfg2h/bumperbot_ws/install/bumperbot_msgs/share/bumperbot_msgs/cmake/export_bumperbot_msgs__rosidl_typesupport_fastrtps_cppExport.cmake
[2.115s] -- Up-to-date: /home/bfg2h/bumperbot_ws/install/bumperbot_msgs/share/bumperbot_msgs/cmake/export_bumperbot_msgs__rosidl_typesupport_fastrtps_cppExport-noconfig.cmake
[2.115s] -- Up-to-date: /home/bfg2h/bumperbot_ws/install/bumperbot_msgs/share/bumperbot_msgs/cmake/bumperbot_msgs__rosidl_typesupport_introspection_cExport.cmake
[2.116s] -- Up-to-date: /home/bfg2h/bumperbot_ws/install/bumperbot_msgs/share/bumperbot_msgs/cmake/bumperbot_msgs__rosidl_typesupport_introspection_cExport-noconfig.cmake
[2.116s] -- Up-to-date: /home/bfg2h/bumperbot_ws/install/bumperbot_msgs/share/bumperbot_msgs/cmake/bumperbot_msgs__rosidl_typesupport_cExport.cmake
[2.116s] -- Up-to-date: /home/bfg2h/bumperbot_ws/install/bumperbot_msgs/share/bumperbot_msgs/cmake/bumperbot_msgs__rosidl_typesupport_cExport-noconfig.cmake
[2.116s] -- Up-to-date: /home/bfg2h/bumperbot_ws/install/bumperbot_msgs/share/bumperbot_msgs/cmake/bumperbot_msgs__rosidl_typesupport_introspection_cppExport.cmake
[2.116s] -- Up-to-date: /home/bfg2h/bumperbot_ws/install/bumperbot_msgs/share/bumperbot_msgs/cmake/bumperbot_msgs__rosidl_typesupport_introspection_cppExport-noconfig.cmake
[2.116s] -- Up-to-date: /home/bfg2h/bumperbot_ws/install/bumperbot_msgs/share/bumperbot_msgs/cmake/bumperbot_msgs__rosidl_typesupport_cppExport.cmake
[2.116s] -- Up-to-date: /home/bfg2h/bumperbot_ws/install/bumperbot_msgs/share/bumperbot_msgs/cmake/bumperbot_msgs__rosidl_typesupport_cppExport-noconfig.cmake
[2.116s] -- Up-to-date: /home/bfg2h/bumperbot_ws/install/bumperbot_msgs/share/bumperbot_msgs/cmake/export_bumperbot_msgs__rosidl_generator_pyExport.cmake
[2.116s] -- Up-to-date: /home/bfg2h/bumperbot_ws/install/bumperbot_msgs/share/bumperbot_msgs/cmake/export_bumperbot_msgs__rosidl_generator_pyExport-noconfig.cmake
[2.116s] -- Up-to-date: /home/bfg2h/bumperbot_ws/install/bumperbot_msgs/share/bumperbot_msgs/cmake/rosidl_cmake-extras.cmake
[2.116s] -- Up-to-date: /home/bfg2h/bumperbot_ws/install/bumperbot_msgs/share/bumperbot_msgs/cmake/ament_cmake_export_dependencies-extras.cmake
[2.116s] -- Up-to-date: /home/bfg2h/bumperbot_ws/install/bumperbot_msgs/share/bumperbot_msgs/cmake/ament_cmake_export_include_directories-extras.cmake
[2.116s] -- Up-to-date: /home/bfg2h/bumperbot_ws/install/bumperbot_msgs/share/bumperbot_msgs/cmake/ament_cmake_export_libraries-extras.cmake
[2.116s] -- Up-to-date: /home/bfg2h/bumperbot_ws/install/bumperbot_msgs/share/bumperbot_msgs/cmake/ament_cmake_export_targets-extras.cmake
[2.116s] -- Up-to-date: /home/bfg2h/bumperbot_ws/install/bumperbot_msgs/share/bumperbot_msgs/cmake/rosidl_cmake_export_typesupport_targets-extras.cmake
[2.116s] -- Up-to-date: /home/bfg2h/bumperbot_ws/install/bumperbot_msgs/share/bumperbot_msgs/cmake/rosidl_cmake_export_typesupport_libraries-extras.cmake
[2.116s] -- Up-to-date: /home/bfg2h/bumperbot_ws/install/bumperbot_msgs/share/bumperbot_msgs/cmake/bumperbot_msgsConfig.cmake
[2.116s] -- Up-to-date: /home/bfg2h/bumperbot_ws/install/bumperbot_msgs/share/bumperbot_msgs/cmake/bumperbot_msgsConfig-version.cmake
[2.117s] -- Up-to-date: /home/bfg2h/bumperbot_ws/install/bumperbot_msgs/share/bumperbot_msgs/package.xml
[2.118s] Invoked command in '/home/bfg2h/bumperbot_ws/build/bumperbot_msgs' returned '0': CMAKE_PREFIX_PATH=${CMAKE_PREFIX_PATH}:/home/bfg2h/bumperbot_ws/install/bumperbot_py_examples:/home/bfg2h/ros2_ws/install/my_py_pkg:/home/bfg2h/udemy_ws/install/self_driving_car_pkg:/opt/ros/humble _=/usr/bin/env /usr/bin/cmake --install /home/bfg2h/bumperbot_ws/build/bumperbot_msgs
