[0.096s] DEBUG:colcon:Command line arguments: ['/usr/bin/colcon', 'build']
[0.096s] DEBUG:colcon:Parsed command line arguments: Namespace(log_base=None, log_level=None, verb_name='build', build_base='build', install_base='install', merge_install=False, symlink_install=False, test_result_base=None, continue_on_error=False, executor='parallel', parallel_workers=16, event_handlers=None, ignore_user_meta=False, metas=['./colcon.meta'], base_paths=['.'], packages_ignore=None, packages_ignore_regex=None, paths=None, packages_up_to=None, packages_up_to_regex=None, packages_above=None, packages_above_and_dependencies=None, packages_above_depth=None, packages_select_by_dep=None, packages_skip_by_dep=None, packages_skip_up_to=None, packages_select_build_failed=False, packages_skip_build_finished=False, packages_select_test_failures=False, packages_skip_test_passed=False, packages_select=None, packages_skip=None, packages_select_regex=None, packages_skip_regex=None, packages_start=None, packages_end=None, allow_overriding=[], cmake_args=None, cmake_target=None, cmake_target_skip_unavailable=False, cmake_clean_cache=False, cmake_clean_first=False, cmake_force_configure=False, ament_cmake_args=None, catkin_cmake_args=None, catkin_skip_building_tests=False, verb_parser=<colcon_defaults.argument_parser.defaults.DefaultArgumentsDecorator object at 0x7f345ba63c10>, verb_extension=<colcon_core.verb.build.BuildVerb object at 0x7f345ba63700>, main=<bound method BuildVerb.main of <colcon_core.verb.build.BuildVerb object at 0x7f345ba63700>>)
[0.292s] Level 1:colcon.colcon_core.package_discovery:discover_packages(colcon_meta) check parameters
[0.292s] Level 1:colcon.colcon_core.package_discovery:discover_packages(recursive) check parameters
[0.292s] Level 1:colcon.colcon_core.package_discovery:discover_packages(ignore) check parameters
[0.292s] Level 1:colcon.colcon_core.package_discovery:discover_packages(path) check parameters
[0.292s] Level 1:colcon.colcon_core.package_discovery:discover_packages(colcon_meta) discover
[0.292s] Level 1:colcon.colcon_core.package_discovery:discover_packages(recursive) discover
[0.292s] INFO:colcon.colcon_core.package_discovery:Crawling recursively for packages in '/home/bfg2h/manipulator_ws'
[0.293s] Level 1:colcon.colcon_core.package_identification:_identify(.) by extensions ['ignore', 'ignore_ament_install']
[0.293s] Level 1:colcon.colcon_core.package_identification:_identify(.) by extension 'ignore'
[0.293s] Level 1:colcon.colcon_core.package_identification:_identify(.) by extension 'ignore_ament_install'
[0.293s] Level 1:colcon.colcon_core.package_identification:_identify(.) by extensions ['colcon_pkg']
[0.293s] Level 1:colcon.colcon_core.package_identification:_identify(.) by extension 'colcon_pkg'
[0.293s] Level 1:colcon.colcon_core.package_identification:_identify(.) by extensions ['colcon_meta']
[0.293s] Level 1:colcon.colcon_core.package_identification:_identify(.) by extension 'colcon_meta'
[0.293s] Level 1:colcon.colcon_core.package_identification:_identify(.) by extensions ['ros']
[0.293s] Level 1:colcon.colcon_core.package_identification:_identify(.) by extension 'ros'
[0.308s] Level 1:colcon.colcon_core.package_identification:_identify(.) by extensions ['cmake', 'python']
[0.308s] Level 1:colcon.colcon_core.package_identification:_identify(.) by extension 'cmake'
[0.308s] Level 1:colcon.colcon_core.package_identification:_identify(.) by extension 'python'
[0.308s] Level 1:colcon.colcon_core.package_identification:_identify(.) by extensions ['python_setup_py']
[0.308s] Level 1:colcon.colcon_core.package_identification:_identify(.) by extension 'python_setup_py'
[0.308s] Level 1:colcon.colcon_core.package_identification:_identify(build) by extensions ['ignore', 'ignore_ament_install']
[0.308s] Level 1:colcon.colcon_core.package_identification:_identify(build) by extension 'ignore'
[0.309s] Level 1:colcon.colcon_core.package_identification:_identify(build) ignored
[0.309s] Level 1:colcon.colcon_core.package_identification:_identify(install) by extensions ['ignore', 'ignore_ament_install']
[0.309s] Level 1:colcon.colcon_core.package_identification:_identify(install) by extension 'ignore'
[0.309s] Level 1:colcon.colcon_core.package_identification:_identify(install) ignored
[0.309s] Level 1:colcon.colcon_core.package_identification:_identify(log) by extensions ['ignore', 'ignore_ament_install']
[0.309s] Level 1:colcon.colcon_core.package_identification:_identify(log) by extension 'ignore'
[0.309s] Level 1:colcon.colcon_core.package_identification:_identify(log) ignored
[0.309s] Level 1:colcon.colcon_core.package_identification:_identify(src) by extensions ['ignore', 'ignore_ament_install']
[0.309s] Level 1:colcon.colcon_core.package_identification:_identify(src) by extension 'ignore'
[0.309s] Level 1:colcon.colcon_core.package_identification:_identify(src) by extension 'ignore_ament_install'
[0.309s] Level 1:colcon.colcon_core.package_identification:_identify(src) by extensions ['colcon_pkg']
[0.309s] Level 1:colcon.colcon_core.package_identification:_identify(src) by extension 'colcon_pkg'
[0.309s] Level 1:colcon.colcon_core.package_identification:_identify(src) by extensions ['colcon_meta']
[0.309s] Level 1:colcon.colcon_core.package_identification:_identify(src) by extension 'colcon_meta'
[0.309s] Level 1:colcon.colcon_core.package_identification:_identify(src) by extensions ['ros']
[0.309s] Level 1:colcon.colcon_core.package_identification:_identify(src) by extension 'ros'
[0.310s] Level 1:colcon.colcon_core.package_identification:_identify(src) by extensions ['cmake', 'python']
[0.310s] Level 1:colcon.colcon_core.package_identification:_identify(src) by extension 'cmake'
[0.310s] Level 1:colcon.colcon_core.package_identification:_identify(src) by extension 'python'
[0.310s] Level 1:colcon.colcon_core.package_identification:_identify(src) by extensions ['python_setup_py']
[0.310s] Level 1:colcon.colcon_core.package_identification:_identify(src) by extension 'python_setup_py'
[0.310s] Level 1:colcon.colcon_core.package_identification:_identify(src/arduinobot_controllers) by extensions ['ignore', 'ignore_ament_install']
[0.310s] Level 1:colcon.colcon_core.package_identification:_identify(src/arduinobot_controllers) by extension 'ignore'
[0.310s] Level 1:colcon.colcon_core.package_identification:_identify(src/arduinobot_controllers) by extension 'ignore_ament_install'
[0.310s] Level 1:colcon.colcon_core.package_identification:_identify(src/arduinobot_controllers) by extensions ['colcon_pkg']
[0.310s] Level 1:colcon.colcon_core.package_identification:_identify(src/arduinobot_controllers) by extension 'colcon_pkg'
[0.310s] Level 1:colcon.colcon_core.package_identification:_identify(src/arduinobot_controllers) by extensions ['colcon_meta']
[0.310s] Level 1:colcon.colcon_core.package_identification:_identify(src/arduinobot_controllers) by extension 'colcon_meta'
[0.310s] Level 1:colcon.colcon_core.package_identification:_identify(src/arduinobot_controllers) by extensions ['ros']
[0.310s] Level 1:colcon.colcon_core.package_identification:_identify(src/arduinobot_controllers) by extension 'ros'
[0.312s] DEBUG:colcon.colcon_core.package_identification:Package 'src/arduinobot_controllers' with type 'ros.ament_cmake' and name 'arduinobot_controllers'
[0.312s] Level 1:colcon.colcon_core.package_identification:_identify(src/arduinobot_description) by extensions ['ignore', 'ignore_ament_install']
[0.313s] Level 1:colcon.colcon_core.package_identification:_identify(src/arduinobot_description) by extension 'ignore'
[0.313s] Level 1:colcon.colcon_core.package_identification:_identify(src/arduinobot_description) by extension 'ignore_ament_install'
[0.313s] Level 1:colcon.colcon_core.package_identification:_identify(src/arduinobot_description) by extensions ['colcon_pkg']
[0.313s] Level 1:colcon.colcon_core.package_identification:_identify(src/arduinobot_description) by extension 'colcon_pkg'
[0.313s] Level 1:colcon.colcon_core.package_identification:_identify(src/arduinobot_description) by extensions ['colcon_meta']
[0.313s] Level 1:colcon.colcon_core.package_identification:_identify(src/arduinobot_description) by extension 'colcon_meta'
[0.313s] Level 1:colcon.colcon_core.package_identification:_identify(src/arduinobot_description) by extensions ['ros']
[0.313s] Level 1:colcon.colcon_core.package_identification:_identify(src/arduinobot_description) by extension 'ros'
[0.315s] DEBUG:colcon.colcon_core.package_identification:Package 'src/arduinobot_description' with type 'ros.ament_cmake' and name 'arduinobot_description'
[0.315s] Level 1:colcon.colcon_core.package_identification:_identify(src/arduinobot_moveit) by extensions ['ignore', 'ignore_ament_install']
[0.315s] Level 1:colcon.colcon_core.package_identification:_identify(src/arduinobot_moveit) by extension 'ignore'
[0.315s] Level 1:colcon.colcon_core.package_identification:_identify(src/arduinobot_moveit) by extension 'ignore_ament_install'
[0.315s] Level 1:colcon.colcon_core.package_identification:_identify(src/arduinobot_moveit) by extensions ['colcon_pkg']
[0.315s] Level 1:colcon.colcon_core.package_identification:_identify(src/arduinobot_moveit) by extension 'colcon_pkg'
[0.315s] Level 1:colcon.colcon_core.package_identification:_identify(src/arduinobot_moveit) by extensions ['colcon_meta']
[0.315s] Level 1:colcon.colcon_core.package_identification:_identify(src/arduinobot_moveit) by extension 'colcon_meta'
[0.315s] Level 1:colcon.colcon_core.package_identification:_identify(src/arduinobot_moveit) by extensions ['ros']
[0.315s] Level 1:colcon.colcon_core.package_identification:_identify(src/arduinobot_moveit) by extension 'ros'
[0.316s] DEBUG:colcon.colcon_core.package_identification:Package 'src/arduinobot_moveit' with type 'ros.ament_cmake' and name 'arduinobot_moveit'
[0.316s] Level 1:colcon.colcon_core.package_discovery:discover_packages(recursive) using defaults
[0.316s] Level 1:colcon.colcon_core.package_discovery:discover_packages(ignore) discover
[0.316s] Level 1:colcon.colcon_core.package_discovery:discover_packages(ignore) using defaults
[0.316s] Level 1:colcon.colcon_core.package_discovery:discover_packages(path) discover
[0.316s] Level 1:colcon.colcon_core.package_discovery:discover_packages(path) using defaults
[0.335s] Level 1:colcon.colcon_core.package_discovery:discover_packages(prefix_path) check parameters
[0.335s] Level 1:colcon.colcon_core.package_discovery:discover_packages(prefix_path) discover
[0.336s] WARNING:colcon.colcon_core.prefix_path.colcon:The path '/home/bfg2h/arduinobot_ws/install' in the environment variable COLCON_PREFIX_PATH doesn't exist
[0.337s] WARNING:colcon.colcon_ros.prefix_path.ament:The path '/home/bfg2h/arduinobot_ws/install/arduinobot_description' in the environment variable AMENT_PREFIX_PATH doesn't exist
[0.337s] WARNING:colcon.colcon_ros.prefix_path.ament:The path '/home/bfg2h/arduinobot_ws/install/arduinobot_cpp_examples' in the environment variable AMENT_PREFIX_PATH doesn't exist
[0.337s] WARNING:colcon.colcon_ros.prefix_path.ament:The path '/home/bfg2h/arduinobot_ws/install/arduinobot_controller' in the environment variable AMENT_PREFIX_PATH doesn't exist
[0.337s] WARNING:colcon.colcon_ros.prefix_path.catkin:The path '/home/bfg2h/arduinobot_ws/install/arduinobot_description' in the environment variable CMAKE_PREFIX_PATH doesn't exist
[0.337s] WARNING:colcon.colcon_ros.prefix_path.catkin:The path '/home/bfg2h/arduinobot_ws/install/arduinobot_cpp_examples' in the environment variable CMAKE_PREFIX_PATH doesn't exist
[0.337s] WARNING:colcon.colcon_ros.prefix_path.catkin:The path '/home/bfg2h/arduinobot_ws/install/arduinobot_controller' in the environment variable CMAKE_PREFIX_PATH doesn't exist
[0.338s] DEBUG:colcon.colcon_installed_package_information.package_discovery:Found 3 installed packages in /home/bfg2h/manipulator_ws/install
[0.338s] DEBUG:colcon.colcon_installed_package_information.package_discovery:Found 7 installed packages in /home/bfg2h/bumperbot_ws/install
[0.338s] DEBUG:colcon.colcon_installed_package_information.package_discovery:Found 3 installed packages in /home/bfg2h/turtlebot3_ws/install
[0.339s] DEBUG:colcon.colcon_installed_package_information.package_discovery:Found 2 installed packages in /home/bfg2h/ros2_ws/install
[0.339s] DEBUG:colcon.colcon_installed_package_information.package_discovery:Found 1 installed packages in /home/bfg2h/udemy_ws/install
[0.341s] DEBUG:colcon.colcon_installed_package_information.package_discovery:Found 489 installed packages in /opt/ros/humble
[0.343s] Level 1:colcon.colcon_core.package_discovery:discover_packages(prefix_path) using defaults
[0.395s] Level 5:colcon.colcon_core.verb:set package 'arduinobot_description' build argument 'cmake_args' from command line to 'None'
[0.395s] Level 5:colcon.colcon_core.verb:set package 'arduinobot_description' build argument 'cmake_target' from command line to 'None'
[0.395s] Level 5:colcon.colcon_core.verb:set package 'arduinobot_description' build argument 'cmake_target_skip_unavailable' from command line to 'False'
[0.395s] Level 5:colcon.colcon_core.verb:set package 'arduinobot_description' build argument 'cmake_clean_cache' from command line to 'False'
[0.395s] Level 5:colcon.colcon_core.verb:set package 'arduinobot_description' build argument 'cmake_clean_first' from command line to 'False'
[0.395s] Level 5:colcon.colcon_core.verb:set package 'arduinobot_description' build argument 'cmake_force_configure' from command line to 'False'
[0.395s] Level 5:colcon.colcon_core.verb:set package 'arduinobot_description' build argument 'ament_cmake_args' from command line to 'None'
[0.395s] Level 5:colcon.colcon_core.verb:set package 'arduinobot_description' build argument 'catkin_cmake_args' from command line to 'None'
[0.395s] Level 5:colcon.colcon_core.verb:set package 'arduinobot_description' build argument 'catkin_skip_building_tests' from command line to 'False'
[0.395s] DEBUG:colcon.colcon_core.verb:Building package 'arduinobot_description' with the following arguments: {'ament_cmake_args': None, 'build_base': '/home/bfg2h/manipulator_ws/build/arduinobot_description', 'catkin_cmake_args': None, 'catkin_skip_building_tests': False, 'cmake_args': None, 'cmake_clean_cache': False, 'cmake_clean_first': False, 'cmake_force_configure': False, 'cmake_target': None, 'cmake_target_skip_unavailable': False, 'install_base': '/home/bfg2h/manipulator_ws/install/arduinobot_description', 'merge_install': False, 'path': '/home/bfg2h/manipulator_ws/src/arduinobot_description', 'symlink_install': False, 'test_result_base': None}
[0.396s] Level 5:colcon.colcon_core.verb:set package 'arduinobot_controllers' build argument 'cmake_args' from command line to 'None'
[0.396s] Level 5:colcon.colcon_core.verb:set package 'arduinobot_controllers' build argument 'cmake_target' from command line to 'None'
[0.396s] Level 5:colcon.colcon_core.verb:set package 'arduinobot_controllers' build argument 'cmake_target_skip_unavailable' from command line to 'False'
[0.396s] Level 5:colcon.colcon_core.verb:set package 'arduinobot_controllers' build argument 'cmake_clean_cache' from command line to 'False'
[0.396s] Level 5:colcon.colcon_core.verb:set package 'arduinobot_controllers' build argument 'cmake_clean_first' from command line to 'False'
[0.396s] Level 5:colcon.colcon_core.verb:set package 'arduinobot_controllers' build argument 'cmake_force_configure' from command line to 'False'
[0.396s] Level 5:colcon.colcon_core.verb:set package 'arduinobot_controllers' build argument 'ament_cmake_args' from command line to 'None'
[0.396s] Level 5:colcon.colcon_core.verb:set package 'arduinobot_controllers' build argument 'catkin_cmake_args' from command line to 'None'
[0.396s] Level 5:colcon.colcon_core.verb:set package 'arduinobot_controllers' build argument 'catkin_skip_building_tests' from command line to 'False'
[0.396s] DEBUG:colcon.colcon_core.verb:Building package 'arduinobot_controllers' with the following arguments: {'ament_cmake_args': None, 'build_base': '/home/bfg2h/manipulator_ws/build/arduinobot_controllers', 'catkin_cmake_args': None, 'catkin_skip_building_tests': False, 'cmake_args': None, 'cmake_clean_cache': False, 'cmake_clean_first': False, 'cmake_force_configure': False, 'cmake_target': None, 'cmake_target_skip_unavailable': False, 'install_base': '/home/bfg2h/manipulator_ws/install/arduinobot_controllers', 'merge_install': False, 'path': '/home/bfg2h/manipulator_ws/src/arduinobot_controllers', 'symlink_install': False, 'test_result_base': None}
[0.396s] Level 5:colcon.colcon_core.verb:set package 'arduinobot_moveit' build argument 'cmake_args' from command line to 'None'
[0.396s] Level 5:colcon.colcon_core.verb:set package 'arduinobot_moveit' build argument 'cmake_target' from command line to 'None'
[0.396s] Level 5:colcon.colcon_core.verb:set package 'arduinobot_moveit' build argument 'cmake_target_skip_unavailable' from command line to 'False'
[0.396s] Level 5:colcon.colcon_core.verb:set package 'arduinobot_moveit' build argument 'cmake_clean_cache' from command line to 'False'
[0.396s] Level 5:colcon.colcon_core.verb:set package 'arduinobot_moveit' build argument 'cmake_clean_first' from command line to 'False'
[0.396s] Level 5:colcon.colcon_core.verb:set package 'arduinobot_moveit' build argument 'cmake_force_configure' from command line to 'False'
[0.396s] Level 5:colcon.colcon_core.verb:set package 'arduinobot_moveit' build argument 'ament_cmake_args' from command line to 'None'
[0.396s] Level 5:colcon.colcon_core.verb:set package 'arduinobot_moveit' build argument 'catkin_cmake_args' from command line to 'None'
[0.396s] Level 5:colcon.colcon_core.verb:set package 'arduinobot_moveit' build argument 'catkin_skip_building_tests' from command line to 'False'
[0.397s] DEBUG:colcon.colcon_core.verb:Building package 'arduinobot_moveit' with the following arguments: {'ament_cmake_args': None, 'build_base': '/home/bfg2h/manipulator_ws/build/arduinobot_moveit', 'catkin_cmake_args': None, 'catkin_skip_building_tests': False, 'cmake_args': None, 'cmake_clean_cache': False, 'cmake_clean_first': False, 'cmake_force_configure': False, 'cmake_target': None, 'cmake_target_skip_unavailable': False, 'install_base': '/home/bfg2h/manipulator_ws/install/arduinobot_moveit', 'merge_install': False, 'path': '/home/bfg2h/manipulator_ws/src/arduinobot_moveit', 'symlink_install': False, 'test_result_base': None}
[0.397s] INFO:colcon.colcon_core.executor:Executing jobs using 'parallel' executor
[0.397s] DEBUG:colcon.colcon_parallel_executor.executor.parallel:run_until_complete
[0.398s] INFO:colcon.colcon_ros.task.ament_cmake.build:Building ROS package in '/home/bfg2h/manipulator_ws/src/arduinobot_description' with build type 'ament_cmake'
[0.398s] INFO:colcon.colcon_cmake.task.cmake.build:Building CMake package in '/home/bfg2h/manipulator_ws/src/arduinobot_description'
[0.400s] INFO:colcon.colcon_core.plugin_system:Skipping extension 'colcon_core.shell.bat': Not used on non-Windows systems
[0.400s] INFO:colcon.colcon_core.shell:Skip shell extension 'powershell' for command environment: Not usable outside of PowerShell
[0.400s] DEBUG:colcon.colcon_core.shell:Skip shell extension 'dsv' for command environment
[0.410s] DEBUG:colcon.colcon_core.event_handler.log_command:Invoking command in '/home/bfg2h/manipulator_ws/build/arduinobot_description': CMAKE_PREFIX_PATH=${CMAKE_PREFIX_PATH}:/home/bfg2h/bumperbot_ws/install/bumperbot_py_examples:/home/bfg2h/ros2_ws/install/my_py_pkg:/home/bfg2h/udemy_ws/install/self_driving_car_pkg:/opt/ros/humble _=/usr/bin/env /usr/bin/cmake --build /home/bfg2h/manipulator_ws/build/arduinobot_description -- -j16 -l16
[0.436s] DEBUG:colcon.colcon_core.event_handler.log_command:Invoked command in '/home/bfg2h/manipulator_ws/build/arduinobot_description' returned '0': CMAKE_PREFIX_PATH=${CMAKE_PREFIX_PATH}:/home/bfg2h/bumperbot_ws/install/bumperbot_py_examples:/home/bfg2h/ros2_ws/install/my_py_pkg:/home/bfg2h/udemy_ws/install/self_driving_car_pkg:/opt/ros/humble _=/usr/bin/env /usr/bin/cmake --build /home/bfg2h/manipulator_ws/build/arduinobot_description -- -j16 -l16
[0.443s] DEBUG:colcon.colcon_core.event_handler.log_command:Invoking command in '/home/bfg2h/manipulator_ws/build/arduinobot_description': CMAKE_PREFIX_PATH=${CMAKE_PREFIX_PATH}:/home/bfg2h/bumperbot_ws/install/bumperbot_py_examples:/home/bfg2h/ros2_ws/install/my_py_pkg:/home/bfg2h/udemy_ws/install/self_driving_car_pkg:/opt/ros/humble _=/usr/bin/env /usr/bin/cmake --install /home/bfg2h/manipulator_ws/build/arduinobot_description
[0.449s] Level 1:colcon.colcon_core.environment:create_environment_scripts_only(arduinobot_description)
[0.453s] DEBUG:colcon.colcon_core.event_handler.log_command:Invoked command in '/home/bfg2h/manipulator_ws/build/arduinobot_description' returned '0': CMAKE_PREFIX_PATH=${CMAKE_PREFIX_PATH}:/home/bfg2h/bumperbot_ws/install/bumperbot_py_examples:/home/bfg2h/ros2_ws/install/my_py_pkg:/home/bfg2h/udemy_ws/install/self_driving_car_pkg:/opt/ros/humble _=/usr/bin/env /usr/bin/cmake --install /home/bfg2h/manipulator_ws/build/arduinobot_description
[0.454s] Level 1:colcon.colcon_core.environment:checking '/home/bfg2h/manipulator_ws/install/arduinobot_description' for CMake module files
[0.454s] Level 1:colcon.colcon_core.environment:checking '/home/bfg2h/manipulator_ws/install/arduinobot_description' for CMake config files
[0.454s] Level 1:colcon.colcon_core.shell:create_environment_hook('arduinobot_description', 'cmake_prefix_path')
[0.454s] INFO:colcon.colcon_core.shell:Creating environment hook '/home/bfg2h/manipulator_ws/install/arduinobot_description/share/arduinobot_description/hook/cmake_prefix_path.ps1'
[0.455s] INFO:colcon.colcon_core.shell:Creating environment descriptor '/home/bfg2h/manipulator_ws/install/arduinobot_description/share/arduinobot_description/hook/cmake_prefix_path.dsv'
[0.455s] INFO:colcon.colcon_core.shell:Creating environment hook '/home/bfg2h/manipulator_ws/install/arduinobot_description/share/arduinobot_description/hook/cmake_prefix_path.sh'
[0.456s] Level 1:colcon.colcon_core.environment:checking '/home/bfg2h/manipulator_ws/install/arduinobot_description/bin'
[0.456s] Level 1:colcon.colcon_core.environment:checking '/home/bfg2h/manipulator_ws/install/arduinobot_description/lib/pkgconfig/arduinobot_description.pc'
[0.456s] Level 1:colcon.colcon_core.environment:checking '/home/bfg2h/manipulator_ws/install/arduinobot_description/lib/python3.10/site-packages'
[0.457s] Level 1:colcon.colcon_core.environment:checking '/home/bfg2h/manipulator_ws/install/arduinobot_description/bin'
[0.457s] INFO:colcon.colcon_core.shell:Creating package script '/home/bfg2h/manipulator_ws/install/arduinobot_description/share/arduinobot_description/package.ps1'
[0.457s] INFO:colcon.colcon_core.shell:Creating package descriptor '/home/bfg2h/manipulator_ws/install/arduinobot_description/share/arduinobot_description/package.dsv'
[0.458s] INFO:colcon.colcon_core.shell:Creating package script '/home/bfg2h/manipulator_ws/install/arduinobot_description/share/arduinobot_description/package.sh'
[0.458s] INFO:colcon.colcon_core.shell:Creating package script '/home/bfg2h/manipulator_ws/install/arduinobot_description/share/arduinobot_description/package.bash'
[0.459s] INFO:colcon.colcon_core.shell:Creating package script '/home/bfg2h/manipulator_ws/install/arduinobot_description/share/arduinobot_description/package.zsh'
[0.460s] Level 1:colcon.colcon_core.environment:create_file_with_runtime_dependencies(/home/bfg2h/manipulator_ws/install/arduinobot_description/share/colcon-core/packages/arduinobot_description)
[0.460s] Level 1:colcon.colcon_core.environment:create_environment_scripts_only(arduinobot_description)
[0.460s] Level 1:colcon.colcon_core.environment:checking '/home/bfg2h/manipulator_ws/install/arduinobot_description' for CMake module files
[0.461s] Level 1:colcon.colcon_core.environment:checking '/home/bfg2h/manipulator_ws/install/arduinobot_description' for CMake config files
[0.461s] Level 1:colcon.colcon_core.shell:create_environment_hook('arduinobot_description', 'cmake_prefix_path')
[0.461s] INFO:colcon.colcon_core.shell:Creating environment hook '/home/bfg2h/manipulator_ws/install/arduinobot_description/share/arduinobot_description/hook/cmake_prefix_path.ps1'
[0.462s] INFO:colcon.colcon_core.shell:Creating environment descriptor '/home/bfg2h/manipulator_ws/install/arduinobot_description/share/arduinobot_description/hook/cmake_prefix_path.dsv'
[0.462s] INFO:colcon.colcon_core.shell:Creating environment hook '/home/bfg2h/manipulator_ws/install/arduinobot_description/share/arduinobot_description/hook/cmake_prefix_path.sh'
[0.462s] Level 1:colcon.colcon_core.environment:checking '/home/bfg2h/manipulator_ws/install/arduinobot_description/bin'
[0.462s] Level 1:colcon.colcon_core.environment:checking '/home/bfg2h/manipulator_ws/install/arduinobot_description/lib/pkgconfig/arduinobot_description.pc'
[0.462s] Level 1:colcon.colcon_core.environment:checking '/home/bfg2h/manipulator_ws/install/arduinobot_description/lib/python3.10/site-packages'
[0.463s] Level 1:colcon.colcon_core.environment:checking '/home/bfg2h/manipulator_ws/install/arduinobot_description/bin'
[0.463s] INFO:colcon.colcon_core.shell:Creating package script '/home/bfg2h/manipulator_ws/install/arduinobot_description/share/arduinobot_description/package.ps1'
[0.463s] INFO:colcon.colcon_core.shell:Creating package descriptor '/home/bfg2h/manipulator_ws/install/arduinobot_description/share/arduinobot_description/package.dsv'
[0.464s] INFO:colcon.colcon_core.shell:Creating package script '/home/bfg2h/manipulator_ws/install/arduinobot_description/share/arduinobot_description/package.sh'
[0.464s] INFO:colcon.colcon_core.shell:Creating package script '/home/bfg2h/manipulator_ws/install/arduinobot_description/share/arduinobot_description/package.bash'
[0.464s] INFO:colcon.colcon_core.shell:Creating package script '/home/bfg2h/manipulator_ws/install/arduinobot_description/share/arduinobot_description/package.zsh'
[0.465s] Level 1:colcon.colcon_core.environment:create_file_with_runtime_dependencies(/home/bfg2h/manipulator_ws/install/arduinobot_description/share/colcon-core/packages/arduinobot_description)
[0.465s] INFO:colcon.colcon_ros.task.ament_cmake.build:Building ROS package in '/home/bfg2h/manipulator_ws/src/arduinobot_controllers' with build type 'ament_cmake'
[0.465s] INFO:colcon.colcon_cmake.task.cmake.build:Building CMake package in '/home/bfg2h/manipulator_ws/src/arduinobot_controllers'
[0.465s] INFO:colcon.colcon_core.shell:Skip shell extension 'powershell' for command environment: Not usable outside of PowerShell
[0.466s] DEBUG:colcon.colcon_core.shell:Skip shell extension 'dsv' for command environment
[0.471s] INFO:colcon.colcon_ros.task.ament_cmake.build:Building ROS package in '/home/bfg2h/manipulator_ws/src/arduinobot_moveit' with build type 'ament_cmake'
[0.471s] INFO:colcon.colcon_cmake.task.cmake.build:Building CMake package in '/home/bfg2h/manipulator_ws/src/arduinobot_moveit'
[0.471s] INFO:colcon.colcon_core.shell:Skip shell extension 'powershell' for command environment: Not usable outside of PowerShell
[0.471s] DEBUG:colcon.colcon_core.shell:Skip shell extension 'dsv' for command environment
[0.480s] DEBUG:colcon.colcon_core.event_handler.log_command:Invoking command in '/home/bfg2h/manipulator_ws/build/arduinobot_controllers': CMAKE_PREFIX_PATH=/home/bfg2h/manipulator_ws/install/arduinobot_description:/home/bfg2h/manipulator_ws/install/arduinobot_moveit:/home/bfg2h/manipulator_ws/install/arduinobot_controllers:/home/bfg2h/turtlebot3_ws/install/turtlebot3_simulations:/home/bfg2h/turtlebot3_ws/install/turtlebot3_gazebo:/home/bfg2h/turtlebot3_ws/install/turtlebot3_fake_node:/home/bfg2h/bumperbot_ws/install/bumperbot_utils:/home/bfg2h/bumperbot_ws/install/bumperbot_cpp_examples:/home/bfg2h/bumperbot_ws/install/bumperbot_msgs:/home/bfg2h/bumperbot_ws/install/bumperbot_localization:/home/bfg2h/bumperbot_ws/install/bumperbot_description:/home/bfg2h/bumperbot_ws/install/bumperbot_controller:/home/bfg2h/ros2_ws/install/my_cpp_pkg:/home/bfg2h/arduinobot_ws/install/arduinobot_description:/home/bfg2h/arduinobot_ws/install/arduinobot_cpp_examples:/home/bfg2h/arduinobot_ws/install/arduinobot_controller:/home/bfg2h/bumperbot_ws/install/bumperbot_py_examples:/home/bfg2h/ros2_ws/install/my_py_pkg:/home/bfg2h/udemy_ws/install/self_driving_car_pkg:/opt/ros/humble _=/usr/bin/env /usr/bin/cmake --build /home/bfg2h/manipulator_ws/build/arduinobot_controllers -- -j16 -l16
[0.482s] DEBUG:colcon.colcon_core.event_handler.log_command:Invoking command in '/home/bfg2h/manipulator_ws/build/arduinobot_moveit': CMAKE_PREFIX_PATH=/home/bfg2h/manipulator_ws/install/arduinobot_description:/home/bfg2h/manipulator_ws/install/arduinobot_moveit:/home/bfg2h/manipulator_ws/install/arduinobot_controllers:/home/bfg2h/turtlebot3_ws/install/turtlebot3_simulations:/home/bfg2h/turtlebot3_ws/install/turtlebot3_gazebo:/home/bfg2h/turtlebot3_ws/install/turtlebot3_fake_node:/home/bfg2h/bumperbot_ws/install/bumperbot_utils:/home/bfg2h/bumperbot_ws/install/bumperbot_cpp_examples:/home/bfg2h/bumperbot_ws/install/bumperbot_msgs:/home/bfg2h/bumperbot_ws/install/bumperbot_localization:/home/bfg2h/bumperbot_ws/install/bumperbot_description:/home/bfg2h/bumperbot_ws/install/bumperbot_controller:/home/bfg2h/ros2_ws/install/my_cpp_pkg:/home/bfg2h/arduinobot_ws/install/arduinobot_description:/home/bfg2h/arduinobot_ws/install/arduinobot_cpp_examples:/home/bfg2h/arduinobot_ws/install/arduinobot_controller:/home/bfg2h/bumperbot_ws/install/bumperbot_py_examples:/home/bfg2h/ros2_ws/install/my_py_pkg:/home/bfg2h/udemy_ws/install/self_driving_car_pkg:/opt/ros/humble _=/usr/bin/env /usr/bin/cmake --build /home/bfg2h/manipulator_ws/build/arduinobot_moveit -- -j16 -l16
[0.507s] DEBUG:colcon.colcon_core.event_handler.log_command:Invoked command in '/home/bfg2h/manipulator_ws/build/arduinobot_controllers' returned '0': CMAKE_PREFIX_PATH=/home/bfg2h/manipulator_ws/install/arduinobot_description:/home/bfg2h/manipulator_ws/install/arduinobot_moveit:/home/bfg2h/manipulator_ws/install/arduinobot_controllers:/home/bfg2h/turtlebot3_ws/install/turtlebot3_simulations:/home/bfg2h/turtlebot3_ws/install/turtlebot3_gazebo:/home/bfg2h/turtlebot3_ws/install/turtlebot3_fake_node:/home/bfg2h/bumperbot_ws/install/bumperbot_utils:/home/bfg2h/bumperbot_ws/install/bumperbot_cpp_examples:/home/bfg2h/bumperbot_ws/install/bumperbot_msgs:/home/bfg2h/bumperbot_ws/install/bumperbot_localization:/home/bfg2h/bumperbot_ws/install/bumperbot_description:/home/bfg2h/bumperbot_ws/install/bumperbot_controller:/home/bfg2h/ros2_ws/install/my_cpp_pkg:/home/bfg2h/arduinobot_ws/install/arduinobot_description:/home/bfg2h/arduinobot_ws/install/arduinobot_cpp_examples:/home/bfg2h/arduinobot_ws/install/arduinobot_controller:/home/bfg2h/bumperbot_ws/install/bumperbot_py_examples:/home/bfg2h/ros2_ws/install/my_py_pkg:/home/bfg2h/udemy_ws/install/self_driving_car_pkg:/opt/ros/humble _=/usr/bin/env /usr/bin/cmake --build /home/bfg2h/manipulator_ws/build/arduinobot_controllers -- -j16 -l16
[0.508s] DEBUG:colcon.colcon_core.event_handler.log_command:Invoking command in '/home/bfg2h/manipulator_ws/build/arduinobot_controllers': CMAKE_PREFIX_PATH=/home/bfg2h/manipulator_ws/install/arduinobot_description:/home/bfg2h/manipulator_ws/install/arduinobot_moveit:/home/bfg2h/manipulator_ws/install/arduinobot_controllers:/home/bfg2h/turtlebot3_ws/install/turtlebot3_simulations:/home/bfg2h/turtlebot3_ws/install/turtlebot3_gazebo:/home/bfg2h/turtlebot3_ws/install/turtlebot3_fake_node:/home/bfg2h/bumperbot_ws/install/bumperbot_utils:/home/bfg2h/bumperbot_ws/install/bumperbot_cpp_examples:/home/bfg2h/bumperbot_ws/install/bumperbot_msgs:/home/bfg2h/bumperbot_ws/install/bumperbot_localization:/home/bfg2h/bumperbot_ws/install/bumperbot_description:/home/bfg2h/bumperbot_ws/install/bumperbot_controller:/home/bfg2h/ros2_ws/install/my_cpp_pkg:/home/bfg2h/arduinobot_ws/install/arduinobot_description:/home/bfg2h/arduinobot_ws/install/arduinobot_cpp_examples:/home/bfg2h/arduinobot_ws/install/arduinobot_controller:/home/bfg2h/bumperbot_ws/install/bumperbot_py_examples:/home/bfg2h/ros2_ws/install/my_py_pkg:/home/bfg2h/udemy_ws/install/self_driving_car_pkg:/opt/ros/humble _=/usr/bin/env /usr/bin/cmake --install /home/bfg2h/manipulator_ws/build/arduinobot_controllers
[0.509s] DEBUG:colcon.colcon_core.event_handler.log_command:Invoked command in '/home/bfg2h/manipulator_ws/build/arduinobot_moveit' returned '0': CMAKE_PREFIX_PATH=/home/bfg2h/manipulator_ws/install/arduinobot_description:/home/bfg2h/manipulator_ws/install/arduinobot_moveit:/home/bfg2h/manipulator_ws/install/arduinobot_controllers:/home/bfg2h/turtlebot3_ws/install/turtlebot3_simulations:/home/bfg2h/turtlebot3_ws/install/turtlebot3_gazebo:/home/bfg2h/turtlebot3_ws/install/turtlebot3_fake_node:/home/bfg2h/bumperbot_ws/install/bumperbot_utils:/home/bfg2h/bumperbot_ws/install/bumperbot_cpp_examples:/home/bfg2h/bumperbot_ws/install/bumperbot_msgs:/home/bfg2h/bumperbot_ws/install/bumperbot_localization:/home/bfg2h/bumperbot_ws/install/bumperbot_description:/home/bfg2h/bumperbot_ws/install/bumperbot_controller:/home/bfg2h/ros2_ws/install/my_cpp_pkg:/home/bfg2h/arduinobot_ws/install/arduinobot_description:/home/bfg2h/arduinobot_ws/install/arduinobot_cpp_examples:/home/bfg2h/arduinobot_ws/install/arduinobot_controller:/home/bfg2h/bumperbot_ws/install/bumperbot_py_examples:/home/bfg2h/ros2_ws/install/my_py_pkg:/home/bfg2h/udemy_ws/install/self_driving_car_pkg:/opt/ros/humble _=/usr/bin/env /usr/bin/cmake --build /home/bfg2h/manipulator_ws/build/arduinobot_moveit -- -j16 -l16
[0.510s] DEBUG:colcon.colcon_core.event_handler.log_command:Invoking command in '/home/bfg2h/manipulator_ws/build/arduinobot_moveit': CMAKE_PREFIX_PATH=/home/bfg2h/manipulator_ws/install/arduinobot_description:/home/bfg2h/manipulator_ws/install/arduinobot_moveit:/home/bfg2h/manipulator_ws/install/arduinobot_controllers:/home/bfg2h/turtlebot3_ws/install/turtlebot3_simulations:/home/bfg2h/turtlebot3_ws/install/turtlebot3_gazebo:/home/bfg2h/turtlebot3_ws/install/turtlebot3_fake_node:/home/bfg2h/bumperbot_ws/install/bumperbot_utils:/home/bfg2h/bumperbot_ws/install/bumperbot_cpp_examples:/home/bfg2h/bumperbot_ws/install/bumperbot_msgs:/home/bfg2h/bumperbot_ws/install/bumperbot_localization:/home/bfg2h/bumperbot_ws/install/bumperbot_description:/home/bfg2h/bumperbot_ws/install/bumperbot_controller:/home/bfg2h/ros2_ws/install/my_cpp_pkg:/home/bfg2h/arduinobot_ws/install/arduinobot_description:/home/bfg2h/arduinobot_ws/install/arduinobot_cpp_examples:/home/bfg2h/arduinobot_ws/install/arduinobot_controller:/home/bfg2h/bumperbot_ws/install/bumperbot_py_examples:/home/bfg2h/ros2_ws/install/my_py_pkg:/home/bfg2h/udemy_ws/install/self_driving_car_pkg:/opt/ros/humble _=/usr/bin/env /usr/bin/cmake --install /home/bfg2h/manipulator_ws/build/arduinobot_moveit
[0.515s] Level 1:colcon.colcon_core.environment:create_environment_scripts_only(arduinobot_controllers)
[0.515s] Level 1:colcon.colcon_core.environment:checking '/home/bfg2h/manipulator_ws/install/arduinobot_controllers' for CMake module files
[0.516s] DEBUG:colcon.colcon_core.event_handler.log_command:Invoked command in '/home/bfg2h/manipulator_ws/build/arduinobot_controllers' returned '0': CMAKE_PREFIX_PATH=/home/bfg2h/manipulator_ws/install/arduinobot_description:/home/bfg2h/manipulator_ws/install/arduinobot_moveit:/home/bfg2h/manipulator_ws/install/arduinobot_controllers:/home/bfg2h/turtlebot3_ws/install/turtlebot3_simulations:/home/bfg2h/turtlebot3_ws/install/turtlebot3_gazebo:/home/bfg2h/turtlebot3_ws/install/turtlebot3_fake_node:/home/bfg2h/bumperbot_ws/install/bumperbot_utils:/home/bfg2h/bumperbot_ws/install/bumperbot_cpp_examples:/home/bfg2h/bumperbot_ws/install/bumperbot_msgs:/home/bfg2h/bumperbot_ws/install/bumperbot_localization:/home/bfg2h/bumperbot_ws/install/bumperbot_description:/home/bfg2h/bumperbot_ws/install/bumperbot_controller:/home/bfg2h/ros2_ws/install/my_cpp_pkg:/home/bfg2h/arduinobot_ws/install/arduinobot_description:/home/bfg2h/arduinobot_ws/install/arduinobot_cpp_examples:/home/bfg2h/arduinobot_ws/install/arduinobot_controller:/home/bfg2h/bumperbot_ws/install/bumperbot_py_examples:/home/bfg2h/ros2_ws/install/my_py_pkg:/home/bfg2h/udemy_ws/install/self_driving_car_pkg:/opt/ros/humble _=/usr/bin/env /usr/bin/cmake --install /home/bfg2h/manipulator_ws/build/arduinobot_controllers
[0.516s] Level 1:colcon.colcon_core.environment:checking '/home/bfg2h/manipulator_ws/install/arduinobot_controllers' for CMake config files
[0.517s] Level 1:colcon.colcon_core.shell:create_environment_hook('arduinobot_controllers', 'cmake_prefix_path')
[0.517s] INFO:colcon.colcon_core.shell:Creating environment hook '/home/bfg2h/manipulator_ws/install/arduinobot_controllers/share/arduinobot_controllers/hook/cmake_prefix_path.ps1'
[0.518s] INFO:colcon.colcon_core.shell:Creating environment descriptor '/home/bfg2h/manipulator_ws/install/arduinobot_controllers/share/arduinobot_controllers/hook/cmake_prefix_path.dsv'
[0.518s] INFO:colcon.colcon_core.shell:Creating environment hook '/home/bfg2h/manipulator_ws/install/arduinobot_controllers/share/arduinobot_controllers/hook/cmake_prefix_path.sh'
[0.519s] Level 1:colcon.colcon_core.environment:checking '/home/bfg2h/manipulator_ws/install/arduinobot_controllers/bin'
[0.519s] Level 1:colcon.colcon_core.environment:checking '/home/bfg2h/manipulator_ws/install/arduinobot_controllers/lib/pkgconfig/arduinobot_controllers.pc'
[0.520s] Level 1:colcon.colcon_core.environment:checking '/home/bfg2h/manipulator_ws/install/arduinobot_controllers/lib/python3.10/site-packages'
[0.520s] Level 1:colcon.colcon_core.environment:checking '/home/bfg2h/manipulator_ws/install/arduinobot_controllers/bin'
[0.520s] INFO:colcon.colcon_core.shell:Creating package script '/home/bfg2h/manipulator_ws/install/arduinobot_controllers/share/arduinobot_controllers/package.ps1'
[0.521s] INFO:colcon.colcon_core.shell:Creating package descriptor '/home/bfg2h/manipulator_ws/install/arduinobot_controllers/share/arduinobot_controllers/package.dsv'
[0.521s] INFO:colcon.colcon_core.shell:Creating package script '/home/bfg2h/manipulator_ws/install/arduinobot_controllers/share/arduinobot_controllers/package.sh'
[0.521s] INFO:colcon.colcon_core.shell:Creating package script '/home/bfg2h/manipulator_ws/install/arduinobot_controllers/share/arduinobot_controllers/package.bash'
[0.522s] INFO:colcon.colcon_core.shell:Creating package script '/home/bfg2h/manipulator_ws/install/arduinobot_controllers/share/arduinobot_controllers/package.zsh'
[0.522s] Level 1:colcon.colcon_core.environment:create_file_with_runtime_dependencies(/home/bfg2h/manipulator_ws/install/arduinobot_controllers/share/colcon-core/packages/arduinobot_controllers)
[0.523s] Level 1:colcon.colcon_core.environment:create_environment_scripts_only(arduinobot_controllers)
[0.523s] Level 1:colcon.colcon_core.environment:checking '/home/bfg2h/manipulator_ws/install/arduinobot_controllers' for CMake module files
[0.523s] Level 1:colcon.colcon_core.environment:checking '/home/bfg2h/manipulator_ws/install/arduinobot_controllers' for CMake config files
[0.523s] Level 1:colcon.colcon_core.shell:create_environment_hook('arduinobot_controllers', 'cmake_prefix_path')
[0.523s] INFO:colcon.colcon_core.shell:Creating environment hook '/home/bfg2h/manipulator_ws/install/arduinobot_controllers/share/arduinobot_controllers/hook/cmake_prefix_path.ps1'
[0.524s] INFO:colcon.colcon_core.shell:Creating environment descriptor '/home/bfg2h/manipulator_ws/install/arduinobot_controllers/share/arduinobot_controllers/hook/cmake_prefix_path.dsv'
[0.524s] INFO:colcon.colcon_core.shell:Creating environment hook '/home/bfg2h/manipulator_ws/install/arduinobot_controllers/share/arduinobot_controllers/hook/cmake_prefix_path.sh'
[0.525s] Level 1:colcon.colcon_core.environment:checking '/home/bfg2h/manipulator_ws/install/arduinobot_controllers/bin'
[0.525s] Level 1:colcon.colcon_core.environment:checking '/home/bfg2h/manipulator_ws/install/arduinobot_controllers/lib/pkgconfig/arduinobot_controllers.pc'
[0.525s] Level 1:colcon.colcon_core.environment:checking '/home/bfg2h/manipulator_ws/install/arduinobot_controllers/lib/python3.10/site-packages'
[0.525s] Level 1:colcon.colcon_core.environment:checking '/home/bfg2h/manipulator_ws/install/arduinobot_controllers/bin'
[0.525s] INFO:colcon.colcon_core.shell:Creating package script '/home/bfg2h/manipulator_ws/install/arduinobot_controllers/share/arduinobot_controllers/package.ps1'
[0.526s] INFO:colcon.colcon_core.shell:Creating package descriptor '/home/bfg2h/manipulator_ws/install/arduinobot_controllers/share/arduinobot_controllers/package.dsv'
[0.526s] INFO:colcon.colcon_core.shell:Creating package script '/home/bfg2h/manipulator_ws/install/arduinobot_controllers/share/arduinobot_controllers/package.sh'
[0.527s] INFO:colcon.colcon_core.shell:Creating package script '/home/bfg2h/manipulator_ws/install/arduinobot_controllers/share/arduinobot_controllers/package.bash'
[0.527s] INFO:colcon.colcon_core.shell:Creating package script '/home/bfg2h/manipulator_ws/install/arduinobot_controllers/share/arduinobot_controllers/package.zsh'
[0.527s] Level 1:colcon.colcon_core.environment:create_file_with_runtime_dependencies(/home/bfg2h/manipulator_ws/install/arduinobot_controllers/share/colcon-core/packages/arduinobot_controllers)
[0.528s] Level 1:colcon.colcon_core.environment:create_environment_scripts_only(arduinobot_moveit)
[0.529s] Level 1:colcon.colcon_core.environment:checking '/home/bfg2h/manipulator_ws/install/arduinobot_moveit' for CMake module files
[0.529s] DEBUG:colcon.colcon_core.event_handler.log_command:Invoked command in '/home/bfg2h/manipulator_ws/build/arduinobot_moveit' returned '0': CMAKE_PREFIX_PATH=/home/bfg2h/manipulator_ws/install/arduinobot_description:/home/bfg2h/manipulator_ws/install/arduinobot_moveit:/home/bfg2h/manipulator_ws/install/arduinobot_controllers:/home/bfg2h/turtlebot3_ws/install/turtlebot3_simulations:/home/bfg2h/turtlebot3_ws/install/turtlebot3_gazebo:/home/bfg2h/turtlebot3_ws/install/turtlebot3_fake_node:/home/bfg2h/bumperbot_ws/install/bumperbot_utils:/home/bfg2h/bumperbot_ws/install/bumperbot_cpp_examples:/home/bfg2h/bumperbot_ws/install/bumperbot_msgs:/home/bfg2h/bumperbot_ws/install/bumperbot_localization:/home/bfg2h/bumperbot_ws/install/bumperbot_description:/home/bfg2h/bumperbot_ws/install/bumperbot_controller:/home/bfg2h/ros2_ws/install/my_cpp_pkg:/home/bfg2h/arduinobot_ws/install/arduinobot_description:/home/bfg2h/arduinobot_ws/install/arduinobot_cpp_examples:/home/bfg2h/arduinobot_ws/install/arduinobot_controller:/home/bfg2h/bumperbot_ws/install/bumperbot_py_examples:/home/bfg2h/ros2_ws/install/my_py_pkg:/home/bfg2h/udemy_ws/install/self_driving_car_pkg:/opt/ros/humble _=/usr/bin/env /usr/bin/cmake --install /home/bfg2h/manipulator_ws/build/arduinobot_moveit
[0.529s] Level 1:colcon.colcon_core.environment:checking '/home/bfg2h/manipulator_ws/install/arduinobot_moveit' for CMake config files
[0.529s] Level 1:colcon.colcon_core.shell:create_environment_hook('arduinobot_moveit', 'cmake_prefix_path')
[0.530s] INFO:colcon.colcon_core.shell:Creating environment hook '/home/bfg2h/manipulator_ws/install/arduinobot_moveit/share/arduinobot_moveit/hook/cmake_prefix_path.ps1'
[0.530s] INFO:colcon.colcon_core.shell:Creating environment descriptor '/home/bfg2h/manipulator_ws/install/arduinobot_moveit/share/arduinobot_moveit/hook/cmake_prefix_path.dsv'
[0.530s] INFO:colcon.colcon_core.shell:Creating environment hook '/home/bfg2h/manipulator_ws/install/arduinobot_moveit/share/arduinobot_moveit/hook/cmake_prefix_path.sh'
[0.531s] Level 1:colcon.colcon_core.environment:checking '/home/bfg2h/manipulator_ws/install/arduinobot_moveit/bin'
[0.531s] Level 1:colcon.colcon_core.environment:checking '/home/bfg2h/manipulator_ws/install/arduinobot_moveit/lib/pkgconfig/arduinobot_moveit.pc'
[0.531s] Level 1:colcon.colcon_core.environment:checking '/home/bfg2h/manipulator_ws/install/arduinobot_moveit/lib/python3.10/site-packages'
[0.531s] Level 1:colcon.colcon_core.environment:checking '/home/bfg2h/manipulator_ws/install/arduinobot_moveit/bin'
[0.532s] INFO:colcon.colcon_core.shell:Creating package script '/home/bfg2h/manipulator_ws/install/arduinobot_moveit/share/arduinobot_moveit/package.ps1'
[0.532s] INFO:colcon.colcon_core.shell:Creating package descriptor '/home/bfg2h/manipulator_ws/install/arduinobot_moveit/share/arduinobot_moveit/package.dsv'
[0.532s] INFO:colcon.colcon_core.shell:Creating package script '/home/bfg2h/manipulator_ws/install/arduinobot_moveit/share/arduinobot_moveit/package.sh'
[0.533s] INFO:colcon.colcon_core.shell:Creating package script '/home/bfg2h/manipulator_ws/install/arduinobot_moveit/share/arduinobot_moveit/package.bash'
[0.533s] INFO:colcon.colcon_core.shell:Creating package script '/home/bfg2h/manipulator_ws/install/arduinobot_moveit/share/arduinobot_moveit/package.zsh'
[0.533s] Level 1:colcon.colcon_core.environment:create_file_with_runtime_dependencies(/home/bfg2h/manipulator_ws/install/arduinobot_moveit/share/colcon-core/packages/arduinobot_moveit)
[0.534s] Level 1:colcon.colcon_core.environment:create_environment_scripts_only(arduinobot_moveit)
[0.534s] Level 1:colcon.colcon_core.environment:checking '/home/bfg2h/manipulator_ws/install/arduinobot_moveit' for CMake module files
[0.534s] Level 1:colcon.colcon_core.environment:checking '/home/bfg2h/manipulator_ws/install/arduinobot_moveit' for CMake config files
[0.534s] Level 1:colcon.colcon_core.shell:create_environment_hook('arduinobot_moveit', 'cmake_prefix_path')
[0.535s] INFO:colcon.colcon_core.shell:Creating environment hook '/home/bfg2h/manipulator_ws/install/arduinobot_moveit/share/arduinobot_moveit/hook/cmake_prefix_path.ps1'
[0.535s] INFO:colcon.colcon_core.shell:Creating environment descriptor '/home/bfg2h/manipulator_ws/install/arduinobot_moveit/share/arduinobot_moveit/hook/cmake_prefix_path.dsv'
[0.535s] INFO:colcon.colcon_core.shell:Creating environment hook '/home/bfg2h/manipulator_ws/install/arduinobot_moveit/share/arduinobot_moveit/hook/cmake_prefix_path.sh'
[0.536s] Level 1:colcon.colcon_core.environment:checking '/home/bfg2h/manipulator_ws/install/arduinobot_moveit/bin'
[0.536s] Level 1:colcon.colcon_core.environment:checking '/home/bfg2h/manipulator_ws/install/arduinobot_moveit/lib/pkgconfig/arduinobot_moveit.pc'
[0.536s] Level 1:colcon.colcon_core.environment:checking '/home/bfg2h/manipulator_ws/install/arduinobot_moveit/lib/python3.10/site-packages'
[0.536s] Level 1:colcon.colcon_core.environment:checking '/home/bfg2h/manipulator_ws/install/arduinobot_moveit/bin'
[0.536s] INFO:colcon.colcon_core.shell:Creating package script '/home/bfg2h/manipulator_ws/install/arduinobot_moveit/share/arduinobot_moveit/package.ps1'
[0.537s] INFO:colcon.colcon_core.shell:Creating package descriptor '/home/bfg2h/manipulator_ws/install/arduinobot_moveit/share/arduinobot_moveit/package.dsv'
[0.537s] INFO:colcon.colcon_core.shell:Creating package script '/home/bfg2h/manipulator_ws/install/arduinobot_moveit/share/arduinobot_moveit/package.sh'
[0.538s] INFO:colcon.colcon_core.shell:Creating package script '/home/bfg2h/manipulator_ws/install/arduinobot_moveit/share/arduinobot_moveit/package.bash'
[0.538s] INFO:colcon.colcon_core.shell:Creating package script '/home/bfg2h/manipulator_ws/install/arduinobot_moveit/share/arduinobot_moveit/package.zsh'
[0.539s] Level 1:colcon.colcon_core.environment:create_file_with_runtime_dependencies(/home/bfg2h/manipulator_ws/install/arduinobot_moveit/share/colcon-core/packages/arduinobot_moveit)
[0.539s] DEBUG:colcon.colcon_parallel_executor.executor.parallel:closing loop
[0.539s] DEBUG:colcon.colcon_parallel_executor.executor.parallel:loop closed
[0.539s] DEBUG:colcon.colcon_parallel_executor.executor.parallel:run_until_complete finished with '0'
[0.539s] DEBUG:colcon.colcon_core.event_reactor:joining thread
[0.544s] INFO:colcon.colcon_core.plugin_system:Skipping extension 'colcon_notification.desktop_notification.terminal_notifier': Not used on non-Darwin systems
[0.544s] INFO:colcon.colcon_core.plugin_system:Skipping extension 'colcon_notification.desktop_notification.win32': Not used on non-Windows systems
[0.544s] INFO:colcon.colcon_notification.desktop_notification:Sending desktop notification using 'notify2'
[0.548s] DEBUG:colcon.colcon_core.event_reactor:joined thread
[0.548s] INFO:colcon.colcon_core.shell:Creating prefix script '/home/bfg2h/manipulator_ws/install/local_setup.ps1'
[0.549s] INFO:colcon.colcon_core.shell:Creating prefix util module '/home/bfg2h/manipulator_ws/install/_local_setup_util_ps1.py'
[0.551s] INFO:colcon.colcon_core.shell:Creating prefix chain script '/home/bfg2h/manipulator_ws/install/setup.ps1'
[0.552s] INFO:colcon.colcon_core.shell:Creating prefix script '/home/bfg2h/manipulator_ws/install/local_setup.sh'
[0.553s] INFO:colcon.colcon_core.shell:Creating prefix util module '/home/bfg2h/manipulator_ws/install/_local_setup_util_sh.py'
[0.553s] INFO:colcon.colcon_core.shell:Creating prefix chain script '/home/bfg2h/manipulator_ws/install/setup.sh'
[0.555s] INFO:colcon.colcon_core.shell:Creating prefix script '/home/bfg2h/manipulator_ws/install/local_setup.bash'
[0.555s] INFO:colcon.colcon_core.shell:Creating prefix chain script '/home/bfg2h/manipulator_ws/install/setup.bash'
[0.556s] INFO:colcon.colcon_core.shell:Creating prefix script '/home/bfg2h/manipulator_ws/install/local_setup.zsh'
[0.557s] INFO:colcon.colcon_core.shell:Creating prefix chain script '/home/bfg2h/manipulator_ws/install/setup.zsh'
